Copyright 1986-2022 Xilinx, Inc. All Rights Reserved. Copyright 2022-2025 Advanced Micro Devices, Inc. All Rights Reserved.
---------------------------------------------------------------------------------------------------------------------------------------------
| Tool Version : Vivado v.2025.2 (win64) Build 6299465 Fri Nov 14 19:35:11 GMT 2025
| Date         : Thu May 28 19:30:23 2026
| Host         : DESKTOP-87RVPO3 running 64-bit major release  (build 9200)
| Command      : report_control_sets -verbose -file SoC_control_sets_placed.rpt
| Design       : SoC
| Device       : xc7z020
---------------------------------------------------------------------------------------------------------------------------------------------

Control Set Information

Table of Contents
-----------------
1. Summary
2. Histogram
3. Flip-Flop Distribution
4. Detailed Control Set Information

1. Summary
----------

+----------------------------------------------------------+-------+
|                          Status                          | Count |
+----------------------------------------------------------+-------+
| Total control sets                                       |   291 |
|    Minimum number of control sets                        |   291 |
|    Addition due to synthesis replication                 |     0 |
|    Addition due to physical synthesis replication        |     0 |
| Unused register locations in slices containing registers |    14 |
+----------------------------------------------------------+-------+
* Control sets can be merged at opt_design using control_set_merge or merge_equivalent_drivers
** Run report_qor_suggestions for automated merging and remapping suggestions


2. Histogram
------------

+--------------------+-------+
|       Fanout       | Count |
+--------------------+-------+
| Total control sets |   291 |
| >= 0 to < 4        |     1 |
| >= 4 to < 6        |     0 |
| >= 6 to < 8        |     0 |
| >= 8 to < 10       |     0 |
| >= 10 to < 12      |     0 |
| >= 12 to < 14      |     0 |
| >= 14 to < 16      |     0 |
| >= 16              |   290 |
+--------------------+-------+
* Control sets can be remapped at either synth_design or opt_design


3. Flip-Flop Distribution
-------------------------

+--------------+-----------------------+------------------------+-----------------+--------------+
| Clock Enable | Synchronous Set/Reset | Asynchronous Set/Reset | Total Registers | Total Slices |
+--------------+-----------------------+------------------------+-----------------+--------------+
| No           | No                    | No                     |               2 |            2 |
| No           | No                    | Yes                    |               0 |            0 |
| No           | Yes                   | No                     |             517 |          182 |
| Yes          | No                    | No                     |            8192 |         5382 |
| Yes          | No                    | Yes                    |             992 |          491 |
| Yes          | Yes                   | No                     |             123 |           42 |
+--------------+-----------------------+------------------------+-----------------+--------------+


4. Detailed Control Set Information
-----------------------------------

+------------------+-------------------------------------------------------+------------------+------------------+----------------+--------------+
|   Clock Signal   |                     Enable Signal                     | Set/Reset Signal | Slice Load Count | Bel Load Count | Bels / Slice |
+------------------+-------------------------------------------------------+------------------+------------------+----------------+--------------+
|  clock_IBUF_BUFG |                                                       |                  |                2 |              2 |         1.00 |
|  clock_IBUF_BUFG | CPU/Datapath/Reg3_Address_PLR_Third/Q_reg[5]_17[0]    | reset_IN_IBUF    |               14 |             32 |         2.29 |
|  clock_IBUF_BUFG | CPU/ControlUnit/Control_Signals_PLR04/Q_reg[5]_1      |                  |               27 |             32 |         1.19 |
|  clock_IBUF_BUFG | CPU/ControlUnit/Control_Signals_PLR04/Mem[126]_77[0]  |                  |               22 |             32 |         1.45 |
|  clock_IBUF_BUFG | CPU/ControlUnit/Control_Signals_PLR04/Mem[15]_69[0]   |                  |               25 |             32 |         1.28 |
|  clock_IBUF_BUFG | CPU/ControlUnit/Control_Signals_PLR04/Mem[148]_117[0] |                  |               23 |             32 |         1.39 |
|  clock_IBUF_BUFG | CPU/ControlUnit/Control_Signals_PLR04/Mem[165]_121[0] |                  |               22 |             32 |         1.45 |
|  clock_IBUF_BUFG | CPU/ControlUnit/Control_Signals_PLR04/Mem[171]_103[0] |                  |               25 |             32 |         1.28 |
|  clock_IBUF_BUFG | CPU/ControlUnit/Control_Signals_PLR04/Mem[111]_52[0]  |                  |               26 |             32 |         1.23 |
|  clock_IBUF_BUFG | CPU/ControlUnit/Control_Signals_PLR04/Mem[176]_54[0]  |                  |               17 |             32 |         1.88 |
|  clock_IBUF_BUFG | CPU/ControlUnit/Control_Signals_PLR04/Mem[179]_55[0]  |                  |               23 |             32 |         1.39 |
|  clock_IBUF_BUFG | CPU/ControlUnit/Control_Signals_PLR04/Mem[180]_56[0]  |                  |               22 |             32 |         1.45 |
|  clock_IBUF_BUFG | CPU/ControlUnit/Control_Signals_PLR04/Mem[175]_53[0]  |                  |               25 |             32 |         1.28 |
|  clock_IBUF_BUFG | CPU/ControlUnit/Control_Signals_PLR04/Mem[12]_131[0]  |                  |               27 |             32 |         1.19 |
|  clock_IBUF_BUFG | CPU/ControlUnit/Control_Signals_PLR04/Mem[156]_119[0] |                  |               23 |             32 |         1.39 |
|  clock_IBUF_BUFG | CPU/ControlUnit/Control_Signals_PLR04/Mem[19]_65[0]   |                  |               24 |             32 |         1.33 |
|  clock_IBUF_BUFG | CPU/ControlUnit/Control_Signals_PLR04/Mem[13]_70[0]   |                  |               20 |             32 |         1.60 |
|  clock_IBUF_BUFG | CPU/ControlUnit/Control_Signals_PLR04/Mem[174]_123[0] |                  |               26 |             32 |         1.23 |
|  clock_IBUF_BUFG | CPU/ControlUnit/Control_Signals_PLR04/Mem[1]_139[0]   |                  |               24 |             32 |         1.33 |
|  clock_IBUF_BUFG | CPU/ControlUnit/Control_Signals_PLR04/Mem[157]_100[0] |                  |               26 |             32 |         1.23 |
|  clock_IBUF_BUFG | CPU/ControlUnit/Control_Signals_PLR04/Mem[150]_98[0]  |                  |               21 |             32 |         1.52 |
|  clock_IBUF_BUFG | CPU/ControlUnit/Control_Signals_PLR04/Mem[115]_48[0]  |                  |               19 |             32 |         1.68 |
|  clock_IBUF_BUFG | CPU/ControlUnit/Control_Signals_PLR04/Mem[142]_116[0] |                  |               25 |             32 |         1.28 |
|  clock_IBUF_BUFG | CPU/ControlUnit/Control_Signals_PLR04/Mem[152]_63[0]  |                  |               15 |             32 |         2.13 |
|  clock_IBUF_BUFG | CPU/ControlUnit/Control_Signals_PLR04/Mem[203]_108[0] |                  |               21 |             32 |         1.52 |
|  clock_IBUF_BUFG | CPU/ControlUnit/Control_Signals_PLR04/Mem[11]_132[0]  |                  |               26 |             32 |         1.23 |
|  clock_IBUF_BUFG | CPU/ControlUnit/Control_Signals_PLR04/Mem[134]_113[0] |                  |               22 |             32 |         1.45 |
|  clock_IBUF_BUFG | CPU/ControlUnit/Control_Signals_PLR04/Mem[204]_125[0] |                  |               25 |             32 |         1.28 |
|  clock_IBUF_BUFG | CPU/ControlUnit/Control_Signals_PLR04/Mem[205]_126[0] |                  |               26 |             32 |         1.23 |
|  clock_IBUF_BUFG | CPU/ControlUnit/Control_Signals_PLR04/Mem[20]_107[0]  |                  |               17 |             32 |         1.88 |
|  clock_IBUF_BUFG | CPU/ControlUnit/Control_Signals_PLR04/Mem[151]_99[0]  |                  |               23 |             32 |         1.39 |
|  clock_IBUF_BUFG | CPU/ControlUnit/Control_Signals_PLR04/Mem[123]_71[0]  |                  |               23 |             32 |         1.39 |
|  clock_IBUF_BUFG | CPU/ControlUnit/Control_Signals_PLR04/Mem[169]_122[0] |                  |               26 |             32 |         1.23 |
|  clock_IBUF_BUFG | CPU/ControlUnit/Control_Signals_PLR04/Mem[192]_124[0] |                  |               20 |             32 |         1.60 |
|  clock_IBUF_BUFG | CPU/ControlUnit/Control_Signals_PLR04/Mem[208]_66[0]  |                  |               21 |             32 |         1.52 |
|  clock_IBUF_BUFG | CPU/ControlUnit/Control_Signals_PLR04/Mem[125]_114[0] |                  |               25 |             32 |         1.28 |
|  clock_IBUF_BUFG | CPU/ControlUnit/Control_Signals_PLR04/Mem[163]_101[0] |                  |               24 |             32 |         1.33 |
|  clock_IBUF_BUFG | CPU/ControlUnit/Control_Signals_PLR04/Mem[114]_102[0] |                  |               20 |             32 |         1.60 |
|  clock_IBUF_BUFG | CPU/ControlUnit/Control_Signals_PLR04/Mem[10]_73[0]   |                  |               26 |             32 |         1.23 |
|  clock_IBUF_BUFG | CPU/ControlUnit/Control_Signals_PLR04/Mem[17]_68[0]   |                  |               22 |             32 |         1.45 |
|  clock_IBUF_BUFG | CPU/ControlUnit/Control_Signals_PLR04/Mem[116]_49[0]  |                  |               23 |             32 |         1.39 |
|  clock_IBUF_BUFG | CPU/ControlUnit/Control_Signals_PLR04/Mem[106]_61[0]  |                  |               25 |             32 |         1.28 |
|  clock_IBUF_BUFG | CPU/ControlUnit/Control_Signals_PLR04/Mem[78]_138[0]  |                  |               21 |             32 |         1.52 |
|  clock_IBUF_BUFG | CPU/ControlUnit/Control_Signals_PLR04/Mem[224]_130[0] |                  |               19 |             32 |         1.68 |
|  clock_IBUF_BUFG | CPU/ControlUnit/Control_Signals_PLR04/Mem[54]_96[0]   |                  |               18 |             32 |         1.78 |
|  clock_IBUF_BUFG | CPU/ControlUnit/Control_Signals_PLR04/Mem[253]_83[0]  |                  |               27 |             32 |         1.19 |
|  clock_IBUF_BUFG | CPU/ControlUnit/Control_Signals_PLR04/Mem[76]_93[0]   |                  |               20 |             32 |         1.60 |
|  clock_IBUF_BUFG | CPU/ControlUnit/Control_Signals_PLR04/Mem[84]_91[0]   |                  |               18 |             32 |         1.78 |
|  clock_IBUF_BUFG | CPU/ControlUnit/Control_Signals_PLR04/Mem[23]_59[0]   |                  |               21 |             32 |         1.52 |
|  clock_IBUF_BUFG | CPU/ControlUnit/Control_Signals_PLR04/Mem[249]_82[0]  |                  |               24 |             32 |         1.33 |
|  clock_IBUF_BUFG | CPU/ControlUnit/Control_Signals_PLR04/Mem[26]_58[0]   |                  |               24 |             32 |         1.33 |
|  clock_IBUF_BUFG | CPU/ControlUnit/Control_Signals_PLR04/Mem[69]_88[0]   |                  |               15 |             32 |         2.13 |
|  clock_IBUF_BUFG | CPU/ControlUnit/Control_Signals_PLR04/Mem[7]_135[0]   |                  |               26 |             32 |         1.23 |
|  clock_IBUF_BUFG | CPU/ControlUnit/Control_Signals_PLR04/Mem[80]_94[0]   |                  |               26 |             32 |         1.23 |
|  clock_IBUF_BUFG | CPU/ControlUnit/Control_Signals_PLR04/Mem[99]_127[0]  |                  |               23 |             32 |         1.39 |
|  clock_IBUF_BUFG | CPU/ControlUnit/Control_Signals_PLR04/Mem[31]_104[0]  |                  |               23 |             32 |         1.39 |
|  clock_IBUF_BUFG | CPU/ControlUnit/Control_Signals_PLR04/Mem[33]_84[0]   |                  |               23 |             32 |         1.39 |
|  clock_IBUF_BUFG | CPU/ControlUnit/Control_Signals_PLR04/Mem[239]_76[0]  |                  |               18 |             32 |         1.78 |
|  clock_IBUF_BUFG | CPU/ControlUnit/Control_Signals_PLR04/Mem[248]_81[0]  |                  |               17 |             32 |         1.88 |
|  clock_IBUF_BUFG | CPU/ControlUnit/Control_Signals_PLR04/Mem[218]_110[0] |                  |               17 |             32 |         1.88 |
|  clock_IBUF_BUFG | CPU/ControlUnit/Control_Signals_PLR04/Mem[45]_62[0]   |                  |               16 |             32 |         2.00 |
|  clock_IBUF_BUFG | CPU/ControlUnit/Control_Signals_PLR04/Mem[81]_80[0]   |                  |               18 |             32 |         1.78 |
|  clock_IBUF_BUFG | CPU/ControlUnit/Control_Signals_PLR04/Mem[86]_90[0]   |                  |               21 |             32 |         1.52 |
|  clock_IBUF_BUFG | CPU/ControlUnit/Control_Signals_PLR04/Mem[44]_120[0]  |                  |               23 |             32 |         1.39 |
|  clock_IBUF_BUFG | CPU/ControlUnit/Control_Signals_PLR04/Mem[2]_78[0]    |                  |               21 |             32 |         1.52 |
|  clock_IBUF_BUFG | CPU/ControlUnit/Control_Signals_PLR04/Mem[62]_106[0]  |                  |               20 |             32 |         1.60 |
|  clock_IBUF_BUFG | CPU/ControlUnit/Control_Signals_PLR04/Mem[91]_87[0]   |                  |               25 |             32 |         1.28 |
|  clock_IBUF_BUFG | CPU/ControlUnit/Control_Signals_PLR04/Mem[95]_129[0]  |                  |               24 |             32 |         1.33 |
|  clock_IBUF_BUFG | CPU/ControlUnit/Control_Signals_PLR04/Mem[21]_64[0]   |                  |               26 |             32 |         1.23 |
|  clock_IBUF_BUFG | CPU/ControlUnit/Control_Signals_PLR04/Mem[232]_74[0]  |                  |               14 |             32 |         2.29 |
|  clock_IBUF_BUFG | CPU/ControlUnit/Control_Signals_PLR04/Mem[22]_60[0]   |                  |               22 |             32 |         1.45 |
|  clock_IBUF_BUFG | CPU/ControlUnit/Control_Signals_PLR04/Mem[245]_112[0] |                  |               13 |             32 |         2.46 |
|  clock_IBUF_BUFG | CPU/ControlUnit/Control_Signals_PLR04/Mem[57]_118[0]  |                  |               24 |             32 |         1.33 |
|  clock_IBUF_BUFG | CPU/ControlUnit/Control_Signals_PLR04/Mem[50]_115[0]  |                  |               24 |             32 |         1.33 |
|  clock_IBUF_BUFG | CPU/ControlUnit/Control_Signals_PLR04/Mem[238]_136[0] |                  |               23 |             32 |         1.39 |
|  clock_IBUF_BUFG | CPU/ControlUnit/Control_Signals_PLR04/Mem[5]_137[0]   |                  |               27 |             32 |         1.19 |
|  clock_IBUF_BUFG | CPU/ControlUnit/Control_Signals_PLR04/Mem[66]_86[0]   |                  |               15 |             32 |         2.13 |
|  clock_IBUF_BUFG | CPU/ControlUnit/Control_Signals_PLR04/Mem[74]_92[0]   |                  |               21 |             32 |         1.52 |
|  clock_IBUF_BUFG | CPU/ControlUnit/Control_Signals_PLR04/Mem[97]_128[0]  |                  |               24 |             32 |         1.33 |
|  clock_IBUF_BUFG | CPU/ControlUnit/Control_Signals_PLR04/Mem[9]_133[0]   |                  |               25 |             32 |         1.28 |
|  clock_IBUF_BUFG | CPU/ControlUnit/Control_Signals_PLR04/Mem[77]_95[0]   |                  |               23 |             32 |         1.39 |
|  clock_IBUF_BUFG | CPU/ControlUnit/Control_Signals_PLR04/Mem[49]_72[0]   |                  |               15 |             32 |         2.13 |
|  clock_IBUF_BUFG | CPU/ControlUnit/Control_Signals_PLR04/Mem[63]_109[0]  |                  |               23 |             32 |         1.39 |
|  clock_IBUF_BUFG | CPU/ControlUnit/Control_Signals_PLR04/Mem[6]_75[0]    |                  |               21 |             32 |         1.52 |
|  clock_IBUF_BUFG | CPU/ControlUnit/Control_Signals_PLR04/Mem[32]_57[0]   |                  |               19 |             32 |         1.68 |
|  clock_IBUF_BUFG | CPU/ControlUnit/Control_Signals_PLR04/Mem[68]_111[0]  |                  |               13 |             32 |         2.46 |
|  clock_IBUF_BUFG | CPU/ControlUnit/Control_Signals_PLR04/Mem[87]_89[0]   |                  |               17 |             32 |         1.88 |
|  clock_IBUF_BUFG | CPU/ControlUnit/Control_Signals_PLR04/Mem[47]_97[0]   |                  |               23 |             32 |         1.39 |
|  clock_IBUF_BUFG | CPU/ControlUnit/Control_Signals_PLR04/Mem[246]_79[0]  |                  |               20 |             32 |         1.60 |
|  clock_IBUF_BUFG | CPU/ControlUnit/Control_Signals_PLR04/Mem[41]_50[0]   |                  |               16 |             32 |         2.00 |
|  clock_IBUF_BUFG | CPU/ControlUnit/Control_Signals_PLR04/Mem[24]_105[0]  |                  |               17 |             32 |         1.88 |
|  clock_IBUF_BUFG | CPU/ControlUnit/Control_Signals_PLR04/Mem[213]_67[0]  |                  |               15 |             32 |         2.13 |
|  clock_IBUF_BUFG | CPU/ControlUnit/Control_Signals_PLR04/Mem[35]_51[0]   |                  |               19 |             32 |         1.68 |
|  clock_IBUF_BUFG | CPU/ControlUnit/Control_Signals_PLR04/Mem[8]_134[0]   |                  |               27 |             32 |         1.19 |
|  clock_IBUF_BUFG | CPU/ControlUnit/Control_Signals_PLR04/Mem[98]_85[0]   |                  |               26 |             32 |         1.23 |
|  clock_IBUF_BUFG | CPU/Datapath/Alu_result_PLR/Qtemp_reg[16]_0           |                  |               20 |             32 |         1.60 |
|  clock_IBUF_BUFG | CPU/Datapath/Alu_result_PLR/Qtemp_reg[31]_94          |                  |               24 |             32 |         1.33 |
|  clock_IBUF_BUFG | CPU/Datapath/Alu_result_PLR/Qtemp_reg[31]_96          |                  |               12 |             32 |         2.67 |
|  clock_IBUF_BUFG | CPU/Datapath/Alu_result_PLR/Qtemp_reg[31]_95          |                  |               23 |             32 |         1.39 |
|  clock_IBUF_BUFG | CPU/Datapath/Alu_result_PLR/Qtemp_reg[3]_37           |                  |               29 |             32 |         1.10 |
|  clock_IBUF_BUFG | CPU/Datapath/Alu_result_PLR/Qtemp_reg[6]_25           |                  |               26 |             32 |         1.23 |
|  clock_IBUF_BUFG | CPU/Datapath/Alu_result_PLR/Qtemp_reg[7]_2            |                  |               23 |             32 |         1.39 |
|  clock_IBUF_BUFG | CPU/Datapath/Alu_result_PLR/Mem[103]_227[0]           |                  |               25 |             32 |         1.28 |
|  clock_IBUF_BUFG | CPU/Datapath/Alu_result_PLR/Mem[112]_222[0]           |                  |               20 |             32 |         1.60 |
|  clock_IBUF_BUFG | CPU/Datapath/Alu_result_PLR/Mem[119]_219[0]           |                  |               23 |             32 |         1.39 |
|  clock_IBUF_BUFG | CPU/Datapath/Alu_result_PLR/Mem[129]_213[0]           |                  |               27 |             32 |         1.19 |
|  clock_IBUF_BUFG | CPU/Datapath/Alu_result_PLR/Mem[108]_224[0]           |                  |               24 |             32 |         1.33 |
|  clock_IBUF_BUFG | CPU/Datapath/Alu_result_PLR/Mem[109]_32[0]            |                  |               21 |             32 |         1.52 |
|  clock_IBUF_BUFG | CPU/Datapath/Alu_result_PLR/Mem[105]_21[0]            |                  |               25 |             32 |         1.28 |
|  clock_IBUF_BUFG | CPU/Datapath/Alu_result_PLR/Mem[100]_31[0]            |                  |               27 |             32 |         1.19 |
|  clock_IBUF_BUFG | CPU/Datapath/Alu_result_PLR/Mem[101]_229[0]           |                  |               26 |             32 |         1.23 |
|  clock_IBUF_BUFG | CPU/Datapath/Alu_result_PLR/Mem[104]_226[0]           |                  |               17 |             32 |         1.88 |
|  clock_IBUF_BUFG | CPU/Datapath/Alu_result_PLR/Mem[110]_223[0]           |                  |               25 |             32 |         1.28 |
|  clock_IBUF_BUFG | CPU/Datapath/Alu_result_PLR/Mem[120]_39[0]            |                  |               17 |             32 |         1.88 |
|  clock_IBUF_BUFG | CPU/Datapath/Alu_result_PLR/Mem[121]_218[0]           |                  |               13 |             32 |         2.46 |
|  clock_IBUF_BUFG | CPU/Datapath/Alu_result_PLR/Mem[122]_217[0]           |                  |               22 |             32 |         1.45 |
|  clock_IBUF_BUFG | CPU/Datapath/Alu_result_PLR/Mem[124]_20[0]            |                  |               17 |             32 |         1.88 |
|  clock_IBUF_BUFG | CPU/Datapath/Alu_result_PLR/Mem[128]_247[0]           |                  |               21 |             32 |         1.52 |
|  clock_IBUF_BUFG | CPU/Datapath/Alu_result_PLR/Mem[118]_40[0]            |                  |               22 |             32 |         1.45 |
|  clock_IBUF_BUFG | CPU/Datapath/Alu_result_PLR/Mem[130]_30[0]            |                  |               22 |             32 |         1.45 |
|  clock_IBUF_BUFG | CPU/Datapath/Alu_result_PLR/Mem[131]_29[0]            |                  |               27 |             32 |         1.19 |
|  clock_IBUF_BUFG | CPU/Datapath/Alu_result_PLR/Mem[132]_35[0]            |                  |               19 |             32 |         1.68 |
|  clock_IBUF_BUFG | CPU/Datapath/Alu_result_PLR/Mem[133]_28[0]            |                  |               27 |             32 |         1.19 |
|  clock_IBUF_BUFG | CPU/Datapath/Alu_result_PLR/Mem[135]_27[0]            |                  |               18 |             32 |         1.78 |
|  clock_IBUF_BUFG | CPU/Datapath/Alu_result_PLR/Mem[107]_225[0]           |                  |               22 |             32 |         1.45 |
|  clock_IBUF_BUFG | CPU/Datapath/Alu_result_PLR/Mem[127]_23[0]            |                  |               18 |             32 |         1.78 |
|  clock_IBUF_BUFG | CPU/Datapath/Alu_result_PLR/Mem[113]_221[0]           |                  |               17 |             32 |         1.88 |
|  clock_IBUF_BUFG | CPU/Datapath/Alu_result_PLR/Mem[102]_228[0]           |                  |               26 |             32 |         1.23 |
|  clock_IBUF_BUFG | CPU/Datapath/Alu_result_PLR/Mem[117]_220[0]           |                  |               16 |             32 |         2.00 |
|  clock_IBUF_BUFG | CPU/Datapath/Alu_result_PLR/Mem[136]_26[0]            |                  |               26 |             32 |         1.23 |
|  clock_IBUF_BUFG | CPU/Datapath/Alu_result_PLR/Mem[181]_182[0]           |                  |               23 |             32 |         1.39 |
|  clock_IBUF_BUFG | CPU/Datapath/Alu_result_PLR/Mem[170]_13[0]            |                  |               26 |             32 |         1.23 |
|  clock_IBUF_BUFG | CPU/Datapath/Alu_result_PLR/Mem[154]_159[0]           |                  |               23 |             32 |         1.39 |
|  clock_IBUF_BUFG | CPU/Datapath/Alu_result_PLR/Mem[172]_34[0]            |                  |               14 |             32 |         2.29 |
|  clock_IBUF_BUFG | CPU/Datapath/Alu_result_PLR/Mem[183]_181[0]           |                  |               24 |             32 |         1.33 |
|  clock_IBUF_BUFG | CPU/Datapath/Alu_result_PLR/Mem[184]_180[0]           |                  |               25 |             32 |         1.28 |
|  clock_IBUF_BUFG | CPU/Datapath/Alu_result_PLR/Mem[188]_176[0]           |                  |               22 |             32 |         1.45 |
|  clock_IBUF_BUFG | CPU/Datapath/Alu_result_PLR/Mem[16]_246[0]            |                  |               22 |             32 |         1.45 |
|  clock_IBUF_BUFG | CPU/Datapath/Alu_result_PLR/Mem[187]_177[0]           |                  |               24 |             32 |         1.33 |
|  clock_IBUF_BUFG | CPU/Datapath/Alu_result_PLR/Mem[195]_174[0]           |                  |               18 |             32 |         1.78 |
|  clock_IBUF_BUFG | CPU/Datapath/Alu_result_PLR/Mem[185]_179[0]           |                  |               24 |             32 |         1.33 |
|  clock_IBUF_BUFG | CPU/Datapath/Alu_result_PLR/Mem[198]_173[0]           |                  |               23 |             32 |         1.39 |
|  clock_IBUF_BUFG | CPU/Datapath/Alu_result_PLR/Mem[191]_193[0]           |                  |               23 |             32 |         1.39 |
|  clock_IBUF_BUFG | CPU/Datapath/Alu_result_PLR/Mem[138]_199[0]           |                  |               29 |             32 |         1.10 |
|  clock_IBUF_BUFG | CPU/Datapath/Alu_result_PLR/Mem[144]_197[0]           |                  |               24 |             32 |         1.33 |
|  clock_IBUF_BUFG | CPU/Datapath/Alu_result_PLR/Mem[202]_155[0]           |                  |               23 |             32 |         1.39 |
|  clock_IBUF_BUFG | CPU/Datapath/Alu_result_PLR/Mem[153]_188[0]           |                  |               18 |             32 |         1.78 |
|  clock_IBUF_BUFG | CPU/Datapath/Alu_result_PLR/Mem[166]_33[0]            |                  |               24 |             32 |         1.33 |
|  clock_IBUF_BUFG | CPU/Datapath/Alu_result_PLR/Mem[209]_142[0]           |                  |               15 |             32 |         2.13 |
|  clock_IBUF_BUFG | CPU/Datapath/Alu_result_PLR/Mem[147]_160[0]           |                  |               17 |             32 |         1.88 |
|  clock_IBUF_BUFG | CPU/Datapath/Alu_result_PLR/Mem[139]_25[0]            |                  |               24 |             32 |         1.33 |
|  clock_IBUF_BUFG | CPU/Datapath/Alu_result_PLR/Mem[199]_172[0]           |                  |               23 |             32 |         1.39 |
|  clock_IBUF_BUFG | CPU/Datapath/Alu_result_PLR/Mem[190]_191[0]           |                  |               20 |             32 |         1.60 |
|  clock_IBUF_BUFG | CPU/Datapath/Alu_result_PLR/Mem[200]_171[0]           |                  |               17 |             32 |         1.88 |
|  clock_IBUF_BUFG | CPU/Datapath/Alu_result_PLR/Mem[137]_36[0]            |                  |               21 |             32 |         1.52 |
|  clock_IBUF_BUFG | CPU/Datapath/Alu_result_PLR/Mem[210]_38[0]            |                  |               17 |             32 |         1.88 |
|  clock_IBUF_BUFG | CPU/Datapath/Alu_result_PLR/Mem[212]_153[0]           |                  |               13 |             32 |         2.46 |
|  clock_IBUF_BUFG | CPU/Datapath/Alu_result_PLR/Mem[211]_37[0]            |                  |               16 |             32 |         2.00 |
|  clock_IBUF_BUFG | CPU/Datapath/Alu_result_PLR/Mem[214]_152[0]           |                  |               18 |             32 |         1.78 |
|  clock_IBUF_BUFG | CPU/Datapath/Alu_result_PLR/Mem[145]_44[0]            |                  |               15 |             32 |         2.13 |
|  clock_IBUF_BUFG | CPU/Datapath/Alu_result_PLR/Mem[215]_151[0]           |                  |               13 |             32 |         2.46 |
|  clock_IBUF_BUFG | CPU/Datapath/Alu_result_PLR/Mem[196]_143[0]           |                  |               24 |             32 |         1.33 |
|  clock_IBUF_BUFG | CPU/Datapath/Alu_result_PLR/Mem[189]_192[0]           |                  |               23 |             32 |         1.39 |
|  clock_IBUF_BUFG | CPU/Datapath/Alu_result_PLR/Mem[178]_194[0]           |                  |               25 |             32 |         1.28 |
|  clock_IBUF_BUFG | CPU/Datapath/Alu_result_PLR/Mem[186]_178[0]           |                  |               18 |             32 |         1.78 |
|  clock_IBUF_BUFG | CPU/Datapath/Alu_result_PLR/Mem[216]_169[0]           |                  |               15 |             32 |         2.13 |
|  clock_IBUF_BUFG | CPU/Datapath/Alu_result_PLR/Mem[173]_195[0]           |                  |               25 |             32 |         1.28 |
|  clock_IBUF_BUFG | CPU/Datapath/Alu_result_PLR/Mem[160]_186[0]           |                  |               25 |             32 |         1.28 |
|  clock_IBUF_BUFG | CPU/Datapath/Alu_result_PLR/Mem[207]_11[0]            |                  |               26 |             32 |         1.23 |
|  clock_IBUF_BUFG | CPU/Datapath/Alu_result_PLR/Mem[182]_144[0]           |                  |               20 |             32 |         1.60 |
|  clock_IBUF_BUFG | CPU/Datapath/Alu_result_PLR/Mem[149]_189[0]           |                  |               18 |             32 |         1.78 |
|  clock_IBUF_BUFG | CPU/Datapath/Alu_result_PLR/Mem[194]_157[0]           |                  |               23 |             32 |         1.39 |
|  clock_IBUF_BUFG | CPU/Datapath/Alu_result_PLR/Mem[220]_168[0]           |                  |               24 |             32 |         1.33 |
|  clock_IBUF_BUFG | CPU/Datapath/Alu_result_PLR/Mem[158]_187[0]           |                  |               17 |             32 |         1.88 |
|  clock_IBUF_BUFG | CPU/Datapath/Alu_result_PLR/Mem[140]_24[0]            |                  |               19 |             32 |         1.68 |
|  clock_IBUF_BUFG | CPU/Datapath/Alu_result_PLR/Mem[177]_183[0]           |                  |               18 |             32 |         1.78 |
|  clock_IBUF_BUFG | CPU/Datapath/Alu_result_PLR/Mem[197]_156[0]           |                  |               21 |             32 |         1.52 |
|  clock_IBUF_BUFG | CPU/Datapath/Alu_result_PLR/Mem[162]_12[0]            |                  |               24 |             32 |         1.33 |
|  clock_IBUF_BUFG | CPU/Datapath/Alu_result_PLR/Mem[201]_170[0]           |                  |               23 |             32 |         1.39 |
|  clock_IBUF_BUFG | CPU/Datapath/Alu_result_PLR/Mem[206]_154[0]           |                  |               26 |             32 |         1.23 |
|  clock_IBUF_BUFG | CPU/Datapath/Alu_result_PLR/Mem[217]_10[0]            |                  |               20 |             32 |         1.60 |
|  clock_IBUF_BUFG | CPU/Datapath/Alu_result_PLR/Mem[159]_43[0]            |                  |               17 |             32 |         1.88 |
|  clock_IBUF_BUFG | CPU/Datapath/Alu_result_PLR/Mem[219]_3[0]             |                  |               19 |             32 |         1.68 |
|  clock_IBUF_BUFG | CPU/Datapath/Alu_result_PLR/Mem[141]_198[0]           |                  |               20 |             32 |         1.60 |
|  clock_IBUF_BUFG | CPU/Datapath/Alu_result_PLR/Mem[14]_200[0]            |                  |               26 |             32 |         1.23 |
|  clock_IBUF_BUFG | CPU/Datapath/Alu_result_PLR/Mem[168]_184[0]           |                  |               25 |             32 |         1.28 |
|  clock_IBUF_BUFG | CPU/Datapath/Alu_result_PLR/Mem[18]_18[0]             |                  |               24 |             32 |         1.33 |
|  clock_IBUF_BUFG | CPU/Datapath/Alu_result_PLR/Mem[193]_175[0]           |                  |               24 |             32 |         1.33 |
|  clock_IBUF_BUFG | CPU/Datapath/Alu_result_PLR/Mem[143]_190[0]           |                  |               19 |             32 |         1.68 |
|  clock_IBUF_BUFG | CPU/Datapath/Alu_result_PLR/Mem[155]_14[0]            |                  |               28 |             32 |         1.14 |
|  clock_IBUF_BUFG | CPU/Datapath/Alu_result_PLR/Mem[146]_161[0]           |                  |               17 |             32 |         1.88 |
|  clock_IBUF_BUFG | CPU/Datapath/Alu_result_PLR/Mem[167]_185[0]           |                  |               23 |             32 |         1.39 |
|  clock_IBUF_BUFG | CPU/Datapath/Alu_result_PLR/Mem[161]_196[0]           |                  |               25 |             32 |         1.28 |
|  clock_IBUF_BUFG | CPU/Datapath/Alu_result_PLR/Mem[221]_167[0]           |                  |               16 |             32 |         2.00 |
|  clock_IBUF_BUFG | CPU/Datapath/Alu_result_PLR/Mem[223]_141[0]           |                  |               20 |             32 |         1.60 |
|  clock_IBUF_BUFG | CPU/Datapath/Alu_result_PLR/Mem[225]_150[0]           |                  |               12 |             32 |         2.67 |
|  clock_IBUF_BUFG | CPU/Datapath/Alu_result_PLR/Mem[27]_17[0]             |                  |               16 |             32 |         2.00 |
|  clock_IBUF_BUFG | CPU/Datapath/Alu_result_PLR/Mem[39]_207[0]            |                  |               20 |             32 |         1.60 |
|  clock_IBUF_BUFG | CPU/Datapath/Alu_result_PLR/Mem[231]_8[0]             |                  |               15 |             32 |         2.13 |
|  clock_IBUF_BUFG | CPU/Datapath/Alu_result_PLR/Mem[226]_1[0]             |                  |               16 |             32 |         2.00 |
|  clock_IBUF_BUFG | CPU/Datapath/Alu_result_PLR/Mem[250]_5[0]             |                  |               24 |             32 |         1.33 |
|  clock_IBUF_BUFG | CPU/Datapath/Alu_result_PLR/Mem[254]_145[0]           |                  |               26 |             32 |         1.23 |
|  clock_IBUF_BUFG | CPU/Datapath/Alu_result_PLR/Mem[34]_16[0]             |                  |               15 |             32 |         2.13 |
|  clock_IBUF_BUFG | CPU/Datapath/Alu_result_PLR/Mem[29]_203[0]            |                  |               24 |             32 |         1.33 |
|  clock_IBUF_BUFG | CPU/Datapath/Alu_result_PLR/Mem[229]_166[0]           |                  |               21 |             32 |         1.52 |
|  clock_IBUF_BUFG | CPU/Datapath/Alu_result_PLR/Mem[25]_201[0]            |                  |               16 |             32 |         2.00 |
|  clock_IBUF_BUFG | CPU/Datapath/Alu_result_PLR/Mem[28]_202[0]            |                  |               25 |             32 |         1.28 |
|  clock_IBUF_BUFG | CPU/Datapath/Alu_result_PLR/Mem[233]_158[0]           |                  |               17 |             32 |         1.88 |
|  clock_IBUF_BUFG | CPU/Datapath/Alu_result_PLR/Mem[243]_147[0]           |                  |               22 |             32 |         1.45 |
|  clock_IBUF_BUFG | CPU/Datapath/Alu_result_PLR/Mem[244]_146[0]           |                  |               21 |             32 |         1.52 |
|  clock_IBUF_BUFG | CPU/Datapath/Alu_result_PLR/Mem[37]_205[0]            |                  |               16 |             32 |         2.00 |
|  clock_IBUF_BUFG | CPU/Datapath/Alu_result_PLR/Mem[38]_206[0]            |                  |               16 |             32 |         2.00 |
|  clock_IBUF_BUFG | CPU/Datapath/Alu_result_PLR/Mem[40]_208[0]            |                  |               19 |             32 |         1.68 |
|  clock_IBUF_BUFG | CPU/Datapath/Alu_result_PLR/Mem[240]_162[0]           |                  |               18 |             32 |         1.78 |
|  clock_IBUF_BUFG | CPU/Datapath/Alu_result_PLR/Mem[43]_209[0]            |                  |               21 |             32 |         1.52 |
|  clock_IBUF_BUFG | CPU/Datapath/Alu_result_PLR/Mem[227]_140[0]           |                  |               16 |             32 |         2.00 |
|  clock_IBUF_BUFG | CPU/Datapath/Alu_result_PLR/Mem[46]_210[0]            |                  |               19 |             32 |         1.68 |
|  clock_IBUF_BUFG | CPU/Datapath/Alu_result_PLR/Mem[234]_2[0]             |                  |               15 |             32 |         2.13 |
|  clock_IBUF_BUFG | CPU/Datapath/Alu_result_PLR/Mem[4]_245[0]             |                  |               24 |             32 |         1.33 |
|  clock_IBUF_BUFG | CPU/Datapath/Alu_result_PLR/Mem[30]_204[0]            |                  |               24 |             32 |         1.33 |
|  clock_IBUF_BUFG | CPU/Datapath/Alu_result_PLR/Mem[51]_211[0]            |                  |               17 |             32 |         1.88 |
|  clock_IBUF_BUFG | CPU/Datapath/Alu_result_PLR/Mem[222]_9[0]             |                  |               18 |             32 |         1.78 |
|  clock_IBUF_BUFG | CPU/Datapath/Alu_result_PLR/Mem[55]_214[0]            |                  |               18 |             32 |         1.78 |
|  clock_IBUF_BUFG | CPU/Datapath/Alu_result_PLR/Mem[236]_163[0]           |                  |               23 |             32 |         1.39 |
|  clock_IBUF_BUFG | CPU/Datapath/Alu_result_PLR/Mem[241]_7[0]             |                  |               22 |             32 |         1.45 |
|  clock_IBUF_BUFG | CPU/Datapath/Alu_result_PLR/Mem[247]_6[0]             |                  |               18 |             32 |         1.78 |
|  clock_IBUF_BUFG | CPU/Datapath/Alu_result_PLR/Mem[56]_215[0]            |                  |               16 |             32 |         2.00 |
|  clock_IBUF_BUFG | CPU/Datapath/Alu_result_PLR/Mem[36]_15[0]             |                  |               18 |             32 |         1.78 |
|  clock_IBUF_BUFG | CPU/Datapath/Alu_result_PLR/Mem[228]_0[0]             |                  |               13 |             32 |         2.46 |
|  clock_IBUF_BUFG | CPU/Datapath/Alu_result_PLR/Mem[58]_46[0]             |                  |               24 |             32 |         1.33 |
|  clock_IBUF_BUFG | CPU/Datapath/Alu_result_PLR/Mem[59]_216[0]            |                  |               24 |             32 |         1.33 |
|  clock_IBUF_BUFG | CPU/Datapath/Alu_result_PLR/Mem[60]_19[0]             |                  |               16 |             32 |         2.00 |
|  clock_IBUF_BUFG | CPU/Datapath/Alu_result_PLR/Mem[61]_45[0]             |                  |               24 |             32 |         1.33 |
|  clock_IBUF_BUFG | CPU/Datapath/Alu_result_PLR/Mem[235]_164[0]           |                  |               14 |             32 |         2.29 |
|  clock_IBUF_BUFG | CPU/Datapath/Alu_result_PLR/Mem[237]_149[0]           |                  |               27 |             32 |         1.19 |
|  clock_IBUF_BUFG | CPU/Datapath/Alu_result_PLR/Mem[242]_148[0]           |                  |               25 |             32 |         1.28 |
|  clock_IBUF_BUFG | CPU/Datapath/Alu_result_PLR/Mem[48]_42[0]             |                  |               18 |             32 |         1.78 |
|  clock_IBUF_BUFG | CPU/Datapath/Alu_result_PLR/Mem[52]_212[0]            |                  |               15 |             32 |         2.13 |
|  clock_IBUF_BUFG | CPU/Datapath/Alu_result_PLR/Mem[53]_41[0]             |                  |               23 |             32 |         1.39 |
|  clock_IBUF_BUFG | CPU/Datapath/Alu_result_PLR/Mem[230]_165[0]           |                  |               16 |             32 |         2.00 |
|  clock_IBUF_BUFG | CPU/Datapath/Alu_result_PLR/Mem[251]_4[0]             |                  |               24 |             32 |         1.33 |
|  clock_IBUF_BUFG | CPU/Datapath/Alu_result_PLR/Mem[92]_234[0]            |                  |               21 |             32 |         1.52 |
|  clock_IBUF_BUFG | CPU/Datapath/Alu_result_PLR/Mem[72]_240[0]            |                  |               27 |             32 |         1.19 |
|  clock_IBUF_BUFG | CPU/Datapath/Alu_result_PLR/Mem[79]_244[0]            |                  |               24 |             32 |         1.33 |
|  clock_IBUF_BUFG | CPU/Datapath/Alu_result_PLR/Mem[88]_238[0]            |                  |               18 |             32 |         1.78 |
|  clock_IBUF_BUFG | CPU/Datapath/Alu_result_PLR/Mem[89]_236[0]            |                  |               19 |             32 |         1.68 |
|  clock_IBUF_BUFG | CPU/Datapath/Alu_result_PLR/Mem[64]_47[0]             |                  |               19 |             32 |         1.68 |
|  clock_IBUF_BUFG | CPU/Datapath/Alu_result_PLR/Mem[75]_243[0]            |                  |               26 |             32 |         1.23 |
|  clock_IBUF_BUFG | CPU/Datapath/Alu_result_PLR/Mem[93]_233[0]            |                  |               16 |             32 |         2.00 |
|  clock_IBUF_BUFG | CPU/Datapath/Alu_result_PLR/Mem[65]_232[0]            |                  |               21 |             32 |         1.52 |
|  clock_IBUF_BUFG | CPU/Datapath/Alu_result_PLR/Mem[73]_242[0]            |                  |               16 |             32 |         2.00 |
|  clock_IBUF_BUFG | CPU/Datapath/Alu_result_PLR/Mem[94]_231[0]            |                  |               20 |             32 |         1.60 |
|  clock_IBUF_BUFG | CPU/Datapath/Alu_result_PLR/Mem[96]_230[0]            |                  |               17 |             32 |         1.88 |
|  clock_IBUF_BUFG | CPU/Datapath/Alu_result_PLR/Mem[70]_237[0]            |                  |               15 |             32 |         2.13 |
|  clock_IBUF_BUFG | CPU/Datapath/Alu_result_PLR/Mem[71]_239[0]            |                  |               15 |             32 |         2.13 |
|  clock_IBUF_BUFG | CPU/Datapath/Alu_result_PLR/Mem[67]_235[0]            |                  |               17 |             32 |         1.88 |
|  clock_IBUF_BUFG | CPU/Datapath/Alu_result_PLR/Mem[85]_241[0]            |                  |               16 |             32 |         2.00 |
|  clock_IBUF_BUFG | CPU/Datapath/Alu_result_PLR/Mem[82]_22[0]             |                  |               20 |             32 |         1.60 |
|  clock_IBUF_BUFG | CPU/Datapath/Reg3_Address_PLR/Qtemp_reg[8]_0[0]       | reset_IN_IBUF    |               14 |             32 |         2.29 |
|  clock_IBUF_BUFG | CPU/Datapath/Reg3_Address_PLR_Third/Q_reg[5]_11[0]    | reset_IN_IBUF    |               13 |             32 |         2.46 |
|  clock_IBUF_BUFG | CPU/Datapath/Reg3_Address_PLR_Third/Q_reg[5]_15[0]    | reset_IN_IBUF    |               20 |             32 |         1.60 |
|  clock_IBUF_BUFG | CPU/Datapath/Reg3_Address_PLR_Third/Q_reg[5]_21[0]    | reset_IN_IBUF    |               23 |             32 |         1.39 |
|  clock_IBUF_BUFG | CPU/Datapath/Reg3_Address_PLR_Third/Q_reg[5]_24[0]    | reset_IN_IBUF    |               12 |             32 |         2.67 |
|  clock_IBUF_BUFG | CPU/Datapath/Reg3_Address_PLR_Third/Q_reg[5]_5[0]     | reset_IN_IBUF    |               11 |             32 |         2.91 |
|  clock_IBUF_BUFG | CPU/Datapath/Reg3_Address_PLR_Third/Q_reg[5]_10[0]    | reset_IN_IBUF    |               15 |             32 |         2.13 |
|  clock_IBUF_BUFG | CPU/Datapath/Reg3_Address_PLR_Third/Q_reg[5]_7[0]     | reset_IN_IBUF    |               16 |             32 |         2.00 |
|  clock_IBUF_BUFG | CPU/Datapath/Reg3_Address_PLR_Third/Q_reg[5]_8[0]     | reset_IN_IBUF    |               12 |             32 |         2.67 |
|  clock_IBUF_BUFG | CPU/Datapath/Reg3_Address_PLR_Third/Q_reg[5]_0[0]     | reset_IN_IBUF    |               16 |             32 |         2.00 |
|  clock_IBUF_BUFG | CPU/Datapath/Reg3_Address_PLR_Third/Q_reg[5]_28[0]    | reset_IN_IBUF    |               18 |             32 |         1.78 |
|  clock_IBUF_BUFG | CPU/Datapath/Reg3_Address_PLR_Third/Q_reg[5]_3[0]     | reset_IN_IBUF    |               16 |             32 |         2.00 |
|  clock_IBUF_BUFG | CPU/Datapath/Reg3_Address_PLR_Third/Q_reg[5]_18[0]    | reset_IN_IBUF    |               16 |             32 |         2.00 |
|  clock_IBUF_BUFG | CPU/Datapath/Reg3_Address_PLR_Third/Q_reg[5]_2[0]     | reset_IN_IBUF    |                9 |             32 |         3.56 |
|  clock_IBUF_BUFG | CPU/Datapath/Reg3_Address_PLR_Third/Q_reg[5]_25[0]    | reset_IN_IBUF    |               12 |             32 |         2.67 |
|  clock_IBUF_BUFG | CPU/Datapath/Reg3_Address_PLR_Third/Q_reg[5]_27[0]    | reset_IN_IBUF    |               17 |             32 |         1.88 |
|  clock_IBUF_BUFG | CPU/Datapath/Reg3_Address_PLR_Third/E[0]              | reset_IN_IBUF    |               28 |             32 |         1.14 |
|  clock_IBUF_BUFG | CPU/Datapath/Reg3_Address_PLR_Third/Q_reg[5]_13[0]    | reset_IN_IBUF    |               13 |             32 |         2.46 |
|  clock_IBUF_BUFG | CPU/Datapath/Reg3_Address_PLR_Third/Q_reg[5]_4[0]     | reset_IN_IBUF    |               13 |             32 |         2.46 |
|  clock_IBUF_BUFG | CPU/Datapath/Reg3_Address_PLR_Third/Q_reg[5]_23[0]    | reset_IN_IBUF    |               11 |             32 |         2.91 |
|  clock_IBUF_BUFG | CPU/Datapath/Reg3_Address_PLR_Third/Q_reg[5]_6[0]     | reset_IN_IBUF    |               12 |             32 |         2.67 |
|  clock_IBUF_BUFG | CPU/Datapath/Reg3_Address_PLR_Third/Q_reg[5]_16[0]    | reset_IN_IBUF    |               16 |             32 |         2.00 |
|  clock_IBUF_BUFG | CPU/Datapath/Reg3_Address_PLR_Third/Q_reg[5]_9[0]     | reset_IN_IBUF    |               15 |             32 |         2.13 |
|  clock_IBUF_BUFG | CPU/Datapath/Reg3_Address_PLR_Third/Q_reg[5]_1[0]     | reset_IN_IBUF    |               15 |             32 |         2.13 |
|  clock_IBUF_BUFG | CPU/Datapath/Reg3_Address_PLR_Third/Q_reg[5]_14[0]    | reset_IN_IBUF    |               14 |             32 |         2.29 |
|  clock_IBUF_BUFG | CPU/Datapath/Reg3_Address_PLR_Third/Q_reg[5]_22[0]    | reset_IN_IBUF    |               17 |             32 |         1.88 |
|  clock_IBUF_BUFG | CPU/Datapath/Reg3_Address_PLR_Third/Q_reg[5]_26[0]    | reset_IN_IBUF    |               17 |             32 |         1.88 |
|  clock_IBUF_BUFG | CPU/Datapath/Reg3_Address_PLR_Third/Q_reg[5]_12[0]    | reset_IN_IBUF    |               20 |             32 |         1.60 |
|  clock_IBUF_BUFG | CPU/Datapath/Reg3_Address_PLR_Third/Q_reg[5]_19[0]    | reset_IN_IBUF    |               19 |             32 |         1.68 |
|  clock_IBUF_BUFG | CPU/Datapath/Reg3_Address_PLR_Third/Q_reg[5][0]       | reset_IN_IBUF    |               18 |             32 |         1.78 |
|  clock_IBUF_BUFG | CPU/Datapath/Reg3_Address_PLR_Third/Q_reg[5]_20[0]    | reset_IN_IBUF    |               23 |             32 |         1.39 |
|  clock_IBUF_BUFG | CPU/Datapath/Reg3_Address_PLR/E[0]                    | reset_IN_IBUF    |               28 |             91 |         3.25 |
|  clock_IBUF_BUFG |                                                       | reset_IN_IBUF    |              182 |            517 |         2.84 |
+------------------+-------------------------------------------------------+------------------+------------------+----------------+--------------+


