Copyright 1986-2022 Xilinx, Inc. All Rights Reserved. Copyright 2022-2025 Advanced Micro Devices, Inc. All Rights Reserved.
-----------------------------------------------------------------------------------------------------------------------------------------------
| Tool Version : Vivado v.2025.2 (win64) Build 6299465 Fri Nov 14 19:35:11 GMT 2025
| Date         : Thu May 28 19:32:08 2026
| Host         : DESKTOP-87RVPO3 running 64-bit major release  (build 9200)
| Command      : report_methodology -file SoC_methodology_drc_routed.rpt -pb SoC_methodology_drc_routed.pb -rpx SoC_methodology_drc_routed.rpx
| Design       : SoC
| Device       : xc7z020clg400-1
| Speed File   : -1
| Design State : Fully Routed
-----------------------------------------------------------------------------------------------------------------------------------------------

Report Methodology

Table of Contents
-----------------
1. REPORT SUMMARY
2. REPORT DETAILS

1. REPORT SUMMARY
-----------------
            Netlist: netlist
          Floorplan: checkpoint_SoC
      Design limits: <entire design considered>
             Max checks: <unlimited>
             Checks found: 3
+-----------+----------+-------------------------------+--------+
| Rule      | Severity | Description                   | Checks |
+-----------+----------+-------------------------------+--------+
| TIMING-18 | Warning  | Missing input or output delay | 3      |
+-----------+----------+-------------------------------+--------+

2. REPORT DETAILS
-----------------
TIMING-18#1 Warning
Missing input or output delay  
An input delay is missing on reset_IN relative to the rising and/or falling clock edge(s) of clock.
Related violations: <none>

TIMING-18#2 Warning
Missing input or output delay  
An output delay is missing on LEDTest[0] relative to the rising and/or falling clock edge(s) of clock.
Related violations: <none>

TIMING-18#3 Warning
Missing input or output delay  
An output delay is missing on LEDTest[1] relative to the rising and/or falling clock edge(s) of clock.
Related violations: <none>


