
*** Running vivado
    with args -log SoC.vds -m64 -product Vivado -mode batch -messageDb vivado.pb -notrace -source SoC.tcl



****** Vivado v2025.2 (64-bit)
  **** SW Build 6299465 on Fri Nov 14 19:35:11 GMT 2025
  **** IP Build 6300035 on Fri Nov 14 10:48:45 MST 2025
  **** SharedData Build 6298862 on Thu Nov 13 04:50:51 MST 2025
  **** Start of session at: Thu May 28 19:14:13 2026
    ** Copyright 1986-2022 Xilinx, Inc. All Rights Reserved.
    ** Copyright 2022-2025 Advanced Micro Devices, Inc. All Rights Reserved.

source SoC.tcl -notrace
create_project: Time (s): cpu = 00:00:08 ; elapsed = 00:00:06 . Memory (MB): peak = 523.473 ; gain = 219.590
Command: read_checkpoint -auto_incremental -incremental {D:/Work and shit/Github/Files/BigDcore/Vivado projects/RV32ICore UART/RV32ICore UART/RV32ICore UART.srcs/utils_1/imports/synth_1/SoC.dcp}
INFO: [Vivado 12-5825] Read reference checkpoint from D:/Work and shit/Github/Files/BigDcore/Vivado projects/RV32ICore UART/RV32ICore UART/RV32ICore UART.srcs/utils_1/imports/synth_1/SoC.dcp for incremental synthesis
INFO: [Vivado 12-7989] Please ensure there are no constraint changes
Command: synth_design -top SoC -part xc7z020clg400-1
Starting synth_design
Attempting to get a license for feature 'Synthesis' and/or device 'xc7z020'
INFO: [Common 17-349] Got license for feature 'Synthesis' and/or device 'xc7z020'
INFO: [Device 21-403] Loading part xc7z020clg400-1
INFO: [Synth 8-7079] Multithreading enabled for synth_design using a maximum of 2 processes.
INFO: [Synth 8-7078] Launching helper process for spawning children vivado processes
INFO: [Synth 8-7075] Helper process launched with PID 5404
---------------------------------------------------------------------------------
Starting RTL Elaboration : Time (s): cpu = 00:00:05 ; elapsed = 00:00:05 . Memory (MB): peak = 1300.598 ; gain = 540.590
---------------------------------------------------------------------------------
INFO: [Synth 8-638] synthesizing module 'SoC' [D:/Work and shit/Github/Files/BigDcore/Vivado projects/RV32ICore VHDL/SoC.vhd:10]
INFO: [Synth 8-3491] module 'P_Processor_Hazard' declared at 'D:/Work and shit/Github/Files/BigDcore/Vivado projects/RV32ICore VHDL/p_processor_hazard.vhd:4' bound to instance 'CPU' of component 'P_Processor_Hazard' [D:/Work and shit/Github/Files/BigDcore/Vivado projects/RV32ICore VHDL/SoC.vhd:58]
INFO: [Synth 8-638] synthesizing module 'P_Processor_Hazard' [D:/Work and shit/Github/Files/BigDcore/Vivado projects/RV32ICore VHDL/p_processor_hazard.vhd:17]
INFO: [Synth 8-3491] module 'P_Datapath' declared at 'D:/Work and shit/Github/Files/BigDcore/Vivado projects/RV32ICore VHDL/p_datapath.vhd:11' bound to instance 'Datapath' of component 'P_Datapath' [D:/Work and shit/Github/Files/BigDcore/Vivado projects/RV32ICore VHDL/p_processor_hazard.vhd:106]
INFO: [Synth 8-638] synthesizing module 'P_Datapath' [D:/Work and shit/Github/Files/BigDcore/Vivado projects/RV32ICore VHDL/p_datapath.vhd:44]
INFO: [Synth 8-3491] module 'RegEn' declared at 'D:/Work and shit/Github/Files/BigDcore/Vivado projects/RV32ICore VHDL/regen.vhd:4' bound to instance 'Pc_Register' of component 'RegEn' [D:/Work and shit/Github/Files/BigDcore/Vivado projects/RV32ICore VHDL/p_datapath.vhd:154]
INFO: [Synth 8-638] synthesizing module 'RegEn' [D:/Work and shit/Github/Files/BigDcore/Vivado projects/RV32ICore VHDL/regen.vhd:17]
	Parameter N bound to: 32 - type: integer 
INFO: [Synth 8-256] done synthesizing module 'RegEn' (0#1) [D:/Work and shit/Github/Files/BigDcore/Vivado projects/RV32ICore VHDL/regen.vhd:17]
INFO: [Synth 8-3491] module 'RegEn' declared at 'D:/Work and shit/Github/Files/BigDcore/Vivado projects/RV32ICore VHDL/regen.vhd:4' bound to instance 'instruction_PLR' of component 'RegEn' [D:/Work and shit/Github/Files/BigDcore/Vivado projects/RV32ICore VHDL/p_datapath.vhd:162]
INFO: [Synth 8-3491] module 'Mux3' declared at 'D:/Work and shit/Github/Files/BigDcore/Vivado projects/RV32ICore VHDL/Mux3.vhd:4' bound to instance 'Pc_Selection' of component 'Mux3' [D:/Work and shit/Github/Files/BigDcore/Vivado projects/RV32ICore VHDL/p_datapath.vhd:170]
INFO: [Synth 8-638] synthesizing module 'Mux3' [D:/Work and shit/Github/Files/BigDcore/Vivado projects/RV32ICore VHDL/Mux3.vhd:11]
	Parameter N bound to: 32 - type: integer 
INFO: [Synth 8-256] done synthesizing module 'Mux3' (0#1) [D:/Work and shit/Github/Files/BigDcore/Vivado projects/RV32ICore VHDL/Mux3.vhd:11]
INFO: [Synth 8-3491] module 'adder' declared at 'D:/Work and shit/Github/Files/BigDcore/Vivado projects/RV32ICore VHDL/Adder.vhd:5' bound to instance 'Pc_Plus_Four' of component 'Adder' [D:/Work and shit/Github/Files/BigDcore/Vivado projects/RV32ICore VHDL/p_datapath.vhd:177]
INFO: [Synth 8-638] synthesizing module 'adder' [D:/Work and shit/Github/Files/BigDcore/Vivado projects/RV32ICore VHDL/Adder.vhd:11]
	Parameter N bound to: 32 - type: integer 
INFO: [Synth 8-256] done synthesizing module 'adder' (0#1) [D:/Work and shit/Github/Files/BigDcore/Vivado projects/RV32ICore VHDL/Adder.vhd:11]
INFO: [Synth 8-3491] module 'RegEn' declared at 'D:/Work and shit/Github/Files/BigDcore/Vivado projects/RV32ICore VHDL/regen.vhd:4' bound to instance 'PC_PLR' of component 'RegEn' [D:/Work and shit/Github/Files/BigDcore/Vivado projects/RV32ICore VHDL/p_datapath.vhd:182]
INFO: [Synth 8-3491] module 'RegEn' declared at 'D:/Work and shit/Github/Files/BigDcore/Vivado projects/RV32ICore VHDL/regen.vhd:4' bound to instance 'Pc_Plus_Four_PLR' of component 'RegEn' [D:/Work and shit/Github/Files/BigDcore/Vivado projects/RV32ICore VHDL/p_datapath.vhd:190]
INFO: [Synth 8-3491] module 'Reg_File' declared at 'D:/Work and shit/Github/Files/BigDcore/Vivado projects/RV32ICore VHDL/Reg_File.vhd:5' bound to instance 'Register_File' of component 'Reg_File' [D:/Work and shit/Github/Files/BigDcore/Vivado projects/RV32ICore VHDL/p_datapath.vhd:200]
INFO: [Synth 8-638] synthesizing module 'Reg_File' [D:/Work and shit/Github/Files/BigDcore/Vivado projects/RV32ICore VHDL/Reg_File.vhd:12]
INFO: [Synth 8-256] done synthesizing module 'Reg_File' (0#1) [D:/Work and shit/Github/Files/BigDcore/Vivado projects/RV32ICore VHDL/Reg_File.vhd:12]
INFO: [Synth 8-3491] module 'ImmExt' declared at 'D:/Work and shit/Github/Files/BigDcore/Vivado projects/RV32ICore VHDL/ImmExt.vhd:5' bound to instance 'Immediate_Extension' of component 'ImmExt' [D:/Work and shit/Github/Files/BigDcore/Vivado projects/RV32ICore VHDL/p_datapath.vhd:210]
INFO: [Synth 8-638] synthesizing module 'ImmExt' [D:/Work and shit/Github/Files/BigDcore/Vivado projects/RV32ICore VHDL/ImmExt.vhd:11]
INFO: [Synth 8-256] done synthesizing module 'ImmExt' (0#1) [D:/Work and shit/Github/Files/BigDcore/Vivado projects/RV32ICore VHDL/ImmExt.vhd:11]
INFO: [Synth 8-3491] module 'RegEn' declared at 'D:/Work and shit/Github/Files/BigDcore/Vivado projects/RV32ICore VHDL/regen.vhd:4' bound to instance 'Imm_Extended_PLR' of component 'RegEn' [D:/Work and shit/Github/Files/BigDcore/Vivado projects/RV32ICore VHDL/p_datapath.vhd:215]
INFO: [Synth 8-3491] module 'RegEn_5bit' declared at 'D:/Work and shit/Github/Files/BigDcore/Vivado projects/RV32ICore VHDL/regen_5bit.vhd:4' bound to instance 'Reg3_Address_PLR' of component 'RegEn_5bit' [D:/Work and shit/Github/Files/BigDcore/Vivado projects/RV32ICore VHDL/p_datapath.vhd:223]
INFO: [Synth 8-638] synthesizing module 'RegEn_5bit' [D:/Work and shit/Github/Files/BigDcore/Vivado projects/RV32ICore VHDL/regen_5bit.vhd:16]
	Parameter N bound to: 5 - type: integer 
INFO: [Synth 8-256] done synthesizing module 'RegEn_5bit' (0#1) [D:/Work and shit/Github/Files/BigDcore/Vivado projects/RV32ICore VHDL/regen_5bit.vhd:16]
INFO: [Synth 8-3491] module 'RegEn' declared at 'D:/Work and shit/Github/Files/BigDcore/Vivado projects/RV32ICore VHDL/regen.vhd:4' bound to instance 'Reg_file_Register1_PLR3' of component 'RegEn' [D:/Work and shit/Github/Files/BigDcore/Vivado projects/RV32ICore VHDL/p_datapath.vhd:230]
INFO: [Synth 8-3491] module 'RegEn' declared at 'D:/Work and shit/Github/Files/BigDcore/Vivado projects/RV32ICore VHDL/regen.vhd:4' bound to instance 'Reg_file_Register2_PLR3' of component 'RegEn' [D:/Work and shit/Github/Files/BigDcore/Vivado projects/RV32ICore VHDL/p_datapath.vhd:238]
INFO: [Synth 8-3491] module 'RegEn' declared at 'D:/Work and shit/Github/Files/BigDcore/Vivado projects/RV32ICore VHDL/regen.vhd:4' bound to instance 'Pc_PLR_Seocnd' of component 'RegEn' [D:/Work and shit/Github/Files/BigDcore/Vivado projects/RV32ICore VHDL/p_datapath.vhd:246]
INFO: [Synth 8-3491] module 'RegEn' declared at 'D:/Work and shit/Github/Files/BigDcore/Vivado projects/RV32ICore VHDL/regen.vhd:4' bound to instance 'Pc_Plus_Four_PLR_Second' of component 'RegEn' [D:/Work and shit/Github/Files/BigDcore/Vivado projects/RV32ICore VHDL/p_datapath.vhd:254]
INFO: [Synth 8-3491] module 'RegEn_5bit' declared at 'D:/Work and shit/Github/Files/BigDcore/Vivado projects/RV32ICore VHDL/regen_5bit.vhd:4' bound to instance 'Rs1D_PLR' of component 'RegEn_5bit' [D:/Work and shit/Github/Files/BigDcore/Vivado projects/RV32ICore VHDL/p_datapath.vhd:268]
INFO: [Synth 8-3491] module 'RegEn_5bit' declared at 'D:/Work and shit/Github/Files/BigDcore/Vivado projects/RV32ICore VHDL/regen_5bit.vhd:4' bound to instance 'Rs2D_PLR' of component 'RegEn_5bit' [D:/Work and shit/Github/Files/BigDcore/Vivado projects/RV32ICore VHDL/p_datapath.vhd:275]
INFO: [Synth 8-3491] module 'Mux3' declared at 'D:/Work and shit/Github/Files/BigDcore/Vivado projects/RV32ICore VHDL/Mux3.vhd:4' bound to instance 'ALU_in_A' of component 'Mux3' [D:/Work and shit/Github/Files/BigDcore/Vivado projects/RV32ICore VHDL/p_datapath.vhd:286]
INFO: [Synth 8-3491] module 'Mux2' declared at 'D:/Work and shit/Github/Files/BigDcore/Vivado projects/RV32ICore VHDL/Mux2.vhd:4' bound to instance 'ALU_in_B' of component 'Mux2' [D:/Work and shit/Github/Files/BigDcore/Vivado projects/RV32ICore VHDL/p_datapath.vhd:293]
INFO: [Synth 8-638] synthesizing module 'Mux2' [D:/Work and shit/Github/Files/BigDcore/Vivado projects/RV32ICore VHDL/Mux2.vhd:11]
	Parameter N bound to: 32 - type: integer 
INFO: [Synth 8-226] default block is never used [D:/Work and shit/Github/Files/BigDcore/Vivado projects/RV32ICore VHDL/Mux2.vhd:14]
INFO: [Synth 8-256] done synthesizing module 'Mux2' (0#1) [D:/Work and shit/Github/Files/BigDcore/Vivado projects/RV32ICore VHDL/Mux2.vhd:11]
INFO: [Synth 8-3491] module 'ALU' declared at 'D:/Work and shit/Github/Files/BigDcore/Vivado projects/RV32ICore VHDL/ALU.vhd:5' bound to instance 'Alu_Unit' of component 'ALU' [D:/Work and shit/Github/Files/BigDcore/Vivado projects/RV32ICore VHDL/p_datapath.vhd:299]
INFO: [Synth 8-638] synthesizing module 'ALU' [D:/Work and shit/Github/Files/BigDcore/Vivado projects/RV32ICore VHDL/ALU.vhd:14]
	Parameter Alu_bits bound to: 32 - type: integer 
INFO: [Synth 8-256] done synthesizing module 'ALU' (0#1) [D:/Work and shit/Github/Files/BigDcore/Vivado projects/RV32ICore VHDL/ALU.vhd:14]
INFO: [Synth 8-3491] module 'adder' declared at 'D:/Work and shit/Github/Files/BigDcore/Vivado projects/RV32ICore VHDL/Adder.vhd:5' bound to instance 'Target_Address' of component 'Adder' [D:/Work and shit/Github/Files/BigDcore/Vivado projects/RV32ICore VHDL/p_datapath.vhd:306]
INFO: [Synth 8-3491] module 'RegEn' declared at 'D:/Work and shit/Github/Files/BigDcore/Vivado projects/RV32ICore VHDL/regen.vhd:4' bound to instance 'Alu_result_PLR' of component 'RegEn' [D:/Work and shit/Github/Files/BigDcore/Vivado projects/RV32ICore VHDL/p_datapath.vhd:311]
INFO: [Synth 8-3491] module 'RegEn_5bit' declared at 'D:/Work and shit/Github/Files/BigDcore/Vivado projects/RV32ICore VHDL/regen_5bit.vhd:4' bound to instance 'Reg3_Address_PLR_second' of component 'RegEn_5bit' [D:/Work and shit/Github/Files/BigDcore/Vivado projects/RV32ICore VHDL/p_datapath.vhd:319]
INFO: [Synth 8-3491] module 'RegEn' declared at 'D:/Work and shit/Github/Files/BigDcore/Vivado projects/RV32ICore VHDL/regen.vhd:4' bound to instance 'Pc_Plus_Four_PLR_Third' of component 'RegEn' [D:/Work and shit/Github/Files/BigDcore/Vivado projects/RV32ICore VHDL/p_datapath.vhd:326]
INFO: [Synth 8-3491] module 'Mux3' declared at 'D:/Work and shit/Github/Files/BigDcore/Vivado projects/RV32ICore VHDL/Mux3.vhd:4' bound to instance 'ForwardingA' of component 'Mux3' [D:/Work and shit/Github/Files/BigDcore/Vivado projects/RV32ICore VHDL/p_datapath.vhd:333]
INFO: [Synth 8-3491] module 'Mux3' declared at 'D:/Work and shit/Github/Files/BigDcore/Vivado projects/RV32ICore VHDL/Mux3.vhd:4' bound to instance 'ForwardingB' of component 'Mux3' [D:/Work and shit/Github/Files/BigDcore/Vivado projects/RV32ICore VHDL/p_datapath.vhd:340]
INFO: [Synth 8-3491] module 'RegEn' declared at 'D:/Work and shit/Github/Files/BigDcore/Vivado projects/RV32ICore VHDL/regen.vhd:4' bound to instance 'ForwaredB_PLR' of component 'RegEn' [D:/Work and shit/Github/Files/BigDcore/Vivado projects/RV32ICore VHDL/p_datapath.vhd:347]
INFO: [Synth 8-3491] module 'RegEn' declared at 'D:/Work and shit/Github/Files/BigDcore/Vivado projects/RV32ICore VHDL/regen.vhd:4' bound to instance 'Alu_result_PLR_second' of component 'RegEn' [D:/Work and shit/Github/Files/BigDcore/Vivado projects/RV32ICore VHDL/p_datapath.vhd:358]
INFO: [Synth 8-3491] module 'RegEn_5bit' declared at 'D:/Work and shit/Github/Files/BigDcore/Vivado projects/RV32ICore VHDL/regen_5bit.vhd:4' bound to instance 'Reg3_Address_PLR_Third' of component 'RegEn_5bit' [D:/Work and shit/Github/Files/BigDcore/Vivado projects/RV32ICore VHDL/p_datapath.vhd:365]
INFO: [Synth 8-3491] module 'RegEn' declared at 'D:/Work and shit/Github/Files/BigDcore/Vivado projects/RV32ICore VHDL/regen.vhd:4' bound to instance 'Read_Data_PLR' of component 'RegEn' [D:/Work and shit/Github/Files/BigDcore/Vivado projects/RV32ICore VHDL/p_datapath.vhd:372]
INFO: [Synth 8-3491] module 'RegEn' declared at 'D:/Work and shit/Github/Files/BigDcore/Vivado projects/RV32ICore VHDL/regen.vhd:4' bound to instance 'Pc_Plus_Four_PLR_Fourth' of component 'RegEn' [D:/Work and shit/Github/Files/BigDcore/Vivado projects/RV32ICore VHDL/p_datapath.vhd:379]
INFO: [Synth 8-3491] module 'Mux3' declared at 'D:/Work and shit/Github/Files/BigDcore/Vivado projects/RV32ICore VHDL/Mux3.vhd:4' bound to instance 'WriteBack' of component 'Mux3' [D:/Work and shit/Github/Files/BigDcore/Vivado projects/RV32ICore VHDL/p_datapath.vhd:388]
INFO: [Synth 8-3491] module 'Mem_SignExt' declared at 'D:/Work and shit/Github/Files/BigDcore/Vivado projects/RV32ICore VHDL/mem_signext.vhd:4' bound to instance 'Memory_Extension' of component 'Mem_SignExt' [D:/Work and shit/Github/Files/BigDcore/Vivado projects/RV32ICore VHDL/p_datapath.vhd:395]
INFO: [Synth 8-638] synthesizing module 'Mem_SignExt' [D:/Work and shit/Github/Files/BigDcore/Vivado projects/RV32ICore VHDL/mem_signext.vhd:11]
INFO: [Synth 8-226] default block is never used [D:/Work and shit/Github/Files/BigDcore/Vivado projects/RV32ICore VHDL/mem_signext.vhd:17]
WARNING: [Synth 8-614] signal 'Mem_in' is read in the process but is not in the sensitivity list [D:/Work and shit/Github/Files/BigDcore/Vivado projects/RV32ICore VHDL/mem_signext.vhd:30]
INFO: [Synth 8-256] done synthesizing module 'Mem_SignExt' (0#1) [D:/Work and shit/Github/Files/BigDcore/Vivado projects/RV32ICore VHDL/mem_signext.vhd:11]
INFO: [Synth 8-256] done synthesizing module 'P_Datapath' (0#1) [D:/Work and shit/Github/Files/BigDcore/Vivado projects/RV32ICore VHDL/p_datapath.vhd:44]
INFO: [Synth 8-3491] module 'P_Control_Unit' declared at 'D:/Work and shit/Github/Files/BigDcore/Vivado projects/RV32ICore VHDL/p_control_unit.vhd:4' bound to instance 'ControlUnit' of component 'P_Control_Unit' [D:/Work and shit/Github/Files/BigDcore/Vivado projects/RV32ICore VHDL/p_processor_hazard.vhd:135]
INFO: [Synth 8-638] synthesizing module 'P_Control_Unit' [D:/Work and shit/Github/Files/BigDcore/Vivado projects/RV32ICore VHDL/p_control_unit.vhd:29]
INFO: [Synth 8-3491] module 'Alu_cntr' declared at 'D:/Work and shit/Github/Files/BigDcore/Vivado projects/RV32ICore VHDL/Alu_cntr.vhd:4' bound to instance 'Alu_Control_Unit' of component 'Alu_cntr' [D:/Work and shit/Github/Files/BigDcore/Vivado projects/RV32ICore VHDL/p_control_unit.vhd:114]
INFO: [Synth 8-638] synthesizing module 'Alu_cntr' [D:/Work and shit/Github/Files/BigDcore/Vivado projects/RV32ICore VHDL/Alu_cntr.vhd:13]
INFO: [Synth 8-226] default block is never used [D:/Work and shit/Github/Files/BigDcore/Vivado projects/RV32ICore VHDL/Alu_cntr.vhd:76]
INFO: [Synth 8-256] done synthesizing module 'Alu_cntr' (0#1) [D:/Work and shit/Github/Files/BigDcore/Vivado projects/RV32ICore VHDL/Alu_cntr.vhd:13]
INFO: [Synth 8-3491] module 'P_Main_unit' declared at 'D:/Work and shit/Github/Files/BigDcore/Vivado projects/RV32ICore VHDL/P_Main_unit.vhd:4' bound to instance 'Main_Control_Unit' of component 'P_Main_unit' [D:/Work and shit/Github/Files/BigDcore/Vivado projects/RV32ICore VHDL/p_control_unit.vhd:115]
INFO: [Synth 8-638] synthesizing module 'P_Main_unit' [D:/Work and shit/Github/Files/BigDcore/Vivado projects/RV32ICore VHDL/P_Main_unit.vhd:23]
INFO: [Synth 8-256] done synthesizing module 'P_Main_unit' (0#1) [D:/Work and shit/Github/Files/BigDcore/Vivado projects/RV32ICore VHDL/P_Main_unit.vhd:23]
INFO: [Synth 8-3491] module 'RegEn' declared at 'D:/Work and shit/Github/Files/BigDcore/Vivado projects/RV32ICore VHDL/regen.vhd:4' bound to instance 'Control_Signals_PLR03' of component 'RegEn' [D:/Work and shit/Github/Files/BigDcore/Vivado projects/RV32ICore VHDL/p_control_unit.vhd:142]
INFO: [Synth 8-638] synthesizing module 'RegEn__parameterized1' [D:/Work and shit/Github/Files/BigDcore/Vivado projects/RV32ICore VHDL/regen.vhd:17]
	Parameter N bound to: 21 - type: integer 
INFO: [Synth 8-256] done synthesizing module 'RegEn__parameterized1' (0#1) [D:/Work and shit/Github/Files/BigDcore/Vivado projects/RV32ICore VHDL/regen.vhd:17]
INFO: [Synth 8-3491] module 'Excution_Flow' declared at 'D:/Work and shit/Github/Files/BigDcore/Vivado projects/RV32ICore VHDL/excution_flow.vhd:4' bound to instance 'Excute_Flow_cntr' of component 'Excution_Flow' [D:/Work and shit/Github/Files/BigDcore/Vivado projects/RV32ICore VHDL/p_control_unit.vhd:153]
INFO: [Synth 8-638] synthesizing module 'Excution_Flow' [D:/Work and shit/Github/Files/BigDcore/Vivado projects/RV32ICore VHDL/excution_flow.vhd:14]
INFO: [Synth 8-256] done synthesizing module 'Excution_Flow' (0#1) [D:/Work and shit/Github/Files/BigDcore/Vivado projects/RV32ICore VHDL/excution_flow.vhd:14]
INFO: [Synth 8-3491] module 'RegEn_9bit' declared at 'D:/Work and shit/Github/Files/BigDcore/Vivado projects/RV32ICore VHDL/RegEn_9bit.vhd:4' bound to instance 'Control_Signals_PLR04' of component 'RegEn_9bit' [D:/Work and shit/Github/Files/BigDcore/Vivado projects/RV32ICore VHDL/p_control_unit.vhd:160]
INFO: [Synth 8-638] synthesizing module 'RegEn_9bit' [D:/Work and shit/Github/Files/BigDcore/Vivado projects/RV32ICore VHDL/RegEn_9bit.vhd:16]
	Parameter N bound to: 9 - type: integer 
INFO: [Synth 8-256] done synthesizing module 'RegEn_9bit' (0#1) [D:/Work and shit/Github/Files/BigDcore/Vivado projects/RV32ICore VHDL/RegEn_9bit.vhd:16]
INFO: [Synth 8-3491] module 'RegEn_6bit' declared at 'D:/Work and shit/Github/Files/BigDcore/Vivado projects/RV32ICore VHDL/RegEn_6bit.vhd:4' bound to instance 'Control_Signals_PLR05' of component 'RegEn_6bit' [D:/Work and shit/Github/Files/BigDcore/Vivado projects/RV32ICore VHDL/p_control_unit.vhd:173]
INFO: [Synth 8-638] synthesizing module 'RegEn_6bit' [D:/Work and shit/Github/Files/BigDcore/Vivado projects/RV32ICore VHDL/RegEn_6bit.vhd:16]
	Parameter N bound to: 6 - type: integer 
INFO: [Synth 8-256] done synthesizing module 'RegEn_6bit' (0#1) [D:/Work and shit/Github/Files/BigDcore/Vivado projects/RV32ICore VHDL/RegEn_6bit.vhd:16]
INFO: [Synth 8-256] done synthesizing module 'P_Control_Unit' (0#1) [D:/Work and shit/Github/Files/BigDcore/Vivado projects/RV32ICore VHDL/p_control_unit.vhd:29]
INFO: [Synth 8-3491] module 'Hazard_Unit' declared at 'D:/Work and shit/Github/Files/BigDcore/Vivado projects/RV32ICore VHDL/Hazard_Unit.vhd:4' bound to instance 'HazardUnit' of component 'Hazard_Unit' [D:/Work and shit/Github/Files/BigDcore/Vivado projects/RV32ICore VHDL/p_processor_hazard.vhd:156]
INFO: [Synth 8-638] synthesizing module 'Hazard_Unit' [D:/Work and shit/Github/Files/BigDcore/Vivado projects/RV32ICore VHDL/Hazard_Unit.vhd:20]
INFO: [Synth 8-256] done synthesizing module 'Hazard_Unit' (0#1) [D:/Work and shit/Github/Files/BigDcore/Vivado projects/RV32ICore VHDL/Hazard_Unit.vhd:20]
INFO: [Synth 8-256] done synthesizing module 'P_Processor_Hazard' (0#1) [D:/Work and shit/Github/Files/BigDcore/Vivado projects/RV32ICore VHDL/p_processor_hazard.vhd:17]
INFO: [Synth 8-3491] module 'RAM_Inst' declared at 'D:/Work and shit/Github/Files/BigDcore/Vivado projects/RV32ICore MemVHDL/RAM_Inst.vhd:4' bound to instance 'Inst_RAM' of component 'RAM_Inst' [D:/Work and shit/Github/Files/BigDcore/Vivado projects/RV32ICore VHDL/SoC.vhd:69]
INFO: [Synth 8-638] synthesizing module 'RAM_Inst' [D:/Work and shit/Github/Files/BigDcore/Vivado projects/RV32ICore MemVHDL/RAM_Inst.vhd:17]
	Parameter N bound to: 32 - type: integer 
WARNING: [Synth 8-614] signal 'Mem' is read in the process but is not in the sensitivity list [D:/Work and shit/Github/Files/BigDcore/Vivado projects/RV32ICore MemVHDL/RAM_Inst.vhd:34]
INFO: [Synth 8-256] done synthesizing module 'RAM_Inst' (0#1) [D:/Work and shit/Github/Files/BigDcore/Vivado projects/RV32ICore MemVHDL/RAM_Inst.vhd:17]
INFO: [Synth 8-3491] module 'RAM' declared at 'D:/Work and shit/Github/Files/BigDcore/Vivado projects/RV32ICore MemVHDL/ram.vhd:4' bound to instance 'Data_RAM' of component 'RAM' [D:/Work and shit/Github/Files/BigDcore/Vivado projects/RV32ICore VHDL/SoC.vhd:77]
INFO: [Synth 8-638] synthesizing module 'RAM' [D:/Work and shit/Github/Files/BigDcore/Vivado projects/RV32ICore MemVHDL/ram.vhd:17]
	Parameter N bound to: 32 - type: integer 
WARNING: [Synth 8-614] signal 'Mem' is read in the process but is not in the sensitivity list [D:/Work and shit/Github/Files/BigDcore/Vivado projects/RV32ICore MemVHDL/ram.vhd:23]
INFO: [Synth 8-256] done synthesizing module 'RAM' (0#1) [D:/Work and shit/Github/Files/BigDcore/Vivado projects/RV32ICore MemVHDL/ram.vhd:17]
INFO: [Synth 8-256] done synthesizing module 'SoC' (0#1) [D:/Work and shit/Github/Files/BigDcore/Vivado projects/RV32ICore VHDL/SoC.vhd:10]
WARNING: [Synth 8-7129] Port Pc_Select[1] in module Hazard_Unit is either unconnected or has no load
WARNING: [Synth 8-7129] Port Funct7[6] in module P_Control_Unit is either unconnected or has no load
WARNING: [Synth 8-7129] Port Funct7[4] in module P_Control_Unit is either unconnected or has no load
WARNING: [Synth 8-7129] Port Funct7[3] in module P_Control_Unit is either unconnected or has no load
WARNING: [Synth 8-7129] Port Funct7[2] in module P_Control_Unit is either unconnected or has no load
WARNING: [Synth 8-7129] Port Funct7[1] in module P_Control_Unit is either unconnected or has no load
WARNING: [Synth 8-7129] Port Funct7[0] in module P_Control_Unit is either unconnected or has no load
WARNING: [Synth 8-7129] Port inst[6] in module ImmExt is either unconnected or has no load
WARNING: [Synth 8-7129] Port inst[5] in module ImmExt is either unconnected or has no load
WARNING: [Synth 8-7129] Port inst[4] in module ImmExt is either unconnected or has no load
WARNING: [Synth 8-7129] Port inst[3] in module ImmExt is either unconnected or has no load
WARNING: [Synth 8-7129] Port inst[2] in module ImmExt is either unconnected or has no load
WARNING: [Synth 8-7129] Port inst[1] in module ImmExt is either unconnected or has no load
WARNING: [Synth 8-7129] Port inst[0] in module ImmExt is either unconnected or has no load
---------------------------------------------------------------------------------
Finished RTL Elaboration : Time (s): cpu = 00:00:17 ; elapsed = 00:00:17 . Memory (MB): peak = 1893.730 ; gain = 1133.723
---------------------------------------------------------------------------------
---------------------------------------------------------------------------------
Start Handling Custom Attributes
---------------------------------------------------------------------------------
---------------------------------------------------------------------------------
Finished Handling Custom Attributes : Time (s): cpu = 00:00:17 ; elapsed = 00:00:18 . Memory (MB): peak = 1893.730 ; gain = 1133.723
---------------------------------------------------------------------------------
---------------------------------------------------------------------------------
Finished RTL Optimization Phase 1 : Time (s): cpu = 00:00:17 ; elapsed = 00:00:18 . Memory (MB): peak = 1893.730 ; gain = 1133.723
---------------------------------------------------------------------------------
Netlist sorting complete. Time (s): cpu = 00:00:01 ; elapsed = 00:00:00.881 . Memory (MB): peak = 1893.730 ; gain = 0.000
INFO: [Project 1-570] Preparing netlist for logic optimization

Processing XDC Constraints
Initializing timing engine
Parsing XDC File [D:/Work and shit/Github/Files/BigDcore/Vivado projects/RV32ICore/RV32ICore V2/RV32ICore V2.srcs/constrs_1/new/MainConstrainsts.xdc]
WARNING: [Vivado 12-507] No nets matched 'Data_RAM/Mem_reg[135][24]_0'. [D:/Work and shit/Github/Files/BigDcore/Vivado projects/RV32ICore/RV32ICore V2/RV32ICore V2.srcs/constrs_1/new/MainConstrainsts.xdc:13]
CRITICAL WARNING: [Common 17-55] 'set_property' expects at least one object. [D:/Work and shit/Github/Files/BigDcore/Vivado projects/RV32ICore/RV32ICore V2/RV32ICore V2.srcs/constrs_1/new/MainConstrainsts.xdc:13]
Resolution: If [get_<value>] was used to populate the object, check to make sure this command returns at least one valid object.
WARNING: [Vivado 12-507] No nets matched 'Data_RAM/Mem_reg[135][13]_0'. [D:/Work and shit/Github/Files/BigDcore/Vivado projects/RV32ICore/RV32ICore V2/RV32ICore V2.srcs/constrs_1/new/MainConstrainsts.xdc:14]
CRITICAL WARNING: [Common 17-55] 'set_property' expects at least one object. [D:/Work and shit/Github/Files/BigDcore/Vivado projects/RV32ICore/RV32ICore V2/RV32ICore V2.srcs/constrs_1/new/MainConstrainsts.xdc:14]
Resolution: If [get_<value>] was used to populate the object, check to make sure this command returns at least one valid object.
WARNING: [Vivado 12-507] No nets matched 'Data_RAM/Mem_reg[135][5]_0'. [D:/Work and shit/Github/Files/BigDcore/Vivado projects/RV32ICore/RV32ICore V2/RV32ICore V2.srcs/constrs_1/new/MainConstrainsts.xdc:15]
CRITICAL WARNING: [Common 17-55] 'set_property' expects at least one object. [D:/Work and shit/Github/Files/BigDcore/Vivado projects/RV32ICore/RV32ICore V2/RV32ICore V2.srcs/constrs_1/new/MainConstrainsts.xdc:15]
Resolution: If [get_<value>] was used to populate the object, check to make sure this command returns at least one valid object.
WARNING: [Vivado 12-507] No nets matched 'Data_RAM/Mem_reg[135][11]_0'. [D:/Work and shit/Github/Files/BigDcore/Vivado projects/RV32ICore/RV32ICore V2/RV32ICore V2.srcs/constrs_1/new/MainConstrainsts.xdc:16]
CRITICAL WARNING: [Common 17-55] 'set_property' expects at least one object. [D:/Work and shit/Github/Files/BigDcore/Vivado projects/RV32ICore/RV32ICore V2/RV32ICore V2.srcs/constrs_1/new/MainConstrainsts.xdc:16]
Resolution: If [get_<value>] was used to populate the object, check to make sure this command returns at least one valid object.
WARNING: [Vivado 12-507] No nets matched 'Data_RAM/Mem_reg[135][14]_0'. [D:/Work and shit/Github/Files/BigDcore/Vivado projects/RV32ICore/RV32ICore V2/RV32ICore V2.srcs/constrs_1/new/MainConstrainsts.xdc:17]
CRITICAL WARNING: [Common 17-55] 'set_property' expects at least one object. [D:/Work and shit/Github/Files/BigDcore/Vivado projects/RV32ICore/RV32ICore V2/RV32ICore V2.srcs/constrs_1/new/MainConstrainsts.xdc:17]
Resolution: If [get_<value>] was used to populate the object, check to make sure this command returns at least one valid object.
WARNING: [Vivado 12-507] No nets matched 'Data_RAM/Mem_reg[135][16]_0'. [D:/Work and shit/Github/Files/BigDcore/Vivado projects/RV32ICore/RV32ICore V2/RV32ICore V2.srcs/constrs_1/new/MainConstrainsts.xdc:18]
CRITICAL WARNING: [Common 17-55] 'set_property' expects at least one object. [D:/Work and shit/Github/Files/BigDcore/Vivado projects/RV32ICore/RV32ICore V2/RV32ICore V2.srcs/constrs_1/new/MainConstrainsts.xdc:18]
Resolution: If [get_<value>] was used to populate the object, check to make sure this command returns at least one valid object.
WARNING: [Vivado 12-507] No nets matched 'Data_RAM/Mem_reg[135][31]_0'. [D:/Work and shit/Github/Files/BigDcore/Vivado projects/RV32ICore/RV32ICore V2/RV32ICore V2.srcs/constrs_1/new/MainConstrainsts.xdc:19]
CRITICAL WARNING: [Common 17-55] 'set_property' expects at least one object. [D:/Work and shit/Github/Files/BigDcore/Vivado projects/RV32ICore/RV32ICore V2/RV32ICore V2.srcs/constrs_1/new/MainConstrainsts.xdc:19]
Resolution: If [get_<value>] was used to populate the object, check to make sure this command returns at least one valid object.
WARNING: [Vivado 12-507] No nets matched 'Data_RAM/Mem_reg[135][17]_0'. [D:/Work and shit/Github/Files/BigDcore/Vivado projects/RV32ICore/RV32ICore V2/RV32ICore V2.srcs/constrs_1/new/MainConstrainsts.xdc:20]
CRITICAL WARNING: [Common 17-55] 'set_property' expects at least one object. [D:/Work and shit/Github/Files/BigDcore/Vivado projects/RV32ICore/RV32ICore V2/RV32ICore V2.srcs/constrs_1/new/MainConstrainsts.xdc:20]
Resolution: If [get_<value>] was used to populate the object, check to make sure this command returns at least one valid object.
WARNING: [Vivado 12-507] No nets matched 'Data_RAM/Mem_reg[135][18]_0'. [D:/Work and shit/Github/Files/BigDcore/Vivado projects/RV32ICore/RV32ICore V2/RV32ICore V2.srcs/constrs_1/new/MainConstrainsts.xdc:21]
CRITICAL WARNING: [Common 17-55] 'set_property' expects at least one object. [D:/Work and shit/Github/Files/BigDcore/Vivado projects/RV32ICore/RV32ICore V2/RV32ICore V2.srcs/constrs_1/new/MainConstrainsts.xdc:21]
Resolution: If [get_<value>] was used to populate the object, check to make sure this command returns at least one valid object.
WARNING: [Vivado 12-507] No nets matched 'Data_RAM/Mem_reg[135][27]_0'. [D:/Work and shit/Github/Files/BigDcore/Vivado projects/RV32ICore/RV32ICore V2/RV32ICore V2.srcs/constrs_1/new/MainConstrainsts.xdc:22]
CRITICAL WARNING: [Common 17-55] 'set_property' expects at least one object. [D:/Work and shit/Github/Files/BigDcore/Vivado projects/RV32ICore/RV32ICore V2/RV32ICore V2.srcs/constrs_1/new/MainConstrainsts.xdc:22]
Resolution: If [get_<value>] was used to populate the object, check to make sure this command returns at least one valid object.
WARNING: [Vivado 12-507] No nets matched 'Data_RAM/Mem_reg[135][4]_0'. [D:/Work and shit/Github/Files/BigDcore/Vivado projects/RV32ICore/RV32ICore V2/RV32ICore V2.srcs/constrs_1/new/MainConstrainsts.xdc:23]
CRITICAL WARNING: [Common 17-55] 'set_property' expects at least one object. [D:/Work and shit/Github/Files/BigDcore/Vivado projects/RV32ICore/RV32ICore V2/RV32ICore V2.srcs/constrs_1/new/MainConstrainsts.xdc:23]
Resolution: If [get_<value>] was used to populate the object, check to make sure this command returns at least one valid object.
WARNING: [Vivado 12-507] No nets matched 'Data_RAM/Mem_reg[135][3]_0'. [D:/Work and shit/Github/Files/BigDcore/Vivado projects/RV32ICore/RV32ICore V2/RV32ICore V2.srcs/constrs_1/new/MainConstrainsts.xdc:24]
CRITICAL WARNING: [Common 17-55] 'set_property' expects at least one object. [D:/Work and shit/Github/Files/BigDcore/Vivado projects/RV32ICore/RV32ICore V2/RV32ICore V2.srcs/constrs_1/new/MainConstrainsts.xdc:24]
Resolution: If [get_<value>] was used to populate the object, check to make sure this command returns at least one valid object.
WARNING: [Vivado 12-507] No nets matched 'Data_RAM/Mem_reg[135][8]_0'. [D:/Work and shit/Github/Files/BigDcore/Vivado projects/RV32ICore/RV32ICore V2/RV32ICore V2.srcs/constrs_1/new/MainConstrainsts.xdc:25]
CRITICAL WARNING: [Common 17-55] 'set_property' expects at least one object. [D:/Work and shit/Github/Files/BigDcore/Vivado projects/RV32ICore/RV32ICore V2/RV32ICore V2.srcs/constrs_1/new/MainConstrainsts.xdc:25]
Resolution: If [get_<value>] was used to populate the object, check to make sure this command returns at least one valid object.
WARNING: [Vivado 12-507] No nets matched 'Data_RAM/Mem_reg[135][9]_0'. [D:/Work and shit/Github/Files/BigDcore/Vivado projects/RV32ICore/RV32ICore V2/RV32ICore V2.srcs/constrs_1/new/MainConstrainsts.xdc:26]
CRITICAL WARNING: [Common 17-55] 'set_property' expects at least one object. [D:/Work and shit/Github/Files/BigDcore/Vivado projects/RV32ICore/RV32ICore V2/RV32ICore V2.srcs/constrs_1/new/MainConstrainsts.xdc:26]
Resolution: If [get_<value>] was used to populate the object, check to make sure this command returns at least one valid object.
WARNING: [Vivado 12-507] No nets matched 'Data_RAM/Mem_reg[135][10]_0'. [D:/Work and shit/Github/Files/BigDcore/Vivado projects/RV32ICore/RV32ICore V2/RV32ICore V2.srcs/constrs_1/new/MainConstrainsts.xdc:27]
CRITICAL WARNING: [Common 17-55] 'set_property' expects at least one object. [D:/Work and shit/Github/Files/BigDcore/Vivado projects/RV32ICore/RV32ICore V2/RV32ICore V2.srcs/constrs_1/new/MainConstrainsts.xdc:27]
Resolution: If [get_<value>] was used to populate the object, check to make sure this command returns at least one valid object.
WARNING: [Vivado 12-507] No nets matched 'Data_RAM/Mem_reg[135][15]_0'. [D:/Work and shit/Github/Files/BigDcore/Vivado projects/RV32ICore/RV32ICore V2/RV32ICore V2.srcs/constrs_1/new/MainConstrainsts.xdc:28]
CRITICAL WARNING: [Common 17-55] 'set_property' expects at least one object. [D:/Work and shit/Github/Files/BigDcore/Vivado projects/RV32ICore/RV32ICore V2/RV32ICore V2.srcs/constrs_1/new/MainConstrainsts.xdc:28]
Resolution: If [get_<value>] was used to populate the object, check to make sure this command returns at least one valid object.
WARNING: [Vivado 12-507] No nets matched 'Data_RAM/Mem_reg[135][21]_0'. [D:/Work and shit/Github/Files/BigDcore/Vivado projects/RV32ICore/RV32ICore V2/RV32ICore V2.srcs/constrs_1/new/MainConstrainsts.xdc:29]
CRITICAL WARNING: [Common 17-55] 'set_property' expects at least one object. [D:/Work and shit/Github/Files/BigDcore/Vivado projects/RV32ICore/RV32ICore V2/RV32ICore V2.srcs/constrs_1/new/MainConstrainsts.xdc:29]
Resolution: If [get_<value>] was used to populate the object, check to make sure this command returns at least one valid object.
WARNING: [Vivado 12-507] No nets matched 'Data_RAM/Mem_reg[135][28]_0'. [D:/Work and shit/Github/Files/BigDcore/Vivado projects/RV32ICore/RV32ICore V2/RV32ICore V2.srcs/constrs_1/new/MainConstrainsts.xdc:30]
CRITICAL WARNING: [Common 17-55] 'set_property' expects at least one object. [D:/Work and shit/Github/Files/BigDcore/Vivado projects/RV32ICore/RV32ICore V2/RV32ICore V2.srcs/constrs_1/new/MainConstrainsts.xdc:30]
Resolution: If [get_<value>] was used to populate the object, check to make sure this command returns at least one valid object.
WARNING: [Vivado 12-507] No nets matched 'Data_RAM/Mem_reg[135][30]_0'. [D:/Work and shit/Github/Files/BigDcore/Vivado projects/RV32ICore/RV32ICore V2/RV32ICore V2.srcs/constrs_1/new/MainConstrainsts.xdc:31]
CRITICAL WARNING: [Common 17-55] 'set_property' expects at least one object. [D:/Work and shit/Github/Files/BigDcore/Vivado projects/RV32ICore/RV32ICore V2/RV32ICore V2.srcs/constrs_1/new/MainConstrainsts.xdc:31]
Resolution: If [get_<value>] was used to populate the object, check to make sure this command returns at least one valid object.
WARNING: [Vivado 12-507] No nets matched 'Data_RAM/Mem_reg[135][1]_0'. [D:/Work and shit/Github/Files/BigDcore/Vivado projects/RV32ICore/RV32ICore V2/RV32ICore V2.srcs/constrs_1/new/MainConstrainsts.xdc:32]
CRITICAL WARNING: [Common 17-55] 'set_property' expects at least one object. [D:/Work and shit/Github/Files/BigDcore/Vivado projects/RV32ICore/RV32ICore V2/RV32ICore V2.srcs/constrs_1/new/MainConstrainsts.xdc:32]
Resolution: If [get_<value>] was used to populate the object, check to make sure this command returns at least one valid object.
WARNING: [Vivado 12-507] No nets matched 'Data_RAM/Mem_reg[135][2]_0'. [D:/Work and shit/Github/Files/BigDcore/Vivado projects/RV32ICore/RV32ICore V2/RV32ICore V2.srcs/constrs_1/new/MainConstrainsts.xdc:33]
CRITICAL WARNING: [Common 17-55] 'set_property' expects at least one object. [D:/Work and shit/Github/Files/BigDcore/Vivado projects/RV32ICore/RV32ICore V2/RV32ICore V2.srcs/constrs_1/new/MainConstrainsts.xdc:33]
Resolution: If [get_<value>] was used to populate the object, check to make sure this command returns at least one valid object.
WARNING: [Vivado 12-507] No nets matched 'Data_RAM/Mem_reg[135][7]_0'. [D:/Work and shit/Github/Files/BigDcore/Vivado projects/RV32ICore/RV32ICore V2/RV32ICore V2.srcs/constrs_1/new/MainConstrainsts.xdc:34]
CRITICAL WARNING: [Common 17-55] 'set_property' expects at least one object. [D:/Work and shit/Github/Files/BigDcore/Vivado projects/RV32ICore/RV32ICore V2/RV32ICore V2.srcs/constrs_1/new/MainConstrainsts.xdc:34]
Resolution: If [get_<value>] was used to populate the object, check to make sure this command returns at least one valid object.
WARNING: [Vivado 12-507] No nets matched 'Data_RAM/Mem_reg[135][25]_0'. [D:/Work and shit/Github/Files/BigDcore/Vivado projects/RV32ICore/RV32ICore V2/RV32ICore V2.srcs/constrs_1/new/MainConstrainsts.xdc:35]
CRITICAL WARNING: [Common 17-55] 'set_property' expects at least one object. [D:/Work and shit/Github/Files/BigDcore/Vivado projects/RV32ICore/RV32ICore V2/RV32ICore V2.srcs/constrs_1/new/MainConstrainsts.xdc:35]
Resolution: If [get_<value>] was used to populate the object, check to make sure this command returns at least one valid object.
WARNING: [Vivado 12-507] No nets matched 'Data_RAM/Mem_reg[135][6]_0'. [D:/Work and shit/Github/Files/BigDcore/Vivado projects/RV32ICore/RV32ICore V2/RV32ICore V2.srcs/constrs_1/new/MainConstrainsts.xdc:36]
CRITICAL WARNING: [Common 17-55] 'set_property' expects at least one object. [D:/Work and shit/Github/Files/BigDcore/Vivado projects/RV32ICore/RV32ICore V2/RV32ICore V2.srcs/constrs_1/new/MainConstrainsts.xdc:36]
Resolution: If [get_<value>] was used to populate the object, check to make sure this command returns at least one valid object.
WARNING: [Vivado 12-507] No nets matched 'Data_RAM/Mem_reg[135][12]_0'. [D:/Work and shit/Github/Files/BigDcore/Vivado projects/RV32ICore/RV32ICore V2/RV32ICore V2.srcs/constrs_1/new/MainConstrainsts.xdc:37]
CRITICAL WARNING: [Common 17-55] 'set_property' expects at least one object. [D:/Work and shit/Github/Files/BigDcore/Vivado projects/RV32ICore/RV32ICore V2/RV32ICore V2.srcs/constrs_1/new/MainConstrainsts.xdc:37]
Resolution: If [get_<value>] was used to populate the object, check to make sure this command returns at least one valid object.
WARNING: [Vivado 12-507] No nets matched 'Data_RAM/Mem_reg[135][19]_0'. [D:/Work and shit/Github/Files/BigDcore/Vivado projects/RV32ICore/RV32ICore V2/RV32ICore V2.srcs/constrs_1/new/MainConstrainsts.xdc:38]
CRITICAL WARNING: [Common 17-55] 'set_property' expects at least one object. [D:/Work and shit/Github/Files/BigDcore/Vivado projects/RV32ICore/RV32ICore V2/RV32ICore V2.srcs/constrs_1/new/MainConstrainsts.xdc:38]
Resolution: If [get_<value>] was used to populate the object, check to make sure this command returns at least one valid object.
WARNING: [Vivado 12-507] No nets matched 'Data_RAM/Mem_reg[135][20]_0'. [D:/Work and shit/Github/Files/BigDcore/Vivado projects/RV32ICore/RV32ICore V2/RV32ICore V2.srcs/constrs_1/new/MainConstrainsts.xdc:39]
CRITICAL WARNING: [Common 17-55] 'set_property' expects at least one object. [D:/Work and shit/Github/Files/BigDcore/Vivado projects/RV32ICore/RV32ICore V2/RV32ICore V2.srcs/constrs_1/new/MainConstrainsts.xdc:39]
Resolution: If [get_<value>] was used to populate the object, check to make sure this command returns at least one valid object.
WARNING: [Vivado 12-507] No nets matched 'Data_RAM/Mem_reg[135][22]_0'. [D:/Work and shit/Github/Files/BigDcore/Vivado projects/RV32ICore/RV32ICore V2/RV32ICore V2.srcs/constrs_1/new/MainConstrainsts.xdc:40]
CRITICAL WARNING: [Common 17-55] 'set_property' expects at least one object. [D:/Work and shit/Github/Files/BigDcore/Vivado projects/RV32ICore/RV32ICore V2/RV32ICore V2.srcs/constrs_1/new/MainConstrainsts.xdc:40]
Resolution: If [get_<value>] was used to populate the object, check to make sure this command returns at least one valid object.
WARNING: [Vivado 12-507] No nets matched 'Data_RAM/Mem_reg[135][23]_0'. [D:/Work and shit/Github/Files/BigDcore/Vivado projects/RV32ICore/RV32ICore V2/RV32ICore V2.srcs/constrs_1/new/MainConstrainsts.xdc:41]
CRITICAL WARNING: [Common 17-55] 'set_property' expects at least one object. [D:/Work and shit/Github/Files/BigDcore/Vivado projects/RV32ICore/RV32ICore V2/RV32ICore V2.srcs/constrs_1/new/MainConstrainsts.xdc:41]
Resolution: If [get_<value>] was used to populate the object, check to make sure this command returns at least one valid object.
WARNING: [Vivado 12-507] No nets matched 'Data_RAM/Mem_reg[135][26]_0'. [D:/Work and shit/Github/Files/BigDcore/Vivado projects/RV32ICore/RV32ICore V2/RV32ICore V2.srcs/constrs_1/new/MainConstrainsts.xdc:42]
CRITICAL WARNING: [Common 17-55] 'set_property' expects at least one object. [D:/Work and shit/Github/Files/BigDcore/Vivado projects/RV32ICore/RV32ICore V2/RV32ICore V2.srcs/constrs_1/new/MainConstrainsts.xdc:42]
Resolution: If [get_<value>] was used to populate the object, check to make sure this command returns at least one valid object.
WARNING: [Vivado 12-507] No nets matched 'Data_RAM/Mem_reg[135][29]_0'. [D:/Work and shit/Github/Files/BigDcore/Vivado projects/RV32ICore/RV32ICore V2/RV32ICore V2.srcs/constrs_1/new/MainConstrainsts.xdc:43]
CRITICAL WARNING: [Common 17-55] 'set_property' expects at least one object. [D:/Work and shit/Github/Files/BigDcore/Vivado projects/RV32ICore/RV32ICore V2/RV32ICore V2.srcs/constrs_1/new/MainConstrainsts.xdc:43]
Resolution: If [get_<value>] was used to populate the object, check to make sure this command returns at least one valid object.
WARNING: [Vivado 12-507] No nets matched 'Data_RAM/Mem_reg[22][0]_0'. [D:/Work and shit/Github/Files/BigDcore/Vivado projects/RV32ICore/RV32ICore V2/RV32ICore V2.srcs/constrs_1/new/MainConstrainsts.xdc:44]
CRITICAL WARNING: [Common 17-55] 'set_property' expects at least one object. [D:/Work and shit/Github/Files/BigDcore/Vivado projects/RV32ICore/RV32ICore V2/RV32ICore V2.srcs/constrs_1/new/MainConstrainsts.xdc:44]
Resolution: If [get_<value>] was used to populate the object, check to make sure this command returns at least one valid object.
WARNING: [Vivado 12-507] No nets matched 'Data_RAM/Mem_reg[22][4]_0'. [D:/Work and shit/Github/Files/BigDcore/Vivado projects/RV32ICore/RV32ICore V2/RV32ICore V2.srcs/constrs_1/new/MainConstrainsts.xdc:45]
CRITICAL WARNING: [Common 17-55] 'set_property' expects at least one object. [D:/Work and shit/Github/Files/BigDcore/Vivado projects/RV32ICore/RV32ICore V2/RV32ICore V2.srcs/constrs_1/new/MainConstrainsts.xdc:45]
Resolution: If [get_<value>] was used to populate the object, check to make sure this command returns at least one valid object.
WARNING: [Vivado 12-507] No nets matched 'Data_RAM/Mem_reg[22][8]_0'. [D:/Work and shit/Github/Files/BigDcore/Vivado projects/RV32ICore/RV32ICore V2/RV32ICore V2.srcs/constrs_1/new/MainConstrainsts.xdc:46]
CRITICAL WARNING: [Common 17-55] 'set_property' expects at least one object. [D:/Work and shit/Github/Files/BigDcore/Vivado projects/RV32ICore/RV32ICore V2/RV32ICore V2.srcs/constrs_1/new/MainConstrainsts.xdc:46]
Resolution: If [get_<value>] was used to populate the object, check to make sure this command returns at least one valid object.
WARNING: [Vivado 12-507] No nets matched 'Data_RAM/Mem_reg[22][12]_0'. [D:/Work and shit/Github/Files/BigDcore/Vivado projects/RV32ICore/RV32ICore V2/RV32ICore V2.srcs/constrs_1/new/MainConstrainsts.xdc:47]
CRITICAL WARNING: [Common 17-55] 'set_property' expects at least one object. [D:/Work and shit/Github/Files/BigDcore/Vivado projects/RV32ICore/RV32ICore V2/RV32ICore V2.srcs/constrs_1/new/MainConstrainsts.xdc:47]
Resolution: If [get_<value>] was used to populate the object, check to make sure this command returns at least one valid object.
WARNING: [Vivado 12-507] No nets matched 'Data_RAM/Mem_reg[22][13]_0'. [D:/Work and shit/Github/Files/BigDcore/Vivado projects/RV32ICore/RV32ICore V2/RV32ICore V2.srcs/constrs_1/new/MainConstrainsts.xdc:48]
CRITICAL WARNING: [Common 17-55] 'set_property' expects at least one object. [D:/Work and shit/Github/Files/BigDcore/Vivado projects/RV32ICore/RV32ICore V2/RV32ICore V2.srcs/constrs_1/new/MainConstrainsts.xdc:48]
Resolution: If [get_<value>] was used to populate the object, check to make sure this command returns at least one valid object.
WARNING: [Vivado 12-507] No nets matched 'Data_RAM/Mem_reg[22][16]_0'. [D:/Work and shit/Github/Files/BigDcore/Vivado projects/RV32ICore/RV32ICore V2/RV32ICore V2.srcs/constrs_1/new/MainConstrainsts.xdc:49]
CRITICAL WARNING: [Common 17-55] 'set_property' expects at least one object. [D:/Work and shit/Github/Files/BigDcore/Vivado projects/RV32ICore/RV32ICore V2/RV32ICore V2.srcs/constrs_1/new/MainConstrainsts.xdc:49]
Resolution: If [get_<value>] was used to populate the object, check to make sure this command returns at least one valid object.
WARNING: [Vivado 12-507] No nets matched 'Data_RAM/Mem_reg[22][28]_0'. [D:/Work and shit/Github/Files/BigDcore/Vivado projects/RV32ICore/RV32ICore V2/RV32ICore V2.srcs/constrs_1/new/MainConstrainsts.xdc:50]
CRITICAL WARNING: [Common 17-55] 'set_property' expects at least one object. [D:/Work and shit/Github/Files/BigDcore/Vivado projects/RV32ICore/RV32ICore V2/RV32ICore V2.srcs/constrs_1/new/MainConstrainsts.xdc:50]
Resolution: If [get_<value>] was used to populate the object, check to make sure this command returns at least one valid object.
WARNING: [Vivado 12-507] No nets matched 'Data_RAM/Mem_reg[22][30]_0'. [D:/Work and shit/Github/Files/BigDcore/Vivado projects/RV32ICore/RV32ICore V2/RV32ICore V2.srcs/constrs_1/new/MainConstrainsts.xdc:51]
CRITICAL WARNING: [Common 17-55] 'set_property' expects at least one object. [D:/Work and shit/Github/Files/BigDcore/Vivado projects/RV32ICore/RV32ICore V2/RV32ICore V2.srcs/constrs_1/new/MainConstrainsts.xdc:51]
Resolution: If [get_<value>] was used to populate the object, check to make sure this command returns at least one valid object.
WARNING: [Vivado 12-507] No nets matched 'Data_RAM/Mem_reg[22][27]_0'. [D:/Work and shit/Github/Files/BigDcore/Vivado projects/RV32ICore/RV32ICore V2/RV32ICore V2.srcs/constrs_1/new/MainConstrainsts.xdc:52]
CRITICAL WARNING: [Common 17-55] 'set_property' expects at least one object. [D:/Work and shit/Github/Files/BigDcore/Vivado projects/RV32ICore/RV32ICore V2/RV32ICore V2.srcs/constrs_1/new/MainConstrainsts.xdc:52]
Resolution: If [get_<value>] was used to populate the object, check to make sure this command returns at least one valid object.
WARNING: [Vivado 12-507] No nets matched 'Data_RAM/Mem_reg[22][2]_0'. [D:/Work and shit/Github/Files/BigDcore/Vivado projects/RV32ICore/RV32ICore V2/RV32ICore V2.srcs/constrs_1/new/MainConstrainsts.xdc:53]
CRITICAL WARNING: [Common 17-55] 'set_property' expects at least one object. [D:/Work and shit/Github/Files/BigDcore/Vivado projects/RV32ICore/RV32ICore V2/RV32ICore V2.srcs/constrs_1/new/MainConstrainsts.xdc:53]
Resolution: If [get_<value>] was used to populate the object, check to make sure this command returns at least one valid object.
WARNING: [Vivado 12-507] No nets matched 'Data_RAM/Mem_reg[22][5]_0'. [D:/Work and shit/Github/Files/BigDcore/Vivado projects/RV32ICore/RV32ICore V2/RV32ICore V2.srcs/constrs_1/new/MainConstrainsts.xdc:54]
CRITICAL WARNING: [Common 17-55] 'set_property' expects at least one object. [D:/Work and shit/Github/Files/BigDcore/Vivado projects/RV32ICore/RV32ICore V2/RV32ICore V2.srcs/constrs_1/new/MainConstrainsts.xdc:54]
Resolution: If [get_<value>] was used to populate the object, check to make sure this command returns at least one valid object.
WARNING: [Vivado 12-507] No nets matched 'Data_RAM/Mem_reg[22][7]_0'. [D:/Work and shit/Github/Files/BigDcore/Vivado projects/RV32ICore/RV32ICore V2/RV32ICore V2.srcs/constrs_1/new/MainConstrainsts.xdc:55]
CRITICAL WARNING: [Common 17-55] 'set_property' expects at least one object. [D:/Work and shit/Github/Files/BigDcore/Vivado projects/RV32ICore/RV32ICore V2/RV32ICore V2.srcs/constrs_1/new/MainConstrainsts.xdc:55]
Resolution: If [get_<value>] was used to populate the object, check to make sure this command returns at least one valid object.
WARNING: [Vivado 12-507] No nets matched 'Data_RAM/Mem_reg[22][18]_0'. [D:/Work and shit/Github/Files/BigDcore/Vivado projects/RV32ICore/RV32ICore V2/RV32ICore V2.srcs/constrs_1/new/MainConstrainsts.xdc:56]
CRITICAL WARNING: [Common 17-55] 'set_property' expects at least one object. [D:/Work and shit/Github/Files/BigDcore/Vivado projects/RV32ICore/RV32ICore V2/RV32ICore V2.srcs/constrs_1/new/MainConstrainsts.xdc:56]
Resolution: If [get_<value>] was used to populate the object, check to make sure this command returns at least one valid object.
WARNING: [Vivado 12-507] No nets matched 'Data_RAM/Mem_reg[22][21]_0'. [D:/Work and shit/Github/Files/BigDcore/Vivado projects/RV32ICore/RV32ICore V2/RV32ICore V2.srcs/constrs_1/new/MainConstrainsts.xdc:57]
CRITICAL WARNING: [Common 17-55] 'set_property' expects at least one object. [D:/Work and shit/Github/Files/BigDcore/Vivado projects/RV32ICore/RV32ICore V2/RV32ICore V2.srcs/constrs_1/new/MainConstrainsts.xdc:57]
Resolution: If [get_<value>] was used to populate the object, check to make sure this command returns at least one valid object.
WARNING: [Vivado 12-507] No nets matched 'Data_RAM/Mem_reg[22][3]_0'. [D:/Work and shit/Github/Files/BigDcore/Vivado projects/RV32ICore/RV32ICore V2/RV32ICore V2.srcs/constrs_1/new/MainConstrainsts.xdc:58]
CRITICAL WARNING: [Common 17-55] 'set_property' expects at least one object. [D:/Work and shit/Github/Files/BigDcore/Vivado projects/RV32ICore/RV32ICore V2/RV32ICore V2.srcs/constrs_1/new/MainConstrainsts.xdc:58]
Resolution: If [get_<value>] was used to populate the object, check to make sure this command returns at least one valid object.
WARNING: [Vivado 12-507] No nets matched 'Data_RAM/Mem_reg[22][6]_0'. [D:/Work and shit/Github/Files/BigDcore/Vivado projects/RV32ICore/RV32ICore V2/RV32ICore V2.srcs/constrs_1/new/MainConstrainsts.xdc:59]
CRITICAL WARNING: [Common 17-55] 'set_property' expects at least one object. [D:/Work and shit/Github/Files/BigDcore/Vivado projects/RV32ICore/RV32ICore V2/RV32ICore V2.srcs/constrs_1/new/MainConstrainsts.xdc:59]
Resolution: If [get_<value>] was used to populate the object, check to make sure this command returns at least one valid object.
WARNING: [Vivado 12-507] No nets matched 'Data_RAM/Mem_reg[22][11]_0'. [D:/Work and shit/Github/Files/BigDcore/Vivado projects/RV32ICore/RV32ICore V2/RV32ICore V2.srcs/constrs_1/new/MainConstrainsts.xdc:60]
CRITICAL WARNING: [Common 17-55] 'set_property' expects at least one object. [D:/Work and shit/Github/Files/BigDcore/Vivado projects/RV32ICore/RV32ICore V2/RV32ICore V2.srcs/constrs_1/new/MainConstrainsts.xdc:60]
Resolution: If [get_<value>] was used to populate the object, check to make sure this command returns at least one valid object.
WARNING: [Vivado 12-507] No nets matched 'Data_RAM/Mem_reg[22][15]_0'. [D:/Work and shit/Github/Files/BigDcore/Vivado projects/RV32ICore/RV32ICore V2/RV32ICore V2.srcs/constrs_1/new/MainConstrainsts.xdc:61]
CRITICAL WARNING: [Common 17-55] 'set_property' expects at least one object. [D:/Work and shit/Github/Files/BigDcore/Vivado projects/RV32ICore/RV32ICore V2/RV32ICore V2.srcs/constrs_1/new/MainConstrainsts.xdc:61]
Resolution: If [get_<value>] was used to populate the object, check to make sure this command returns at least one valid object.
WARNING: [Vivado 12-507] No nets matched 'Data_RAM/Mem_reg[22][24]_0'. [D:/Work and shit/Github/Files/BigDcore/Vivado projects/RV32ICore/RV32ICore V2/RV32ICore V2.srcs/constrs_1/new/MainConstrainsts.xdc:62]
CRITICAL WARNING: [Common 17-55] 'set_property' expects at least one object. [D:/Work and shit/Github/Files/BigDcore/Vivado projects/RV32ICore/RV32ICore V2/RV32ICore V2.srcs/constrs_1/new/MainConstrainsts.xdc:62]
Resolution: If [get_<value>] was used to populate the object, check to make sure this command returns at least one valid object.
WARNING: [Vivado 12-507] No nets matched 'Data_RAM/Mem_reg[22][25]_0'. [D:/Work and shit/Github/Files/BigDcore/Vivado projects/RV32ICore/RV32ICore V2/RV32ICore V2.srcs/constrs_1/new/MainConstrainsts.xdc:63]
CRITICAL WARNING: [Common 17-55] 'set_property' expects at least one object. [D:/Work and shit/Github/Files/BigDcore/Vivado projects/RV32ICore/RV32ICore V2/RV32ICore V2.srcs/constrs_1/new/MainConstrainsts.xdc:63]
Resolution: If [get_<value>] was used to populate the object, check to make sure this command returns at least one valid object.
WARNING: [Vivado 12-507] No nets matched 'Data_RAM/Mem_reg[22][26]_0'. [D:/Work and shit/Github/Files/BigDcore/Vivado projects/RV32ICore/RV32ICore V2/RV32ICore V2.srcs/constrs_1/new/MainConstrainsts.xdc:64]
CRITICAL WARNING: [Common 17-55] 'set_property' expects at least one object. [D:/Work and shit/Github/Files/BigDcore/Vivado projects/RV32ICore/RV32ICore V2/RV32ICore V2.srcs/constrs_1/new/MainConstrainsts.xdc:64]
Resolution: If [get_<value>] was used to populate the object, check to make sure this command returns at least one valid object.
WARNING: [Vivado 12-507] No nets matched 'Data_RAM/Mem_reg[22][31]_0'. [D:/Work and shit/Github/Files/BigDcore/Vivado projects/RV32ICore/RV32ICore V2/RV32ICore V2.srcs/constrs_1/new/MainConstrainsts.xdc:65]
CRITICAL WARNING: [Common 17-55] 'set_property' expects at least one object. [D:/Work and shit/Github/Files/BigDcore/Vivado projects/RV32ICore/RV32ICore V2/RV32ICore V2.srcs/constrs_1/new/MainConstrainsts.xdc:65]
Resolution: If [get_<value>] was used to populate the object, check to make sure this command returns at least one valid object.
WARNING: [Vivado 12-507] No nets matched 'Data_RAM/Mem_reg[22][9]_0'. [D:/Work and shit/Github/Files/BigDcore/Vivado projects/RV32ICore/RV32ICore V2/RV32ICore V2.srcs/constrs_1/new/MainConstrainsts.xdc:66]
CRITICAL WARNING: [Common 17-55] 'set_property' expects at least one object. [D:/Work and shit/Github/Files/BigDcore/Vivado projects/RV32ICore/RV32ICore V2/RV32ICore V2.srcs/constrs_1/new/MainConstrainsts.xdc:66]
Resolution: If [get_<value>] was used to populate the object, check to make sure this command returns at least one valid object.
WARNING: [Vivado 12-507] No nets matched 'Data_RAM/Mem_reg[22][23]_0'. [D:/Work and shit/Github/Files/BigDcore/Vivado projects/RV32ICore/RV32ICore V2/RV32ICore V2.srcs/constrs_1/new/MainConstrainsts.xdc:67]
CRITICAL WARNING: [Common 17-55] 'set_property' expects at least one object. [D:/Work and shit/Github/Files/BigDcore/Vivado projects/RV32ICore/RV32ICore V2/RV32ICore V2.srcs/constrs_1/new/MainConstrainsts.xdc:67]
Resolution: If [get_<value>] was used to populate the object, check to make sure this command returns at least one valid object.
WARNING: [Vivado 12-507] No nets matched 'Data_RAM/Mem_reg[22][1]_0'. [D:/Work and shit/Github/Files/BigDcore/Vivado projects/RV32ICore/RV32ICore V2/RV32ICore V2.srcs/constrs_1/new/MainConstrainsts.xdc:68]
CRITICAL WARNING: [Common 17-55] 'set_property' expects at least one object. [D:/Work and shit/Github/Files/BigDcore/Vivado projects/RV32ICore/RV32ICore V2/RV32ICore V2.srcs/constrs_1/new/MainConstrainsts.xdc:68]
Resolution: If [get_<value>] was used to populate the object, check to make sure this command returns at least one valid object.
WARNING: [Vivado 12-507] No nets matched 'Data_RAM/Mem_reg[22][10]_0'. [D:/Work and shit/Github/Files/BigDcore/Vivado projects/RV32ICore/RV32ICore V2/RV32ICore V2.srcs/constrs_1/new/MainConstrainsts.xdc:69]
CRITICAL WARNING: [Common 17-55] 'set_property' expects at least one object. [D:/Work and shit/Github/Files/BigDcore/Vivado projects/RV32ICore/RV32ICore V2/RV32ICore V2.srcs/constrs_1/new/MainConstrainsts.xdc:69]
Resolution: If [get_<value>] was used to populate the object, check to make sure this command returns at least one valid object.
WARNING: [Vivado 12-507] No nets matched 'Data_RAM/Mem_reg[22][14]_0'. [D:/Work and shit/Github/Files/BigDcore/Vivado projects/RV32ICore/RV32ICore V2/RV32ICore V2.srcs/constrs_1/new/MainConstrainsts.xdc:70]
CRITICAL WARNING: [Common 17-55] 'set_property' expects at least one object. [D:/Work and shit/Github/Files/BigDcore/Vivado projects/RV32ICore/RV32ICore V2/RV32ICore V2.srcs/constrs_1/new/MainConstrainsts.xdc:70]
Resolution: If [get_<value>] was used to populate the object, check to make sure this command returns at least one valid object.
WARNING: [Vivado 12-507] No nets matched 'Data_RAM/Mem_reg[22][17]_0'. [D:/Work and shit/Github/Files/BigDcore/Vivado projects/RV32ICore/RV32ICore V2/RV32ICore V2.srcs/constrs_1/new/MainConstrainsts.xdc:71]
CRITICAL WARNING: [Common 17-55] 'set_property' expects at least one object. [D:/Work and shit/Github/Files/BigDcore/Vivado projects/RV32ICore/RV32ICore V2/RV32ICore V2.srcs/constrs_1/new/MainConstrainsts.xdc:71]
Resolution: If [get_<value>] was used to populate the object, check to make sure this command returns at least one valid object.
WARNING: [Vivado 12-507] No nets matched 'Data_RAM/Mem_reg[22][19]_0'. [D:/Work and shit/Github/Files/BigDcore/Vivado projects/RV32ICore/RV32ICore V2/RV32ICore V2.srcs/constrs_1/new/MainConstrainsts.xdc:72]
CRITICAL WARNING: [Common 17-55] 'set_property' expects at least one object. [D:/Work and shit/Github/Files/BigDcore/Vivado projects/RV32ICore/RV32ICore V2/RV32ICore V2.srcs/constrs_1/new/MainConstrainsts.xdc:72]
Resolution: If [get_<value>] was used to populate the object, check to make sure this command returns at least one valid object.
WARNING: [Vivado 12-507] No nets matched 'Data_RAM/Mem_reg[22][20]_0'. [D:/Work and shit/Github/Files/BigDcore/Vivado projects/RV32ICore/RV32ICore V2/RV32ICore V2.srcs/constrs_1/new/MainConstrainsts.xdc:73]
CRITICAL WARNING: [Common 17-55] 'set_property' expects at least one object. [D:/Work and shit/Github/Files/BigDcore/Vivado projects/RV32ICore/RV32ICore V2/RV32ICore V2.srcs/constrs_1/new/MainConstrainsts.xdc:73]
Resolution: If [get_<value>] was used to populate the object, check to make sure this command returns at least one valid object.
WARNING: [Vivado 12-507] No nets matched 'Data_RAM/Mem_reg[22][22]_0'. [D:/Work and shit/Github/Files/BigDcore/Vivado projects/RV32ICore/RV32ICore V2/RV32ICore V2.srcs/constrs_1/new/MainConstrainsts.xdc:74]
CRITICAL WARNING: [Common 17-55] 'set_property' expects at least one object. [D:/Work and shit/Github/Files/BigDcore/Vivado projects/RV32ICore/RV32ICore V2/RV32ICore V2.srcs/constrs_1/new/MainConstrainsts.xdc:74]
Resolution: If [get_<value>] was used to populate the object, check to make sure this command returns at least one valid object.
WARNING: [Vivado 12-507] No nets matched 'Data_RAM/Mem_reg[22][29]_0'. [D:/Work and shit/Github/Files/BigDcore/Vivado projects/RV32ICore/RV32ICore V2/RV32ICore V2.srcs/constrs_1/new/MainConstrainsts.xdc:75]
CRITICAL WARNING: [Common 17-55] 'set_property' expects at least one object. [D:/Work and shit/Github/Files/BigDcore/Vivado projects/RV32ICore/RV32ICore V2/RV32ICore V2.srcs/constrs_1/new/MainConstrainsts.xdc:75]
Resolution: If [get_<value>] was used to populate the object, check to make sure this command returns at least one valid object.
WARNING: [Vivado 12-507] No nets matched 'Data_RAM/Mem_reg[2][16]_0'. [D:/Work and shit/Github/Files/BigDcore/Vivado projects/RV32ICore/RV32ICore V2/RV32ICore V2.srcs/constrs_1/new/MainConstrainsts.xdc:77]
CRITICAL WARNING: [Common 17-55] 'set_property' expects at least one object. [D:/Work and shit/Github/Files/BigDcore/Vivado projects/RV32ICore/RV32ICore V2/RV32ICore V2.srcs/constrs_1/new/MainConstrainsts.xdc:77]
Resolution: If [get_<value>] was used to populate the object, check to make sure this command returns at least one valid object.
WARNING: [Vivado 12-507] No nets matched 'Data_RAM/Mem_reg[2][17]_0'. [D:/Work and shit/Github/Files/BigDcore/Vivado projects/RV32ICore/RV32ICore V2/RV32ICore V2.srcs/constrs_1/new/MainConstrainsts.xdc:78]
CRITICAL WARNING: [Common 17-55] 'set_property' expects at least one object. [D:/Work and shit/Github/Files/BigDcore/Vivado projects/RV32ICore/RV32ICore V2/RV32ICore V2.srcs/constrs_1/new/MainConstrainsts.xdc:78]
Resolution: If [get_<value>] was used to populate the object, check to make sure this command returns at least one valid object.
WARNING: [Vivado 12-507] No nets matched 'Data_RAM/Mem_reg[2][18]_0'. [D:/Work and shit/Github/Files/BigDcore/Vivado projects/RV32ICore/RV32ICore V2/RV32ICore V2.srcs/constrs_1/new/MainConstrainsts.xdc:79]
CRITICAL WARNING: [Common 17-55] 'set_property' expects at least one object. [D:/Work and shit/Github/Files/BigDcore/Vivado projects/RV32ICore/RV32ICore V2/RV32ICore V2.srcs/constrs_1/new/MainConstrainsts.xdc:79]
Resolution: If [get_<value>] was used to populate the object, check to make sure this command returns at least one valid object.
WARNING: [Vivado 12-507] No nets matched 'Data_RAM/Mem_reg[2][19]_0'. [D:/Work and shit/Github/Files/BigDcore/Vivado projects/RV32ICore/RV32ICore V2/RV32ICore V2.srcs/constrs_1/new/MainConstrainsts.xdc:80]
CRITICAL WARNING: [Common 17-55] 'set_property' expects at least one object. [D:/Work and shit/Github/Files/BigDcore/Vivado projects/RV32ICore/RV32ICore V2/RV32ICore V2.srcs/constrs_1/new/MainConstrainsts.xdc:80]
Resolution: If [get_<value>] was used to populate the object, check to make sure this command returns at least one valid object.
WARNING: [Vivado 12-507] No nets matched 'CPU/Datapath/Register_File/M_reg[1][31]_0[12]'. [D:/Work and shit/Github/Files/BigDcore/Vivado projects/RV32ICore/RV32ICore V2/RV32ICore V2.srcs/constrs_1/new/MainConstrainsts.xdc:81]
CRITICAL WARNING: [Common 17-55] 'set_property' expects at least one object. [D:/Work and shit/Github/Files/BigDcore/Vivado projects/RV32ICore/RV32ICore V2/RV32ICore V2.srcs/constrs_1/new/MainConstrainsts.xdc:81]
Resolution: If [get_<value>] was used to populate the object, check to make sure this command returns at least one valid object.
WARNING: [Vivado 12-507] No nets matched 'CPU/Datapath/Register_File/M_reg[1][31]_0[15]'. [D:/Work and shit/Github/Files/BigDcore/Vivado projects/RV32ICore/RV32ICore V2/RV32ICore V2.srcs/constrs_1/new/MainConstrainsts.xdc:82]
CRITICAL WARNING: [Common 17-55] 'set_property' expects at least one object. [D:/Work and shit/Github/Files/BigDcore/Vivado projects/RV32ICore/RV32ICore V2/RV32ICore V2.srcs/constrs_1/new/MainConstrainsts.xdc:82]
Resolution: If [get_<value>] was used to populate the object, check to make sure this command returns at least one valid object.
WARNING: [Vivado 12-507] No nets matched 'CPU/Datapath/Register_File/M_reg[1][31]_0[17]'. [D:/Work and shit/Github/Files/BigDcore/Vivado projects/RV32ICore/RV32ICore V2/RV32ICore V2.srcs/constrs_1/new/MainConstrainsts.xdc:83]
CRITICAL WARNING: [Common 17-55] 'set_property' expects at least one object. [D:/Work and shit/Github/Files/BigDcore/Vivado projects/RV32ICore/RV32ICore V2/RV32ICore V2.srcs/constrs_1/new/MainConstrainsts.xdc:83]
Resolution: If [get_<value>] was used to populate the object, check to make sure this command returns at least one valid object.
WARNING: [Vivado 12-507] No nets matched 'CPU/Datapath/Register_File/M_reg[1][31]_0[19]'. [D:/Work and shit/Github/Files/BigDcore/Vivado projects/RV32ICore/RV32ICore V2/RV32ICore V2.srcs/constrs_1/new/MainConstrainsts.xdc:84]
CRITICAL WARNING: [Common 17-55] 'set_property' expects at least one object. [D:/Work and shit/Github/Files/BigDcore/Vivado projects/RV32ICore/RV32ICore V2/RV32ICore V2.srcs/constrs_1/new/MainConstrainsts.xdc:84]
Resolution: If [get_<value>] was used to populate the object, check to make sure this command returns at least one valid object.
WARNING: [Vivado 12-507] No nets matched 'CPU/Datapath/Register_File/M_reg[1][31]_0[23]'. [D:/Work and shit/Github/Files/BigDcore/Vivado projects/RV32ICore/RV32ICore V2/RV32ICore V2.srcs/constrs_1/new/MainConstrainsts.xdc:85]
CRITICAL WARNING: [Common 17-55] 'set_property' expects at least one object. [D:/Work and shit/Github/Files/BigDcore/Vivado projects/RV32ICore/RV32ICore V2/RV32ICore V2.srcs/constrs_1/new/MainConstrainsts.xdc:85]
Resolution: If [get_<value>] was used to populate the object, check to make sure this command returns at least one valid object.
WARNING: [Vivado 12-507] No nets matched 'CPU/Datapath/Register_File/M_reg[1][31]_0[24]'. [D:/Work and shit/Github/Files/BigDcore/Vivado projects/RV32ICore/RV32ICore V2/RV32ICore V2.srcs/constrs_1/new/MainConstrainsts.xdc:86]
CRITICAL WARNING: [Common 17-55] 'set_property' expects at least one object. [D:/Work and shit/Github/Files/BigDcore/Vivado projects/RV32ICore/RV32ICore V2/RV32ICore V2.srcs/constrs_1/new/MainConstrainsts.xdc:86]
Resolution: If [get_<value>] was used to populate the object, check to make sure this command returns at least one valid object.
WARNING: [Vivado 12-507] No nets matched 'CPU/Datapath/Register_File/M_reg[1][31]_0[27]'. [D:/Work and shit/Github/Files/BigDcore/Vivado projects/RV32ICore/RV32ICore V2/RV32ICore V2.srcs/constrs_1/new/MainConstrainsts.xdc:87]
CRITICAL WARNING: [Common 17-55] 'set_property' expects at least one object. [D:/Work and shit/Github/Files/BigDcore/Vivado projects/RV32ICore/RV32ICore V2/RV32ICore V2.srcs/constrs_1/new/MainConstrainsts.xdc:87]
Resolution: If [get_<value>] was used to populate the object, check to make sure this command returns at least one valid object.
WARNING: [Vivado 12-507] No nets matched 'CPU/Datapath/Register_File/M_reg[1][31]_0[29]'. [D:/Work and shit/Github/Files/BigDcore/Vivado projects/RV32ICore/RV32ICore V2/RV32ICore V2.srcs/constrs_1/new/MainConstrainsts.xdc:88]
CRITICAL WARNING: [Common 17-55] 'set_property' expects at least one object. [D:/Work and shit/Github/Files/BigDcore/Vivado projects/RV32ICore/RV32ICore V2/RV32ICore V2.srcs/constrs_1/new/MainConstrainsts.xdc:88]
Resolution: If [get_<value>] was used to populate the object, check to make sure this command returns at least one valid object.
WARNING: [Vivado 12-507] No nets matched 'CPU/Datapath/Register_File/M_reg[1][31]_0[0]'. [D:/Work and shit/Github/Files/BigDcore/Vivado projects/RV32ICore/RV32ICore V2/RV32ICore V2.srcs/constrs_1/new/MainConstrainsts.xdc:89]
CRITICAL WARNING: [Common 17-55] 'set_property' expects at least one object. [D:/Work and shit/Github/Files/BigDcore/Vivado projects/RV32ICore/RV32ICore V2/RV32ICore V2.srcs/constrs_1/new/MainConstrainsts.xdc:89]
Resolution: If [get_<value>] was used to populate the object, check to make sure this command returns at least one valid object.
WARNING: [Vivado 12-507] No nets matched 'CPU/Datapath/Register_File/M_reg[1][31]_0[5]'. [D:/Work and shit/Github/Files/BigDcore/Vivado projects/RV32ICore/RV32ICore V2/RV32ICore V2.srcs/constrs_1/new/MainConstrainsts.xdc:90]
CRITICAL WARNING: [Common 17-55] 'set_property' expects at least one object. [D:/Work and shit/Github/Files/BigDcore/Vivado projects/RV32ICore/RV32ICore V2/RV32ICore V2.srcs/constrs_1/new/MainConstrainsts.xdc:90]
Resolution: If [get_<value>] was used to populate the object, check to make sure this command returns at least one valid object.
WARNING: [Vivado 12-507] No nets matched 'CPU/Datapath/Register_File/M_reg[1][31]_0[7]'. [D:/Work and shit/Github/Files/BigDcore/Vivado projects/RV32ICore/RV32ICore V2/RV32ICore V2.srcs/constrs_1/new/MainConstrainsts.xdc:91]
CRITICAL WARNING: [Common 17-55] 'set_property' expects at least one object. [D:/Work and shit/Github/Files/BigDcore/Vivado projects/RV32ICore/RV32ICore V2/RV32ICore V2.srcs/constrs_1/new/MainConstrainsts.xdc:91]
Resolution: If [get_<value>] was used to populate the object, check to make sure this command returns at least one valid object.
WARNING: [Vivado 12-507] No nets matched 'CPU/Datapath/Register_File/M_reg[1][31]_0[9]'. [D:/Work and shit/Github/Files/BigDcore/Vivado projects/RV32ICore/RV32ICore V2/RV32ICore V2.srcs/constrs_1/new/MainConstrainsts.xdc:92]
CRITICAL WARNING: [Common 17-55] 'set_property' expects at least one object. [D:/Work and shit/Github/Files/BigDcore/Vivado projects/RV32ICore/RV32ICore V2/RV32ICore V2.srcs/constrs_1/new/MainConstrainsts.xdc:92]
Resolution: If [get_<value>] was used to populate the object, check to make sure this command returns at least one valid object.
WARNING: [Vivado 12-507] No nets matched 'CPU/Datapath/Register_File/M_reg[1][31]_0[18]'. [D:/Work and shit/Github/Files/BigDcore/Vivado projects/RV32ICore/RV32ICore V2/RV32ICore V2.srcs/constrs_1/new/MainConstrainsts.xdc:93]
CRITICAL WARNING: [Common 17-55] 'set_property' expects at least one object. [D:/Work and shit/Github/Files/BigDcore/Vivado projects/RV32ICore/RV32ICore V2/RV32ICore V2.srcs/constrs_1/new/MainConstrainsts.xdc:93]
Resolution: If [get_<value>] was used to populate the object, check to make sure this command returns at least one valid object.
WARNING: [Vivado 12-507] No nets matched 'CPU/Datapath/Register_File/M_reg[1][31]_0[21]'. [D:/Work and shit/Github/Files/BigDcore/Vivado projects/RV32ICore/RV32ICore V2/RV32ICore V2.srcs/constrs_1/new/MainConstrainsts.xdc:94]
CRITICAL WARNING: [Common 17-55] 'set_property' expects at least one object. [D:/Work and shit/Github/Files/BigDcore/Vivado projects/RV32ICore/RV32ICore V2/RV32ICore V2.srcs/constrs_1/new/MainConstrainsts.xdc:94]
Resolution: If [get_<value>] was used to populate the object, check to make sure this command returns at least one valid object.
WARNING: [Vivado 12-507] No nets matched 'CPU/Datapath/Register_File/M_reg[1][31]_0[26]'. [D:/Work and shit/Github/Files/BigDcore/Vivado projects/RV32ICore/RV32ICore V2/RV32ICore V2.srcs/constrs_1/new/MainConstrainsts.xdc:95]
CRITICAL WARNING: [Common 17-55] 'set_property' expects at least one object. [D:/Work and shit/Github/Files/BigDcore/Vivado projects/RV32ICore/RV32ICore V2/RV32ICore V2.srcs/constrs_1/new/MainConstrainsts.xdc:95]
Resolution: If [get_<value>] was used to populate the object, check to make sure this command returns at least one valid object.
WARNING: [Vivado 12-507] No nets matched 'CPU/Datapath/Register_File/M_reg[1][31]_0[3]'. [D:/Work and shit/Github/Files/BigDcore/Vivado projects/RV32ICore/RV32ICore V2/RV32ICore V2.srcs/constrs_1/new/MainConstrainsts.xdc:96]
CRITICAL WARNING: [Common 17-55] 'set_property' expects at least one object. [D:/Work and shit/Github/Files/BigDcore/Vivado projects/RV32ICore/RV32ICore V2/RV32ICore V2.srcs/constrs_1/new/MainConstrainsts.xdc:96]
Resolution: If [get_<value>] was used to populate the object, check to make sure this command returns at least one valid object.
WARNING: [Vivado 12-507] No nets matched 'CPU/Datapath/Register_File/M_reg[1][31]_0[1]'. [D:/Work and shit/Github/Files/BigDcore/Vivado projects/RV32ICore/RV32ICore V2/RV32ICore V2.srcs/constrs_1/new/MainConstrainsts.xdc:97]
CRITICAL WARNING: [Common 17-55] 'set_property' expects at least one object. [D:/Work and shit/Github/Files/BigDcore/Vivado projects/RV32ICore/RV32ICore V2/RV32ICore V2.srcs/constrs_1/new/MainConstrainsts.xdc:97]
Resolution: If [get_<value>] was used to populate the object, check to make sure this command returns at least one valid object.
WARNING: [Vivado 12-507] No nets matched 'CPU/Datapath/Register_File/M_reg[1][31]_0[2]'. [D:/Work and shit/Github/Files/BigDcore/Vivado projects/RV32ICore/RV32ICore V2/RV32ICore V2.srcs/constrs_1/new/MainConstrainsts.xdc:98]
CRITICAL WARNING: [Common 17-55] 'set_property' expects at least one object. [D:/Work and shit/Github/Files/BigDcore/Vivado projects/RV32ICore/RV32ICore V2/RV32ICore V2.srcs/constrs_1/new/MainConstrainsts.xdc:98]
Resolution: If [get_<value>] was used to populate the object, check to make sure this command returns at least one valid object.
WARNING: [Vivado 12-507] No nets matched 'CPU/Datapath/Register_File/M_reg[1][31]_0[6]'. [D:/Work and shit/Github/Files/BigDcore/Vivado projects/RV32ICore/RV32ICore V2/RV32ICore V2.srcs/constrs_1/new/MainConstrainsts.xdc:99]
CRITICAL WARNING: [Common 17-55] 'set_property' expects at least one object. [D:/Work and shit/Github/Files/BigDcore/Vivado projects/RV32ICore/RV32ICore V2/RV32ICore V2.srcs/constrs_1/new/MainConstrainsts.xdc:99]
Resolution: If [get_<value>] was used to populate the object, check to make sure this command returns at least one valid object.
WARNING: [Vivado 12-507] No nets matched 'CPU/Datapath/Register_File/M_reg[1][31]_0[10]'. [D:/Work and shit/Github/Files/BigDcore/Vivado projects/RV32ICore/RV32ICore V2/RV32ICore V2.srcs/constrs_1/new/MainConstrainsts.xdc:100]
CRITICAL WARNING: [Common 17-55] 'set_property' expects at least one object. [D:/Work and shit/Github/Files/BigDcore/Vivado projects/RV32ICore/RV32ICore V2/RV32ICore V2.srcs/constrs_1/new/MainConstrainsts.xdc:100]
Resolution: If [get_<value>] was used to populate the object, check to make sure this command returns at least one valid object.
WARNING: [Vivado 12-507] No nets matched 'CPU/Datapath/Register_File/M_reg[1][31]_0[11]'. [D:/Work and shit/Github/Files/BigDcore/Vivado projects/RV32ICore/RV32ICore V2/RV32ICore V2.srcs/constrs_1/new/MainConstrainsts.xdc:101]
CRITICAL WARNING: [Common 17-55] 'set_property' expects at least one object. [D:/Work and shit/Github/Files/BigDcore/Vivado projects/RV32ICore/RV32ICore V2/RV32ICore V2.srcs/constrs_1/new/MainConstrainsts.xdc:101]
Resolution: If [get_<value>] was used to populate the object, check to make sure this command returns at least one valid object.
WARNING: [Vivado 12-507] No nets matched 'CPU/Datapath/Register_File/M_reg[1][31]_0[13]'. [D:/Work and shit/Github/Files/BigDcore/Vivado projects/RV32ICore/RV32ICore V2/RV32ICore V2.srcs/constrs_1/new/MainConstrainsts.xdc:102]
CRITICAL WARNING: [Common 17-55] 'set_property' expects at least one object. [D:/Work and shit/Github/Files/BigDcore/Vivado projects/RV32ICore/RV32ICore V2/RV32ICore V2.srcs/constrs_1/new/MainConstrainsts.xdc:102]
Resolution: If [get_<value>] was used to populate the object, check to make sure this command returns at least one valid object.
WARNING: [Vivado 12-507] No nets matched 'CPU/Datapath/Register_File/M_reg[1][31]_0[14]'. [D:/Work and shit/Github/Files/BigDcore/Vivado projects/RV32ICore/RV32ICore V2/RV32ICore V2.srcs/constrs_1/new/MainConstrainsts.xdc:103]
CRITICAL WARNING: [Common 17-55] 'set_property' expects at least one object. [D:/Work and shit/Github/Files/BigDcore/Vivado projects/RV32ICore/RV32ICore V2/RV32ICore V2.srcs/constrs_1/new/MainConstrainsts.xdc:103]
Resolution: If [get_<value>] was used to populate the object, check to make sure this command returns at least one valid object.
WARNING: [Vivado 12-507] No nets matched 'CPU/Datapath/Register_File/M_reg[1][31]_0[28]'. [D:/Work and shit/Github/Files/BigDcore/Vivado projects/RV32ICore/RV32ICore V2/RV32ICore V2.srcs/constrs_1/new/MainConstrainsts.xdc:104]
CRITICAL WARNING: [Common 17-55] 'set_property' expects at least one object. [D:/Work and shit/Github/Files/BigDcore/Vivado projects/RV32ICore/RV32ICore V2/RV32ICore V2.srcs/constrs_1/new/MainConstrainsts.xdc:104]
Resolution: If [get_<value>] was used to populate the object, check to make sure this command returns at least one valid object.
WARNING: [Vivado 12-507] No nets matched 'CPU/Datapath/Register_File/M_reg[1][31]_0[16]'. [D:/Work and shit/Github/Files/BigDcore/Vivado projects/RV32ICore/RV32ICore V2/RV32ICore V2.srcs/constrs_1/new/MainConstrainsts.xdc:105]
CRITICAL WARNING: [Common 17-55] 'set_property' expects at least one object. [D:/Work and shit/Github/Files/BigDcore/Vivado projects/RV32ICore/RV32ICore V2/RV32ICore V2.srcs/constrs_1/new/MainConstrainsts.xdc:105]
Resolution: If [get_<value>] was used to populate the object, check to make sure this command returns at least one valid object.
WARNING: [Vivado 12-507] No nets matched 'CPU/Datapath/Register_File/M_reg[1][31]_0[25]'. [D:/Work and shit/Github/Files/BigDcore/Vivado projects/RV32ICore/RV32ICore V2/RV32ICore V2.srcs/constrs_1/new/MainConstrainsts.xdc:106]
CRITICAL WARNING: [Common 17-55] 'set_property' expects at least one object. [D:/Work and shit/Github/Files/BigDcore/Vivado projects/RV32ICore/RV32ICore V2/RV32ICore V2.srcs/constrs_1/new/MainConstrainsts.xdc:106]
Resolution: If [get_<value>] was used to populate the object, check to make sure this command returns at least one valid object.
WARNING: [Vivado 12-507] No nets matched 'CPU/Datapath/Register_File/M_reg[1][31]_0[30]'. [D:/Work and shit/Github/Files/BigDcore/Vivado projects/RV32ICore/RV32ICore V2/RV32ICore V2.srcs/constrs_1/new/MainConstrainsts.xdc:107]
CRITICAL WARNING: [Common 17-55] 'set_property' expects at least one object. [D:/Work and shit/Github/Files/BigDcore/Vivado projects/RV32ICore/RV32ICore V2/RV32ICore V2.srcs/constrs_1/new/MainConstrainsts.xdc:107]
Resolution: If [get_<value>] was used to populate the object, check to make sure this command returns at least one valid object.
WARNING: [Vivado 12-507] No nets matched 'CPU/Datapath/Register_File/M_reg[1][31]_0[4]'. [D:/Work and shit/Github/Files/BigDcore/Vivado projects/RV32ICore/RV32ICore V2/RV32ICore V2.srcs/constrs_1/new/MainConstrainsts.xdc:108]
CRITICAL WARNING: [Common 17-55] 'set_property' expects at least one object. [D:/Work and shit/Github/Files/BigDcore/Vivado projects/RV32ICore/RV32ICore V2/RV32ICore V2.srcs/constrs_1/new/MainConstrainsts.xdc:108]
Resolution: If [get_<value>] was used to populate the object, check to make sure this command returns at least one valid object.
WARNING: [Vivado 12-507] No nets matched 'CPU/Datapath/Register_File/M_reg[1][31]_0[8]'. [D:/Work and shit/Github/Files/BigDcore/Vivado projects/RV32ICore/RV32ICore V2/RV32ICore V2.srcs/constrs_1/new/MainConstrainsts.xdc:109]
CRITICAL WARNING: [Common 17-55] 'set_property' expects at least one object. [D:/Work and shit/Github/Files/BigDcore/Vivado projects/RV32ICore/RV32ICore V2/RV32ICore V2.srcs/constrs_1/new/MainConstrainsts.xdc:109]
Resolution: If [get_<value>] was used to populate the object, check to make sure this command returns at least one valid object.
WARNING: [Vivado 12-507] No nets matched 'CPU/Datapath/Register_File/M_reg[1][31]_0[20]'. [D:/Work and shit/Github/Files/BigDcore/Vivado projects/RV32ICore/RV32ICore V2/RV32ICore V2.srcs/constrs_1/new/MainConstrainsts.xdc:110]
CRITICAL WARNING: [Common 17-55] 'set_property' expects at least one object. [D:/Work and shit/Github/Files/BigDcore/Vivado projects/RV32ICore/RV32ICore V2/RV32ICore V2.srcs/constrs_1/new/MainConstrainsts.xdc:110]
Resolution: If [get_<value>] was used to populate the object, check to make sure this command returns at least one valid object.
WARNING: [Vivado 12-507] No nets matched 'CPU/Datapath/Register_File/M_reg[1][31]_0[22]'. [D:/Work and shit/Github/Files/BigDcore/Vivado projects/RV32ICore/RV32ICore V2/RV32ICore V2.srcs/constrs_1/new/MainConstrainsts.xdc:111]
CRITICAL WARNING: [Common 17-55] 'set_property' expects at least one object. [D:/Work and shit/Github/Files/BigDcore/Vivado projects/RV32ICore/RV32ICore V2/RV32ICore V2.srcs/constrs_1/new/MainConstrainsts.xdc:111]
Resolution: If [get_<value>] was used to populate the object, check to make sure this command returns at least one valid object.
WARNING: [Vivado 12-507] No nets matched 'CPU/Datapath/Register_File/M_reg[1][31]_0[31]'. [D:/Work and shit/Github/Files/BigDcore/Vivado projects/RV32ICore/RV32ICore V2/RV32ICore V2.srcs/constrs_1/new/MainConstrainsts.xdc:112]
CRITICAL WARNING: [Common 17-55] 'set_property' expects at least one object. [D:/Work and shit/Github/Files/BigDcore/Vivado projects/RV32ICore/RV32ICore V2/RV32ICore V2.srcs/constrs_1/new/MainConstrainsts.xdc:112]
Resolution: If [get_<value>] was used to populate the object, check to make sure this command returns at least one valid object.
Finished Parsing XDC File [D:/Work and shit/Github/Files/BigDcore/Vivado projects/RV32ICore/RV32ICore V2/RV32ICore V2.srcs/constrs_1/new/MainConstrainsts.xdc]
INFO: [Project 1-236] Implementation specific constraints were found while reading constraint file [D:/Work and shit/Github/Files/BigDcore/Vivado projects/RV32ICore/RV32ICore V2/RV32ICore V2.srcs/constrs_1/new/MainConstrainsts.xdc]. These constraints will be ignored for synthesis but will be used in implementation. Impacted constraints are listed in the file [.Xil/SoC_propImpl.xdc].
Resolution: To avoid this warning, move constraints listed in [.Xil/SoC_propImpl.xdc] to another XDC file and exclude this new file from synthesis with the used_in_synthesis property (File Properties dialog in GUI) and re-run elaboration/synthesis.
Completed Processing XDC Constraints

Netlist sorting complete. Time (s): cpu = 00:00:00 ; elapsed = 00:00:00.013 . Memory (MB): peak = 2038.957 ; gain = 0.000
INFO: [Project 1-111] Unisim Transformation Summary:
No Unisim elements were transformed.

---------------------------------------------------------------------------------
Finished Constraint Validation : Time (s): cpu = 00:00:39 ; elapsed = 00:00:38 . Memory (MB): peak = 2038.957 ; gain = 1278.949
---------------------------------------------------------------------------------
---------------------------------------------------------------------------------
Start Loading Part and Timing Information
---------------------------------------------------------------------------------
Loading part: xc7z020clg400-1
---------------------------------------------------------------------------------
Finished Loading Part and Timing Information : Time (s): cpu = 00:00:39 ; elapsed = 00:00:38 . Memory (MB): peak = 2038.957 ; gain = 1278.949
---------------------------------------------------------------------------------
---------------------------------------------------------------------------------
Start Applying 'set_property' XDC Constraints
---------------------------------------------------------------------------------
---------------------------------------------------------------------------------
Finished applying 'set_property' XDC Constraints : Time (s): cpu = 00:00:39 ; elapsed = 00:00:38 . Memory (MB): peak = 2038.957 ; gain = 1278.949
---------------------------------------------------------------------------------
---------------------------------------------------------------------------------
Start Preparing Guide Design
---------------------------------------------------------------------------------
WARNING: [Synth 8-6702] IncrSynth : Design change found in an area of the design that prevents previous synthesis information being used, Reverting to default synthesis
---------------------------------------------------------------------------------
Finished Doing Graph Differ : Time (s): cpu = 00:00:41 ; elapsed = 00:00:40 . Memory (MB): peak = 2038.957 ; gain = 1278.949
---------------------------------------------------------------------------------
---------------------------------------------------------------------------------
Finished Preparing Guide Design : Time (s): cpu = 00:00:41 ; elapsed = 00:00:40 . Memory (MB): peak = 2038.957 ; gain = 1278.949
---------------------------------------------------------------------------------
---------------------------------------------------------------------------------
Finished RTL Optimization Phase 2 : Time (s): cpu = 00:02:19 ; elapsed = 00:02:25 . Memory (MB): peak = 2038.957 ; gain = 1278.949
---------------------------------------------------------------------------------


Incremental Synthesis Report Summary:

1. Incremental synthesis run: no

   Reason for not running incremental synthesis : Design change found in an area of the design that prevents previous synthesis information being used


INFO: [Synth 8-7130] Flow is switching to default flow due to incremental criteria not met. If you would like to alter this behaviour and have the flow terminate instead, please set the following parameter config_implementation {autoIncr.Synth.RejectBehavior Terminate}
---------------------------------------------------------------------------------
Start RTL Component Statistics 
---------------------------------------------------------------------------------
Detailed RTL Component Info : 
+---Adders : 
	   2 Input   32 Bit       Adders := 5     
	   3 Input   32 Bit       Adders := 1     
	   2 Input   31 Bit       Adders := 2     
+---XORs : 
	   2 Input     32 Bit         XORs := 1     
+---Registers : 
	               32 Bit    Registers := 559   
	               21 Bit    Registers := 1     
	                9 Bit    Registers := 1     
	                6 Bit    Registers := 1     
	                5 Bit    Registers := 5     
	                2 Bit    Registers := 1     
+---Muxes : 
	   4 Input   32 Bit        Muxes := 1032  
	   3 Input   32 Bit        Muxes := 2     
	   2 Input   32 Bit        Muxes := 26    
	   7 Input   32 Bit        Muxes := 1     
	  11 Input   32 Bit        Muxes := 1     
	   6 Input   32 Bit        Muxes := 1     
	   2 Input   31 Bit        Muxes := 2     
	   2 Input   21 Bit        Muxes := 1     
	   4 Input   16 Bit        Muxes := 1     
	   2 Input    9 Bit        Muxes := 1     
	   4 Input    8 Bit        Muxes := 1     
	   2 Input    6 Bit        Muxes := 1     
	   2 Input    5 Bit        Muxes := 5     
	   7 Input    4 Bit        Muxes := 1     
	   2 Input    2 Bit        Muxes := 8     
	   4 Input    2 Bit        Muxes := 2     
	   3 Input    2 Bit        Muxes := 1     
	   4 Input    1 Bit        Muxes := 512   
	   5 Input    1 Bit        Muxes := 512   
	   2 Input    1 Bit        Muxes := 48    
---------------------------------------------------------------------------------
Finished RTL Component Statistics 
---------------------------------------------------------------------------------
---------------------------------------------------------------------------------
Start Part Resource Summary
---------------------------------------------------------------------------------
Part Resources:
DSPs: 220 (col length:60)
BRAMs: 280 (col length: RAMB18 60 RAMB36 30)
---------------------------------------------------------------------------------
Finished Part Resource Summary
---------------------------------------------------------------------------------
---------------------------------------------------------------------------------
Start Cross Boundary and Area Optimization
---------------------------------------------------------------------------------
---------------------------------------------------------------------------------
Finished Cross Boundary and Area Optimization : Time (s): cpu = 00:04:37 ; elapsed = 00:04:47 . Memory (MB): peak = 2038.957 ; gain = 1278.949
---------------------------------------------------------------------------------
---------------------------------------------------------------------------------
Start Applying XDC Timing Constraints
---------------------------------------------------------------------------------
---------------------------------------------------------------------------------
Finished Applying XDC Timing Constraints : Time (s): cpu = 00:04:45 ; elapsed = 00:04:55 . Memory (MB): peak = 2038.957 ; gain = 1278.949
---------------------------------------------------------------------------------
---------------------------------------------------------------------------------
Start Timing Optimization
---------------------------------------------------------------------------------
---------------------------------------------------------------------------------
Finished Timing Optimization : Time (s): cpu = 00:05:00 ; elapsed = 00:05:10 . Memory (MB): peak = 2039.742 ; gain = 1279.734
---------------------------------------------------------------------------------
---------------------------------------------------------------------------------
Start Technology Mapping
---------------------------------------------------------------------------------
---------------------------------------------------------------------------------
Finished Technology Mapping : Time (s): cpu = 00:05:04 ; elapsed = 00:05:15 . Memory (MB): peak = 2087.191 ; gain = 1327.184
---------------------------------------------------------------------------------
---------------------------------------------------------------------------------
Start IO Insertion
---------------------------------------------------------------------------------
---------------------------------------------------------------------------------
Start Flattening Before IO Insertion
---------------------------------------------------------------------------------
---------------------------------------------------------------------------------
Finished Flattening Before IO Insertion
---------------------------------------------------------------------------------
---------------------------------------------------------------------------------
Start Final Netlist Cleanup
---------------------------------------------------------------------------------
---------------------------------------------------------------------------------
Finished Final Netlist Cleanup
---------------------------------------------------------------------------------
---------------------------------------------------------------------------------
Finished IO Insertion : Time (s): cpu = 00:05:14 ; elapsed = 00:05:26 . Memory (MB): peak = 2198.832 ; gain = 1438.824
---------------------------------------------------------------------------------
---------------------------------------------------------------------------------
Start Renaming Generated Instances
---------------------------------------------------------------------------------
---------------------------------------------------------------------------------
Finished Renaming Generated Instances : Time (s): cpu = 00:05:14 ; elapsed = 00:05:26 . Memory (MB): peak = 2198.832 ; gain = 1438.824
---------------------------------------------------------------------------------
---------------------------------------------------------------------------------
Start Rebuilding User Hierarchy
---------------------------------------------------------------------------------
---------------------------------------------------------------------------------
Finished Rebuilding User Hierarchy : Time (s): cpu = 00:05:17 ; elapsed = 00:05:29 . Memory (MB): peak = 2210.773 ; gain = 1450.766
---------------------------------------------------------------------------------
---------------------------------------------------------------------------------
Start Renaming Generated Ports
---------------------------------------------------------------------------------
---------------------------------------------------------------------------------
Finished Renaming Generated Ports : Time (s): cpu = 00:05:23 ; elapsed = 00:05:34 . Memory (MB): peak = 2210.773 ; gain = 1450.766
---------------------------------------------------------------------------------
---------------------------------------------------------------------------------
Start Handling Custom Attributes
---------------------------------------------------------------------------------
---------------------------------------------------------------------------------
Finished Handling Custom Attributes : Time (s): cpu = 00:05:25 ; elapsed = 00:05:37 . Memory (MB): peak = 2210.773 ; gain = 1450.766
---------------------------------------------------------------------------------
---------------------------------------------------------------------------------
Start Renaming Generated Nets
---------------------------------------------------------------------------------
---------------------------------------------------------------------------------
Finished Renaming Generated Nets : Time (s): cpu = 00:05:25 ; elapsed = 00:05:37 . Memory (MB): peak = 2210.773 ; gain = 1450.766
---------------------------------------------------------------------------------
---------------------------------------------------------------------------------
Start Writing Synthesis Report
---------------------------------------------------------------------------------

Report BlackBoxes: 
+-+--------------+----------+
| |BlackBox name |Instances |
+-+--------------+----------+
+-+--------------+----------+

Report Cell Usage: 
+------+-------+------+
|      |Cell   |Count |
+------+-------+------+
|1     |BUFG   |     1|
|2     |CARRY4 |    61|
|3     |LUT1   |    44|
|4     |LUT2   |   589|
|5     |LUT3   |   702|
|6     |LUT4   |  2896|
|7     |LUT5   |  1408|
|8     |LUT6   | 15141|
|9     |MUXF7  |  1311|
|10    |MUXF8  |   608|
|11    |FDCE   |   992|
|12    |FDRE   |  8860|
|13    |IBUF   |     2|
|14    |OBUF   |     2|
+------+-------+------+
---------------------------------------------------------------------------------
Finished Writing Synthesis Report : Time (s): cpu = 00:05:25 ; elapsed = 00:05:37 . Memory (MB): peak = 2210.773 ; gain = 1450.766
---------------------------------------------------------------------------------
Synthesis finished with 0 errors, 0 critical warnings and 1 warnings.
Synthesis Optimization Runtime : Time (s): cpu = 00:04:53 ; elapsed = 00:05:25 . Memory (MB): peak = 2210.820 ; gain = 1305.586
Synthesis Optimization Complete : Time (s): cpu = 00:05:25 ; elapsed = 00:05:38 . Memory (MB): peak = 2210.820 ; gain = 1450.812
INFO: [Project 1-571] Translating synthesized netlist
Netlist sorting complete. Time (s): cpu = 00:00:00 ; elapsed = 00:00:00.375 . Memory (MB): peak = 2244.738 ; gain = 0.000
INFO: [Netlist 29-17] Analyzing 1980 Unisim elements for replacement
INFO: [Netlist 29-28] Unisim Transformation completed in 0 CPU seconds
INFO: [Project 1-570] Preparing netlist for logic optimization
INFO: [Opt 31-138] Pushed 0 inverter(s) to 0 load pin(s).
Netlist sorting complete. Time (s): cpu = 00:00:00 ; elapsed = 00:00:00.008 . Memory (MB): peak = 2251.527 ; gain = 0.000
INFO: [Project 1-111] Unisim Transformation Summary:
No Unisim elements were transformed.

Synth Design complete | Checksum: 31f4930a
INFO: [Common 17-83] Releasing license: Synthesis
109 Infos, 117 Warnings, 99 Critical Warnings and 0 Errors encountered.
synth_design completed successfully
synth_design: Time (s): cpu = 00:05:34 ; elapsed = 00:05:49 . Memory (MB): peak = 2251.527 ; gain = 1721.852
INFO: [runtcl-6] Synthesis results are not added to the cache due to CRITICAL_WARNING
Write ShapeDB Complete: Time (s): cpu = 00:00:00 ; elapsed = 00:00:00.034 . Memory (MB): peak = 2251.527 ; gain = 0.000
INFO: [Common 17-1381] The checkpoint 'D:/Work and shit/Github/Files/BigDcore/Vivado projects/RV32ICore UART/RV32ICore UART/RV32ICore UART.runs/synth_1/SoC.dcp' has been generated.
INFO: [Vivado 12-24828] Executing command : report_utilization -file SoC_utilization_synth.rpt -pb SoC_utilization_synth.pb
INFO: [Common 17-206] Exiting Vivado at Thu May 28 19:20:17 2026...
