Flow report for P_Processor_Hazard
Mon Apr 20 16:38:00 2026
Quartus II Version 9.1 Build 350 03/24/2010 Service Pack 2 SJ Web Edition


---------------------
; Table of Contents ;
---------------------
  1. Legal Notice
  2. Flow Summary
  3. Flow Settings
  4. Flow Non-Default Global Settings
  5. Flow Elapsed Time
  6. Flow OS Summary
  7. Flow Log



----------------
; Legal Notice ;
----------------
Copyright (C) 1991-2010 Altera Corporation
Your use of Altera Corporation's design tools, logic functions 
and other software and tools, and its AMPP partner logic 
functions, and any output files from any of the foregoing 
(including device programming or simulation files), and any 
associated documentation or information are expressly subject 
to the terms and conditions of the Altera Program License 
Subscription Agreement, Altera MegaCore Function License 
Agreement, or other applicable license agreement, including, 
without limitation, that your use is for the sole purpose of 
programming logic devices manufactured by Altera and sold by 
Altera or its authorized distributors.  Please refer to the 
applicable agreement for further details.



+------------------------------------------------------------------------+
; Flow Summary                                                           ;
+-------------------------+----------------------------------------------+
; Flow Status             ; Successful - Mon Apr 20 16:38:00 2026        ;
; Quartus II Version      ; 9.1 Build 350 03/24/2010 SP 2 SJ Web Edition ;
; Revision Name           ; P_Processor_Hazard                           ;
; Top-level Entity Name   ; P_Processor_Hazard                           ;
; Family                  ; MAX II                                       ;
; Met timing requirements ; N/A                                          ;
; Total logic elements    ; 3,929                                        ;
; Total pins              ; 167                                          ;
; Total virtual pins      ; 0                                            ;
; UFM blocks              ; 0 / 1 ( 0 % )                                ;
+-------------------------+----------------------------------------------+


+-----------------------------------------+
; Flow Settings                           ;
+-------------------+---------------------+
; Option            ; Setting             ;
+-------------------+---------------------+
; Start date & time ; 04/20/2026 16:37:24 ;
; Main task         ; Compilation         ;
; Revision Name     ; P_Processor_Hazard  ;
+-------------------+---------------------+


+-----------------------------------------------------------------------------------------------------------------------+
; Flow Non-Default Global Settings                                                                                      ;
+---------------------------------------+--------------------------------+---------------+-------------+----------------+
; Assignment Name                       ; Value                          ; Default Value ; Entity Name ; Section Id     ;
+---------------------------------------+--------------------------------+---------------+-------------+----------------+
; COMPILER_SIGNATURE_ID                 ; 93123531868825.177669944407980 ; --            ; --          ; --             ;
; EDA_OUTPUT_DATA_FORMAT                ; Vhdl                           ; --            ; --          ; eda_simulation ;
; EDA_SIMULATION_TOOL                   ; ModelSim-Altera (VHDL)         ; <None>        ; --          ; --             ;
; MAX_CORE_JUNCTION_TEMP                ; 85                             ; --            ; --          ; --             ;
; MIN_CORE_JUNCTION_TEMP                ; 0                              ; --            ; --          ; --             ;
; OPTIMIZE_MULTI_CORNER_TIMING          ; Off                            ; On            ; --          ; --             ;
; PARTITION_COLOR                       ; 16764057                       ; --            ; --          ; Top            ;
; PARTITION_NETLIST_TYPE                ; SOURCE                         ; --            ; --          ; Top            ;
; SYNCHRONIZATION_REGISTER_CHAIN_LENGTH ; 2                              ; 3             ; --          ; --             ;
; USE_GENERATED_PHYSICAL_CONSTRAINTS    ; Off                            ; --            ; --          ; eda_blast_fpga ;
+---------------------------------------+--------------------------------+---------------+-------------+----------------+


+--------------------------------------------------------------------------------------------------------------------------+
; Flow Elapsed Time                                                                                                        ;
+----------------------+--------------+-------------------------+---------------------+------------------------------------+
; Module Name          ; Elapsed Time ; Average Processors Used ; Peak Virtual Memory ; Total CPU Time (on all processors) ;
+----------------------+--------------+-------------------------+---------------------+------------------------------------+
; Analysis & Synthesis ; 00:00:37     ; 1.0                     ; 261 MB              ; 00:00:34                           ;
; Total                ; 00:00:37     ; --                      ; --                  ; 00:00:34                           ;
+----------------------+--------------+-------------------------+---------------------+------------------------------------+


+---------------------------------------------------------------------------------------+
; Flow OS Summary                                                                       ;
+----------------------+------------------+---------------+------------+----------------+
; Module Name          ; Machine Hostname ; OS Name       ; OS Version ; Processor type ;
+----------------------+------------------+---------------+------------+----------------+
; Analysis & Synthesis ; DESKTOP-SBHL8UN  ; Windows Vista ; 6.2        ; x86_64         ;
+----------------------+------------------+---------------+------------+----------------+


------------
; Flow Log ;
------------
quartus_map --read_settings_files=on --write_settings_files=off P_Processor_Hazard -c P_Processor_Hazard



