\BOOKMARK [0][-]{chapter*.1}{\376\377\000D\000e\000d\000i\000c\000a\000t\000i\000o\000n\000s}{}% 1
\BOOKMARK [0][-]{chapter*.2}{\376\377\000A\000c\000k\000n\000o\000w\000l\000e\000d\000g\000e\000m\000e\000n\000t\000s}{}% 2
\BOOKMARK [0][-]{chapter*.3}{\376\377\000A\000b\000s\000t\000r\000a\000c\000t}{}% 3
\BOOKMARK [0][-]{chapter.1}{\376\377\000I\000n\000t\000r\000o\000d\000u\000c\000t\000i\000o\000n}{}% 4
\BOOKMARK [1][-]{section.1.1}{\376\377\000P\000r\000o\000j\000e\000c\000t\000\040\000S\000c\000o\000p\000e}{chapter.1}% 5
\BOOKMARK [1][-]{section.1.2}{\376\377\000D\000o\000c\000u\000m\000e\000n\000t\000\040\000S\000t\000r\000u\000c\000t\000u\000r\000e}{chapter.1}% 6
\BOOKMARK [0][-]{chapter.2}{\376\377\000I\000D\000S\000\040\000P\000i\000p\000e\000l\000i\000n\000e\000\040\000A\000r\000c\000h\000i\000t\000e\000c\000t\000u\000r\000e}{}% 7
\BOOKMARK [1][-]{section.2.1}{\376\377\000D\000e\000s\000i\000g\000n\000\040\000P\000h\000i\000l\000o\000s\000o\000p\000h\000y}{chapter.2}% 8
\BOOKMARK [1][-]{section.2.2}{\376\377\000T\000o\000p\000-\000L\000e\000v\000e\000l\000\040\000S\000t\000r\000u\000c\000t\000u\000r\000e}{chapter.2}% 9
\BOOKMARK [1][-]{section.2.3}{\376\377\000R\000M\000I\000I\000\040\000R\000e\000c\000e\000i\000v\000e\000r\000\040\000\050\000r\000m\000i\000i\000\137\000r\000x\000.\000v\000h\000d\000\051}{chapter.2}% 10
\BOOKMARK [1][-]{section.2.4}{\376\377\000E\000t\000h\000e\000r\000n\000e\000t\000\040\000P\000a\000r\000s\000e\000r\000\040\000\050\000e\000t\000h\000\137\000p\000a\000r\000s\000e\000r\000.\000v\000h\000d\000\051}{chapter.2}% 11
\BOOKMARK [1][-]{section.2.5}{\376\377\000F\000r\000a\000m\000e\000\040\000C\000o\000u\000n\000t\000e\000r\000\040\000\050\000f\000r\000a\000m\000e\000\137\000c\000o\000u\000n\000t\000e\000r\000.\000v\000h\000d\000\051}{chapter.2}% 12
\BOOKMARK [1][-]{section.2.6}{\376\377\000I\000P\000v\0004\000\040\000P\000a\000r\000s\000e\000r\000\040\000\050\000i\000p\000v\0004\000\137\000p\000a\000r\000s\000e\000r\000.\000v\000h\000d\000\051}{chapter.2}% 13
\BOOKMARK [1][-]{section.2.7}{\376\377\000I\000P\000v\0004\000\040\000C\000h\000e\000c\000k\000e\000r\000\040\000\050\000i\000p\000v\0004\000\137\000c\000h\000e\000c\000k\000e\000r\000.\000v\000h\000d\000\051}{chapter.2}% 14
\BOOKMARK [1][-]{section.2.8}{\376\377\000T\000C\000P\000\040\000P\000a\000r\000s\000e\000r\000\040\000\050\000t\000c\000p\000\137\000p\000a\000r\000s\000e\000r\000.\000v\000h\000d\000\051}{chapter.2}% 15
\BOOKMARK [1][-]{section.2.9}{\376\377\000T\000C\000P\000\040\000C\000h\000e\000c\000k\000e\000r\000\040\000\050\000t\000c\000p\000\137\000c\000h\000e\000c\000k\000e\000r\000.\000v\000h\000d\000\051}{chapter.2}% 16
\BOOKMARK [1][-]{section.2.10}{\376\377\000U\000D\000P\000\040\000P\000a\000r\000s\000e\000r\000\040\000\050\000u\000d\000p\000\137\000p\000a\000r\000s\000e\000r\000.\000v\000h\000d\000\051}{chapter.2}% 17
\BOOKMARK [1][-]{section.2.11}{\376\377\000U\000D\000P\000\040\000C\000h\000e\000c\000k\000e\000r\000\040\000\050\000u\000d\000p\000\137\000c\000h\000e\000c\000k\000e\000r\000.\000v\000h\000d\000\051}{chapter.2}% 18
\BOOKMARK [0][-]{chapter.3}{\376\377\000D\000e\000t\000e\000c\000t\000i\000o\000n\000\040\000R\000u\000l\000e\000s}{}% 19
\BOOKMARK [1][-]{section.3.1}{\376\377\000O\000v\000e\000r\000v\000i\000e\000w}{chapter.3}% 20
\BOOKMARK [1][-]{section.3.2}{\376\377\000I\000P\000v\0004\000\040\000R\000u\000l\000e\000s\000\040\000\050\000R\0001\040\023\000R\0001\0002\000\051}{chapter.3}% 21
\BOOKMARK [2][-]{subsection.3.2.1}{\376\377\000R\000u\000l\000e\000s\000\040\000R\0001\040\023\000R\0007\000:\000\040\000C\000o\000r\000e\000\040\000V\000a\000l\000i\000d\000i\000t\000y\000\040\000C\000h\000e\000c\000k\000s}{section.3.2}% 22
\BOOKMARK [2][-]{subsection.3.2.2}{\376\377\000R\000u\000l\000e\000s\000\040\000R\0008\040\023\000R\0001\0002\000:\000\040\000B\000o\000g\000o\000n\000\040\000a\000n\000d\000\040\000H\000e\000a\000d\000e\000r\000\040\000A\000b\000u\000s\000e}{section.3.2}% 23
\BOOKMARK [1][-]{section.3.3}{\376\377\000T\000C\000P\000\040\000R\000u\000l\000e\000s\000\040\000\050\000T\0001\040\023\000T\0005\000\051}{chapter.3}% 24
\BOOKMARK [1][-]{section.3.4}{\376\377\000U\000D\000P\000\040\000R\000u\000l\000e\000s\000\040\000\050\000U\0001\040\023\000U\0009\000\051}{chapter.3}% 25
\BOOKMARK [1][-]{section.3.5}{\376\377\000A\000l\000e\000r\000t\000\040\000W\000e\000i\000g\000h\000t\000i\000n\000g}{chapter.3}% 26
\BOOKMARK [0][-]{chapter.4}{\376\377\000S\000i\000m\000u\000l\000a\000t\000i\000o\000n\000\040\000a\000n\000d\000\040\000V\000e\000r\000i\000f\000i\000c\000a\000t\000i\000o\000n}{}% 27
\BOOKMARK [1][-]{section.4.1}{\376\377\000M\000e\000t\000h\000o\000d\000o\000l\000o\000g\000y}{chapter.4}% 28
\BOOKMARK [1][-]{section.4.2}{\376\377\000T\000e\000s\000t\000\040\000P\000r\000o\000c\000e\000d\000u\000r\000e\000s}{chapter.4}% 29
\BOOKMARK [1][-]{section.4.3}{\376\377\000I\000P\000v\0004\000\040\000C\000h\000e\000c\000k\000e\000r}{chapter.4}% 30
\BOOKMARK [1][-]{section.4.4}{\376\377\000T\000C\000P\000\040\000C\000h\000e\000c\000k\000e\000r\000\040\000V\000e\000r\000i\000f\000i\000c\000a\000t\000i\000o\000n}{chapter.4}% 31
\BOOKMARK [1][-]{section.4.5}{\376\377\000U\000D\000P\000\040\000C\000h\000e\000c\000k\000e\000r}{chapter.4}% 32
\BOOKMARK [0][-]{chapter.5}{\376\377\000S\000y\000s\000t\000e\000m\000\040\000I\000n\000t\000e\000g\000r\000a\000t\000i\000o\000n\000\040\000A\000r\000c\000h\000i\000t\000e\000c\000t\000u\000r\000e}{}% 33
\BOOKMARK [1][-]{section.5.1}{\376\377\000H\000a\000r\000d\000w\000a\000r\000e\000\040\000P\000l\000a\000t\000f\000o\000r\000m}{chapter.5}% 34
\BOOKMARK [1][-]{section.5.2}{\376\377\000P\000S\000-\000t\000o\000-\000P\000L\000\040\000P\000a\000c\000k\000e\000t\000\040\000F\000o\000r\000w\000a\000r\000d\000i\000n\000g}{chapter.5}% 35
\BOOKMARK [1][-]{section.5.3}{\376\377\000A\000X\000I\000-\000S\000t\000r\000e\000a\000m\000\040\000W\000r\000a\000p\000p\000e\000r\000\040\000\050\000a\000x\000i\000s\000\137\000r\000x\000.\000v\000h\000d\000\051}{chapter.5}% 36
\BOOKMARK [1][-]{section.5.4}{\376\377\000R\000I\000S\000C\000-\000V\000\040\000C\000o\000-\000P\000r\000o\000c\000e\000s\000s\000o\000r\000\040\000I\000n\000t\000e\000g\000r\000a\000t\000i\000o\000n}{chapter.5}% 37
\BOOKMARK [2][-]{subsection.5.4.1}{\376\377\000B\000i\000g\000D\000C\000o\000r\000e\000\040\000M\000e\000m\000o\000r\000y\000\040\000I\000n\000t\000e\000r\000f\000a\000c\000e}{section.5.4}% 38
\BOOKMARK [2][-]{subsection.5.4.2}{\376\377\000S\000h\000a\000r\000e\000d\000\040\000R\000e\000g\000i\000s\000t\000e\000r\000\040\000B\000a\000n\000k}{section.5.4}% 39
\BOOKMARK [2][-]{subsection.5.4.3}{\376\377\000A\000d\000a\000p\000t\000i\000v\000e\000\040\000T\000h\000r\000e\000a\000t\000\040\000S\000c\000o\000r\000i\000n\000g}{section.5.4}% 40
\BOOKMARK [2][-]{subsection.5.4.4}{\376\377\000U\000A\000R\000T\000\040\000A\000l\000e\000r\000t\000\040\000O\000u\000t\000p\000u\000t}{section.5.4}% 41
\BOOKMARK [1][-]{section.5.5}{\376\377\000P\000a\000c\000k\000e\000t\000\040\000C\000a\000p\000t\000u\000r\000e\000\040\000M\000o\000d\000u\000l\000e\000\040\000\050\000p\000a\000c\000k\000e\000t\000\137\000c\000a\000p\000t\000u\000r\000e\000.\000v\000h\000d\000\051}{chapter.5}% 42
\BOOKMARK [1][-]{section.5.6}{\376\377\000F\000u\000t\000u\000r\000e\000\040\000H\000a\000r\000d\000w\000a\000r\000e\000\040\000I\000n\000t\000e\000g\000r\000a\000t\000i\000o\000n\000\040\000S\000t\000e\000p\000s}{chapter.5}% 43
\BOOKMARK [0][-]{chapter.6}{\376\377\000C\000o\000n\000c\000l\000u\000s\000i\000o\000n}{}% 44
\BOOKMARK [1][-]{section.6.1}{\376\377\000S\000u\000m\000m\000a\000r\000y\000\040\000o\000f\000\040\000A\000c\000h\000i\000e\000v\000e\000m\000e\000n\000t\000s}{chapter.6}% 45
\BOOKMARK [1][-]{section.6.2}{\376\377\000A\000c\000a\000d\000e\000m\000i\000c\000\040\000C\000o\000n\000t\000r\000i\000b\000u\000t\000i\000o\000n}{chapter.6}% 46
\BOOKMARK [1][-]{section.6.3}{\376\377\000L\000i\000m\000i\000t\000a\000t\000i\000o\000n\000s}{chapter.6}% 47
\BOOKMARK [1][-]{section.6.4}{\376\377\000F\000u\000t\000u\000r\000e\000\040\000W\000o\000r\000k}{chapter.6}% 48
