Analysis & Synthesis report for ALU
Wed Apr 16 18:49:12 2025
Quartus II Version 9.1 Build 350 03/24/2010 Service Pack 2 SJ Web Edition


---------------------
; Table of Contents ;
---------------------
  1. Legal Notice
  2. Analysis & Synthesis Summary
  3. Analysis & Synthesis Settings
  4. Parallel Compilation
  5. Analysis & Synthesis Source Files Read
  6. Analysis & Synthesis Resource Usage Summary
  7. Analysis & Synthesis Resource Utilization by Entity
  8. General Register Statistics
  9. Multiplexer Restructuring Statistics (Restructuring Performed)
 10. Parameter Settings for User Entity Instance: Top-level Entity: |ALU
 11. Analysis & Synthesis Messages



----------------
; Legal Notice ;
----------------
Copyright (C) 1991-2010 Altera Corporation
Your use of Altera Corporation's design tools, logic functions 
and other software and tools, and its AMPP partner logic 
functions, and any output files from any of the foregoing 
(including device programming or simulation files), and any 
associated documentation or information are expressly subject 
to the terms and conditions of the Altera Program License 
Subscription Agreement, Altera MegaCore Function License 
Agreement, or other applicable license agreement, including, 
without limitation, that your use is for the sole purpose of 
programming logic devices manufactured by Altera and sold by 
Altera or its authorized distributors.  Please refer to the 
applicable agreement for further details.



+-----------------------------------------------------------------------------------+
; Analysis & Synthesis Summary                                                      ;
+------------------------------------+----------------------------------------------+
; Analysis & Synthesis Status        ; Successful - Wed Apr 16 18:49:12 2025        ;
; Quartus II Version                 ; 9.1 Build 350 03/24/2010 SP 2 SJ Web Edition ;
; Revision Name                      ; ALU                                          ;
; Top-level Entity Name              ; ALU                                          ;
; Family                             ; Cyclone II                                   ;
; Total logic elements               ; 644                                          ;
;     Total combinational functions  ; 644                                          ;
;     Dedicated logic registers      ; 0                                            ;
; Total registers                    ; 0                                            ;
; Total pins                         ; 101                                          ;
; Total virtual pins                 ; 0                                            ;
; Total memory bits                  ; 0                                            ;
; Embedded Multiplier 9-bit elements ; 0                                            ;
; Total PLLs                         ; 0                                            ;
+------------------------------------+----------------------------------------------+


+----------------------------------------------------------------------------------------------------------------------+
; Analysis & Synthesis Settings                                                                                        ;
+----------------------------------------------------------------------------+--------------------+--------------------+
; Option                                                                     ; Setting            ; Default Value      ;
+----------------------------------------------------------------------------+--------------------+--------------------+
; Device                                                                     ; EP2C35F672C6       ;                    ;
; Top-level entity name                                                      ; ALU                ; ALU                ;
; Family name                                                                ; Cyclone II         ; Stratix II         ;
; Use Generated Physical Constraints File                                    ; Off                ;                    ;
; Use smart compilation                                                      ; Off                ; Off                ;
; Enable parallel Assembler and TimeQuest Timing Analyzer during compilation ; On                 ; On                 ;
; Enable compact report table                                                ; Off                ; Off                ;
; Restructure Multiplexers                                                   ; Auto               ; Auto               ;
; Create Debugging Nodes for IP Cores                                        ; Off                ; Off                ;
; Preserve fewer node names                                                  ; On                 ; On                 ;
; Disable OpenCore Plus hardware evaluation                                  ; Off                ; Off                ;
; Verilog Version                                                            ; Verilog_2001       ; Verilog_2001       ;
; VHDL Version                                                               ; VHDL_1993          ; VHDL_1993          ;
; State Machine Processing                                                   ; Auto               ; Auto               ;
; Safe State Machine                                                         ; Off                ; Off                ;
; Extract Verilog State Machines                                             ; On                 ; On                 ;
; Extract VHDL State Machines                                                ; On                 ; On                 ;
; Ignore Verilog initial constructs                                          ; Off                ; Off                ;
; Iteration limit for constant Verilog loops                                 ; 5000               ; 5000               ;
; Iteration limit for non-constant Verilog loops                             ; 250                ; 250                ;
; Add Pass-Through Logic to Inferred RAMs                                    ; On                 ; On                 ;
; Parallel Synthesis                                                         ; On                 ; On                 ;
; DSP Block Balancing                                                        ; Auto               ; Auto               ;
; NOT Gate Push-Back                                                         ; On                 ; On                 ;
; Power-Up Don't Care                                                        ; On                 ; On                 ;
; Remove Redundant Logic Cells                                               ; Off                ; Off                ;
; Remove Duplicate Registers                                                 ; On                 ; On                 ;
; Ignore CARRY Buffers                                                       ; Off                ; Off                ;
; Ignore CASCADE Buffers                                                     ; Off                ; Off                ;
; Ignore GLOBAL Buffers                                                      ; Off                ; Off                ;
; Ignore ROW GLOBAL Buffers                                                  ; Off                ; Off                ;
; Ignore LCELL Buffers                                                       ; Off                ; Off                ;
; Ignore SOFT Buffers                                                        ; On                 ; On                 ;
; Limit AHDL Integers to 32 Bits                                             ; Off                ; Off                ;
; Optimization Technique                                                     ; Balanced           ; Balanced           ;
; Carry Chain Length                                                         ; 70                 ; 70                 ;
; Auto Carry Chains                                                          ; On                 ; On                 ;
; Auto Open-Drain Pins                                                       ; On                 ; On                 ;
; Perform WYSIWYG Primitive Resynthesis                                      ; Off                ; Off                ;
; Auto ROM Replacement                                                       ; On                 ; On                 ;
; Auto RAM Replacement                                                       ; On                 ; On                 ;
; Auto Shift Register Replacement                                            ; Auto               ; Auto               ;
; Auto Clock Enable Replacement                                              ; On                 ; On                 ;
; Strict RAM Replacement                                                     ; Off                ; Off                ;
; Allow Synchronous Control Signals                                          ; On                 ; On                 ;
; Force Use of Synchronous Clear Signals                                     ; Off                ; Off                ;
; Auto RAM to Logic Cell Conversion                                          ; Off                ; Off                ;
; Auto Resource Sharing                                                      ; Off                ; Off                ;
; Allow Any RAM Size For Recognition                                         ; Off                ; Off                ;
; Allow Any ROM Size For Recognition                                         ; Off                ; Off                ;
; Allow Any Shift Register Size For Recognition                              ; Off                ; Off                ;
; Use LogicLock Constraints during Resource Balancing                        ; On                 ; On                 ;
; Ignore translate_off and synthesis_off directives                          ; Off                ; Off                ;
; Timing-Driven Synthesis                                                    ; Off                ; Off                ;
; Show Parameter Settings Tables in Synthesis Report                         ; On                 ; On                 ;
; Ignore Maximum Fan-Out Assignments                                         ; Off                ; Off                ;
; Synchronization Register Chain Length                                      ; 2                  ; 2                  ;
; PowerPlay Power Optimization                                               ; Normal compilation ; Normal compilation ;
; HDL message level                                                          ; Level2             ; Level2             ;
; Suppress Register Optimization Related Messages                            ; Off                ; Off                ;
; Number of Removed Registers Reported in Synthesis Report                   ; 5000               ; 5000               ;
; Number of Inverted Registers Reported in Synthesis Report                  ; 100                ; 100                ;
; Clock MUX Protection                                                       ; On                 ; On                 ;
; Auto Gated Clock Conversion                                                ; Off                ; Off                ;
; Block Design Naming                                                        ; Auto               ; Auto               ;
; SDC constraint protection                                                  ; Off                ; Off                ;
; Synthesis Effort                                                           ; Auto               ; Auto               ;
; Shift Register Replacement - Allow Asynchronous Clear Signal               ; On                 ; On                 ;
; Analysis & Synthesis Message Level                                         ; Medium             ; Medium             ;
; Disable Register Merging Across Hierarchies                                ; Auto               ; Auto               ;
; Resource Aware Inference For Block RAM                                     ; On                 ; On                 ;
+----------------------------------------------------------------------------+--------------------+--------------------+


Parallel compilation was disabled, but you have multiple processors available. Enable parallel compilation to reduce compilation time.
+-------------------------------------+
; Parallel Compilation                ;
+----------------------------+--------+
; Processors                 ; Number ;
+----------------------------+--------+
; Number detected on machine ; 4      ;
; Maximum allowed            ; 1      ;
+----------------------------+--------+


+----------------------------------------------------------------------------------------------------------------------+
; Analysis & Synthesis Source Files Read                                                                               ;
+----------------------------------+-----------------+-----------------+-----------------------------------------------+
; File Name with User-Entered Path ; Used in Netlist ; File Type       ; File Name with Absolute Path                  ;
+----------------------------------+-----------------+-----------------+-----------------------------------------------+
; ALU.vhd                          ; yes             ; User VHDL File  ; C:/Users/dell/Desktop/RISC-V/Vhdl/ALU/ALU.vhd ;
+----------------------------------+-----------------+-----------------+-----------------------------------------------+


+-----------------------------------------------------+
; Analysis & Synthesis Resource Usage Summary         ;
+---------------------------------------------+-------+
; Resource                                    ; Usage ;
+---------------------------------------------+-------+
; Estimated Total logic elements              ; 644   ;
;                                             ;       ;
; Total combinational functions               ; 644   ;
; Logic element usage by number of LUT inputs ;       ;
;     -- 4 input functions                    ; 318   ;
;     -- 3 input functions                    ; 267   ;
;     -- <=2 input functions                  ; 59    ;
;                                             ;       ;
; Logic elements by mode                      ;       ;
;     -- normal mode                          ; 581   ;
;     -- arithmetic mode                      ; 63    ;
;                                             ;       ;
; Total registers                             ; 0     ;
;     -- Dedicated logic registers            ; 0     ;
;     -- I/O registers                        ; 0     ;
;                                             ;       ;
; I/O pins                                    ; 101   ;
; Maximum fan-out node                        ; B[1]  ;
; Maximum fan-out                             ; 93    ;
; Total fan-out                               ; 2256  ;
; Average fan-out                             ; 3.03  ;
+---------------------------------------------+-------+


+-----------------------------------------------------------------------------------------------------------------------------------------------------------------------------+
; Analysis & Synthesis Resource Utilization by Entity                                                                                                                         ;
+----------------------------+-------------------+--------------+-------------+--------------+---------+-----------+------+--------------+---------------------+--------------+
; Compilation Hierarchy Node ; LC Combinationals ; LC Registers ; Memory Bits ; DSP Elements ; DSP 9x9 ; DSP 18x18 ; Pins ; Virtual Pins ; Full Hierarchy Name ; Library Name ;
+----------------------------+-------------------+--------------+-------------+--------------+---------+-----------+------+--------------+---------------------+--------------+
; |ALU                       ; 644 (644)         ; 0 (0)        ; 0           ; 0            ; 0       ; 0         ; 101  ; 0            ; |ALU                ; work         ;
+----------------------------+-------------------+--------------+-------------+--------------+---------+-----------+------+--------------+---------------------+--------------+
Note: For table entries with two numbers listed, the numbers in parentheses indicate the number of resources of the given type used by the specific entity alone. The numbers listed outside of parentheses indicate the total resources of the given type used by the specific entity and all of its sub-entities in the hierarchy.


+------------------------------------------------------+
; General Register Statistics                          ;
+----------------------------------------------+-------+
; Statistic                                    ; Value ;
+----------------------------------------------+-------+
; Total registers                              ; 0     ;
; Number of registers using Synchronous Clear  ; 0     ;
; Number of registers using Synchronous Load   ; 0     ;
; Number of registers using Asynchronous Clear ; 0     ;
; Number of registers using Asynchronous Load  ; 0     ;
; Number of registers using Clock Enable       ; 0     ;
; Number of registers using Preset             ; 0     ;
+----------------------------------------------+-------+


+------------------------------------------------------------------------------------------------------------------------------------------+
; Multiplexer Restructuring Statistics (Restructuring Performed)                                                                           ;
+--------------------+-----------+---------------+----------------------+------------------------+------------+----------------------------+
; Multiplexer Inputs ; Bus Width ; Baseline Area ; Area if Restructured ; Saving if Restructured ; Registered ; Example Multiplexer Output ;
+--------------------+-----------+---------------+----------------------+------------------------+------------+----------------------------+
; 17:1               ; 7 bits    ; 77 LEs        ; 49 LEs               ; 28 LEs                 ; No         ; |ALU|Mux22                 ;
; 16:1               ; 7 bits    ; 70 LEs        ; 49 LEs               ; 21 LEs                 ; No         ; |ALU|Mux11                 ;
; 18:1               ; 4 bits    ; 48 LEs        ; 32 LEs               ; 16 LEs                 ; No         ; |ALU|Mux27                 ;
; 17:1               ; 4 bits    ; 44 LEs        ; 32 LEs               ; 12 LEs                 ; No         ; |ALU|Mux7                  ;
; 19:1               ; 2 bits    ; 24 LEs        ; 16 LEs               ; 8 LEs                  ; No         ; |ALU|Mux29                 ;
; 18:1               ; 2 bits    ; 24 LEs        ; 18 LEs               ; 6 LEs                  ; No         ; |ALU|Mux3                  ;
+--------------------+-----------+---------------+----------------------+------------------------+------------+----------------------------+


+---------------------------------------------------------------------+
; Parameter Settings for User Entity Instance: Top-level Entity: |ALU ;
+----------------+-------+--------------------------------------------+
; Parameter Name ; Value ; Type                                       ;
+----------------+-------+--------------------------------------------+
; Alu_bits       ; 32    ; Signed Integer                             ;
+----------------+-------+--------------------------------------------+
Note: In order to hide this table in the UI and the text report file, please set the "Show Parameter Settings Tables in Synthesis Report" option in "Analysis and Synthesis Settings -> More Settings" to "Off".


+-------------------------------+
; Analysis & Synthesis Messages ;
+-------------------------------+
Info: *******************************************************************
Info: Running Quartus II Analysis & Synthesis
    Info: Version 9.1 Build 350 03/24/2010 Service Pack 2 SJ Web Edition
    Info: Processing started: Wed Apr 16 18:49:07 2025
Info: Command: quartus_map --read_settings_files=on --write_settings_files=off ALU -c ALU
Info: Found 2 design units, including 1 entities, in source file alu.vhd
    Info: Found design unit 1: ALU-arch
    Info: Found entity 1: ALU
Info: Elaborating entity "ALU" for the top level hierarchy
Warning: Tri-state node(s) do not directly drive top-level pin(s)
    Warning: Converted the fan-out from the tri-state buffer "Alu_Result[0]" to the node "Equal0" into an OR gate
    Warning: Converted the fan-out from the tri-state buffer "Alu_Result[1]" to the node "Equal0" into an OR gate
    Warning: Converted the fan-out from the tri-state buffer "Alu_Result[2]" to the node "Equal0" into an OR gate
    Warning: Converted the fan-out from the tri-state buffer "Alu_Result[3]" to the node "Equal0" into an OR gate
    Warning: Converted the fan-out from the tri-state buffer "Alu_Result[4]" to the node "Equal0" into an OR gate
    Warning: Converted the fan-out from the tri-state buffer "Alu_Result[5]" to the node "Equal0" into an OR gate
    Warning: Converted the fan-out from the tri-state buffer "Alu_Result[6]" to the node "Equal0" into an OR gate
    Warning: Converted the fan-out from the tri-state buffer "Alu_Result[7]" to the node "Equal0" into an OR gate
    Warning: Converted the fan-out from the tri-state buffer "Alu_Result[8]" to the node "Equal0" into an OR gate
    Warning: Converted the fan-out from the tri-state buffer "Alu_Result[9]" to the node "Equal0" into an OR gate
    Warning: Converted the fan-out from the tri-state buffer "Alu_Result[10]" to the node "Equal0" into an OR gate
    Warning: Converted the fan-out from the tri-state buffer "Alu_Result[11]" to the node "Equal0" into an OR gate
    Warning: Converted the fan-out from the tri-state buffer "Alu_Result[12]" to the node "Equal0" into an OR gate
    Warning: Converted the fan-out from the tri-state buffer "Alu_Result[13]" to the node "Equal0" into an OR gate
    Warning: Converted the fan-out from the tri-state buffer "Alu_Result[14]" to the node "Equal0" into an OR gate
    Warning: Converted the fan-out from the tri-state buffer "Alu_Result[15]" to the node "Equal0" into an OR gate
    Warning: Converted the fan-out from the tri-state buffer "Alu_Result[16]" to the node "Equal0" into an OR gate
    Warning: Converted the fan-out from the tri-state buffer "Alu_Result[17]" to the node "Equal0" into an OR gate
    Warning: Converted the fan-out from the tri-state buffer "Alu_Result[18]" to the node "Equal0" into an OR gate
    Warning: Converted the fan-out from the tri-state buffer "Alu_Result[19]" to the node "Equal0" into an OR gate
    Warning: Converted the fan-out from the tri-state buffer "Alu_Result[20]" to the node "Equal0" into an OR gate
    Warning: Converted the fan-out from the tri-state buffer "Alu_Result[21]" to the node "Equal0" into an OR gate
    Warning: Converted the fan-out from the tri-state buffer "Alu_Result[22]" to the node "Equal0" into an OR gate
    Warning: Converted the fan-out from the tri-state buffer "Alu_Result[23]" to the node "Equal0" into an OR gate
    Warning: Converted the fan-out from the tri-state buffer "Alu_Result[24]" to the node "Equal0" into an OR gate
    Warning: Converted the fan-out from the tri-state buffer "Alu_Result[25]" to the node "Equal0" into an OR gate
    Warning: Converted the fan-out from the tri-state buffer "Alu_Result[26]" to the node "Equal0" into an OR gate
    Warning: Converted the fan-out from the tri-state buffer "Alu_Result[27]" to the node "Equal0" into an OR gate
    Warning: Converted the fan-out from the tri-state buffer "Alu_Result[28]" to the node "Equal0" into an OR gate
    Warning: Converted the fan-out from the tri-state buffer "Alu_Result[29]" to the node "Equal0" into an OR gate
    Warning: Converted the fan-out from the tri-state buffer "Alu_Result[30]" to the node "Equal0" into an OR gate
    Warning: Converted the fan-out from the tri-state buffer "Alu_Result[31]" to the node "Equal0" into an OR gate
Info: Implemented 745 device resources after synthesis - the final resource count might be different
    Info: Implemented 68 input pins
    Info: Implemented 33 output pins
    Info: Implemented 644 logic cells
Info: Quartus II Analysis & Synthesis was successful. 0 errors, 33 warnings
    Info: Peak virtual memory: 243 megabytes
    Info: Processing ended: Wed Apr 16 18:49:12 2025
    Info: Elapsed time: 00:00:05
    Info: Total CPU time (on all processors): 00:00:05


