Copyright 1986-2022 Xilinx, Inc. All Rights Reserved. Copyright 2022-2025 Advanced Micro Devices, Inc. All Rights Reserved.
------------------------------------------------------------------------------------------------------------------------------------------------------------------------------------------------------------------------------------
| Tool Version : Vivado v.2025.2 (win64) Build 6299465 Fri Nov 14 19:35:11 GMT 2025
| Date         : Sat May 30 14:45:14 2026
| Host         : DESKTOP-87RVPO3 running 64-bit major release  (build 9200)
| Command      : report_timing_summary -max_paths 10 -routable_nets -report_unconstrained -file BlinkLED_timing_summary_routed.rpt -pb BlinkLED_timing_summary_routed.pb -rpx BlinkLED_timing_summary_routed.rpx -warn_on_violation
| Design       : BlinkLED
| Device       : 7z020-clg400
| Speed File   : -1  PRODUCTION 1.12 2019-11-22
| Design State : Routed
------------------------------------------------------------------------------------------------------------------------------------------------------------------------------------------------------------------------------------

Timing Summary Report

------------------------------------------------------------------------------------------------
| Timer Settings
| --------------
------------------------------------------------------------------------------------------------

  Enable Multi Corner Analysis               :  Yes
  Enable Pessimism Removal                   :  Yes
  Pessimism Removal Resolution               :  Nearest Common Node
  Enable Input Delay Default Clock           :  No
  Enable Preset / Clear Arcs                 :  No
  Disable Flight Delays                      :  No
  Ignore I/O Paths                           :  No
  Timing Early Launch at Borrowing Latches   :  No
  Borrow Time for Max Delay Exceptions       :  Yes
  Merge Timing Exceptions                    :  Yes
  Inter-SLR Compensation                     :  Conservative

  Corner  Analyze    Analyze    
  Name    Max Paths  Min Paths  
  ------  ---------  ---------  
  Slow    Yes        Yes        
  Fast    Yes        Yes        


------------------------------------------------------------------------------------------------
| Report Methodology
| ------------------
------------------------------------------------------------------------------------------------

Rule       Severity          Description                  Violations  
---------  ----------------  ---------------------------  ----------  
TIMING-17  Critical Warning  Non-clocked sequential cell  28          

Note: This report is based on the most recent report_methodology run and may not be up-to-date. Run report_methodology on the current design for the latest report.



check_timing report

Table of Contents
-----------------
1. checking no_clock (28)
2. checking constant_clock (0)
3. checking pulse_width_clock (0)
4. checking unconstrained_internal_endpoints (82)
5. checking no_input_delay (1)
6. checking no_output_delay (2)
7. checking multiple_clock (0)
8. checking generated_clocks (0)
9. checking loops (0)
10. checking partial_input_delay (0)
11. checking partial_output_delay (0)
12. checking latch_loops (0)

1. checking no_clock (28)
-------------------------
 There are 28 register/latch pins with no clock driven by root clock pin: clk (HIGH)


2. checking constant_clock (0)
------------------------------
 There are 0 register/latch pins with constant_clock.


3. checking pulse_width_clock (0)
---------------------------------
 There are 0 register/latch pins which need pulse_width check


4. checking unconstrained_internal_endpoints (82)
-------------------------------------------------
 There are 82 pins that are not constrained for maximum delay. (HIGH)

 There are 0 pins that are not constrained for maximum delay due to constant clock.


5. checking no_input_delay (1)
------------------------------
 There is 1 input port with no input delay specified. (HIGH)

 There are 0 input ports with no input delay but user has a false path constraint.


6. checking no_output_delay (2)
-------------------------------
 There are 2 ports with no output delay specified. (HIGH)

 There are 0 ports with no output delay but user has a false path constraint

 There are 0 ports with no output delay but with a timing clock defined on it or propagating through it


7. checking multiple_clock (0)
------------------------------
 There are 0 register/latch pins with multiple clocks.


8. checking generated_clocks (0)
--------------------------------
 There are 0 generated clocks that are not connected to a clock source.


9. checking loops (0)
---------------------
 There are 0 combinational loops in the design.


10. checking partial_input_delay (0)
------------------------------------
 There are 0 input ports with partial input delay specified.


11. checking partial_output_delay (0)
-------------------------------------
 There are 0 ports with partial output delay specified.


12. checking latch_loops (0)
----------------------------
 There are 0 combinational latch loops in the design through latch input



------------------------------------------------------------------------------------------------
| Design Timing Summary
| ---------------------
------------------------------------------------------------------------------------------------

    WNS(ns)      TNS(ns)  TNS Failing Endpoints  TNS Total Endpoints      WHS(ns)      THS(ns)  THS Failing Endpoints  THS Total Endpoints     WPWS(ns)     TPWS(ns)  TPWS Failing Endpoints  TPWS Total Endpoints  
    -------      -------  ---------------------  -------------------      -------      -------  ---------------------  -------------------     --------     --------  ----------------------  --------------------  
        inf        0.000                      0                   84          inf        0.000                      0                   84           NA           NA                      NA                    NA  


There are no user specified timing constraints.


------------------------------------------------------------------------------------------------
| Clock Summary
| -------------
------------------------------------------------------------------------------------------------


------------------------------------------------------------------------------------------------
| Intra Clock Table
| -----------------
------------------------------------------------------------------------------------------------

Clock             WNS(ns)      TNS(ns)  TNS Failing Endpoints  TNS Total Endpoints      WHS(ns)      THS(ns)  THS Failing Endpoints  THS Total Endpoints     WPWS(ns)     TPWS(ns)  TPWS Failing Endpoints  TPWS Total Endpoints  
-----             -------      -------  ---------------------  -------------------      -------      -------  ---------------------  -------------------     --------     --------  ----------------------  --------------------  


------------------------------------------------------------------------------------------------
| Inter Clock Table
| -----------------
------------------------------------------------------------------------------------------------

From Clock    To Clock          WNS(ns)      TNS(ns)  TNS Failing Endpoints  TNS Total Endpoints      WHS(ns)      THS(ns)  THS Failing Endpoints  THS Total Endpoints  
----------    --------          -------      -------  ---------------------  -------------------      -------      -------  ---------------------  -------------------  


------------------------------------------------------------------------------------------------
| Other Path Groups Table
| -----------------------
------------------------------------------------------------------------------------------------

Path Group    From Clock    To Clock          WNS(ns)      TNS(ns)  TNS Failing Endpoints  TNS Total Endpoints      WHS(ns)      THS(ns)  THS Failing Endpoints  THS Total Endpoints  
----------    ----------    --------          -------      -------  ---------------------  -------------------      -------      -------  ---------------------  -------------------  


------------------------------------------------------------------------------------------------
| User Ignored Path Table
| -----------------------
------------------------------------------------------------------------------------------------

Path Group    From Clock    To Clock    
----------    ----------    --------    


------------------------------------------------------------------------------------------------
| Unconstrained Path Table
| ------------------------
------------------------------------------------------------------------------------------------

Path Group    From Clock    To Clock    
----------    ----------    --------    
(none)                                    


------------------------------------------------------------------------------------------------
| Timing Details
| --------------
------------------------------------------------------------------------------------------------


--------------------------------------------------------------------------------------
Path Group:  (none)
From Clock:  
  To Clock:  

Max Delay            84 Endpoints
Min Delay            84 Endpoints
--------------------------------------------------------------------------------------


Max Delay Paths
--------------------------------------------------------------------------------------
Slack:                    inf
  Source:                 LED_Temp_reg[1]/C
                            (rising edge-triggered cell FDCE)
  Destination:            LED[1]
                            (output port)
  Path Group:             (none)
  Path Type:              Max at Slow Process Corner
  Data Path Delay:        8.221ns  (logic 4.206ns (51.158%)  route 4.015ns (48.842%))
  Logic Levels:           3  (FDCE=1 LUT1=1 OBUF=1)

    Location             Delay type                Incr(ns)  Path(ns)    Netlist Resource(s)
  -------------------------------------------------------------------    -------------------
    SLICE_X113Y52        FDCE                         0.000     0.000 r  LED_Temp_reg[1]/C
    SLICE_X113Y52        FDCE (Prop_fdce_C_Q)         0.456     0.456 f  LED_Temp_reg[1]/Q
                         net (fo=2, routed)           1.621     2.077    L[1]
    SLICE_X113Y75        LUT1 (Prop_lut1_I0_O)        0.124     2.201 r  LED_OBUF[1]_inst_i_1/O
                         net (fo=1, routed)           2.394     4.595    LED_OBUF[1]
    U12                  OBUF (Prop_obuf_I_O)         3.626     8.221 r  LED_OBUF[1]_inst/O
                         net (fo=0)                   0.000     8.221    LED[1]
    U12                                                               r  LED[1] (OUT)
  -------------------------------------------------------------------    -------------------

Slack:                    inf
  Source:                 LED_Temp_reg[0]/C
                            (rising edge-triggered cell FDCE)
  Destination:            LED[0]
                            (output port)
  Path Group:             (none)
  Path Type:              Max at Slow Process Corner
  Data Path Delay:        6.527ns  (logic 4.370ns (66.950%)  route 2.157ns (33.050%))
  Logic Levels:           3  (FDCE=1 LUT1=1 OBUF=1)

    Location             Delay type                Incr(ns)  Path(ns)    Netlist Resource(s)
  -------------------------------------------------------------------    -------------------
    SLICE_X113Y52        FDCE                         0.000     0.000 r  LED_Temp_reg[0]/C
    SLICE_X113Y52        FDCE (Prop_fdce_C_Q)         0.456     0.456 f  LED_Temp_reg[0]/Q
                         net (fo=2, routed)           0.493     0.949    L[0]
    SLICE_X113Y52        LUT1 (Prop_lut1_I0_O)        0.150     1.099 r  LED_OBUF[0]_inst_i_1/O
                         net (fo=2, routed)           1.664     2.763    LED_OBUF[0]
    P15                  OBUF (Prop_obuf_I_O)         3.764     6.527 r  LED_OBUF[0]_inst/O
                         net (fo=0)                   0.000     6.527    LED[0]
    P15                                                               r  LED[0] (OUT)
  -------------------------------------------------------------------    -------------------

Slack:                    inf
  Source:                 Clk_Divide_reg[16]/C
                            (rising edge-triggered cell FDRE)
  Destination:            Clk_Divide_reg[25]/R
  Path Group:             (none)
  Path Type:              Max at Slow Process Corner
  Data Path Delay:        4.089ns  (logic 0.828ns (20.252%)  route 3.261ns (79.748%))
  Logic Levels:           4  (FDRE=1 LUT3=1 LUT4=1 LUT6=1)

    Location             Delay type                Incr(ns)  Path(ns)    Netlist Resource(s)
  -------------------------------------------------------------------    -------------------
    SLICE_X111Y53        FDRE                         0.000     0.000 r  Clk_Divide_reg[16]/C
    SLICE_X111Y53        FDRE (Prop_fdre_C_Q)         0.456     0.456 f  Clk_Divide_reg[16]/Q
                         net (fo=2, routed)           0.828     1.284    Clk_Divide_reg_n_0_[16]
    SLICE_X110Y54        LUT4 (Prop_lut4_I1_O)        0.124     1.408 f  Clk_Divide[25]_i_4/O
                         net (fo=1, routed)           0.956     2.363    Clk_Divide[25]_i_4_n_0
    SLICE_X110Y52        LUT6 (Prop_lut6_I0_O)        0.124     2.487 f  Clk_Divide[25]_i_3/O
                         net (fo=3, routed)           0.680     3.167    Clk_Divide[25]_i_3_n_0
    SLICE_X110Y52        LUT3 (Prop_lut3_I2_O)        0.124     3.291 r  Clk_Divide[25]_i_1/O
                         net (fo=25, routed)          0.797     4.089    Clk_Divide[25]_i_1_n_0
    SLICE_X111Y56        FDRE                                         r  Clk_Divide_reg[25]/R
  -------------------------------------------------------------------    -------------------

Slack:                    inf
  Source:                 Clk_Divide_reg[16]/C
                            (rising edge-triggered cell FDRE)
  Destination:            Clk_Divide_reg[21]/R
  Path Group:             (none)
  Path Type:              Max at Slow Process Corner
  Data Path Delay:        3.950ns  (logic 0.828ns (20.961%)  route 3.122ns (79.039%))
  Logic Levels:           4  (FDRE=1 LUT3=1 LUT4=1 LUT6=1)

    Location             Delay type                Incr(ns)  Path(ns)    Netlist Resource(s)
  -------------------------------------------------------------------    -------------------
    SLICE_X111Y53        FDRE                         0.000     0.000 r  Clk_Divide_reg[16]/C
    SLICE_X111Y53        FDRE (Prop_fdre_C_Q)         0.456     0.456 f  Clk_Divide_reg[16]/Q
                         net (fo=2, routed)           0.828     1.284    Clk_Divide_reg_n_0_[16]
    SLICE_X110Y54        LUT4 (Prop_lut4_I1_O)        0.124     1.408 f  Clk_Divide[25]_i_4/O
                         net (fo=1, routed)           0.956     2.363    Clk_Divide[25]_i_4_n_0
    SLICE_X110Y52        LUT6 (Prop_lut6_I0_O)        0.124     2.487 f  Clk_Divide[25]_i_3/O
                         net (fo=3, routed)           0.680     3.167    Clk_Divide[25]_i_3_n_0
    SLICE_X110Y52        LUT3 (Prop_lut3_I2_O)        0.124     3.291 r  Clk_Divide[25]_i_1/O
                         net (fo=25, routed)          0.659     3.950    Clk_Divide[25]_i_1_n_0
    SLICE_X111Y55        FDRE                                         r  Clk_Divide_reg[21]/R
  -------------------------------------------------------------------    -------------------

Slack:                    inf
  Source:                 Clk_Divide_reg[16]/C
                            (rising edge-triggered cell FDRE)
  Destination:            Clk_Divide_reg[22]/R
  Path Group:             (none)
  Path Type:              Max at Slow Process Corner
  Data Path Delay:        3.950ns  (logic 0.828ns (20.961%)  route 3.122ns (79.039%))
  Logic Levels:           4  (FDRE=1 LUT3=1 LUT4=1 LUT6=1)

    Location             Delay type                Incr(ns)  Path(ns)    Netlist Resource(s)
  -------------------------------------------------------------------    -------------------
    SLICE_X111Y53        FDRE                         0.000     0.000 r  Clk_Divide_reg[16]/C
    SLICE_X111Y53        FDRE (Prop_fdre_C_Q)         0.456     0.456 f  Clk_Divide_reg[16]/Q
                         net (fo=2, routed)           0.828     1.284    Clk_Divide_reg_n_0_[16]
    SLICE_X110Y54        LUT4 (Prop_lut4_I1_O)        0.124     1.408 f  Clk_Divide[25]_i_4/O
                         net (fo=1, routed)           0.956     2.363    Clk_Divide[25]_i_4_n_0
    SLICE_X110Y52        LUT6 (Prop_lut6_I0_O)        0.124     2.487 f  Clk_Divide[25]_i_3/O
                         net (fo=3, routed)           0.680     3.167    Clk_Divide[25]_i_3_n_0
    SLICE_X110Y52        LUT3 (Prop_lut3_I2_O)        0.124     3.291 r  Clk_Divide[25]_i_1/O
                         net (fo=25, routed)          0.659     3.950    Clk_Divide[25]_i_1_n_0
    SLICE_X111Y55        FDRE                                         r  Clk_Divide_reg[22]/R
  -------------------------------------------------------------------    -------------------

Slack:                    inf
  Source:                 Clk_Divide_reg[16]/C
                            (rising edge-triggered cell FDRE)
  Destination:            Clk_Divide_reg[23]/R
  Path Group:             (none)
  Path Type:              Max at Slow Process Corner
  Data Path Delay:        3.950ns  (logic 0.828ns (20.961%)  route 3.122ns (79.039%))
  Logic Levels:           4  (FDRE=1 LUT3=1 LUT4=1 LUT6=1)

    Location             Delay type                Incr(ns)  Path(ns)    Netlist Resource(s)
  -------------------------------------------------------------------    -------------------
    SLICE_X111Y53        FDRE                         0.000     0.000 r  Clk_Divide_reg[16]/C
    SLICE_X111Y53        FDRE (Prop_fdre_C_Q)         0.456     0.456 f  Clk_Divide_reg[16]/Q
                         net (fo=2, routed)           0.828     1.284    Clk_Divide_reg_n_0_[16]
    SLICE_X110Y54        LUT4 (Prop_lut4_I1_O)        0.124     1.408 f  Clk_Divide[25]_i_4/O
                         net (fo=1, routed)           0.956     2.363    Clk_Divide[25]_i_4_n_0
    SLICE_X110Y52        LUT6 (Prop_lut6_I0_O)        0.124     2.487 f  Clk_Divide[25]_i_3/O
                         net (fo=3, routed)           0.680     3.167    Clk_Divide[25]_i_3_n_0
    SLICE_X110Y52        LUT3 (Prop_lut3_I2_O)        0.124     3.291 r  Clk_Divide[25]_i_1/O
                         net (fo=25, routed)          0.659     3.950    Clk_Divide[25]_i_1_n_0
    SLICE_X111Y55        FDRE                                         r  Clk_Divide_reg[23]/R
  -------------------------------------------------------------------    -------------------

Slack:                    inf
  Source:                 Clk_Divide_reg[16]/C
                            (rising edge-triggered cell FDRE)
  Destination:            Clk_Divide_reg[24]/R
  Path Group:             (none)
  Path Type:              Max at Slow Process Corner
  Data Path Delay:        3.950ns  (logic 0.828ns (20.961%)  route 3.122ns (79.039%))
  Logic Levels:           4  (FDRE=1 LUT3=1 LUT4=1 LUT6=1)

    Location             Delay type                Incr(ns)  Path(ns)    Netlist Resource(s)
  -------------------------------------------------------------------    -------------------
    SLICE_X111Y53        FDRE                         0.000     0.000 r  Clk_Divide_reg[16]/C
    SLICE_X111Y53        FDRE (Prop_fdre_C_Q)         0.456     0.456 f  Clk_Divide_reg[16]/Q
                         net (fo=2, routed)           0.828     1.284    Clk_Divide_reg_n_0_[16]
    SLICE_X110Y54        LUT4 (Prop_lut4_I1_O)        0.124     1.408 f  Clk_Divide[25]_i_4/O
                         net (fo=1, routed)           0.956     2.363    Clk_Divide[25]_i_4_n_0
    SLICE_X110Y52        LUT6 (Prop_lut6_I0_O)        0.124     2.487 f  Clk_Divide[25]_i_3/O
                         net (fo=3, routed)           0.680     3.167    Clk_Divide[25]_i_3_n_0
    SLICE_X110Y52        LUT3 (Prop_lut3_I2_O)        0.124     3.291 r  Clk_Divide[25]_i_1/O
                         net (fo=25, routed)          0.659     3.950    Clk_Divide[25]_i_1_n_0
    SLICE_X111Y55        FDRE                                         r  Clk_Divide_reg[24]/R
  -------------------------------------------------------------------    -------------------

Slack:                    inf
  Source:                 Clk_Divide_reg[16]/C
                            (rising edge-triggered cell FDRE)
  Destination:            Clk_Divide_reg[10]/R
  Path Group:             (none)
  Path Type:              Max at Slow Process Corner
  Data Path Delay:        3.942ns  (logic 0.828ns (21.004%)  route 3.114ns (78.996%))
  Logic Levels:           4  (FDRE=1 LUT3=1 LUT4=1 LUT6=1)

    Location             Delay type                Incr(ns)  Path(ns)    Netlist Resource(s)
  -------------------------------------------------------------------    -------------------
    SLICE_X111Y53        FDRE                         0.000     0.000 r  Clk_Divide_reg[16]/C
    SLICE_X111Y53        FDRE (Prop_fdre_C_Q)         0.456     0.456 f  Clk_Divide_reg[16]/Q
                         net (fo=2, routed)           0.828     1.284    Clk_Divide_reg_n_0_[16]
    SLICE_X110Y54        LUT4 (Prop_lut4_I1_O)        0.124     1.408 f  Clk_Divide[25]_i_4/O
                         net (fo=1, routed)           0.956     2.363    Clk_Divide[25]_i_4_n_0
    SLICE_X110Y52        LUT6 (Prop_lut6_I0_O)        0.124     2.487 f  Clk_Divide[25]_i_3/O
                         net (fo=3, routed)           0.680     3.167    Clk_Divide[25]_i_3_n_0
    SLICE_X110Y52        LUT3 (Prop_lut3_I2_O)        0.124     3.291 r  Clk_Divide[25]_i_1/O
                         net (fo=25, routed)          0.651     3.942    Clk_Divide[25]_i_1_n_0
    SLICE_X111Y52        FDRE                                         r  Clk_Divide_reg[10]/R
  -------------------------------------------------------------------    -------------------

Slack:                    inf
  Source:                 Clk_Divide_reg[16]/C
                            (rising edge-triggered cell FDRE)
  Destination:            Clk_Divide_reg[11]/R
  Path Group:             (none)
  Path Type:              Max at Slow Process Corner
  Data Path Delay:        3.942ns  (logic 0.828ns (21.004%)  route 3.114ns (78.996%))
  Logic Levels:           4  (FDRE=1 LUT3=1 LUT4=1 LUT6=1)

    Location             Delay type                Incr(ns)  Path(ns)    Netlist Resource(s)
  -------------------------------------------------------------------    -------------------
    SLICE_X111Y53        FDRE                         0.000     0.000 r  Clk_Divide_reg[16]/C
    SLICE_X111Y53        FDRE (Prop_fdre_C_Q)         0.456     0.456 f  Clk_Divide_reg[16]/Q
                         net (fo=2, routed)           0.828     1.284    Clk_Divide_reg_n_0_[16]
    SLICE_X110Y54        LUT4 (Prop_lut4_I1_O)        0.124     1.408 f  Clk_Divide[25]_i_4/O
                         net (fo=1, routed)           0.956     2.363    Clk_Divide[25]_i_4_n_0
    SLICE_X110Y52        LUT6 (Prop_lut6_I0_O)        0.124     2.487 f  Clk_Divide[25]_i_3/O
                         net (fo=3, routed)           0.680     3.167    Clk_Divide[25]_i_3_n_0
    SLICE_X110Y52        LUT3 (Prop_lut3_I2_O)        0.124     3.291 r  Clk_Divide[25]_i_1/O
                         net (fo=25, routed)          0.651     3.942    Clk_Divide[25]_i_1_n_0
    SLICE_X111Y52        FDRE                                         r  Clk_Divide_reg[11]/R
  -------------------------------------------------------------------    -------------------

Slack:                    inf
  Source:                 Clk_Divide_reg[16]/C
                            (rising edge-triggered cell FDRE)
  Destination:            Clk_Divide_reg[12]/R
  Path Group:             (none)
  Path Type:              Max at Slow Process Corner
  Data Path Delay:        3.942ns  (logic 0.828ns (21.004%)  route 3.114ns (78.996%))
  Logic Levels:           4  (FDRE=1 LUT3=1 LUT4=1 LUT6=1)

    Location             Delay type                Incr(ns)  Path(ns)    Netlist Resource(s)
  -------------------------------------------------------------------    -------------------
    SLICE_X111Y53        FDRE                         0.000     0.000 r  Clk_Divide_reg[16]/C
    SLICE_X111Y53        FDRE (Prop_fdre_C_Q)         0.456     0.456 f  Clk_Divide_reg[16]/Q
                         net (fo=2, routed)           0.828     1.284    Clk_Divide_reg_n_0_[16]
    SLICE_X110Y54        LUT4 (Prop_lut4_I1_O)        0.124     1.408 f  Clk_Divide[25]_i_4/O
                         net (fo=1, routed)           0.956     2.363    Clk_Divide[25]_i_4_n_0
    SLICE_X110Y52        LUT6 (Prop_lut6_I0_O)        0.124     2.487 f  Clk_Divide[25]_i_3/O
                         net (fo=3, routed)           0.680     3.167    Clk_Divide[25]_i_3_n_0
    SLICE_X110Y52        LUT3 (Prop_lut3_I2_O)        0.124     3.291 r  Clk_Divide[25]_i_1/O
                         net (fo=25, routed)          0.651     3.942    Clk_Divide[25]_i_1_n_0
    SLICE_X111Y52        FDRE                                         r  Clk_Divide_reg[12]/R
  -------------------------------------------------------------------    -------------------





Min Delay Paths
--------------------------------------------------------------------------------------
Slack:                    inf
  Source:                 LED_Temp_reg[0]/C
                            (rising edge-triggered cell FDCE)
  Destination:            LED_Temp_reg[0]/D
  Path Group:             (none)
  Path Type:              Min at Fast Process Corner
  Data Path Delay:        0.339ns  (logic 0.183ns (53.966%)  route 0.156ns (46.034%))
  Logic Levels:           2  (FDCE=1 LUT1=1)

    Location             Delay type                Incr(ns)  Path(ns)    Netlist Resource(s)
  -------------------------------------------------------------------    -------------------
    SLICE_X113Y52        FDCE                         0.000     0.000 r  LED_Temp_reg[0]/C
    SLICE_X113Y52        FDCE (Prop_fdce_C_Q)         0.141     0.141 f  LED_Temp_reg[0]/Q
                         net (fo=2, routed)           0.156     0.297    L[0]
    SLICE_X113Y52        LUT1 (Prop_lut1_I0_O)        0.042     0.339 r  LED_OBUF[0]_inst_i_1/O
                         net (fo=2, routed)           0.000     0.339    LED_OBUF[0]
    SLICE_X113Y52        FDCE                                         r  LED_Temp_reg[0]/D
  -------------------------------------------------------------------    -------------------

Slack:                    inf
  Source:                 Clk_Divide_reg[12]/C
                            (rising edge-triggered cell FDRE)
  Destination:            Clk_Divide_reg[12]/D
  Path Group:             (none)
  Path Type:              Min at Fast Process Corner
  Data Path Delay:        0.369ns  (logic 0.249ns (67.424%)  route 0.120ns (32.576%))
  Logic Levels:           2  (CARRY4=1 FDRE=1)

    Location             Delay type                Incr(ns)  Path(ns)    Netlist Resource(s)
  -------------------------------------------------------------------    -------------------
    SLICE_X111Y52        FDRE                         0.000     0.000 r  Clk_Divide_reg[12]/C
    SLICE_X111Y52        FDRE (Prop_fdre_C_Q)         0.141     0.141 r  Clk_Divide_reg[12]/Q
                         net (fo=2, routed)           0.120     0.261    Clk_Divide_reg_n_0_[12]
    SLICE_X111Y52        CARRY4 (Prop_carry4_S[3]_O[3])
                                                      0.108     0.369 r  Clk_Divide_reg[12]_i_1/O[3]
                         net (fo=1, routed)           0.000     0.369    data0[12]
    SLICE_X111Y52        FDRE                                         r  Clk_Divide_reg[12]/D
  -------------------------------------------------------------------    -------------------

Slack:                    inf
  Source:                 Clk_Divide_reg[16]/C
                            (rising edge-triggered cell FDRE)
  Destination:            Clk_Divide_reg[16]/D
  Path Group:             (none)
  Path Type:              Min at Fast Process Corner
  Data Path Delay:        0.369ns  (logic 0.249ns (67.424%)  route 0.120ns (32.576%))
  Logic Levels:           2  (CARRY4=1 FDRE=1)

    Location             Delay type                Incr(ns)  Path(ns)    Netlist Resource(s)
  -------------------------------------------------------------------    -------------------
    SLICE_X111Y53        FDRE                         0.000     0.000 r  Clk_Divide_reg[16]/C
    SLICE_X111Y53        FDRE (Prop_fdre_C_Q)         0.141     0.141 r  Clk_Divide_reg[16]/Q
                         net (fo=2, routed)           0.120     0.261    Clk_Divide_reg_n_0_[16]
    SLICE_X111Y53        CARRY4 (Prop_carry4_S[3]_O[3])
                                                      0.108     0.369 r  Clk_Divide_reg[16]_i_1/O[3]
                         net (fo=1, routed)           0.000     0.369    data0[16]
    SLICE_X111Y53        FDRE                                         r  Clk_Divide_reg[16]/D
  -------------------------------------------------------------------    -------------------

Slack:                    inf
  Source:                 Clk_Divide_reg[20]/C
                            (rising edge-triggered cell FDRE)
  Destination:            Clk_Divide_reg[20]/D
  Path Group:             (none)
  Path Type:              Min at Fast Process Corner
  Data Path Delay:        0.369ns  (logic 0.249ns (67.424%)  route 0.120ns (32.576%))
  Logic Levels:           2  (CARRY4=1 FDRE=1)

    Location             Delay type                Incr(ns)  Path(ns)    Netlist Resource(s)
  -------------------------------------------------------------------    -------------------
    SLICE_X111Y54        FDRE                         0.000     0.000 r  Clk_Divide_reg[20]/C
    SLICE_X111Y54        FDRE (Prop_fdre_C_Q)         0.141     0.141 r  Clk_Divide_reg[20]/Q
                         net (fo=2, routed)           0.120     0.261    Clk_Divide_reg_n_0_[20]
    SLICE_X111Y54        CARRY4 (Prop_carry4_S[3]_O[3])
                                                      0.108     0.369 r  Clk_Divide_reg[20]_i_1/O[3]
                         net (fo=1, routed)           0.000     0.369    data0[20]
    SLICE_X111Y54        FDRE                                         r  Clk_Divide_reg[20]/D
  -------------------------------------------------------------------    -------------------

Slack:                    inf
  Source:                 Clk_Divide_reg[4]/C
                            (rising edge-triggered cell FDRE)
  Destination:            Clk_Divide_reg[4]/D
  Path Group:             (none)
  Path Type:              Min at Fast Process Corner
  Data Path Delay:        0.369ns  (logic 0.249ns (67.424%)  route 0.120ns (32.576%))
  Logic Levels:           2  (CARRY4=1 FDRE=1)

    Location             Delay type                Incr(ns)  Path(ns)    Netlist Resource(s)
  -------------------------------------------------------------------    -------------------
    SLICE_X111Y50        FDRE                         0.000     0.000 r  Clk_Divide_reg[4]/C
    SLICE_X111Y50        FDRE (Prop_fdre_C_Q)         0.141     0.141 r  Clk_Divide_reg[4]/Q
                         net (fo=2, routed)           0.120     0.261    Clk_Divide_reg_n_0_[4]
    SLICE_X111Y50        CARRY4 (Prop_carry4_S[3]_O[3])
                                                      0.108     0.369 r  Clk_Divide_reg[4]_i_1/O[3]
                         net (fo=1, routed)           0.000     0.369    data0[4]
    SLICE_X111Y50        FDRE                                         r  Clk_Divide_reg[4]/D
  -------------------------------------------------------------------    -------------------

Slack:                    inf
  Source:                 Clk_Divide_reg[8]/C
                            (rising edge-triggered cell FDRE)
  Destination:            Clk_Divide_reg[8]/D
  Path Group:             (none)
  Path Type:              Min at Fast Process Corner
  Data Path Delay:        0.369ns  (logic 0.249ns (67.424%)  route 0.120ns (32.576%))
  Logic Levels:           2  (CARRY4=1 FDRE=1)

    Location             Delay type                Incr(ns)  Path(ns)    Netlist Resource(s)
  -------------------------------------------------------------------    -------------------
    SLICE_X111Y51        FDRE                         0.000     0.000 r  Clk_Divide_reg[8]/C
    SLICE_X111Y51        FDRE (Prop_fdre_C_Q)         0.141     0.141 r  Clk_Divide_reg[8]/Q
                         net (fo=2, routed)           0.120     0.261    Clk_Divide_reg_n_0_[8]
    SLICE_X111Y51        CARRY4 (Prop_carry4_S[3]_O[3])
                                                      0.108     0.369 r  Clk_Divide_reg[8]_i_1/O[3]
                         net (fo=1, routed)           0.000     0.369    data0[8]
    SLICE_X111Y51        FDRE                                         r  Clk_Divide_reg[8]/D
  -------------------------------------------------------------------    -------------------

Slack:                    inf
  Source:                 Clk_Divide_reg[24]/C
                            (rising edge-triggered cell FDRE)
  Destination:            Clk_Divide_reg[24]/D
  Path Group:             (none)
  Path Type:              Min at Fast Process Corner
  Data Path Delay:        0.369ns  (logic 0.249ns (67.412%)  route 0.120ns (32.588%))
  Logic Levels:           2  (CARRY4=1 FDRE=1)

    Location             Delay type                Incr(ns)  Path(ns)    Netlist Resource(s)
  -------------------------------------------------------------------    -------------------
    SLICE_X111Y55        FDRE                         0.000     0.000 r  Clk_Divide_reg[24]/C
    SLICE_X111Y55        FDRE (Prop_fdre_C_Q)         0.141     0.141 r  Clk_Divide_reg[24]/Q
                         net (fo=2, routed)           0.120     0.261    Clk_Divide_reg_n_0_[24]
    SLICE_X111Y55        CARRY4 (Prop_carry4_S[3]_O[3])
                                                      0.108     0.369 r  Clk_Divide_reg[24]_i_1/O[3]
                         net (fo=1, routed)           0.000     0.369    data0[24]
    SLICE_X111Y55        FDRE                                         r  Clk_Divide_reg[24]/D
  -------------------------------------------------------------------    -------------------

Slack:                    inf
  Source:                 Clk_Divide_reg[13]/C
                            (rising edge-triggered cell FDRE)
  Destination:            Clk_Divide_reg[13]/D
  Path Group:             (none)
  Path Type:              Min at Fast Process Corner
  Data Path Delay:        0.372ns  (logic 0.256ns (68.766%)  route 0.116ns (31.234%))
  Logic Levels:           2  (CARRY4=1 FDRE=1)

    Location             Delay type                Incr(ns)  Path(ns)    Netlist Resource(s)
  -------------------------------------------------------------------    -------------------
    SLICE_X111Y53        FDRE                         0.000     0.000 r  Clk_Divide_reg[13]/C
    SLICE_X111Y53        FDRE (Prop_fdre_C_Q)         0.141     0.141 r  Clk_Divide_reg[13]/Q
                         net (fo=2, routed)           0.116     0.257    Clk_Divide_reg_n_0_[13]
    SLICE_X111Y53        CARRY4 (Prop_carry4_S[0]_O[0])
                                                      0.115     0.372 r  Clk_Divide_reg[16]_i_1/O[0]
                         net (fo=1, routed)           0.000     0.372    data0[13]
    SLICE_X111Y53        FDRE                                         r  Clk_Divide_reg[13]/D
  -------------------------------------------------------------------    -------------------

Slack:                    inf
  Source:                 Clk_Divide_reg[17]/C
                            (rising edge-triggered cell FDRE)
  Destination:            Clk_Divide_reg[17]/D
  Path Group:             (none)
  Path Type:              Min at Fast Process Corner
  Data Path Delay:        0.372ns  (logic 0.256ns (68.766%)  route 0.116ns (31.234%))
  Logic Levels:           2  (CARRY4=1 FDRE=1)

    Location             Delay type                Incr(ns)  Path(ns)    Netlist Resource(s)
  -------------------------------------------------------------------    -------------------
    SLICE_X111Y54        FDRE                         0.000     0.000 r  Clk_Divide_reg[17]/C
    SLICE_X111Y54        FDRE (Prop_fdre_C_Q)         0.141     0.141 r  Clk_Divide_reg[17]/Q
                         net (fo=2, routed)           0.116     0.257    Clk_Divide_reg_n_0_[17]
    SLICE_X111Y54        CARRY4 (Prop_carry4_S[0]_O[0])
                                                      0.115     0.372 r  Clk_Divide_reg[20]_i_1/O[0]
                         net (fo=1, routed)           0.000     0.372    data0[17]
    SLICE_X111Y54        FDRE                                         r  Clk_Divide_reg[17]/D
  -------------------------------------------------------------------    -------------------

Slack:                    inf
  Source:                 Clk_Divide_reg[21]/C
                            (rising edge-triggered cell FDRE)
  Destination:            Clk_Divide_reg[21]/D
  Path Group:             (none)
  Path Type:              Min at Fast Process Corner
  Data Path Delay:        0.372ns  (logic 0.256ns (68.766%)  route 0.116ns (31.234%))
  Logic Levels:           2  (CARRY4=1 FDRE=1)

    Location             Delay type                Incr(ns)  Path(ns)    Netlist Resource(s)
  -------------------------------------------------------------------    -------------------
    SLICE_X111Y55        FDRE                         0.000     0.000 r  Clk_Divide_reg[21]/C
    SLICE_X111Y55        FDRE (Prop_fdre_C_Q)         0.141     0.141 r  Clk_Divide_reg[21]/Q
                         net (fo=2, routed)           0.116     0.257    Clk_Divide_reg_n_0_[21]
    SLICE_X111Y55        CARRY4 (Prop_carry4_S[0]_O[0])
                                                      0.115     0.372 r  Clk_Divide_reg[24]_i_1/O[0]
                         net (fo=1, routed)           0.000     0.372    data0[21]
    SLICE_X111Y55        FDRE                                         r  Clk_Divide_reg[21]/D
  -------------------------------------------------------------------    -------------------





