Analysis & Synthesis report for Datapath_improved
Sun Nov 16 12:55:12 2025
Quartus II Version 9.1 Build 350 03/24/2010 Service Pack 2 SJ Web Edition


---------------------
; Table of Contents ;
---------------------
  1. Legal Notice
  2. Analysis & Synthesis Summary
  3. Analysis & Synthesis Settings
  4. Parallel Compilation
  5. Analysis & Synthesis Source Files Read
  6. Analysis & Synthesis Resource Usage Summary
  7. Analysis & Synthesis Resource Utilization by Entity
  8. Registers Removed During Synthesis
  9. General Register Statistics
 10. Multiplexer Restructuring Statistics (Restructuring Performed)
 11. Parameter Settings for User Entity Instance: ALU:Arithmetic_Logic_Unit
 12. Parameter Settings for User Entity Instance: Mux3:WriteBack_Mux
 13. Parameter Settings for User Entity Instance: Adder:Targer_Address
 14. Parameter Settings for User Entity Instance: Adder:PC_Plus_Four
 15. Parameter Settings for User Entity Instance: Mux3:Pc_Selection
 16. Parameter Settings for User Entity Instance: Reg:Pc_Register
 17. Parameter Settings for User Entity Instance: Mux3:Alu_input_A_Mux
 18. Parameter Settings for User Entity Instance: Mux2:Alu_input_B_Mux
 19. Port Connectivity Checks: "Mux3:Alu_input_A_Mux"
 20. Port Connectivity Checks: "Adder:PC_Plus_Four"
 21. Analysis & Synthesis Messages



----------------
; Legal Notice ;
----------------
Copyright (C) 1991-2010 Altera Corporation
Your use of Altera Corporation's design tools, logic functions 
and other software and tools, and its AMPP partner logic 
functions, and any output files from any of the foregoing 
(including device programming or simulation files), and any 
associated documentation or information are expressly subject 
to the terms and conditions of the Altera Program License 
Subscription Agreement, Altera MegaCore Function License 
Agreement, or other applicable license agreement, including, 
without limitation, that your use is for the sole purpose of 
programming logic devices manufactured by Altera and sold by 
Altera or its authorized distributors.  Please refer to the 
applicable agreement for further details.



+-----------------------------------------------------------------------------------+
; Analysis & Synthesis Summary                                                      ;
+------------------------------------+----------------------------------------------+
; Analysis & Synthesis Status        ; Successful - Sun Nov 16 12:55:12 2025        ;
; Quartus II Version                 ; 9.1 Build 350 03/24/2010 SP 2 SJ Web Edition ;
; Revision Name                      ; Datapath_improved                            ;
; Top-level Entity Name              ; Datapath_improved                            ;
; Family                             ; Cyclone II                                   ;
; Total logic elements               ; 3,487                                        ;
;     Total combinational functions  ; 2,527                                        ;
;     Dedicated logic registers      ; 1,024                                        ;
; Total registers                    ; 1024                                         ;
; Total pins                         ; 185                                          ;
; Total virtual pins                 ; 0                                            ;
; Total memory bits                  ; 0                                            ;
; Embedded Multiplier 9-bit elements ; 0                                            ;
; Total PLLs                         ; 0                                            ;
+------------------------------------+----------------------------------------------+


+----------------------------------------------------------------------------------------------------------------------+
; Analysis & Synthesis Settings                                                                                        ;
+----------------------------------------------------------------------------+--------------------+--------------------+
; Option                                                                     ; Setting            ; Default Value      ;
+----------------------------------------------------------------------------+--------------------+--------------------+
; Device                                                                     ; EP2C35F672C6       ;                    ;
; Top-level entity name                                                      ; Datapath_improved  ; Datapath_improved  ;
; Family name                                                                ; Cyclone II         ; Stratix II         ;
; Use Generated Physical Constraints File                                    ; Off                ;                    ;
; Use smart compilation                                                      ; Off                ; Off                ;
; Enable parallel Assembler and TimeQuest Timing Analyzer during compilation ; On                 ; On                 ;
; Enable compact report table                                                ; Off                ; Off                ;
; Restructure Multiplexers                                                   ; Auto               ; Auto               ;
; Create Debugging Nodes for IP Cores                                        ; Off                ; Off                ;
; Preserve fewer node names                                                  ; On                 ; On                 ;
; Disable OpenCore Plus hardware evaluation                                  ; Off                ; Off                ;
; Verilog Version                                                            ; Verilog_2001       ; Verilog_2001       ;
; VHDL Version                                                               ; VHDL_1993          ; VHDL_1993          ;
; State Machine Processing                                                   ; Auto               ; Auto               ;
; Safe State Machine                                                         ; Off                ; Off                ;
; Extract Verilog State Machines                                             ; On                 ; On                 ;
; Extract VHDL State Machines                                                ; On                 ; On                 ;
; Ignore Verilog initial constructs                                          ; Off                ; Off                ;
; Iteration limit for constant Verilog loops                                 ; 5000               ; 5000               ;
; Iteration limit for non-constant Verilog loops                             ; 250                ; 250                ;
; Add Pass-Through Logic to Inferred RAMs                                    ; On                 ; On                 ;
; Parallel Synthesis                                                         ; On                 ; On                 ;
; DSP Block Balancing                                                        ; Auto               ; Auto               ;
; NOT Gate Push-Back                                                         ; On                 ; On                 ;
; Power-Up Don't Care                                                        ; On                 ; On                 ;
; Remove Redundant Logic Cells                                               ; Off                ; Off                ;
; Remove Duplicate Registers                                                 ; On                 ; On                 ;
; Ignore CARRY Buffers                                                       ; Off                ; Off                ;
; Ignore CASCADE Buffers                                                     ; Off                ; Off                ;
; Ignore GLOBAL Buffers                                                      ; Off                ; Off                ;
; Ignore ROW GLOBAL Buffers                                                  ; Off                ; Off                ;
; Ignore LCELL Buffers                                                       ; Off                ; Off                ;
; Ignore SOFT Buffers                                                        ; On                 ; On                 ;
; Limit AHDL Integers to 32 Bits                                             ; Off                ; Off                ;
; Optimization Technique                                                     ; Balanced           ; Balanced           ;
; Carry Chain Length                                                         ; 70                 ; 70                 ;
; Auto Carry Chains                                                          ; On                 ; On                 ;
; Auto Open-Drain Pins                                                       ; On                 ; On                 ;
; Perform WYSIWYG Primitive Resynthesis                                      ; Off                ; Off                ;
; Auto ROM Replacement                                                       ; On                 ; On                 ;
; Auto RAM Replacement                                                       ; On                 ; On                 ;
; Auto Shift Register Replacement                                            ; Auto               ; Auto               ;
; Auto Clock Enable Replacement                                              ; On                 ; On                 ;
; Strict RAM Replacement                                                     ; Off                ; Off                ;
; Allow Synchronous Control Signals                                          ; On                 ; On                 ;
; Force Use of Synchronous Clear Signals                                     ; Off                ; Off                ;
; Auto RAM to Logic Cell Conversion                                          ; Off                ; Off                ;
; Auto Resource Sharing                                                      ; Off                ; Off                ;
; Allow Any RAM Size For Recognition                                         ; Off                ; Off                ;
; Allow Any ROM Size For Recognition                                         ; Off                ; Off                ;
; Allow Any Shift Register Size For Recognition                              ; Off                ; Off                ;
; Use LogicLock Constraints during Resource Balancing                        ; On                 ; On                 ;
; Ignore translate_off and synthesis_off directives                          ; Off                ; Off                ;
; Timing-Driven Synthesis                                                    ; Off                ; Off                ;
; Show Parameter Settings Tables in Synthesis Report                         ; On                 ; On                 ;
; Ignore Maximum Fan-Out Assignments                                         ; Off                ; Off                ;
; Synchronization Register Chain Length                                      ; 2                  ; 2                  ;
; PowerPlay Power Optimization                                               ; Normal compilation ; Normal compilation ;
; HDL message level                                                          ; Level2             ; Level2             ;
; Suppress Register Optimization Related Messages                            ; Off                ; Off                ;
; Number of Removed Registers Reported in Synthesis Report                   ; 5000               ; 5000               ;
; Number of Inverted Registers Reported in Synthesis Report                  ; 100                ; 100                ;
; Clock MUX Protection                                                       ; On                 ; On                 ;
; Auto Gated Clock Conversion                                                ; Off                ; Off                ;
; Block Design Naming                                                        ; Auto               ; Auto               ;
; SDC constraint protection                                                  ; Off                ; Off                ;
; Synthesis Effort                                                           ; Auto               ; Auto               ;
; Shift Register Replacement - Allow Asynchronous Clear Signal               ; On                 ; On                 ;
; Analysis & Synthesis Message Level                                         ; Medium             ; Medium             ;
; Disable Register Merging Across Hierarchies                                ; Auto               ; Auto               ;
; Resource Aware Inference For Block RAM                                     ; On                 ; On                 ;
+----------------------------------------------------------------------------+--------------------+--------------------+


Parallel compilation was disabled, but you have multiple processors available. Enable parallel compilation to reduce compilation time.
+-------------------------------------+
; Parallel Compilation                ;
+----------------------------+--------+
; Processors                 ; Number ;
+----------------------------+--------+
; Number detected on machine ; 4      ;
; Maximum allowed            ; 1      ;
+----------------------------+--------+


+-----------------------------------------------------------------------------------------------------------------------------------------------------------------------------+
; Analysis & Synthesis Source Files Read                                                                                                                                      ;
+----------------------------------+-----------------+-----------------------+------------------------------------------------------------------------------------------------+
; File Name with User-Entered Path ; Used in Netlist ; File Type             ; File Name with Absolute Path                                                                   ;
+----------------------------------+-----------------+-----------------------+------------------------------------------------------------------------------------------------+
; datapath_improved.vhd            ; yes             ; Auto-Found VHDL File  ; C:/Users/dell/Desktop/Final Project/CPU/BigD Core/Datapath improved/datapath_improved.vhd      ;
; reg_file.vhd                     ; yes             ; Auto-Found VHDL File  ; C:/Users/dell/Desktop/Final Project/CPU/BigD Core/Datapath improved/reg_file.vhd               ;
; alu.vhd                          ; yes             ; Auto-Found VHDL File  ; C:/Users/dell/Desktop/Final Project/CPU/BigD Core/Datapath improved/alu.vhd                    ;
; adderss_shift.vhd                ; yes             ; Auto-Found VHDL File  ; C:/Users/dell/Desktop/Final Project/CPU/BigD Core/Datapath improved/adderss_shift.vhd          ;
; bit_manipulation_store.vhd       ; yes             ; Auto-Found VHDL File  ; C:/Users/dell/Desktop/Final Project/CPU/BigD Core/Datapath improved/bit_manipulation_store.vhd ;
; first_stage.vhd                  ; yes             ; Auto-Found VHDL File  ; C:/Users/dell/Desktop/Final Project/CPU/BigD Core/Datapath improved/first_stage.vhd            ;
; last_stage.vhd                   ; yes             ; Auto-Found VHDL File  ; C:/Users/dell/Desktop/Final Project/CPU/BigD Core/Datapath improved/last_stage.vhd             ;
; mem_signext.vhd                  ; yes             ; Auto-Found VHDL File  ; C:/Users/dell/Desktop/Final Project/CPU/BigD Core/Datapath improved/mem_signext.vhd            ;
; mux3.vhd                         ; yes             ; Auto-Found VHDL File  ; C:/Users/dell/Desktop/Final Project/CPU/BigD Core/Datapath improved/mux3.vhd                   ;
; immext.vhd                       ; yes             ; Auto-Found VHDL File  ; C:/Users/dell/Desktop/Final Project/CPU/BigD Core/Datapath improved/immext.vhd                 ;
; adder.vhd                        ; yes             ; Auto-Found VHDL File  ; C:/Users/dell/Desktop/Final Project/CPU/BigD Core/Datapath improved/adder.vhd                  ;
; reg.vhd                          ; yes             ; Auto-Found VHDL File  ; C:/Users/dell/Desktop/Final Project/CPU/BigD Core/Datapath improved/reg.vhd                    ;
; mux2.vhd                         ; yes             ; Auto-Found VHDL File  ; C:/Users/dell/Desktop/Final Project/CPU/BigD Core/Datapath improved/mux2.vhd                   ;
+----------------------------------+-----------------+-----------------------+------------------------------------------------------------------------------------------------+


+-----------------------------------------------------+
; Analysis & Synthesis Resource Usage Summary         ;
+---------------------------------------------+-------+
; Resource                                    ; Usage ;
+---------------------------------------------+-------+
; Estimated Total logic elements              ; 3,487 ;
;                                             ;       ;
; Total combinational functions               ; 2527  ;
; Logic element usage by number of LUT inputs ;       ;
;     -- 4 input functions                    ; 1995  ;
;     -- 3 input functions                    ; 477   ;
;     -- <=2 input functions                  ; 55    ;
;                                             ;       ;
; Logic elements by mode                      ;       ;
;     -- normal mode                          ; 2373  ;
;     -- arithmetic mode                      ; 154   ;
;                                             ;       ;
; Total registers                             ; 1024  ;
;     -- Dedicated logic registers            ; 1024  ;
;     -- I/O registers                        ; 0     ;
;                                             ;       ;
; I/O pins                                    ; 185   ;
; Maximum fan-out node                        ; Reset ;
; Maximum fan-out                             ; 1025  ;
; Total fan-out                               ; 13805 ;
; Average fan-out                             ; 3.70  ;
+---------------------------------------------+-------+


+------------------------------------------------------------------------------------------------------------------------------------------------------------------------------------------------------------------------------------------------------------------+
; Analysis & Synthesis Resource Utilization by Entity                                                                                                                                                                                                              ;
+---------------------------------------------------+-------------------+--------------+-------------+--------------+---------+-----------+------+--------------+-----------------------------------------------------------------------------------+--------------+
; Compilation Hierarchy Node                        ; LC Combinationals ; LC Registers ; Memory Bits ; DSP Elements ; DSP 9x9 ; DSP 18x18 ; Pins ; Virtual Pins ; Full Hierarchy Name                                                               ; Library Name ;
+---------------------------------------------------+-------------------+--------------+-------------+--------------+---------+-----------+------+--------------+-----------------------------------------------------------------------------------+--------------+
; |Datapath_improved                                ; 2527 (0)          ; 1024 (0)     ; 0           ; 0            ; 0       ; 0         ; 185  ; 0            ; |Datapath_improved                                                                ; work         ;
;    |ALU:Arithmetic_Logic_Unit|                    ; 708 (708)         ; 0 (0)        ; 0           ; 0            ; 0       ; 0         ; 0    ; 0            ; |Datapath_improved|ALU:Arithmetic_Logic_Unit                                      ; work         ;
;    |Bit_Manipulation_Store:Bit_Manipulation_unit| ; 134 (0)           ; 0 (0)        ; 0           ; 0            ; 0       ; 0         ; 0    ; 0            ; |Datapath_improved|Bit_Manipulation_Store:Bit_Manipulation_unit                   ; work         ;
;       |First_stage:First|                         ; 13 (13)           ; 0 (0)        ; 0           ; 0            ; 0       ; 0         ; 0    ; 0            ; |Datapath_improved|Bit_Manipulation_Store:Bit_Manipulation_unit|First_stage:First ; work         ;
;       |Last_stage:Last|                           ; 121 (121)         ; 0 (0)        ; 0           ; 0            ; 0       ; 0         ; 0    ; 0            ; |Datapath_improved|Bit_Manipulation_Store:Bit_Manipulation_unit|Last_stage:Last   ; work         ;
;    |ImmExt:Immediate_Extension|                   ; 39 (39)           ; 0 (0)        ; 0           ; 0            ; 0       ; 0         ; 0    ; 0            ; |Datapath_improved|ImmExt:Immediate_Extension                                     ; work         ;
;    |Mem_SignExt:Memory_Sign_Extension|            ; 4 (4)             ; 0 (0)        ; 0           ; 0            ; 0       ; 0         ; 0    ; 0            ; |Datapath_improved|Mem_SignExt:Memory_Sign_Extension                              ; work         ;
;    |Mux2:Alu_input_B_Mux|                         ; 33 (33)           ; 0 (0)        ; 0           ; 0            ; 0       ; 0         ; 0    ; 0            ; |Datapath_improved|Mux2:Alu_input_B_Mux                                           ; work         ;
;    |Mux3:Alu_input_A_Mux|                         ; 707 (707)         ; 0 (0)        ; 0           ; 0            ; 0       ; 0         ; 0    ; 0            ; |Datapath_improved|Mux3:Alu_input_A_Mux                                           ; work         ;
;    |Mux3:WriteBack_Mux|                           ; 95 (95)           ; 0 (0)        ; 0           ; 0            ; 0       ; 0         ; 0    ; 0            ; |Datapath_improved|Mux3:WriteBack_Mux                                             ; work         ;
;    |Reg:Pc_Register|                              ; 31 (31)           ; 32 (32)      ; 0           ; 0            ; 0       ; 0         ; 0    ; 0            ; |Datapath_improved|Reg:Pc_Register                                                ; work         ;
;    |Reg_File:Register_File|                       ; 712 (712)         ; 992 (992)    ; 0           ; 0            ; 0       ; 0         ; 0    ; 0            ; |Datapath_improved|Reg_File:Register_File                                         ;              ;
;    |adder:PC_Plus_Four|                           ; 30 (30)           ; 0 (0)        ; 0           ; 0            ; 0       ; 0         ; 0    ; 0            ; |Datapath_improved|adder:PC_Plus_Four                                             ; work         ;
;    |adder:Targer_Address|                         ; 34 (34)           ; 0 (0)        ; 0           ; 0            ; 0       ; 0         ; 0    ; 0            ; |Datapath_improved|adder:Targer_Address                                           ; work         ;
+---------------------------------------------------+-------------------+--------------+-------------+--------------+---------+-----------+------+--------------+-----------------------------------------------------------------------------------+--------------+
Note: For table entries with two numbers listed, the numbers in parentheses indicate the number of resources of the given type used by the specific entity alone. The numbers listed outside of parentheses indicate the total resources of the given type used by the specific entity and all of its sub-entities in the hierarchy.


+--------------------------------------------------------------------------------------+
; Registers Removed During Synthesis                                                   ;
+----------------------------------------+---------------------------------------------+
; Register name                          ; Reason for Removal                          ;
+----------------------------------------+---------------------------------------------+
; Reg_File:Register_File|M[0][0]         ; Stuck at GND due to stuck port clock_enable ;
; Reg_File:Register_File|M[0][1]         ; Stuck at GND due to stuck port clock_enable ;
; Reg_File:Register_File|M[0][2]         ; Stuck at GND due to stuck port clock_enable ;
; Reg_File:Register_File|M[0][3]         ; Stuck at GND due to stuck port clock_enable ;
; Reg_File:Register_File|M[0][4]         ; Stuck at GND due to stuck port clock_enable ;
; Reg_File:Register_File|M[0][5]         ; Stuck at GND due to stuck port clock_enable ;
; Reg_File:Register_File|M[0][6]         ; Stuck at GND due to stuck port clock_enable ;
; Reg_File:Register_File|M[0][7]         ; Stuck at GND due to stuck port clock_enable ;
; Reg_File:Register_File|M[0][8]         ; Stuck at GND due to stuck port clock_enable ;
; Reg_File:Register_File|M[0][9]         ; Stuck at GND due to stuck port clock_enable ;
; Reg_File:Register_File|M[0][10]        ; Stuck at GND due to stuck port clock_enable ;
; Reg_File:Register_File|M[0][11]        ; Stuck at GND due to stuck port clock_enable ;
; Reg_File:Register_File|M[0][12]        ; Stuck at GND due to stuck port clock_enable ;
; Reg_File:Register_File|M[0][13]        ; Stuck at GND due to stuck port clock_enable ;
; Reg_File:Register_File|M[0][14]        ; Stuck at GND due to stuck port clock_enable ;
; Reg_File:Register_File|M[0][15]        ; Stuck at GND due to stuck port clock_enable ;
; Reg_File:Register_File|M[0][16]        ; Stuck at GND due to stuck port clock_enable ;
; Reg_File:Register_File|M[0][17]        ; Stuck at GND due to stuck port clock_enable ;
; Reg_File:Register_File|M[0][18]        ; Stuck at GND due to stuck port clock_enable ;
; Reg_File:Register_File|M[0][19]        ; Stuck at GND due to stuck port clock_enable ;
; Reg_File:Register_File|M[0][20]        ; Stuck at GND due to stuck port clock_enable ;
; Reg_File:Register_File|M[0][21]        ; Stuck at GND due to stuck port clock_enable ;
; Reg_File:Register_File|M[0][22]        ; Stuck at GND due to stuck port clock_enable ;
; Reg_File:Register_File|M[0][23]        ; Stuck at GND due to stuck port clock_enable ;
; Reg_File:Register_File|M[0][24]        ; Stuck at GND due to stuck port clock_enable ;
; Reg_File:Register_File|M[0][25]        ; Stuck at GND due to stuck port clock_enable ;
; Reg_File:Register_File|M[0][26]        ; Stuck at GND due to stuck port clock_enable ;
; Reg_File:Register_File|M[0][27]        ; Stuck at GND due to stuck port clock_enable ;
; Reg_File:Register_File|M[0][28]        ; Stuck at GND due to stuck port clock_enable ;
; Reg_File:Register_File|M[0][29]        ; Stuck at GND due to stuck port clock_enable ;
; Reg_File:Register_File|M[0][30]        ; Stuck at GND due to stuck port clock_enable ;
; Reg_File:Register_File|M[0][31]        ; Stuck at GND due to stuck port clock_enable ;
; Total Number of Removed Registers = 32 ;                                             ;
+----------------------------------------+---------------------------------------------+


+------------------------------------------------------+
; General Register Statistics                          ;
+----------------------------------------------+-------+
; Statistic                                    ; Value ;
+----------------------------------------------+-------+
; Total registers                              ; 1024  ;
; Number of registers using Synchronous Clear  ; 32    ;
; Number of registers using Synchronous Load   ; 30    ;
; Number of registers using Asynchronous Clear ; 992   ;
; Number of registers using Asynchronous Load  ; 0     ;
; Number of registers using Clock Enable       ; 994   ;
; Number of registers using Preset             ; 0     ;
+----------------------------------------------+-------+


+-------------------------------------------------------------------------------------------------------------------------------------------------------------------------------------------------------+
; Multiplexer Restructuring Statistics (Restructuring Performed)                                                                                                                                        ;
+--------------------+-----------+---------------+----------------------+------------------------+------------+-----------------------------------------------------------------------------------------+
; Multiplexer Inputs ; Bus Width ; Baseline Area ; Area if Restructured ; Saving if Restructured ; Registered ; Example Multiplexer Output                                                              ;
+--------------------+-----------+---------------+----------------------+------------------------+------------+-----------------------------------------------------------------------------------------+
; 4:1                ; 2 bits    ; 4 LEs         ; 4 LEs                ; 0 LEs                  ; Yes        ; |Datapath_improved|Reg:Pc_Register|Q[0]                                                 ;
; 4:1                ; 30 bits   ; 60 LEs        ; 60 LEs               ; 0 LEs                  ; Yes        ; |Datapath_improved|Reg:Pc_Register|Q[3]                                                 ;
; 3:1                ; 8 bits    ; 16 LEs        ; 16 LEs               ; 0 LEs                  ; No         ; |Datapath_improved|Bit_Manipulation_Store:Bit_Manipulation_unit|Last_stage:Last|Mux0    ;
; 6:1                ; 8 bits    ; 32 LEs        ; 24 LEs               ; 8 LEs                  ; No         ; |Datapath_improved|Bit_Manipulation_Store:Bit_Manipulation_unit|Last_stage:Last|Mux63   ;
; 6:1                ; 8 bits    ; 32 LEs        ; 24 LEs               ; 8 LEs                  ; No         ; |Datapath_improved|Bit_Manipulation_Store:Bit_Manipulation_unit|Last_stage:Last|Mux49   ;
; 6:1                ; 8 bits    ; 32 LEs        ; 24 LEs               ; 8 LEs                  ; No         ; |Datapath_improved|Bit_Manipulation_Store:Bit_Manipulation_unit|Last_stage:Last|Mux45   ;
; 3:1                ; 11 bits   ; 22 LEs        ; 22 LEs               ; 0 LEs                  ; No         ; |Datapath_improved|ImmExt:Immediate_Extension|Mux29                                     ;
; 4:1                ; 8 bits    ; 16 LEs        ; 8 LEs                ; 8 LEs                  ; No         ; |Datapath_improved|Bit_Manipulation_Store:Bit_Manipulation_unit|First_stage:First|Mux40 ;
; 4:1                ; 8 bits    ; 16 LEs        ; 8 LEs                ; 8 LEs                  ; No         ; |Datapath_improved|Bit_Manipulation_Store:Bit_Manipulation_unit|First_stage:First|Mux54 ;
; 4:1                ; 8 bits    ; 16 LEs        ; 8 LEs                ; 8 LEs                  ; No         ; |Datapath_improved|Bit_Manipulation_Store:Bit_Manipulation_unit|First_stage:First|Mux63 ;
; 4:1                ; 8 bits    ; 16 LEs        ; 8 LEs                ; 8 LEs                  ; No         ; |Datapath_improved|Bit_Manipulation_Store:Bit_Manipulation_unit|First_stage:First|Mux38 ;
; 33:1               ; 32 bits   ; 704 LEs       ; 704 LEs              ; 0 LEs                  ; No         ; |Datapath_improved|Reg_File:Register_File|R2[21]                                        ;
; 6:1                ; 6 bits    ; 24 LEs        ; 12 LEs               ; 12 LEs                 ; No         ; |Datapath_improved|ImmExt:Immediate_Extension|Mux8                                      ;
; 6:1                ; 4 bits    ; 16 LEs        ; 8 LEs                ; 8 LEs                  ; No         ; |Datapath_improved|ImmExt:Immediate_Extension|Mux0                                      ;
; 4:1                ; 16 bits   ; 32 LEs        ; 32 LEs               ; 0 LEs                  ; No         ; |Datapath_improved|Mux3:WriteBack_Mux|Mux5                                              ;
; 9:1                ; 7 bits    ; 42 LEs        ; 28 LEs               ; 14 LEs                 ; No         ; |Datapath_improved|Mux3:WriteBack_Mux|Mux31                                             ;
; 6:1                ; 8 bits    ; 32 LEs        ; 24 LEs               ; 8 LEs                  ; No         ; |Datapath_improved|Mux3:WriteBack_Mux|Mux16                                             ;
; 35:1               ; 32 bits   ; 736 LEs       ; 704 LEs              ; 32 LEs                 ; No         ; |Datapath_improved|Mux3:Alu_input_A_Mux|Mux26                                           ;
; 17:1               ; 7 bits    ; 77 LEs        ; 49 LEs               ; 28 LEs                 ; No         ; |Datapath_improved|ALU:Arithmetic_Logic_Unit|Mux22                                      ;
; 16:1               ; 7 bits    ; 70 LEs        ; 49 LEs               ; 21 LEs                 ; No         ; |Datapath_improved|ALU:Arithmetic_Logic_Unit|Mux14                                      ;
; 18:1               ; 4 bits    ; 48 LEs        ; 32 LEs               ; 16 LEs                 ; No         ; |Datapath_improved|ALU:Arithmetic_Logic_Unit|Mux24                                      ;
; 17:1               ; 4 bits    ; 44 LEs        ; 32 LEs               ; 12 LEs                 ; No         ; |Datapath_improved|ALU:Arithmetic_Logic_Unit|Mux5                                       ;
; 19:1               ; 2 bits    ; 24 LEs        ; 16 LEs               ; 8 LEs                  ; No         ; |Datapath_improved|ALU:Arithmetic_Logic_Unit|Mux28                                      ;
; 18:1               ; 2 bits    ; 24 LEs        ; 18 LEs               ; 6 LEs                  ; No         ; |Datapath_improved|ALU:Arithmetic_Logic_Unit|Mux3                                       ;
+--------------------+-----------+---------------+----------------------+------------------------+------------+-----------------------------------------------------------------------------------------+


+------------------------------------------------------------------------+
; Parameter Settings for User Entity Instance: ALU:Arithmetic_Logic_Unit ;
+----------------+-------+-----------------------------------------------+
; Parameter Name ; Value ; Type                                          ;
+----------------+-------+-----------------------------------------------+
; alu_bits       ; 32    ; Signed Integer                                ;
+----------------+-------+-----------------------------------------------+
Note: In order to hide this table in the UI and the text report file, please set the "Show Parameter Settings Tables in Synthesis Report" option in "Analysis and Synthesis Settings -> More Settings" to "Off".


+-----------------------------------------------------------------+
; Parameter Settings for User Entity Instance: Mux3:WriteBack_Mux ;
+----------------+-------+----------------------------------------+
; Parameter Name ; Value ; Type                                   ;
+----------------+-------+----------------------------------------+
; n              ; 32    ; Signed Integer                         ;
+----------------+-------+----------------------------------------+
Note: In order to hide this table in the UI and the text report file, please set the "Show Parameter Settings Tables in Synthesis Report" option in "Analysis and Synthesis Settings -> More Settings" to "Off".


+-------------------------------------------------------------------+
; Parameter Settings for User Entity Instance: Adder:Targer_Address ;
+----------------+-------+------------------------------------------+
; Parameter Name ; Value ; Type                                     ;
+----------------+-------+------------------------------------------+
; n              ; 32    ; Signed Integer                           ;
+----------------+-------+------------------------------------------+
Note: In order to hide this table in the UI and the text report file, please set the "Show Parameter Settings Tables in Synthesis Report" option in "Analysis and Synthesis Settings -> More Settings" to "Off".


+-----------------------------------------------------------------+
; Parameter Settings for User Entity Instance: Adder:PC_Plus_Four ;
+----------------+-------+----------------------------------------+
; Parameter Name ; Value ; Type                                   ;
+----------------+-------+----------------------------------------+
; n              ; 32    ; Signed Integer                         ;
+----------------+-------+----------------------------------------+
Note: In order to hide this table in the UI and the text report file, please set the "Show Parameter Settings Tables in Synthesis Report" option in "Analysis and Synthesis Settings -> More Settings" to "Off".


+----------------------------------------------------------------+
; Parameter Settings for User Entity Instance: Mux3:Pc_Selection ;
+----------------+-------+---------------------------------------+
; Parameter Name ; Value ; Type                                  ;
+----------------+-------+---------------------------------------+
; n              ; 32    ; Signed Integer                        ;
+----------------+-------+---------------------------------------+
Note: In order to hide this table in the UI and the text report file, please set the "Show Parameter Settings Tables in Synthesis Report" option in "Analysis and Synthesis Settings -> More Settings" to "Off".


+--------------------------------------------------------------+
; Parameter Settings for User Entity Instance: Reg:Pc_Register ;
+----------------+-------+-------------------------------------+
; Parameter Name ; Value ; Type                                ;
+----------------+-------+-------------------------------------+
; n              ; 32    ; Signed Integer                      ;
+----------------+-------+-------------------------------------+
Note: In order to hide this table in the UI and the text report file, please set the "Show Parameter Settings Tables in Synthesis Report" option in "Analysis and Synthesis Settings -> More Settings" to "Off".


+-------------------------------------------------------------------+
; Parameter Settings for User Entity Instance: Mux3:Alu_input_A_Mux ;
+----------------+-------+------------------------------------------+
; Parameter Name ; Value ; Type                                     ;
+----------------+-------+------------------------------------------+
; n              ; 32    ; Signed Integer                           ;
+----------------+-------+------------------------------------------+
Note: In order to hide this table in the UI and the text report file, please set the "Show Parameter Settings Tables in Synthesis Report" option in "Analysis and Synthesis Settings -> More Settings" to "Off".


+-------------------------------------------------------------------+
; Parameter Settings for User Entity Instance: Mux2:Alu_input_B_Mux ;
+----------------+-------+------------------------------------------+
; Parameter Name ; Value ; Type                                     ;
+----------------+-------+------------------------------------------+
; n              ; 32    ; Signed Integer                           ;
+----------------+-------+------------------------------------------+
Note: In order to hide this table in the UI and the text report file, please set the "Show Parameter Settings Tables in Synthesis Report" option in "Analysis and Synthesis Settings -> More Settings" to "Off".


+--------------------------------------------------+
; Port Connectivity Checks: "Mux3:Alu_input_A_Mux" ;
+------+-------+----------+------------------------+
; Port ; Type  ; Severity ; Details                ;
+------+-------+----------+------------------------+
; c    ; Input ; Info     ; Stuck at GND           ;
+------+-------+----------+------------------------+


+------------------------------------------------+
; Port Connectivity Checks: "Adder:PC_Plus_Four" ;
+----------+-------+----------+------------------+
; Port     ; Type  ; Severity ; Details          ;
+----------+-------+----------+------------------+
; b[31..3] ; Input ; Info     ; Stuck at GND     ;
; b[1..0]  ; Input ; Info     ; Stuck at GND     ;
; b[2]     ; Input ; Info     ; Stuck at VCC     ;
+----------+-------+----------+------------------+


+-------------------------------+
; Analysis & Synthesis Messages ;
+-------------------------------+
Info: *******************************************************************
Info: Running Quartus II Analysis & Synthesis
    Info: Version 9.1 Build 350 03/24/2010 Service Pack 2 SJ Web Edition
    Info: Processing started: Sun Nov 16 12:54:48 2025
Info: Command: quartus_map --read_settings_files=on --write_settings_files=off Datapath_improved -c Datapath_improved
Warning: Using design file datapath_improved.vhd, which is not specified as a design file for the current project, but contains definitions for 2 design units and 1 entities in project
    Info: Found design unit 1: Datapath_improved-arch
    Info: Found entity 1: Datapath_improved
Info: Elaborating entity "Datapath_improved" for the top level hierarchy
Warning: Using design file reg_file.vhd, which is not specified as a design file for the current project, but contains definitions for 2 design units and 1 entities in project
    Info: Found design unit 1: Reg_File-arch
    Info: Found entity 1: Reg_File
Info: Elaborating entity "Reg_File" for hierarchy "Reg_File:Register_File"
Warning: Using design file alu.vhd, which is not specified as a design file for the current project, but contains definitions for 2 design units and 1 entities in project
    Info: Found design unit 1: Alu-arch
    Info: Found entity 1: ALU
Info: Elaborating entity "ALU" for hierarchy "ALU:Arithmetic_Logic_Unit"
Warning: Using design file adderss_shift.vhd, which is not specified as a design file for the current project, but contains definitions for 2 design units and 1 entities in project
    Info: Found design unit 1: Adderss_Shift-arch
    Info: Found entity 1: Adderss_Shift
Info: Elaborating entity "Adderss_Shift" for hierarchy "Adderss_Shift:Address_Bits_Shift"
Warning: Using design file bit_manipulation_store.vhd, which is not specified as a design file for the current project, but contains definitions for 2 design units and 1 entities in project
    Info: Found design unit 1: Bit_Manipulation_Store-arch
    Info: Found entity 1: Bit_Manipulation_Store
Info: Elaborating entity "Bit_Manipulation_Store" for hierarchy "Bit_Manipulation_Store:Bit_Manipulation_unit"
Warning: Using design file first_stage.vhd, which is not specified as a design file for the current project, but contains definitions for 2 design units and 1 entities in project
    Info: Found design unit 1: First_stage-arch
    Info: Found entity 1: First_stage
Info: Elaborating entity "First_stage" for hierarchy "Bit_Manipulation_Store:Bit_Manipulation_unit|First_stage:First"
Warning: Using design file last_stage.vhd, which is not specified as a design file for the current project, but contains definitions for 2 design units and 1 entities in project
    Info: Found design unit 1: Last_stage-arch
    Info: Found entity 1: Last_stage
Info: Elaborating entity "Last_stage" for hierarchy "Bit_Manipulation_Store:Bit_Manipulation_unit|Last_stage:Last"
Warning: Using design file mem_signext.vhd, which is not specified as a design file for the current project, but contains definitions for 2 design units and 1 entities in project
    Info: Found design unit 1: Mem_SignExt-arch
    Info: Found entity 1: Mem_SignExt
Info: Elaborating entity "Mem_SignExt" for hierarchy "Mem_SignExt:Memory_Sign_Extension"
Warning (10492): VHDL Process Statement warning at mem_signext.vhd(33): signal "Mem_in" is read inside the Process Statement but isn't in the Process Statement's sensitivity list
Warning (10492): VHDL Process Statement warning at mem_signext.vhd(38): signal "Mem_in" is read inside the Process Statement but isn't in the Process Statement's sensitivity list
Warning (10492): VHDL Process Statement warning at mem_signext.vhd(39): signal "Mem_in" is read inside the Process Statement but isn't in the Process Statement's sensitivity list
Warning: Using design file mux3.vhd, which is not specified as a design file for the current project, but contains definitions for 2 design units and 1 entities in project
    Info: Found design unit 1: Mux3-arch
    Info: Found entity 1: Mux3
Info: Elaborating entity "Mux3" for hierarchy "Mux3:WriteBack_Mux"
Warning: Using design file immext.vhd, which is not specified as a design file for the current project, but contains definitions for 2 design units and 1 entities in project
    Info: Found design unit 1: ImmExt-arch
    Info: Found entity 1: ImmExt
Info: Elaborating entity "ImmExt" for hierarchy "ImmExt:Immediate_Extension"
Warning: Using design file adder.vhd, which is not specified as a design file for the current project, but contains definitions for 2 design units and 1 entities in project
    Info: Found design unit 1: adder-arch
    Info: Found entity 1: adder
Info: Elaborating entity "Adder" for hierarchy "Adder:Targer_Address"
Warning: Using design file reg.vhd, which is not specified as a design file for the current project, but contains definitions for 2 design units and 1 entities in project
    Info: Found design unit 1: Reg-arch
    Info: Found entity 1: Reg
Info: Elaborating entity "Reg" for hierarchy "Reg:Pc_Register"
Warning: Using design file mux2.vhd, which is not specified as a design file for the current project, but contains definitions for 2 design units and 1 entities in project
    Info: Found design unit 1: Mux2-arch
    Info: Found entity 1: Mux2
Info: Elaborating entity "Mux2" for hierarchy "Mux2:Alu_input_B_Mux"
Warning: Tri-state node(s) do not directly drive top-level pin(s)
    Warning: Converted tri-state buffer "Mux3:Alu_input_A_Mux|Z[0]" feeding internal logic into a wire
    Warning: Converted tri-state buffer "Mux3:Alu_input_A_Mux|Z[1]" feeding internal logic into a wire
    Warning: Converted tri-state buffer "Mux3:Alu_input_A_Mux|Z[2]" feeding internal logic into a wire
    Warning: Converted tri-state buffer "Mux3:Alu_input_A_Mux|Z[3]" feeding internal logic into a wire
    Warning: Converted tri-state buffer "Mux3:Alu_input_A_Mux|Z[4]" feeding internal logic into a wire
    Warning: Converted tri-state buffer "Mux3:Alu_input_A_Mux|Z[5]" feeding internal logic into a wire
    Warning: Converted tri-state buffer "Mux3:Alu_input_A_Mux|Z[6]" feeding internal logic into a wire
    Warning: Converted tri-state buffer "Mux3:Alu_input_A_Mux|Z[7]" feeding internal logic into a wire
    Warning: Converted tri-state buffer "Mux3:Alu_input_A_Mux|Z[8]" feeding internal logic into a wire
    Warning: Converted tri-state buffer "Mux3:Alu_input_A_Mux|Z[9]" feeding internal logic into a wire
    Warning: Converted tri-state buffer "Mux3:Alu_input_A_Mux|Z[10]" feeding internal logic into a wire
    Warning: Converted tri-state buffer "Mux3:Alu_input_A_Mux|Z[11]" feeding internal logic into a wire
    Warning: Converted tri-state buffer "Mux3:Alu_input_A_Mux|Z[12]" feeding internal logic into a wire
    Warning: Converted tri-state buffer "Mux3:Alu_input_A_Mux|Z[13]" feeding internal logic into a wire
    Warning: Converted tri-state buffer "Mux3:Alu_input_A_Mux|Z[14]" feeding internal logic into a wire
    Warning: Converted tri-state buffer "Mux3:Alu_input_A_Mux|Z[15]" feeding internal logic into a wire
    Warning: Converted tri-state buffer "Mux3:Alu_input_A_Mux|Z[16]" feeding internal logic into a wire
    Warning: Converted tri-state buffer "Mux3:Alu_input_A_Mux|Z[17]" feeding internal logic into a wire
    Warning: Converted tri-state buffer "Mux3:Alu_input_A_Mux|Z[18]" feeding internal logic into a wire
    Warning: Converted tri-state buffer "Mux3:Alu_input_A_Mux|Z[19]" feeding internal logic into a wire
    Warning: Converted tri-state buffer "Mux3:Alu_input_A_Mux|Z[20]" feeding internal logic into a wire
    Warning: Converted tri-state buffer "Mux3:Alu_input_A_Mux|Z[21]" feeding internal logic into a wire
    Warning: Converted tri-state buffer "Mux3:Alu_input_A_Mux|Z[22]" feeding internal logic into a wire
    Warning: Converted tri-state buffer "Mux3:Alu_input_A_Mux|Z[23]" feeding internal logic into a wire
    Warning: Converted tri-state buffer "Mux3:Alu_input_A_Mux|Z[24]" feeding internal logic into a wire
    Warning: Converted tri-state buffer "Mux3:Alu_input_A_Mux|Z[25]" feeding internal logic into a wire
    Warning: Converted tri-state buffer "Mux3:Alu_input_A_Mux|Z[26]" feeding internal logic into a wire
    Warning: Converted tri-state buffer "Mux3:Alu_input_A_Mux|Z[27]" feeding internal logic into a wire
    Warning: Converted tri-state buffer "Mux3:Alu_input_A_Mux|Z[28]" feeding internal logic into a wire
    Warning: Converted tri-state buffer "Mux3:Alu_input_A_Mux|Z[29]" feeding internal logic into a wire
    Warning: Converted tri-state buffer "Mux3:Alu_input_A_Mux|Z[30]" feeding internal logic into a wire
    Warning: Converted tri-state buffer "Mux3:Alu_input_A_Mux|Z[31]" feeding internal logic into a wire
    Warning: Converted tri-state buffer "Mux3:Pc_Selection|Z[0]" feeding internal logic into a wire
    Warning: Converted tri-state buffer "Mux3:Pc_Selection|Z[1]" feeding internal logic into a wire
    Warning: Converted tri-state buffer "Mux3:Pc_Selection|Z[2]" feeding internal logic into a wire
    Warning: Converted tri-state buffer "Mux3:Pc_Selection|Z[3]" feeding internal logic into a wire
    Warning: Converted tri-state buffer "Mux3:Pc_Selection|Z[4]" feeding internal logic into a wire
    Warning: Converted tri-state buffer "Mux3:Pc_Selection|Z[5]" feeding internal logic into a wire
    Warning: Converted tri-state buffer "Mux3:Pc_Selection|Z[6]" feeding internal logic into a wire
    Warning: Converted tri-state buffer "Mux3:Pc_Selection|Z[7]" feeding internal logic into a wire
    Warning: Converted tri-state buffer "Mux3:Pc_Selection|Z[8]" feeding internal logic into a wire
    Warning: Converted tri-state buffer "Mux3:Pc_Selection|Z[9]" feeding internal logic into a wire
    Warning: Converted tri-state buffer "Mux3:Pc_Selection|Z[10]" feeding internal logic into a wire
    Warning: Converted tri-state buffer "Mux3:Pc_Selection|Z[11]" feeding internal logic into a wire
    Warning: Converted tri-state buffer "Mux3:Pc_Selection|Z[12]" feeding internal logic into a wire
    Warning: Converted tri-state buffer "Mux3:Pc_Selection|Z[13]" feeding internal logic into a wire
    Warning: Converted tri-state buffer "Mux3:Pc_Selection|Z[14]" feeding internal logic into a wire
    Warning: Converted tri-state buffer "Mux3:Pc_Selection|Z[15]" feeding internal logic into a wire
    Warning: Converted tri-state buffer "Mux3:Pc_Selection|Z[16]" feeding internal logic into a wire
    Warning: Converted tri-state buffer "Mux3:Pc_Selection|Z[17]" feeding internal logic into a wire
    Warning: Converted tri-state buffer "Mux3:Pc_Selection|Z[18]" feeding internal logic into a wire
    Warning: Converted tri-state buffer "Mux3:Pc_Selection|Z[19]" feeding internal logic into a wire
    Warning: Converted tri-state buffer "Mux3:Pc_Selection|Z[20]" feeding internal logic into a wire
    Warning: Converted tri-state buffer "Mux3:Pc_Selection|Z[21]" feeding internal logic into a wire
    Warning: Converted tri-state buffer "Mux3:Pc_Selection|Z[22]" feeding internal logic into a wire
    Warning: Converted tri-state buffer "Mux3:Pc_Selection|Z[23]" feeding internal logic into a wire
    Warning: Converted tri-state buffer "Mux3:Pc_Selection|Z[24]" feeding internal logic into a wire
    Warning: Converted tri-state buffer "Mux3:Pc_Selection|Z[25]" feeding internal logic into a wire
    Warning: Converted tri-state buffer "Mux3:Pc_Selection|Z[26]" feeding internal logic into a wire
    Warning: Converted tri-state buffer "Mux3:Pc_Selection|Z[27]" feeding internal logic into a wire
    Warning: Converted tri-state buffer "Mux3:Pc_Selection|Z[28]" feeding internal logic into a wire
    Warning: Converted tri-state buffer "Mux3:Pc_Selection|Z[29]" feeding internal logic into a wire
    Warning: Converted tri-state buffer "Mux3:Pc_Selection|Z[30]" feeding internal logic into a wire
    Warning: Converted tri-state buffer "Mux3:Pc_Selection|Z[31]" feeding internal logic into a wire
    Warning: Converted tri-state buffer "ImmExt:Immediate_Extension|Imm_Extended[0]" feeding internal logic into a wire
    Warning: Converted tri-state buffer "ImmExt:Immediate_Extension|Imm_Extended[1]" feeding internal logic into a wire
    Warning: Converted tri-state buffer "ImmExt:Immediate_Extension|Imm_Extended[2]" feeding internal logic into a wire
    Warning: Converted tri-state buffer "ImmExt:Immediate_Extension|Imm_Extended[3]" feeding internal logic into a wire
    Warning: Converted tri-state buffer "ImmExt:Immediate_Extension|Imm_Extended[4]" feeding internal logic into a wire
    Warning: Converted tri-state buffer "ImmExt:Immediate_Extension|Imm_Extended[5]" feeding internal logic into a wire
    Warning: Converted tri-state buffer "ImmExt:Immediate_Extension|Imm_Extended[6]" feeding internal logic into a wire
    Warning: Converted tri-state buffer "ImmExt:Immediate_Extension|Imm_Extended[7]" feeding internal logic into a wire
    Warning: Converted tri-state buffer "ImmExt:Immediate_Extension|Imm_Extended[8]" feeding internal logic into a wire
    Warning: Converted tri-state buffer "ImmExt:Immediate_Extension|Imm_Extended[9]" feeding internal logic into a wire
    Warning: Converted tri-state buffer "ImmExt:Immediate_Extension|Imm_Extended[10]" feeding internal logic into a wire
    Warning: Converted tri-state buffer "ImmExt:Immediate_Extension|Imm_Extended[11]" feeding internal logic into a wire
    Warning: Converted tri-state buffer "ImmExt:Immediate_Extension|Imm_Extended[12]" feeding internal logic into a wire
    Warning: Converted tri-state buffer "ImmExt:Immediate_Extension|Imm_Extended[13]" feeding internal logic into a wire
    Warning: Converted tri-state buffer "ImmExt:Immediate_Extension|Imm_Extended[14]" feeding internal logic into a wire
    Warning: Converted tri-state buffer "ImmExt:Immediate_Extension|Imm_Extended[15]" feeding internal logic into a wire
    Warning: Converted tri-state buffer "ImmExt:Immediate_Extension|Imm_Extended[16]" feeding internal logic into a wire
    Warning: Converted tri-state buffer "ImmExt:Immediate_Extension|Imm_Extended[17]" feeding internal logic into a wire
    Warning: Converted tri-state buffer "ImmExt:Immediate_Extension|Imm_Extended[18]" feeding internal logic into a wire
    Warning: Converted tri-state buffer "ImmExt:Immediate_Extension|Imm_Extended[19]" feeding internal logic into a wire
    Warning: Converted tri-state buffer "ImmExt:Immediate_Extension|Imm_Extended[20]" feeding internal logic into a wire
    Warning: Converted tri-state buffer "ImmExt:Immediate_Extension|Imm_Extended[21]" feeding internal logic into a wire
    Warning: Converted tri-state buffer "ImmExt:Immediate_Extension|Imm_Extended[22]" feeding internal logic into a wire
    Warning: Converted tri-state buffer "ImmExt:Immediate_Extension|Imm_Extended[23]" feeding internal logic into a wire
    Warning: Converted tri-state buffer "ImmExt:Immediate_Extension|Imm_Extended[24]" feeding internal logic into a wire
    Warning: Converted tri-state buffer "ImmExt:Immediate_Extension|Imm_Extended[25]" feeding internal logic into a wire
    Warning: Converted tri-state buffer "ImmExt:Immediate_Extension|Imm_Extended[26]" feeding internal logic into a wire
    Warning: Converted tri-state buffer "ImmExt:Immediate_Extension|Imm_Extended[27]" feeding internal logic into a wire
    Warning: Converted tri-state buffer "ImmExt:Immediate_Extension|Imm_Extended[28]" feeding internal logic into a wire
    Warning: Converted tri-state buffer "ImmExt:Immediate_Extension|Imm_Extended[29]" feeding internal logic into a wire
    Warning: Converted tri-state buffer "ImmExt:Immediate_Extension|Imm_Extended[30]" feeding internal logic into a wire
    Warning: Converted tri-state buffer "ImmExt:Immediate_Extension|Imm_Extended[31]" feeding internal logic into a wire
    Warning: Converted tri-state buffer "Mux3:WriteBack_Mux|Z[0]" feeding internal logic into a wire
    Warning: Converted tri-state buffer "Mux3:WriteBack_Mux|Z[1]" feeding internal logic into a wire
    Warning: Converted tri-state buffer "Mux3:WriteBack_Mux|Z[2]" feeding internal logic into a wire
    Warning: Converted tri-state buffer "Mux3:WriteBack_Mux|Z[3]" feeding internal logic into a wire
    Warning: Converted tri-state buffer "Mux3:WriteBack_Mux|Z[4]" feeding internal logic into a wire
    Warning: Converted tri-state buffer "Mux3:WriteBack_Mux|Z[5]" feeding internal logic into a wire
    Warning: Converted tri-state buffer "Mux3:WriteBack_Mux|Z[6]" feeding internal logic into a wire
    Warning: Converted tri-state buffer "Mux3:WriteBack_Mux|Z[7]" feeding internal logic into a wire
    Warning: Converted tri-state buffer "Mux3:WriteBack_Mux|Z[8]" feeding internal logic into a wire
    Warning: Converted tri-state buffer "Mux3:WriteBack_Mux|Z[9]" feeding internal logic into a wire
    Warning: Converted tri-state buffer "Mux3:WriteBack_Mux|Z[10]" feeding internal logic into a wire
    Warning: Converted tri-state buffer "Mux3:WriteBack_Mux|Z[11]" feeding internal logic into a wire
    Warning: Converted tri-state buffer "Mux3:WriteBack_Mux|Z[12]" feeding internal logic into a wire
    Warning: Converted tri-state buffer "Mux3:WriteBack_Mux|Z[13]" feeding internal logic into a wire
    Warning: Converted tri-state buffer "Mux3:WriteBack_Mux|Z[14]" feeding internal logic into a wire
    Warning: Converted tri-state buffer "Mux3:WriteBack_Mux|Z[15]" feeding internal logic into a wire
    Warning: Converted tri-state buffer "Mux3:WriteBack_Mux|Z[16]" feeding internal logic into a wire
    Warning: Converted tri-state buffer "Mux3:WriteBack_Mux|Z[17]" feeding internal logic into a wire
    Warning: Converted tri-state buffer "Mux3:WriteBack_Mux|Z[18]" feeding internal logic into a wire
    Warning: Converted tri-state buffer "Mux3:WriteBack_Mux|Z[19]" feeding internal logic into a wire
    Warning: Converted tri-state buffer "Mux3:WriteBack_Mux|Z[20]" feeding internal logic into a wire
    Warning: Converted tri-state buffer "Mux3:WriteBack_Mux|Z[21]" feeding internal logic into a wire
    Warning: Converted tri-state buffer "Mux3:WriteBack_Mux|Z[22]" feeding internal logic into a wire
    Warning: Converted tri-state buffer "Mux3:WriteBack_Mux|Z[23]" feeding internal logic into a wire
    Warning: Converted tri-state buffer "Mux3:WriteBack_Mux|Z[24]" feeding internal logic into a wire
    Warning: Converted tri-state buffer "Mux3:WriteBack_Mux|Z[25]" feeding internal logic into a wire
    Warning: Converted tri-state buffer "Mux3:WriteBack_Mux|Z[26]" feeding internal logic into a wire
    Warning: Converted tri-state buffer "Mux3:WriteBack_Mux|Z[27]" feeding internal logic into a wire
    Warning: Converted tri-state buffer "Mux3:WriteBack_Mux|Z[28]" feeding internal logic into a wire
    Warning: Converted tri-state buffer "Mux3:WriteBack_Mux|Z[29]" feeding internal logic into a wire
    Warning: Converted tri-state buffer "Mux3:WriteBack_Mux|Z[30]" feeding internal logic into a wire
    Warning: Converted tri-state buffer "Mux3:WriteBack_Mux|Z[31]" feeding internal logic into a wire
    Warning: Converted tri-state buffer "Mem_SignExt:Memory_Sign_Extension|To_Reg[0]" feeding internal logic into a wire
    Warning: Converted tri-state buffer "Mem_SignExt:Memory_Sign_Extension|To_Reg[1]" feeding internal logic into a wire
    Warning: Converted tri-state buffer "Mem_SignExt:Memory_Sign_Extension|To_Reg[2]" feeding internal logic into a wire
    Warning: Converted tri-state buffer "Mem_SignExt:Memory_Sign_Extension|To_Reg[3]" feeding internal logic into a wire
    Warning: Converted tri-state buffer "Mem_SignExt:Memory_Sign_Extension|To_Reg[4]" feeding internal logic into a wire
    Warning: Converted tri-state buffer "Mem_SignExt:Memory_Sign_Extension|To_Reg[5]" feeding internal logic into a wire
    Warning: Converted tri-state buffer "Mem_SignExt:Memory_Sign_Extension|To_Reg[6]" feeding internal logic into a wire
    Warning: Converted tri-state buffer "Mem_SignExt:Memory_Sign_Extension|To_Reg[7]" feeding internal logic into a wire
    Warning: Converted tri-state buffer "Mem_SignExt:Memory_Sign_Extension|To_Reg[8]" feeding internal logic into a wire
    Warning: Converted tri-state buffer "Mem_SignExt:Memory_Sign_Extension|To_Reg[9]" feeding internal logic into a wire
    Warning: Converted tri-state buffer "Mem_SignExt:Memory_Sign_Extension|To_Reg[10]" feeding internal logic into a wire
    Warning: Converted tri-state buffer "Mem_SignExt:Memory_Sign_Extension|To_Reg[11]" feeding internal logic into a wire
    Warning: Converted tri-state buffer "Mem_SignExt:Memory_Sign_Extension|To_Reg[12]" feeding internal logic into a wire
    Warning: Converted tri-state buffer "Mem_SignExt:Memory_Sign_Extension|To_Reg[13]" feeding internal logic into a wire
    Warning: Converted tri-state buffer "Mem_SignExt:Memory_Sign_Extension|To_Reg[14]" feeding internal logic into a wire
    Warning: Converted tri-state buffer "Mem_SignExt:Memory_Sign_Extension|To_Reg[15]" feeding internal logic into a wire
    Warning: Converted tri-state buffer "Mem_SignExt:Memory_Sign_Extension|To_Reg[16]" feeding internal logic into a wire
    Warning: Converted tri-state buffer "Mem_SignExt:Memory_Sign_Extension|To_Reg[17]" feeding internal logic into a wire
    Warning: Converted tri-state buffer "Mem_SignExt:Memory_Sign_Extension|To_Reg[18]" feeding internal logic into a wire
    Warning: Converted tri-state buffer "Mem_SignExt:Memory_Sign_Extension|To_Reg[19]" feeding internal logic into a wire
    Warning: Converted tri-state buffer "Mem_SignExt:Memory_Sign_Extension|To_Reg[20]" feeding internal logic into a wire
    Warning: Converted tri-state buffer "Mem_SignExt:Memory_Sign_Extension|To_Reg[21]" feeding internal logic into a wire
    Warning: Converted tri-state buffer "Mem_SignExt:Memory_Sign_Extension|To_Reg[22]" feeding internal logic into a wire
    Warning: Converted tri-state buffer "Mem_SignExt:Memory_Sign_Extension|To_Reg[23]" feeding internal logic into a wire
    Warning: Converted tri-state buffer "Mem_SignExt:Memory_Sign_Extension|To_Reg[24]" feeding internal logic into a wire
    Warning: Converted tri-state buffer "Mem_SignExt:Memory_Sign_Extension|To_Reg[25]" feeding internal logic into a wire
    Warning: Converted tri-state buffer "Mem_SignExt:Memory_Sign_Extension|To_Reg[26]" feeding internal logic into a wire
    Warning: Converted tri-state buffer "Mem_SignExt:Memory_Sign_Extension|To_Reg[27]" feeding internal logic into a wire
    Warning: Converted tri-state buffer "Mem_SignExt:Memory_Sign_Extension|To_Reg[28]" feeding internal logic into a wire
    Warning: Converted tri-state buffer "Mem_SignExt:Memory_Sign_Extension|To_Reg[29]" feeding internal logic into a wire
    Warning: Converted tri-state buffer "Mem_SignExt:Memory_Sign_Extension|To_Reg[30]" feeding internal logic into a wire
    Warning: Converted tri-state buffer "Mem_SignExt:Memory_Sign_Extension|To_Reg[31]" feeding internal logic into a wire
    Warning: Converted tri-state buffer "Bit_Manipulation_Store:Bit_Manipulation_unit|First_stage:First|A2[0]" feeding internal logic into a wire
    Warning: Converted tri-state buffer "Bit_Manipulation_Store:Bit_Manipulation_unit|First_stage:First|A2[1]" feeding internal logic into a wire
    Warning: Converted tri-state buffer "Bit_Manipulation_Store:Bit_Manipulation_unit|First_stage:First|A2[2]" feeding internal logic into a wire
    Warning: Converted tri-state buffer "Bit_Manipulation_Store:Bit_Manipulation_unit|First_stage:First|A2[3]" feeding internal logic into a wire
    Warning: Converted tri-state buffer "Bit_Manipulation_Store:Bit_Manipulation_unit|First_stage:First|A2[4]" feeding internal logic into a wire
    Warning: Converted tri-state buffer "Bit_Manipulation_Store:Bit_Manipulation_unit|First_stage:First|A2[5]" feeding internal logic into a wire
    Warning: Converted tri-state buffer "Bit_Manipulation_Store:Bit_Manipulation_unit|First_stage:First|A2[6]" feeding internal logic into a wire
    Warning: Converted tri-state buffer "Bit_Manipulation_Store:Bit_Manipulation_unit|First_stage:First|A2[7]" feeding internal logic into a wire
    Warning: Converted tri-state buffer "Bit_Manipulation_Store:Bit_Manipulation_unit|First_stage:First|A2[8]" feeding internal logic into a wire
    Warning: Converted tri-state buffer "Bit_Manipulation_Store:Bit_Manipulation_unit|First_stage:First|A2[9]" feeding internal logic into a wire
    Warning: Converted tri-state buffer "Bit_Manipulation_Store:Bit_Manipulation_unit|First_stage:First|A2[10]" feeding internal logic into a wire
    Warning: Converted tri-state buffer "Bit_Manipulation_Store:Bit_Manipulation_unit|First_stage:First|A2[11]" feeding internal logic into a wire
    Warning: Converted tri-state buffer "Bit_Manipulation_Store:Bit_Manipulation_unit|First_stage:First|A2[12]" feeding internal logic into a wire
    Warning: Converted tri-state buffer "Bit_Manipulation_Store:Bit_Manipulation_unit|First_stage:First|A2[13]" feeding internal logic into a wire
    Warning: Converted tri-state buffer "Bit_Manipulation_Store:Bit_Manipulation_unit|First_stage:First|A2[14]" feeding internal logic into a wire
    Warning: Converted tri-state buffer "Bit_Manipulation_Store:Bit_Manipulation_unit|First_stage:First|A2[15]" feeding internal logic into a wire
    Warning: Converted tri-state buffer "Bit_Manipulation_Store:Bit_Manipulation_unit|First_stage:First|A2[16]" feeding internal logic into a wire
    Warning: Converted tri-state buffer "Bit_Manipulation_Store:Bit_Manipulation_unit|First_stage:First|A2[17]" feeding internal logic into a wire
    Warning: Converted tri-state buffer "Bit_Manipulation_Store:Bit_Manipulation_unit|First_stage:First|A2[18]" feeding internal logic into a wire
    Warning: Converted tri-state buffer "Bit_Manipulation_Store:Bit_Manipulation_unit|First_stage:First|A2[19]" feeding internal logic into a wire
    Warning: Converted tri-state buffer "Bit_Manipulation_Store:Bit_Manipulation_unit|First_stage:First|A2[20]" feeding internal logic into a wire
    Warning: Converted tri-state buffer "Bit_Manipulation_Store:Bit_Manipulation_unit|First_stage:First|A2[21]" feeding internal logic into a wire
    Warning: Converted tri-state buffer "Bit_Manipulation_Store:Bit_Manipulation_unit|First_stage:First|A2[22]" feeding internal logic into a wire
    Warning: Converted tri-state buffer "Bit_Manipulation_Store:Bit_Manipulation_unit|First_stage:First|A2[23]" feeding internal logic into a wire
    Warning: Converted tri-state buffer "Bit_Manipulation_Store:Bit_Manipulation_unit|First_stage:First|A2[24]" feeding internal logic into a wire
    Warning: Converted tri-state buffer "Bit_Manipulation_Store:Bit_Manipulation_unit|First_stage:First|A2[25]" feeding internal logic into a wire
    Warning: Converted tri-state buffer "Bit_Manipulation_Store:Bit_Manipulation_unit|First_stage:First|A2[26]" feeding internal logic into a wire
    Warning: Converted tri-state buffer "Bit_Manipulation_Store:Bit_Manipulation_unit|First_stage:First|A2[27]" feeding internal logic into a wire
    Warning: Converted tri-state buffer "Bit_Manipulation_Store:Bit_Manipulation_unit|First_stage:First|A2[28]" feeding internal logic into a wire
    Warning: Converted tri-state buffer "Bit_Manipulation_Store:Bit_Manipulation_unit|First_stage:First|A2[29]" feeding internal logic into a wire
    Warning: Converted tri-state buffer "Bit_Manipulation_Store:Bit_Manipulation_unit|First_stage:First|A2[30]" feeding internal logic into a wire
    Warning: Converted tri-state buffer "Bit_Manipulation_Store:Bit_Manipulation_unit|First_stage:First|A2[31]" feeding internal logic into a wire
    Warning: Converted tri-state buffer "ALU:Arithmetic_Logic_Unit|Alu_LSB[1]" feeding internal logic into a wire
Warning: Tri-state node(s) do not directly drive top-level pin(s)
    Warning: Converted the fan-out from the tri-state buffer "ALU:Arithmetic_Logic_Unit|Alu_LSB[0]" to the node "Bit_Manipulation_Store:Bit_Manipulation_unit|Last_stage:Last|Data_out" into an OR gate
    Warning: Converted the fan-out from the tri-state buffer "ALU:Arithmetic_Logic_Unit|Alu_out[2]" to the node "ALU:Arithmetic_Logic_Unit|Equal0" into an OR gate
    Warning: Converted the fan-out from the tri-state buffer "ALU:Arithmetic_Logic_Unit|Alu_out[3]" to the node "ALU:Arithmetic_Logic_Unit|Equal0" into an OR gate
    Warning: Converted the fan-out from the tri-state buffer "ALU:Arithmetic_Logic_Unit|Alu_out[4]" to the node "ALU:Arithmetic_Logic_Unit|Equal0" into an OR gate
    Warning: Converted the fan-out from the tri-state buffer "ALU:Arithmetic_Logic_Unit|Alu_out[5]" to the node "ALU:Arithmetic_Logic_Unit|Equal0" into an OR gate
    Warning: Converted the fan-out from the tri-state buffer "ALU:Arithmetic_Logic_Unit|Alu_out[6]" to the node "ALU:Arithmetic_Logic_Unit|Equal0" into an OR gate
    Warning: Converted the fan-out from the tri-state buffer "ALU:Arithmetic_Logic_Unit|Alu_out[7]" to the node "ALU:Arithmetic_Logic_Unit|Equal0" into an OR gate
    Warning: Converted the fan-out from the tri-state buffer "ALU:Arithmetic_Logic_Unit|Alu_out[8]" to the node "ALU:Arithmetic_Logic_Unit|Equal0" into an OR gate
    Warning: Converted the fan-out from the tri-state buffer "ALU:Arithmetic_Logic_Unit|Alu_out[9]" to the node "ALU:Arithmetic_Logic_Unit|Equal0" into an OR gate
    Warning: Converted the fan-out from the tri-state buffer "ALU:Arithmetic_Logic_Unit|Alu_out[10]" to the node "ALU:Arithmetic_Logic_Unit|Equal0" into an OR gate
    Warning: Converted the fan-out from the tri-state buffer "ALU:Arithmetic_Logic_Unit|Alu_out[11]" to the node "ALU:Arithmetic_Logic_Unit|Equal0" into an OR gate
    Warning: Converted the fan-out from the tri-state buffer "ALU:Arithmetic_Logic_Unit|Alu_out[12]" to the node "ALU:Arithmetic_Logic_Unit|Equal0" into an OR gate
    Warning: Converted the fan-out from the tri-state buffer "ALU:Arithmetic_Logic_Unit|Alu_out[13]" to the node "ALU:Arithmetic_Logic_Unit|Equal0" into an OR gate
    Warning: Converted the fan-out from the tri-state buffer "ALU:Arithmetic_Logic_Unit|Alu_out[14]" to the node "ALU:Arithmetic_Logic_Unit|Equal0" into an OR gate
    Warning: Converted the fan-out from the tri-state buffer "ALU:Arithmetic_Logic_Unit|Alu_out[15]" to the node "ALU:Arithmetic_Logic_Unit|Equal0" into an OR gate
    Warning: Converted the fan-out from the tri-state buffer "ALU:Arithmetic_Logic_Unit|Alu_out[16]" to the node "ALU:Arithmetic_Logic_Unit|Equal0" into an OR gate
    Warning: Converted the fan-out from the tri-state buffer "ALU:Arithmetic_Logic_Unit|Alu_out[17]" to the node "ALU:Arithmetic_Logic_Unit|Equal0" into an OR gate
    Warning: Converted the fan-out from the tri-state buffer "ALU:Arithmetic_Logic_Unit|Alu_out[18]" to the node "ALU:Arithmetic_Logic_Unit|Equal0" into an OR gate
    Warning: Converted the fan-out from the tri-state buffer "ALU:Arithmetic_Logic_Unit|Alu_out[19]" to the node "ALU:Arithmetic_Logic_Unit|Equal0" into an OR gate
    Warning: Converted the fan-out from the tri-state buffer "ALU:Arithmetic_Logic_Unit|Alu_out[20]" to the node "ALU:Arithmetic_Logic_Unit|Equal0" into an OR gate
    Warning: Converted the fan-out from the tri-state buffer "ALU:Arithmetic_Logic_Unit|Alu_out[21]" to the node "ALU:Arithmetic_Logic_Unit|Equal0" into an OR gate
    Warning: Converted the fan-out from the tri-state buffer "ALU:Arithmetic_Logic_Unit|Alu_out[22]" to the node "ALU:Arithmetic_Logic_Unit|Equal0" into an OR gate
    Warning: Converted the fan-out from the tri-state buffer "ALU:Arithmetic_Logic_Unit|Alu_out[23]" to the node "ALU:Arithmetic_Logic_Unit|Equal0" into an OR gate
    Warning: Converted the fan-out from the tri-state buffer "ALU:Arithmetic_Logic_Unit|Alu_out[24]" to the node "ALU:Arithmetic_Logic_Unit|Equal0" into an OR gate
    Warning: Converted the fan-out from the tri-state buffer "ALU:Arithmetic_Logic_Unit|Alu_out[25]" to the node "ALU:Arithmetic_Logic_Unit|Equal0" into an OR gate
    Warning: Converted the fan-out from the tri-state buffer "ALU:Arithmetic_Logic_Unit|Alu_out[26]" to the node "ALU:Arithmetic_Logic_Unit|Equal0" into an OR gate
    Warning: Converted the fan-out from the tri-state buffer "ALU:Arithmetic_Logic_Unit|Alu_out[27]" to the node "ALU:Arithmetic_Logic_Unit|Equal0" into an OR gate
    Warning: Converted the fan-out from the tri-state buffer "ALU:Arithmetic_Logic_Unit|Alu_out[28]" to the node "ALU:Arithmetic_Logic_Unit|Equal0" into an OR gate
    Warning: Converted the fan-out from the tri-state buffer "ALU:Arithmetic_Logic_Unit|Alu_out[29]" to the node "ALU:Arithmetic_Logic_Unit|Equal0" into an OR gate
    Warning: Converted the fan-out from the tri-state buffer "ALU:Arithmetic_Logic_Unit|Alu_out[30]" to the node "ALU:Arithmetic_Logic_Unit|Equal0" into an OR gate
    Warning: Converted the fan-out from the tri-state buffer "ALU:Arithmetic_Logic_Unit|Alu_out[31]" to the node "ALU:Arithmetic_Logic_Unit|Equal0" into an OR gate
Warning: Output pins are stuck at VCC or GND
    Warning (13410): Pin "DataAdr[30]" is stuck at GND
    Warning (13410): Pin "DataAdr[31]" is stuck at GND
Warning: Design contains 8 input pin(s) that do not drive logic
    Warning (15610): No output dependent on input pin "Pc_clr"
    Warning (15610): No output dependent on input pin "Instruction[0]"
    Warning (15610): No output dependent on input pin "Instruction[1]"
    Warning (15610): No output dependent on input pin "Instruction[2]"
    Warning (15610): No output dependent on input pin "Instruction[3]"
    Warning (15610): No output dependent on input pin "Instruction[4]"
    Warning (15610): No output dependent on input pin "Instruction[5]"
    Warning (15610): No output dependent on input pin "Instruction[6]"
Info: Implemented 3704 device resources after synthesis - the final resource count might be different
    Info: Implemented 87 input pins
    Info: Implemented 98 output pins
    Info: Implemented 3519 logic cells
Info: Quartus II Analysis & Synthesis was successful. 0 errors, 254 warnings
    Info: Peak virtual memory: 254 megabytes
    Info: Processing ended: Sun Nov 16 12:55:12 2025
    Info: Elapsed time: 00:00:24
    Info: Total CPU time (on all processors): 00:00:23


