\BOOKMARK [0][-]{chapter.1}{\376\377\000I\000n\000t\000r\000o\000d\000u\000c\000t\000i\000o\000n}{}% 1
\BOOKMARK [0][-]{chapter.2}{\376\377\000R\000I\000S\000C\000-\000V\000\040\000T\000h\000e\000o\000r\000e\000t\000i\000c\000a\000l\000\040\000B\000a\000c\000k\000g\000r\000o\000u\000n\000d\000\040\000\046\000\040\000S\000y\000s\000t\000e\000m\000\040\000A\000r\000c\000h\000i\000t\000e\000c\000t\000u\000r\000e}{}% 2
\BOOKMARK [1][-]{section.2.1}{\376\377\000I\000n\000t\000r\000o\000d\000u\000c\000t\000i\000o\000n}{chapter.2}% 3
\BOOKMARK [1][-]{section.2.2}{\376\377\000R\000I\000S\000C\000-\000V\000\040\000I\000n\000s\000t\000r\000u\000c\000t\000i\000o\000n\000\040\000S\000e\000t\000\040\000A\000r\000c\000h\000i\000t\000e\000c\000t\000u\000r\000e}{chapter.2}% 4
\BOOKMARK [2][-]{subsection.2.2.1}{\376\377\000H\000i\000s\000t\000o\000r\000y\000\040\000a\000n\000d\000\040\000O\000r\000i\000g\000i\000n}{section.2.2}% 5
\BOOKMARK [2][-]{subsection.2.2.2}{\376\377\000D\000e\000s\000i\000g\000n\000\040\000P\000h\000i\000l\000o\000s\000o\000p\000h\000y}{section.2.2}% 6
\BOOKMARK [2][-]{subsection.2.2.3}{\376\377\000R\000V\0003\0002\000I\000\040\000I\000n\000s\000t\000r\000u\000c\000t\000i\000o\000n\000\040\000F\000o\000r\000m\000a\000t\000s}{section.2.2}% 7
\BOOKMARK [1][-]{section.2.3}{\376\377\000P\000r\000o\000c\000e\000s\000s\000o\000r\000\040\000D\000e\000s\000i\000g\000n\000\040\000C\000o\000n\000c\000e\000p\000t\000s}{chapter.2}% 8
\BOOKMARK [2][-]{subsection.2.3.1}{\376\377\000V\000o\000n\000\040\000N\000e\000u\000m\000a\000n\000n\000\040\000v\000s\000.\000\040\000H\000a\000r\000v\000a\000r\000d\000\040\000A\000r\000c\000h\000i\000t\000e\000c\000t\000u\000r\000e}{section.2.3}% 9
\BOOKMARK [2][-]{subsection.2.3.2}{\376\377\000S\000i\000n\000g\000l\000e\000-\000C\000y\000c\000l\000e\000\040\000v\000s\000.\000\040\000P\000i\000p\000e\000l\000i\000n\000e\000d\000\040\000E\000x\000e\000c\000u\000t\000i\000o\000n}{section.2.3}% 10
\BOOKMARK [1][-]{section.2.4}{\376\377\000T\000o\000p\000-\000L\000e\000v\000e\000l\000\040\000A\000r\000c\000h\000i\000t\000e\000c\000t\000u\000r\000e}{chapter.2}% 11
\BOOKMARK [1][-]{section.2.5}{\376\377\000P\000i\000p\000e\000l\000i\000n\000e\000\040\000S\000t\000a\000g\000e\000s}{chapter.2}% 12
\BOOKMARK [2][-]{subsection.2.5.1}{\376\377\000I\000n\000s\000t\000r\000u\000c\000t\000i\000o\000n\000\040\000F\000e\000t\000c\000h\000\040\000\050\000I\000F\000\051}{section.2.5}% 13
\BOOKMARK [2][-]{subsection.2.5.2}{\376\377\000I\000n\000s\000t\000r\000u\000c\000t\000i\000o\000n\000\040\000D\000e\000c\000o\000d\000e\000\040\000\050\000I\000D\000\051}{section.2.5}% 14
\BOOKMARK [2][-]{subsection.2.5.3}{\376\377\000E\000x\000e\000c\000u\000t\000e\000\040\000\050\000E\000X\000\051}{section.2.5}% 15
\BOOKMARK [2][-]{subsection.2.5.4}{\376\377\000M\000e\000m\000o\000r\000y\000\040\000A\000c\000c\000e\000s\000s\000\040\000\050\000M\000E\000M\000\051}{section.2.5}% 16
\BOOKMARK [2][-]{subsection.2.5.5}{\376\377\000W\000r\000i\000t\000e\000-\000B\000a\000c\000k\000\040\000\050\000W\000B\000\051}{section.2.5}% 17
\BOOKMARK [1][-]{section.2.6}{\376\377\000H\000a\000z\000a\000r\000d\000\040\000U\000n\000i\000t}{chapter.2}% 18
\BOOKMARK [2][-]{subsection.2.6.1}{\376\377\000D\000a\000t\000a\000\040\000H\000a\000z\000a\000r\000d\000s\000\040\000a\000n\000d\000\040\000F\000o\000r\000w\000a\000r\000d\000i\000n\000g}{section.2.6}% 19
\BOOKMARK [2][-]{subsection.2.6.2}{\376\377\000L\000o\000a\000d\000-\000U\000s\000e\000\040\000H\000a\000z\000a\000r\000d\000s}{section.2.6}% 20
\BOOKMARK [2][-]{subsection.2.6.3}{\376\377\000C\000o\000n\000t\000r\000o\000l\000\040\000H\000a\000z\000a\000r\000d\000s}{section.2.6}% 21
\BOOKMARK [1][-]{section.2.7}{\376\377\000C\000o\000n\000c\000l\000u\000s\000i\000o\000n}{chapter.2}% 22
\BOOKMARK [0][-]{chapter.3}{\376\377\000I\000m\000p\000l\000e\000m\000e\000n\000t\000a\000t\000i\000o\000n\000\040\000\046\000\040\000V\000e\000r\000i\000f\000i\000c\000a\000t\000i\000o\000n}{}% 23
\BOOKMARK [1][-]{section.3.1}{\376\377\000I\000n\000t\000r\000o\000d\000u\000c\000t\000i\000o\000n}{chapter.3}% 24
\BOOKMARK [1][-]{section.3.2}{\376\377\000V\000H\000D\000L\000\040\000D\000e\000s\000i\000g\000n\000\040\000O\000r\000g\000a\000n\000i\000z\000a\000t\000i\000o\000n}{chapter.3}% 25
\BOOKMARK [1][-]{section.3.3}{\376\377\000P\000i\000p\000e\000l\000i\000n\000e\000\040\000R\000e\000g\000i\000s\000t\000e\000r\000\040\000I\000m\000p\000l\000e\000m\000e\000n\000t\000a\000t\000i\000o\000n}{chapter.3}% 26
\BOOKMARK [1][-]{section.3.4}{\376\377\000C\000o\000n\000t\000r\000o\000l\000\040\000U\000n\000i\000t\000\040\000I\000m\000p\000l\000e\000m\000e\000n\000t\000a\000t\000i\000o\000n}{chapter.3}% 27
\BOOKMARK [2][-]{subsection.3.4.1}{\376\377\000C\000o\000n\000t\000r\000o\000l\000\040\000B\000u\000s\000\040\000P\000i\000p\000e\000l\000i\000n\000i\000n\000g}{section.3.4}% 28
\BOOKMARK [1][-]{section.3.5}{\376\377\000D\000a\000t\000a\000p\000a\000t\000h\000\040\000I\000m\000p\000l\000e\000m\000e\000n\000t\000a\000t\000i\000o\000n}{chapter.3}% 29
\BOOKMARK [2][-]{subsection.3.5.1}{\376\377\000F\000e\000t\000c\000h\000\040\000S\000t\000a\000g\000e}{section.3.5}% 30
\BOOKMARK [2][-]{subsection.3.5.2}{\376\377\000D\000e\000c\000o\000d\000e\000\040\000S\000t\000a\000g\000e}{section.3.5}% 31
\BOOKMARK [2][-]{subsection.3.5.3}{\376\377\000E\000x\000e\000c\000u\000t\000e\000\040\000S\000t\000a\000g\000e}{section.3.5}% 32
\BOOKMARK [2][-]{subsection.3.5.4}{\376\377\000M\000e\000m\000o\000r\000y\000\040\000S\000t\000a\000g\000e}{section.3.5}% 33
\BOOKMARK [2][-]{subsection.3.5.5}{\376\377\000W\000r\000i\000t\000e\000-\000B\000a\000c\000k\000\040\000S\000t\000a\000g\000e}{section.3.5}% 34
\BOOKMARK [1][-]{section.3.6}{\376\377\000H\000a\000z\000a\000r\000d\000\040\000U\000n\000i\000t\000\040\000I\000m\000p\000l\000e\000m\000e\000n\000t\000a\000t\000i\000o\000n}{chapter.3}% 35
\BOOKMARK [2][-]{subsection.3.6.1}{\376\377\000F\000o\000r\000w\000a\000r\000d\000i\000n\000g\000\040\000L\000o\000g\000i\000c}{section.3.6}% 36
\BOOKMARK [2][-]{subsection.3.6.2}{\376\377\000L\000o\000a\000d\000-\000U\000s\000e\000\040\000S\000t\000a\000l\000l}{section.3.6}% 37
\BOOKMARK [2][-]{subsection.3.6.3}{\376\377\000C\000o\000n\000t\000r\000o\000l\000\040\000H\000a\000z\000a\000r\000d\000\040\000F\000l\000u\000s\000h}{section.3.6}% 38
\BOOKMARK [1][-]{section.3.7}{\376\377\000T\000o\000o\000l\000c\000h\000a\000i\000n\000\040\000a\000n\000d\000\040\000P\000r\000o\000g\000r\000a\000m\000\040\000L\000o\000a\000d\000i\000n\000g}{chapter.3}% 39
\BOOKMARK [1][-]{section.3.8}{\376\377\000S\000i\000m\000u\000l\000a\000t\000i\000o\000n\000\040\000E\000n\000v\000i\000r\000o\000n\000m\000e\000n\000t}{chapter.3}% 40
\BOOKMARK [2][-]{subsection.3.8.1}{\376\377\000T\000e\000s\000t\000b\000e\000n\000c\000h}{section.3.8}% 41
\BOOKMARK [1][-]{section.3.9}{\376\377\000V\000e\000r\000i\000f\000i\000c\000a\000t\000i\000o\000n\000\040\000T\000e\000s\000t\000s}{chapter.3}% 42
\BOOKMARK [2][-]{subsection.3.9.1}{\376\377\000T\000e\000s\000t\000\040\0001\000\040\040\024\000\040\000S\000u\000m\000\040\000A\000r\000r\000a\000y}{section.3.9}% 43
\BOOKMARK [2][-]{subsection.3.9.2}{\376\377\000T\000e\000s\000t\000\040\0002\000\040\040\024\000\040\000M\000u\000l\000t\000i\000-\000F\000u\000n\000c\000t\000i\000o\000n}{section.3.9}% 44
\BOOKMARK [1][-]{section.3.10}{\376\377\000C\000o\000n\000c\000l\000u\000s\000i\000o\000n}{chapter.3}% 45
\BOOKMARK [0][-]{chapter.4}{\376\377\000I\000D\000S\000\040\000T\000h\000e\000o\000r\000e\000t\000i\000c\000a\000l\000\040\000B\000a\000c\000k\000g\000r\000o\000u\000n\000d\000\040\000\046\000\040\000S\000y\000s\000t\000e\000m\000\040\000A\000r\000c\000h\000i\000t\000e\000c\000t\000u\000r\000e}{}% 46
\BOOKMARK [1][-]{section.4.1}{\376\377\000I\000n\000t\000r\000o\000d\000u\000c\000t\000i\000o\000n}{chapter.4}% 47
\BOOKMARK [1][-]{section.4.2}{\376\377\000D\000e\000s\000i\000g\000n\000\040\000P\000h\000i\000l\000o\000s\000o\000p\000h\000y}{chapter.4}% 48
\BOOKMARK [1][-]{section.4.3}{\376\377\000T\000o\000p\000-\000L\000e\000v\000e\000l\000\040\000S\000t\000r\000u\000c\000t\000u\000r\000e}{chapter.4}% 49
\BOOKMARK [1][-]{section.4.4}{\376\377\000R\000M\000I\000I\000\040\000R\000e\000c\000e\000i\000v\000e\000r\000\040\000\050\000r\000m\000i\000i\000\137\000r\000x\000.\000v\000h\000d\000\051}{chapter.4}% 50
\BOOKMARK [1][-]{section.4.5}{\376\377\000E\000t\000h\000e\000r\000n\000e\000t\000\040\000P\000a\000r\000s\000e\000r\000\040\000\050\000e\000t\000h\000\137\000p\000a\000r\000s\000e\000r\000.\000v\000h\000d\000\051}{chapter.4}% 51
\BOOKMARK [1][-]{section.4.6}{\376\377\000F\000r\000a\000m\000e\000\040\000C\000o\000u\000n\000t\000e\000r\000\040\000\050\000f\000r\000a\000m\000e\000\137\000c\000o\000u\000n\000t\000e\000r\000.\000v\000h\000d\000\051}{chapter.4}% 52
\BOOKMARK [1][-]{section.4.7}{\376\377\000I\000P\000v\0004\000\040\000P\000a\000r\000s\000e\000r\000\040\000\050\000i\000p\000v\0004\000\137\000p\000a\000r\000s\000e\000r\000.\000v\000h\000d\000\051}{chapter.4}% 53
\BOOKMARK [1][-]{section.4.8}{\376\377\000I\000P\000v\0004\000\040\000C\000h\000e\000c\000k\000e\000r\000\040\000\050\000i\000p\000v\0004\000\137\000c\000h\000e\000c\000k\000e\000r\000.\000v\000h\000d\000\051}{chapter.4}% 54
\BOOKMARK [1][-]{section.4.9}{\376\377\000T\000C\000P\000\040\000P\000a\000r\000s\000e\000r\000\040\000\050\000t\000c\000p\000\137\000p\000a\000r\000s\000e\000r\000.\000v\000h\000d\000\051}{chapter.4}% 55
\BOOKMARK [1][-]{section.4.10}{\376\377\000T\000C\000P\000\040\000C\000h\000e\000c\000k\000e\000r\000\040\000\050\000t\000c\000p\000\137\000c\000h\000e\000c\000k\000e\000r\000.\000v\000h\000d\000\051}{chapter.4}% 56
\BOOKMARK [1][-]{section.4.11}{\376\377\000U\000D\000P\000\040\000P\000a\000r\000s\000e\000r\000\040\000\050\000u\000d\000p\000\137\000p\000a\000r\000s\000e\000r\000.\000v\000h\000d\000\051}{chapter.4}% 57
\BOOKMARK [1][-]{section.4.12}{\376\377\000U\000D\000P\000\040\000C\000h\000e\000c\000k\000e\000r\000\040\000\050\000u\000d\000p\000\137\000c\000h\000e\000c\000k\000e\000r\000.\000v\000h\000d\000\051}{chapter.4}% 58
\BOOKMARK [1][-]{section.4.13}{\376\377\000D\000e\000t\000e\000c\000t\000i\000o\000n\000\040\000R\000u\000l\000e\000s}{chapter.4}% 59
\BOOKMARK [2][-]{subsection.4.13.1}{\376\377\000I\000P\000v\0004\000\040\000R\000u\000l\000e\000s\000\040\000\050\000R\0001\040\023\000R\0001\0002\000\051}{section.4.13}% 60
\BOOKMARK [2][-]{subsection.4.13.2}{\376\377\000T\000C\000P\000\040\000R\000u\000l\000e\000s\000\040\000\050\000T\0001\040\023\000T\0005\000\051}{section.4.13}% 61
\BOOKMARK [2][-]{subsection.4.13.3}{\376\377\000U\000D\000P\000\040\000R\000u\000l\000e\000s\000\040\000\050\000U\0001\040\023\000U\0009\000\051}{section.4.13}% 62
\BOOKMARK [2][-]{subsection.4.13.4}{\376\377\000A\000l\000e\000r\000t\000\040\000W\000e\000i\000g\000h\000t\000i\000n\000g}{section.4.13}% 63
\BOOKMARK [0][-]{chapter.5}{\376\377\000I\000m\000p\000l\000e\000m\000e\000n\000t\000a\000t\000i\000o\000n\000\040\000\046\000\040\000T\000e\000s\000t\000i\000n\000g}{}% 64
\BOOKMARK [1][-]{section.5.1}{\376\377\000M\000e\000t\000h\000o\000d\000o\000l\000o\000g\000y}{chapter.5}% 65
\BOOKMARK [1][-]{section.5.2}{\376\377\000T\000e\000s\000t\000\040\000P\000r\000o\000c\000e\000d\000u\000r\000e\000s}{chapter.5}% 66
\BOOKMARK [1][-]{section.5.3}{\376\377\000I\000P\000v\0004\000\040\000C\000h\000e\000c\000k\000e\000r\000\040\000V\000e\000r\000i\000f\000i\000c\000a\000t\000i\000o\000n}{chapter.5}% 67
\BOOKMARK [1][-]{section.5.4}{\376\377\000T\000C\000P\000\040\000C\000h\000e\000c\000k\000e\000r\000\040\000V\000e\000r\000i\000f\000i\000c\000a\000t\000i\000o\000n}{chapter.5}% 68
\BOOKMARK [1][-]{section.5.5}{\376\377\000U\000D\000P\000\040\000C\000h\000e\000c\000k\000e\000r\000\040\000V\000e\000r\000i\000f\000i\000c\000a\000t\000i\000o\000n}{chapter.5}% 69
\BOOKMARK [0][-]{chapter.6}{\376\377\000S\000y\000s\000t\000e\000m\000\040\000I\000n\000t\000e\000g\000r\000a\000t\000i\000o\000n}{}% 70
\BOOKMARK [1][-]{section.6.1}{\376\377\000H\000a\000r\000d\000w\000a\000r\000e\000\040\000P\000l\000a\000t\000f\000o\000r\000m}{chapter.6}% 71
\BOOKMARK [1][-]{section.6.2}{\376\377\000P\000S\000-\000t\000o\000-\000P\000L\000\040\000P\000a\000c\000k\000e\000t\000\040\000F\000o\000r\000w\000a\000r\000d\000i\000n\000g}{chapter.6}% 72
\BOOKMARK [1][-]{section.6.3}{\376\377\000R\000I\000S\000C\000-\000V\000\040\000C\000o\000-\000P\000r\000o\000c\000e\000s\000s\000o\000r\000\040\000I\000n\000t\000e\000g\000r\000a\000t\000i\000o\000n}{chapter.6}% 73
\BOOKMARK [2][-]{subsection.6.3.1}{\376\377\000S\000h\000a\000r\000e\000d\000\040\000R\000e\000g\000i\000s\000t\000e\000r\000\040\000B\000a\000n\000k}{section.6.3}% 74
\BOOKMARK [2][-]{subsection.6.3.2}{\376\377\000A\000d\000a\000p\000t\000i\000v\000e\000\040\000T\000h\000r\000e\000a\000t\000\040\000S\000c\000o\000r\000i\000n\000g}{section.6.3}% 75
\BOOKMARK [2][-]{subsection.6.3.3}{\376\377\000U\000A\000R\000T\000\040\000A\000l\000e\000r\000t\000\040\000O\000u\000t\000p\000u\000t}{section.6.3}% 76
\BOOKMARK [1][-]{section.6.4}{\376\377\000P\000a\000c\000k\000e\000t\000\040\000C\000a\000p\000t\000u\000r\000e\000\040\000M\000o\000d\000u\000l\000e\000\040\000\050\000p\000a\000c\000k\000e\000t\000\137\000c\000a\000p\000t\000u\000r\000e\000.\000v\000h\000d\000\051}{chapter.6}% 77
\BOOKMARK [1][-]{section.6.5}{\376\377\000F\000u\000t\000u\000r\000e\000\040\000H\000a\000r\000d\000w\000a\000r\000e\000\040\000I\000n\000t\000e\000g\000r\000a\000t\000i\000o\000n}{chapter.6}% 78
\BOOKMARK [0][-]{chapter.7}{\376\377\000C\000o\000n\000c\000l\000u\000s\000i\000o\000n}{}% 79
\BOOKMARK [1][-]{section.7.1}{\376\377\000S\000u\000m\000m\000a\000r\000y\000\040\000o\000f\000\040\000A\000c\000h\000i\000e\000v\000e\000m\000e\000n\000t\000s}{chapter.7}% 80
\BOOKMARK [1][-]{section.7.2}{\376\377\000A\000c\000a\000d\000e\000m\000i\000c\000\040\000C\000o\000n\000t\000r\000i\000b\000u\000t\000i\000o\000n}{chapter.7}% 81
\BOOKMARK [1][-]{section.7.3}{\376\377\000L\000i\000m\000i\000t\000a\000t\000i\000o\000n\000s}{chapter.7}% 82
\BOOKMARK [1][-]{section.7.4}{\376\377\000F\000u\000t\000u\000r\000e\000\040\000W\000o\000r\000k}{chapter.7}% 83
