
*** Running vivado
    with args -log P_Processor_Hazard.vds -m64 -product Vivado -mode batch -messageDb vivado.pb -notrace -source P_Processor_Hazard.tcl



****** Vivado v2025.2 (64-bit)
  **** SW Build 6299465 on Fri Nov 14 19:35:11 GMT 2025
  **** IP Build 6300035 on Fri Nov 14 10:48:45 MST 2025
  **** SharedData Build 6298862 on Thu Nov 13 04:50:51 MST 2025
  **** Start of session at: Tue May 26 02:11:19 2026
    ** Copyright 1986-2022 Xilinx, Inc. All Rights Reserved.
    ** Copyright 2022-2025 Advanced Micro Devices, Inc. All Rights Reserved.

source P_Processor_Hazard.tcl -notrace
create_project: Time (s): cpu = 00:00:09 ; elapsed = 00:00:06 . Memory (MB): peak = 523.578 ; gain = 221.180
Command: synth_design -top P_Processor_Hazard -part xc7z020clg400-1
Starting synth_design
Attempting to get a license for feature 'Synthesis' and/or device 'xc7z020'
INFO: [Common 17-349] Got license for feature 'Synthesis' and/or device 'xc7z020'
INFO: [Synth 8-7079] Multithreading enabled for synth_design using a maximum of 2 processes.
INFO: [Synth 8-7078] Launching helper process for spawning children vivado processes
INFO: [Synth 8-7075] Helper process launched with PID 15312
---------------------------------------------------------------------------------
Starting Synthesize : Time (s): cpu = 00:00:04 ; elapsed = 00:00:05 . Memory (MB): peak = 1065.238 ; gain = 538.734
---------------------------------------------------------------------------------
INFO: [Synth 8-638] synthesizing module 'P_Processor_Hazard' [D:/Work and shit/Github/Files/BigDcore/Final Project_git/CPU/Pipelined BigD Core/P_Processor_Hazard/p_processor_hazard.vhd:17]
INFO: [Synth 8-3491] module 'P_Datapath' declared at 'D:/Work and shit/Github/Files/BigDcore/Final Project_git/CPU/Pipelined BigD Core/P_Processor_Hazard/p_datapath.vhd:11' bound to instance 'Datapath' of component 'P_Datapath' [D:/Work and shit/Github/Files/BigDcore/Final Project_git/CPU/Pipelined BigD Core/P_Processor_Hazard/p_processor_hazard.vhd:106]
INFO: [Synth 8-638] synthesizing module 'P_Datapath' [D:/Work and shit/Github/Files/BigDcore/Final Project_git/CPU/Pipelined BigD Core/P_Processor_Hazard/p_datapath.vhd:44]
INFO: [Synth 8-3491] module 'RegEn' declared at 'D:/Work and shit/Github/Files/BigDcore/Final Project_git/CPU/Pipelined BigD Core/P_Processor_Hazard/regen.vhd:4' bound to instance 'Pc_Register' of component 'RegEn' [D:/Work and shit/Github/Files/BigDcore/Final Project_git/CPU/Pipelined BigD Core/P_Processor_Hazard/p_datapath.vhd:154]
INFO: [Synth 8-638] synthesizing module 'RegEn' [D:/Work and shit/Github/Files/BigDcore/Final Project_git/CPU/Pipelined BigD Core/P_Processor_Hazard/regen.vhd:17]
	Parameter N bound to: 32 - type: integer 
INFO: [Synth 8-256] done synthesizing module 'RegEn' (0#1) [D:/Work and shit/Github/Files/BigDcore/Final Project_git/CPU/Pipelined BigD Core/P_Processor_Hazard/regen.vhd:17]
INFO: [Synth 8-3491] module 'RegEn' declared at 'D:/Work and shit/Github/Files/BigDcore/Final Project_git/CPU/Pipelined BigD Core/P_Processor_Hazard/regen.vhd:4' bound to instance 'instruction_PLR' of component 'RegEn' [D:/Work and shit/Github/Files/BigDcore/Final Project_git/CPU/Pipelined BigD Core/P_Processor_Hazard/p_datapath.vhd:162]
INFO: [Synth 8-3491] module 'Mux3' declared at 'D:/Work and shit/Github/Files/BigDcore/Final Project_git/CPU/Pipelined BigD Core/P_Processor_Hazard/Mux3.vhd:4' bound to instance 'Pc_Selection' of component 'Mux3' [D:/Work and shit/Github/Files/BigDcore/Final Project_git/CPU/Pipelined BigD Core/P_Processor_Hazard/p_datapath.vhd:170]
INFO: [Synth 8-638] synthesizing module 'Mux3' [D:/Work and shit/Github/Files/BigDcore/Final Project_git/CPU/Pipelined BigD Core/P_Processor_Hazard/Mux3.vhd:11]
	Parameter N bound to: 32 - type: integer 
INFO: [Synth 8-256] done synthesizing module 'Mux3' (0#1) [D:/Work and shit/Github/Files/BigDcore/Final Project_git/CPU/Pipelined BigD Core/P_Processor_Hazard/Mux3.vhd:11]
INFO: [Synth 8-3491] module 'adder' declared at 'D:/Work and shit/Github/Files/BigDcore/Final Project_git/CPU/Pipelined BigD Core/P_Processor_Hazard/Adder.vhd:5' bound to instance 'Pc_Plus_Four' of component 'Adder' [D:/Work and shit/Github/Files/BigDcore/Final Project_git/CPU/Pipelined BigD Core/P_Processor_Hazard/p_datapath.vhd:177]
INFO: [Synth 8-638] synthesizing module 'adder' [D:/Work and shit/Github/Files/BigDcore/Final Project_git/CPU/Pipelined BigD Core/P_Processor_Hazard/Adder.vhd:11]
	Parameter N bound to: 32 - type: integer 
INFO: [Synth 8-256] done synthesizing module 'adder' (0#1) [D:/Work and shit/Github/Files/BigDcore/Final Project_git/CPU/Pipelined BigD Core/P_Processor_Hazard/Adder.vhd:11]
INFO: [Synth 8-3491] module 'RegEn' declared at 'D:/Work and shit/Github/Files/BigDcore/Final Project_git/CPU/Pipelined BigD Core/P_Processor_Hazard/regen.vhd:4' bound to instance 'PC_PLR' of component 'RegEn' [D:/Work and shit/Github/Files/BigDcore/Final Project_git/CPU/Pipelined BigD Core/P_Processor_Hazard/p_datapath.vhd:182]
INFO: [Synth 8-3491] module 'RegEn' declared at 'D:/Work and shit/Github/Files/BigDcore/Final Project_git/CPU/Pipelined BigD Core/P_Processor_Hazard/regen.vhd:4' bound to instance 'Pc_Plus_Four_PLR' of component 'RegEn' [D:/Work and shit/Github/Files/BigDcore/Final Project_git/CPU/Pipelined BigD Core/P_Processor_Hazard/p_datapath.vhd:190]
INFO: [Synth 8-3491] module 'Reg_File' declared at 'D:/Work and shit/Github/Files/BigDcore/Final Project_git/CPU/Pipelined BigD Core/P_Processor_Hazard/Reg_File.vhd:5' bound to instance 'Register_File' of component 'Reg_File' [D:/Work and shit/Github/Files/BigDcore/Final Project_git/CPU/Pipelined BigD Core/P_Processor_Hazard/p_datapath.vhd:200]
INFO: [Synth 8-638] synthesizing module 'Reg_File' [D:/Work and shit/Github/Files/BigDcore/Final Project_git/CPU/Pipelined BigD Core/P_Processor_Hazard/Reg_File.vhd:12]
INFO: [Synth 8-256] done synthesizing module 'Reg_File' (0#1) [D:/Work and shit/Github/Files/BigDcore/Final Project_git/CPU/Pipelined BigD Core/P_Processor_Hazard/Reg_File.vhd:12]
INFO: [Synth 8-3491] module 'ImmExt' declared at 'D:/Work and shit/Github/Files/BigDcore/Final Project_git/CPU/Pipelined BigD Core/P_Processor_Hazard/ImmExt.vhd:5' bound to instance 'Immediate_Extension' of component 'ImmExt' [D:/Work and shit/Github/Files/BigDcore/Final Project_git/CPU/Pipelined BigD Core/P_Processor_Hazard/p_datapath.vhd:210]
INFO: [Synth 8-638] synthesizing module 'ImmExt' [D:/Work and shit/Github/Files/BigDcore/Final Project_git/CPU/Pipelined BigD Core/P_Processor_Hazard/ImmExt.vhd:11]
INFO: [Synth 8-256] done synthesizing module 'ImmExt' (0#1) [D:/Work and shit/Github/Files/BigDcore/Final Project_git/CPU/Pipelined BigD Core/P_Processor_Hazard/ImmExt.vhd:11]
INFO: [Synth 8-3491] module 'RegEn' declared at 'D:/Work and shit/Github/Files/BigDcore/Final Project_git/CPU/Pipelined BigD Core/P_Processor_Hazard/regen.vhd:4' bound to instance 'Imm_Extended_PLR' of component 'RegEn' [D:/Work and shit/Github/Files/BigDcore/Final Project_git/CPU/Pipelined BigD Core/P_Processor_Hazard/p_datapath.vhd:215]
INFO: [Synth 8-3491] module 'RegEn_5bit' declared at 'D:/Work and shit/Github/Files/BigDcore/Final Project_git/CPU/Pipelined BigD Core/P_Processor_Hazard/regen_5bit.vhd:4' bound to instance 'Reg3_Address_PLR' of component 'RegEn_5bit' [D:/Work and shit/Github/Files/BigDcore/Final Project_git/CPU/Pipelined BigD Core/P_Processor_Hazard/p_datapath.vhd:223]
INFO: [Synth 8-638] synthesizing module 'RegEn_5bit' [D:/Work and shit/Github/Files/BigDcore/Final Project_git/CPU/Pipelined BigD Core/P_Processor_Hazard/regen_5bit.vhd:16]
	Parameter N bound to: 5 - type: integer 
INFO: [Synth 8-256] done synthesizing module 'RegEn_5bit' (0#1) [D:/Work and shit/Github/Files/BigDcore/Final Project_git/CPU/Pipelined BigD Core/P_Processor_Hazard/regen_5bit.vhd:16]
INFO: [Synth 8-3491] module 'RegEn' declared at 'D:/Work and shit/Github/Files/BigDcore/Final Project_git/CPU/Pipelined BigD Core/P_Processor_Hazard/regen.vhd:4' bound to instance 'Reg_file_Register1_PLR3' of component 'RegEn' [D:/Work and shit/Github/Files/BigDcore/Final Project_git/CPU/Pipelined BigD Core/P_Processor_Hazard/p_datapath.vhd:230]
INFO: [Synth 8-3491] module 'RegEn' declared at 'D:/Work and shit/Github/Files/BigDcore/Final Project_git/CPU/Pipelined BigD Core/P_Processor_Hazard/regen.vhd:4' bound to instance 'Reg_file_Register2_PLR3' of component 'RegEn' [D:/Work and shit/Github/Files/BigDcore/Final Project_git/CPU/Pipelined BigD Core/P_Processor_Hazard/p_datapath.vhd:238]
INFO: [Synth 8-3491] module 'RegEn' declared at 'D:/Work and shit/Github/Files/BigDcore/Final Project_git/CPU/Pipelined BigD Core/P_Processor_Hazard/regen.vhd:4' bound to instance 'Pc_PLR_Seocnd' of component 'RegEn' [D:/Work and shit/Github/Files/BigDcore/Final Project_git/CPU/Pipelined BigD Core/P_Processor_Hazard/p_datapath.vhd:246]
INFO: [Synth 8-3491] module 'RegEn' declared at 'D:/Work and shit/Github/Files/BigDcore/Final Project_git/CPU/Pipelined BigD Core/P_Processor_Hazard/regen.vhd:4' bound to instance 'Pc_Plus_Four_PLR_Second' of component 'RegEn' [D:/Work and shit/Github/Files/BigDcore/Final Project_git/CPU/Pipelined BigD Core/P_Processor_Hazard/p_datapath.vhd:254]
INFO: [Synth 8-3491] module 'RegEn_5bit' declared at 'D:/Work and shit/Github/Files/BigDcore/Final Project_git/CPU/Pipelined BigD Core/P_Processor_Hazard/regen_5bit.vhd:4' bound to instance 'Rs1D_PLR' of component 'RegEn_5bit' [D:/Work and shit/Github/Files/BigDcore/Final Project_git/CPU/Pipelined BigD Core/P_Processor_Hazard/p_datapath.vhd:268]
INFO: [Synth 8-3491] module 'RegEn_5bit' declared at 'D:/Work and shit/Github/Files/BigDcore/Final Project_git/CPU/Pipelined BigD Core/P_Processor_Hazard/regen_5bit.vhd:4' bound to instance 'Rs2D_PLR' of component 'RegEn_5bit' [D:/Work and shit/Github/Files/BigDcore/Final Project_git/CPU/Pipelined BigD Core/P_Processor_Hazard/p_datapath.vhd:275]
INFO: [Synth 8-3491] module 'Mux3' declared at 'D:/Work and shit/Github/Files/BigDcore/Final Project_git/CPU/Pipelined BigD Core/P_Processor_Hazard/Mux3.vhd:4' bound to instance 'ALU_in_A' of component 'Mux3' [D:/Work and shit/Github/Files/BigDcore/Final Project_git/CPU/Pipelined BigD Core/P_Processor_Hazard/p_datapath.vhd:286]
INFO: [Synth 8-3491] module 'Mux2' declared at 'D:/Work and shit/Github/Files/BigDcore/Final Project_git/CPU/Pipelined BigD Core/P_Processor_Hazard/Mux2.vhd:4' bound to instance 'ALU_in_B' of component 'Mux2' [D:/Work and shit/Github/Files/BigDcore/Final Project_git/CPU/Pipelined BigD Core/P_Processor_Hazard/p_datapath.vhd:293]
INFO: [Synth 8-638] synthesizing module 'Mux2' [D:/Work and shit/Github/Files/BigDcore/Final Project_git/CPU/Pipelined BigD Core/P_Processor_Hazard/Mux2.vhd:11]
	Parameter N bound to: 32 - type: integer 
INFO: [Synth 8-226] default block is never used [D:/Work and shit/Github/Files/BigDcore/Final Project_git/CPU/Pipelined BigD Core/P_Processor_Hazard/Mux2.vhd:14]
INFO: [Synth 8-256] done synthesizing module 'Mux2' (0#1) [D:/Work and shit/Github/Files/BigDcore/Final Project_git/CPU/Pipelined BigD Core/P_Processor_Hazard/Mux2.vhd:11]
INFO: [Synth 8-3491] module 'ALU' declared at 'D:/Work and shit/Github/Files/BigDcore/Final Project_git/CPU/Pipelined BigD Core/P_Processor_Hazard/ALU.vhd:5' bound to instance 'Alu_Unit' of component 'ALU' [D:/Work and shit/Github/Files/BigDcore/Final Project_git/CPU/Pipelined BigD Core/P_Processor_Hazard/p_datapath.vhd:299]
INFO: [Synth 8-638] synthesizing module 'ALU' [D:/Work and shit/Github/Files/BigDcore/Final Project_git/CPU/Pipelined BigD Core/P_Processor_Hazard/ALU.vhd:14]
	Parameter Alu_bits bound to: 32 - type: integer 
INFO: [Synth 8-256] done synthesizing module 'ALU' (0#1) [D:/Work and shit/Github/Files/BigDcore/Final Project_git/CPU/Pipelined BigD Core/P_Processor_Hazard/ALU.vhd:14]
INFO: [Synth 8-3491] module 'adder' declared at 'D:/Work and shit/Github/Files/BigDcore/Final Project_git/CPU/Pipelined BigD Core/P_Processor_Hazard/Adder.vhd:5' bound to instance 'Target_Address' of component 'Adder' [D:/Work and shit/Github/Files/BigDcore/Final Project_git/CPU/Pipelined BigD Core/P_Processor_Hazard/p_datapath.vhd:306]
INFO: [Synth 8-3491] module 'RegEn' declared at 'D:/Work and shit/Github/Files/BigDcore/Final Project_git/CPU/Pipelined BigD Core/P_Processor_Hazard/regen.vhd:4' bound to instance 'Alu_result_PLR' of component 'RegEn' [D:/Work and shit/Github/Files/BigDcore/Final Project_git/CPU/Pipelined BigD Core/P_Processor_Hazard/p_datapath.vhd:311]
INFO: [Synth 8-3491] module 'RegEn_5bit' declared at 'D:/Work and shit/Github/Files/BigDcore/Final Project_git/CPU/Pipelined BigD Core/P_Processor_Hazard/regen_5bit.vhd:4' bound to instance 'Reg3_Address_PLR_second' of component 'RegEn_5bit' [D:/Work and shit/Github/Files/BigDcore/Final Project_git/CPU/Pipelined BigD Core/P_Processor_Hazard/p_datapath.vhd:319]
INFO: [Synth 8-3491] module 'RegEn' declared at 'D:/Work and shit/Github/Files/BigDcore/Final Project_git/CPU/Pipelined BigD Core/P_Processor_Hazard/regen.vhd:4' bound to instance 'Pc_Plus_Four_PLR_Third' of component 'RegEn' [D:/Work and shit/Github/Files/BigDcore/Final Project_git/CPU/Pipelined BigD Core/P_Processor_Hazard/p_datapath.vhd:326]
INFO: [Synth 8-3491] module 'Mux3' declared at 'D:/Work and shit/Github/Files/BigDcore/Final Project_git/CPU/Pipelined BigD Core/P_Processor_Hazard/Mux3.vhd:4' bound to instance 'ForwardingA' of component 'Mux3' [D:/Work and shit/Github/Files/BigDcore/Final Project_git/CPU/Pipelined BigD Core/P_Processor_Hazard/p_datapath.vhd:333]
INFO: [Synth 8-3491] module 'Mux3' declared at 'D:/Work and shit/Github/Files/BigDcore/Final Project_git/CPU/Pipelined BigD Core/P_Processor_Hazard/Mux3.vhd:4' bound to instance 'ForwardingB' of component 'Mux3' [D:/Work and shit/Github/Files/BigDcore/Final Project_git/CPU/Pipelined BigD Core/P_Processor_Hazard/p_datapath.vhd:340]
INFO: [Synth 8-3491] module 'RegEn' declared at 'D:/Work and shit/Github/Files/BigDcore/Final Project_git/CPU/Pipelined BigD Core/P_Processor_Hazard/regen.vhd:4' bound to instance 'ForwaredB_PLR' of component 'RegEn' [D:/Work and shit/Github/Files/BigDcore/Final Project_git/CPU/Pipelined BigD Core/P_Processor_Hazard/p_datapath.vhd:347]
INFO: [Synth 8-3491] module 'RegEn' declared at 'D:/Work and shit/Github/Files/BigDcore/Final Project_git/CPU/Pipelined BigD Core/P_Processor_Hazard/regen.vhd:4' bound to instance 'Alu_result_PLR_second' of component 'RegEn' [D:/Work and shit/Github/Files/BigDcore/Final Project_git/CPU/Pipelined BigD Core/P_Processor_Hazard/p_datapath.vhd:358]
INFO: [Synth 8-3491] module 'RegEn_5bit' declared at 'D:/Work and shit/Github/Files/BigDcore/Final Project_git/CPU/Pipelined BigD Core/P_Processor_Hazard/regen_5bit.vhd:4' bound to instance 'Reg3_Address_PLR_Third' of component 'RegEn_5bit' [D:/Work and shit/Github/Files/BigDcore/Final Project_git/CPU/Pipelined BigD Core/P_Processor_Hazard/p_datapath.vhd:365]
INFO: [Synth 8-3491] module 'RegEn' declared at 'D:/Work and shit/Github/Files/BigDcore/Final Project_git/CPU/Pipelined BigD Core/P_Processor_Hazard/regen.vhd:4' bound to instance 'Read_Data_PLR' of component 'RegEn' [D:/Work and shit/Github/Files/BigDcore/Final Project_git/CPU/Pipelined BigD Core/P_Processor_Hazard/p_datapath.vhd:372]
INFO: [Synth 8-3491] module 'RegEn' declared at 'D:/Work and shit/Github/Files/BigDcore/Final Project_git/CPU/Pipelined BigD Core/P_Processor_Hazard/regen.vhd:4' bound to instance 'Pc_Plus_Four_PLR_Fourth' of component 'RegEn' [D:/Work and shit/Github/Files/BigDcore/Final Project_git/CPU/Pipelined BigD Core/P_Processor_Hazard/p_datapath.vhd:379]
INFO: [Synth 8-3491] module 'Mux3' declared at 'D:/Work and shit/Github/Files/BigDcore/Final Project_git/CPU/Pipelined BigD Core/P_Processor_Hazard/Mux3.vhd:4' bound to instance 'WriteBack' of component 'Mux3' [D:/Work and shit/Github/Files/BigDcore/Final Project_git/CPU/Pipelined BigD Core/P_Processor_Hazard/p_datapath.vhd:388]
INFO: [Synth 8-3491] module 'Mem_SignExt' declared at 'D:/Work and shit/Github/Files/BigDcore/Final Project_git/CPU/Pipelined BigD Core/P_Processor_Hazard/mem_signext.vhd:4' bound to instance 'Memory_Extension' of component 'Mem_SignExt' [D:/Work and shit/Github/Files/BigDcore/Final Project_git/CPU/Pipelined BigD Core/P_Processor_Hazard/p_datapath.vhd:395]
INFO: [Synth 8-638] synthesizing module 'Mem_SignExt' [D:/Work and shit/Github/Files/BigDcore/Final Project_git/CPU/Pipelined BigD Core/P_Processor_Hazard/mem_signext.vhd:11]
INFO: [Synth 8-226] default block is never used [D:/Work and shit/Github/Files/BigDcore/Final Project_git/CPU/Pipelined BigD Core/P_Processor_Hazard/mem_signext.vhd:17]
WARNING: [Synth 8-614] signal 'Mem_in' is read in the process but is not in the sensitivity list [D:/Work and shit/Github/Files/BigDcore/Final Project_git/CPU/Pipelined BigD Core/P_Processor_Hazard/mem_signext.vhd:30]
INFO: [Synth 8-256] done synthesizing module 'Mem_SignExt' (0#1) [D:/Work and shit/Github/Files/BigDcore/Final Project_git/CPU/Pipelined BigD Core/P_Processor_Hazard/mem_signext.vhd:11]
INFO: [Synth 8-256] done synthesizing module 'P_Datapath' (0#1) [D:/Work and shit/Github/Files/BigDcore/Final Project_git/CPU/Pipelined BigD Core/P_Processor_Hazard/p_datapath.vhd:44]
INFO: [Synth 8-3491] module 'P_Control_Unit' declared at 'D:/Work and shit/Github/Files/BigDcore/Final Project_git/CPU/Pipelined BigD Core/P_Processor_Hazard/p_control_unit.vhd:4' bound to instance 'ControlUnit' of component 'P_Control_Unit' [D:/Work and shit/Github/Files/BigDcore/Final Project_git/CPU/Pipelined BigD Core/P_Processor_Hazard/p_processor_hazard.vhd:135]
INFO: [Synth 8-638] synthesizing module 'P_Control_Unit' [D:/Work and shit/Github/Files/BigDcore/Final Project_git/CPU/Pipelined BigD Core/P_Processor_Hazard/p_control_unit.vhd:29]
INFO: [Synth 8-3491] module 'Alu_cntr' declared at 'D:/Work and shit/Github/Files/BigDcore/Final Project_git/CPU/Pipelined BigD Core/P_Processor_Hazard/Alu_cntr.vhd:4' bound to instance 'Alu_Control_Unit' of component 'Alu_cntr' [D:/Work and shit/Github/Files/BigDcore/Final Project_git/CPU/Pipelined BigD Core/P_Processor_Hazard/p_control_unit.vhd:114]
INFO: [Synth 8-638] synthesizing module 'Alu_cntr' [D:/Work and shit/Github/Files/BigDcore/Final Project_git/CPU/Pipelined BigD Core/P_Processor_Hazard/Alu_cntr.vhd:13]
INFO: [Synth 8-226] default block is never used [D:/Work and shit/Github/Files/BigDcore/Final Project_git/CPU/Pipelined BigD Core/P_Processor_Hazard/Alu_cntr.vhd:76]
INFO: [Synth 8-256] done synthesizing module 'Alu_cntr' (0#1) [D:/Work and shit/Github/Files/BigDcore/Final Project_git/CPU/Pipelined BigD Core/P_Processor_Hazard/Alu_cntr.vhd:13]
INFO: [Synth 8-3491] module 'P_Main_unit' declared at 'D:/Work and shit/Github/Files/BigDcore/Final Project_git/CPU/Pipelined BigD Core/P_Processor_Hazard/P_Main_unit.vhd:4' bound to instance 'Main_Control_Unit' of component 'P_Main_unit' [D:/Work and shit/Github/Files/BigDcore/Final Project_git/CPU/Pipelined BigD Core/P_Processor_Hazard/p_control_unit.vhd:115]
INFO: [Synth 8-638] synthesizing module 'P_Main_unit' [D:/Work and shit/Github/Files/BigDcore/Final Project_git/CPU/Pipelined BigD Core/P_Processor_Hazard/P_Main_unit.vhd:23]
INFO: [Synth 8-256] done synthesizing module 'P_Main_unit' (0#1) [D:/Work and shit/Github/Files/BigDcore/Final Project_git/CPU/Pipelined BigD Core/P_Processor_Hazard/P_Main_unit.vhd:23]
INFO: [Synth 8-3491] module 'RegEn' declared at 'D:/Work and shit/Github/Files/BigDcore/Final Project_git/CPU/Pipelined BigD Core/P_Processor_Hazard/regen.vhd:4' bound to instance 'Control_Signals_PLR03' of component 'RegEn' [D:/Work and shit/Github/Files/BigDcore/Final Project_git/CPU/Pipelined BigD Core/P_Processor_Hazard/p_control_unit.vhd:142]
INFO: [Synth 8-638] synthesizing module 'RegEn__parameterized1' [D:/Work and shit/Github/Files/BigDcore/Final Project_git/CPU/Pipelined BigD Core/P_Processor_Hazard/regen.vhd:17]
	Parameter N bound to: 21 - type: integer 
INFO: [Synth 8-256] done synthesizing module 'RegEn__parameterized1' (0#1) [D:/Work and shit/Github/Files/BigDcore/Final Project_git/CPU/Pipelined BigD Core/P_Processor_Hazard/regen.vhd:17]
INFO: [Synth 8-3491] module 'Excution_Flow' declared at 'D:/Work and shit/Github/Files/BigDcore/Final Project_git/CPU/Pipelined BigD Core/P_Processor_Hazard/excution_flow.vhd:4' bound to instance 'Excute_Flow_cntr' of component 'Excution_Flow' [D:/Work and shit/Github/Files/BigDcore/Final Project_git/CPU/Pipelined BigD Core/P_Processor_Hazard/p_control_unit.vhd:153]
INFO: [Synth 8-638] synthesizing module 'Excution_Flow' [D:/Work and shit/Github/Files/BigDcore/Final Project_git/CPU/Pipelined BigD Core/P_Processor_Hazard/excution_flow.vhd:14]
INFO: [Synth 8-256] done synthesizing module 'Excution_Flow' (0#1) [D:/Work and shit/Github/Files/BigDcore/Final Project_git/CPU/Pipelined BigD Core/P_Processor_Hazard/excution_flow.vhd:14]
INFO: [Synth 8-3491] module 'RegEn_9bit' declared at 'D:/Work and shit/Github/Files/BigDcore/Final Project_git/CPU/Pipelined BigD Core/P_Processor_Hazard/RegEn_9bit.vhd:4' bound to instance 'Control_Signals_PLR04' of component 'RegEn_9bit' [D:/Work and shit/Github/Files/BigDcore/Final Project_git/CPU/Pipelined BigD Core/P_Processor_Hazard/p_control_unit.vhd:160]
INFO: [Synth 8-638] synthesizing module 'RegEn_9bit' [D:/Work and shit/Github/Files/BigDcore/Final Project_git/CPU/Pipelined BigD Core/P_Processor_Hazard/RegEn_9bit.vhd:16]
	Parameter N bound to: 9 - type: integer 
INFO: [Synth 8-256] done synthesizing module 'RegEn_9bit' (0#1) [D:/Work and shit/Github/Files/BigDcore/Final Project_git/CPU/Pipelined BigD Core/P_Processor_Hazard/RegEn_9bit.vhd:16]
INFO: [Synth 8-3491] module 'RegEn_6bit' declared at 'D:/Work and shit/Github/Files/BigDcore/Final Project_git/CPU/Pipelined BigD Core/P_Processor_Hazard/RegEn_6bit.vhd:4' bound to instance 'Control_Signals_PLR05' of component 'RegEn_6bit' [D:/Work and shit/Github/Files/BigDcore/Final Project_git/CPU/Pipelined BigD Core/P_Processor_Hazard/p_control_unit.vhd:173]
INFO: [Synth 8-638] synthesizing module 'RegEn_6bit' [D:/Work and shit/Github/Files/BigDcore/Final Project_git/CPU/Pipelined BigD Core/P_Processor_Hazard/RegEn_6bit.vhd:16]
	Parameter N bound to: 6 - type: integer 
INFO: [Synth 8-256] done synthesizing module 'RegEn_6bit' (0#1) [D:/Work and shit/Github/Files/BigDcore/Final Project_git/CPU/Pipelined BigD Core/P_Processor_Hazard/RegEn_6bit.vhd:16]
INFO: [Synth 8-256] done synthesizing module 'P_Control_Unit' (0#1) [D:/Work and shit/Github/Files/BigDcore/Final Project_git/CPU/Pipelined BigD Core/P_Processor_Hazard/p_control_unit.vhd:29]
INFO: [Synth 8-3491] module 'Hazard_Unit' declared at 'D:/Work and shit/Github/Files/BigDcore/Final Project_git/CPU/Pipelined BigD Core/P_Processor_Hazard/Hazard_Unit.vhd:4' bound to instance 'HazardUnit' of component 'Hazard_Unit' [D:/Work and shit/Github/Files/BigDcore/Final Project_git/CPU/Pipelined BigD Core/P_Processor_Hazard/p_processor_hazard.vhd:156]
INFO: [Synth 8-638] synthesizing module 'Hazard_Unit' [D:/Work and shit/Github/Files/BigDcore/Final Project_git/CPU/Pipelined BigD Core/P_Processor_Hazard/Hazard_Unit.vhd:20]
INFO: [Synth 8-256] done synthesizing module 'Hazard_Unit' (0#1) [D:/Work and shit/Github/Files/BigDcore/Final Project_git/CPU/Pipelined BigD Core/P_Processor_Hazard/Hazard_Unit.vhd:20]
INFO: [Synth 8-256] done synthesizing module 'P_Processor_Hazard' (0#1) [D:/Work and shit/Github/Files/BigDcore/Final Project_git/CPU/Pipelined BigD Core/P_Processor_Hazard/p_processor_hazard.vhd:17]
WARNING: [Synth 8-7129] Port Pc_Select[1] in module Hazard_Unit is either unconnected or has no load
WARNING: [Synth 8-7129] Port Funct7[6] in module P_Control_Unit is either unconnected or has no load
WARNING: [Synth 8-7129] Port Funct7[4] in module P_Control_Unit is either unconnected or has no load
WARNING: [Synth 8-7129] Port Funct7[3] in module P_Control_Unit is either unconnected or has no load
WARNING: [Synth 8-7129] Port Funct7[2] in module P_Control_Unit is either unconnected or has no load
WARNING: [Synth 8-7129] Port Funct7[1] in module P_Control_Unit is either unconnected or has no load
WARNING: [Synth 8-7129] Port Funct7[0] in module P_Control_Unit is either unconnected or has no load
WARNING: [Synth 8-7129] Port inst[6] in module ImmExt is either unconnected or has no load
WARNING: [Synth 8-7129] Port inst[5] in module ImmExt is either unconnected or has no load
WARNING: [Synth 8-7129] Port inst[4] in module ImmExt is either unconnected or has no load
WARNING: [Synth 8-7129] Port inst[3] in module ImmExt is either unconnected or has no load
WARNING: [Synth 8-7129] Port inst[2] in module ImmExt is either unconnected or has no load
WARNING: [Synth 8-7129] Port inst[1] in module ImmExt is either unconnected or has no load
WARNING: [Synth 8-7129] Port inst[0] in module ImmExt is either unconnected or has no load
---------------------------------------------------------------------------------
Finished Synthesize : Time (s): cpu = 00:00:06 ; elapsed = 00:00:07 . Memory (MB): peak = 1190.590 ; gain = 664.086
---------------------------------------------------------------------------------
---------------------------------------------------------------------------------
Finished Constraint Validation : Time (s): cpu = 00:00:07 ; elapsed = 00:00:08 . Memory (MB): peak = 1190.590 ; gain = 664.086
---------------------------------------------------------------------------------
---------------------------------------------------------------------------------
Start Loading Part and Timing Information
---------------------------------------------------------------------------------
Loading part: xc7z020clg400-1
---------------------------------------------------------------------------------
INFO: [Device 21-403] Loading part xc7z020clg400-1
Finished Loading Part and Timing Information : Time (s): cpu = 00:00:07 ; elapsed = 00:00:08 . Memory (MB): peak = 1190.590 ; gain = 664.086
---------------------------------------------------------------------------------
---------------------------------------------------------------------------------
Finished RTL Optimization Phase 2 : Time (s): cpu = 00:00:07 ; elapsed = 00:00:08 . Memory (MB): peak = 1206.180 ; gain = 679.676
---------------------------------------------------------------------------------
No constraint files found.
---------------------------------------------------------------------------------
Start RTL Component Statistics 
---------------------------------------------------------------------------------
Detailed RTL Component Info : 
+---Adders : 
	   2 Input   32 Bit       Adders := 3     
	   3 Input   32 Bit       Adders := 1     
+---XORs : 
	   2 Input     32 Bit         XORs := 1     
+---Registers : 
	               32 Bit    Registers := 47    
	               21 Bit    Registers := 1     
	                9 Bit    Registers := 1     
	                6 Bit    Registers := 1     
	                5 Bit    Registers := 5     
+---Muxes : 
	   2 Input   32 Bit        Muxes := 20    
	   4 Input   32 Bit        Muxes := 10    
	   7 Input   32 Bit        Muxes := 1     
	  11 Input   32 Bit        Muxes := 1     
	   6 Input   32 Bit        Muxes := 1     
	   2 Input   21 Bit        Muxes := 1     
	   4 Input   16 Bit        Muxes := 1     
	   2 Input    9 Bit        Muxes := 1     
	   4 Input    8 Bit        Muxes := 1     
	   2 Input    6 Bit        Muxes := 1     
	   2 Input    5 Bit        Muxes := 5     
	   7 Input    4 Bit        Muxes := 1     
	   2 Input    2 Bit        Muxes := 8     
	   4 Input    2 Bit        Muxes := 2     
	   3 Input    2 Bit        Muxes := 1     
	   2 Input    1 Bit        Muxes := 48    
---------------------------------------------------------------------------------
Finished RTL Component Statistics 
---------------------------------------------------------------------------------
---------------------------------------------------------------------------------
Start Part Resource Summary
---------------------------------------------------------------------------------
Part Resources:
DSPs: 220 (col length:60)
BRAMs: 280 (col length: RAMB18 60 RAMB36 30)
---------------------------------------------------------------------------------
Finished Part Resource Summary
---------------------------------------------------------------------------------
No constraint files found.
---------------------------------------------------------------------------------
Start Cross Boundary and Area Optimization
---------------------------------------------------------------------------------
WARNING: [Synth 8-7129] Port inst[6] in module ImmExt is either unconnected or has no load
WARNING: [Synth 8-7129] Port inst[5] in module ImmExt is either unconnected or has no load
WARNING: [Synth 8-7129] Port inst[4] in module ImmExt is either unconnected or has no load
WARNING: [Synth 8-7129] Port inst[3] in module ImmExt is either unconnected or has no load
WARNING: [Synth 8-7129] Port inst[2] in module ImmExt is either unconnected or has no load
WARNING: [Synth 8-7129] Port inst[1] in module ImmExt is either unconnected or has no load
WARNING: [Synth 8-7129] Port inst[0] in module ImmExt is either unconnected or has no load
---------------------------------------------------------------------------------
Finished Cross Boundary and Area Optimization : Time (s): cpu = 00:00:21 ; elapsed = 00:00:24 . Memory (MB): peak = 1479.207 ; gain = 952.703
---------------------------------------------------------------------------------
No constraint files found.
---------------------------------------------------------------------------------
Start Timing Optimization
---------------------------------------------------------------------------------
---------------------------------------------------------------------------------
Finished Timing Optimization : Time (s): cpu = 00:00:27 ; elapsed = 00:00:30 . Memory (MB): peak = 1479.207 ; gain = 952.703
---------------------------------------------------------------------------------
---------------------------------------------------------------------------------
Start Technology Mapping
---------------------------------------------------------------------------------
---------------------------------------------------------------------------------
Finished Technology Mapping : Time (s): cpu = 00:00:29 ; elapsed = 00:00:32 . Memory (MB): peak = 1479.207 ; gain = 952.703
---------------------------------------------------------------------------------
---------------------------------------------------------------------------------
Start IO Insertion
---------------------------------------------------------------------------------
---------------------------------------------------------------------------------
Start Flattening Before IO Insertion
---------------------------------------------------------------------------------
---------------------------------------------------------------------------------
Finished Flattening Before IO Insertion
---------------------------------------------------------------------------------
---------------------------------------------------------------------------------
Start Final Netlist Cleanup
---------------------------------------------------------------------------------
---------------------------------------------------------------------------------
Finished Final Netlist Cleanup
---------------------------------------------------------------------------------
---------------------------------------------------------------------------------
Finished IO Insertion : Time (s): cpu = 00:00:33 ; elapsed = 00:00:36 . Memory (MB): peak = 1665.371 ; gain = 1138.867
---------------------------------------------------------------------------------
---------------------------------------------------------------------------------
Start Renaming Generated Instances
---------------------------------------------------------------------------------
---------------------------------------------------------------------------------
Finished Renaming Generated Instances : Time (s): cpu = 00:00:33 ; elapsed = 00:00:36 . Memory (MB): peak = 1665.371 ; gain = 1138.867
---------------------------------------------------------------------------------
---------------------------------------------------------------------------------
Start Rebuilding User Hierarchy
---------------------------------------------------------------------------------
---------------------------------------------------------------------------------
Finished Rebuilding User Hierarchy : Time (s): cpu = 00:00:33 ; elapsed = 00:00:36 . Memory (MB): peak = 1665.371 ; gain = 1138.867
---------------------------------------------------------------------------------
---------------------------------------------------------------------------------
Start Renaming Generated Ports
---------------------------------------------------------------------------------
---------------------------------------------------------------------------------
Finished Renaming Generated Ports : Time (s): cpu = 00:00:33 ; elapsed = 00:00:36 . Memory (MB): peak = 1665.371 ; gain = 1138.867
---------------------------------------------------------------------------------
---------------------------------------------------------------------------------
Start Handling Custom Attributes
---------------------------------------------------------------------------------
---------------------------------------------------------------------------------
Finished Handling Custom Attributes : Time (s): cpu = 00:00:33 ; elapsed = 00:00:36 . Memory (MB): peak = 1665.371 ; gain = 1138.867
---------------------------------------------------------------------------------
---------------------------------------------------------------------------------
Start Renaming Generated Nets
---------------------------------------------------------------------------------
---------------------------------------------------------------------------------
Finished Renaming Generated Nets : Time (s): cpu = 00:00:33 ; elapsed = 00:00:36 . Memory (MB): peak = 1665.371 ; gain = 1138.867
---------------------------------------------------------------------------------
---------------------------------------------------------------------------------
Start Writing Synthesis Report
---------------------------------------------------------------------------------

Report BlackBoxes: 
+-+--------------+----------+
| |BlackBox name |Instances |
+-+--------------+----------+
+-+--------------+----------+

Report Cell Usage: 
+------+-------+------+
|      |Cell   |Count |
+------+-------+------+
|1     |BUFG   |     1|
|2     |CARRY4 |    40|
|3     |LUT2   |   235|
|4     |LUT3   |    45|
|5     |LUT4   |   197|
|6     |LUT5   |   410|
|7     |LUT6   |   937|
|8     |MUXF7  |   256|
|9     |FDCE   |   992|
|10    |FDRE   |   534|
|11    |IBUF   |    66|
|12    |OBUF   |   101|
+------+-------+------+

Report Instance Areas: 
+------+----------------------------+----------------------+------+
|      |Instance                    |Module                |Cells |
+------+----------------------------+----------------------+------+
|1     |top                         |                      |  3814|
|2     |  ControlUnit               |P_Control_Unit        |   176|
|3     |    Control_Signals_PLR03   |RegEn__parameterized1 |   160|
|4     |    Control_Signals_PLR04   |RegEn_9bit            |     9|
|5     |    Control_Signals_PLR05   |RegEn_6bit            |     7|
|6     |  Datapath                  |P_Datapath            |  3470|
|7     |    ALU_in_B                |Mux2                  |    32|
|8     |    Alu_Unit                |ALU                   |     6|
|9     |    Alu_result_PLR          |RegEn                 |   663|
|10    |    Alu_result_PLR_second   |RegEn_0               |    33|
|11    |    ForwaredB_PLR           |RegEn_1               |    32|
|12    |    Imm_Extended_PLR        |RegEn_2               |    34|
|13    |    PC_PLR                  |RegEn_3               |    64|
|14    |    Pc_PLR_Seocnd           |RegEn_4               |    32|
|15    |    Pc_Plus_Four            |adder                 |    37|
|16    |    Pc_Plus_Four_PLR        |RegEn_5               |    60|
|17    |    Pc_Plus_Four_PLR_Fourth |RegEn_6               |    32|
|18    |    Pc_Plus_Four_PLR_Second |RegEn_7               |    30|
|19    |    Pc_Plus_Four_PLR_Third  |RegEn_8               |    32|
|20    |    Pc_Register             |RegEn_9               |    64|
|21    |    Read_Data_PLR           |RegEn_10              |   105|
|22    |    Reg3_Address_PLR        |RegEn_5bit            |    10|
|23    |    Reg3_Address_PLR_Third  |RegEn_5bit_11         |    36|
|24    |    Reg3_Address_PLR_second |RegEn_5bit_12         |     7|
|25    |    Reg_file_Register1_PLR3 |RegEn_13              |    32|
|26    |    Reg_file_Register2_PLR3 |RegEn_14              |    32|
|27    |    Register_File           |Reg_File              |  1824|
|28    |    Rs1D_PLR                |RegEn_5bit_15         |     9|
|29    |    Rs2D_PLR                |RegEn_5bit_16         |     9|
|30    |    Target_Address          |adder_17              |    40|
|31    |    instruction_PLR         |RegEn_18              |   215|
+------+----------------------------+----------------------+------+
---------------------------------------------------------------------------------
Finished Writing Synthesis Report : Time (s): cpu = 00:00:33 ; elapsed = 00:00:36 . Memory (MB): peak = 1665.371 ; gain = 1138.867
---------------------------------------------------------------------------------
Synthesis finished with 0 errors, 0 critical warnings and 22 warnings.
Synthesis Optimization Runtime : Time (s): cpu = 00:00:33 ; elapsed = 00:00:36 . Memory (MB): peak = 1665.371 ; gain = 1138.867
Synthesis Optimization Complete : Time (s): cpu = 00:00:33 ; elapsed = 00:00:36 . Memory (MB): peak = 1665.371 ; gain = 1138.867
INFO: [Project 1-571] Translating synthesized netlist
Netlist sorting complete. Time (s): cpu = 00:00:00 ; elapsed = 00:00:00.040 . Memory (MB): peak = 1681.418 ; gain = 0.000
INFO: [Netlist 29-17] Analyzing 296 Unisim elements for replacement
INFO: [Netlist 29-28] Unisim Transformation completed in 0 CPU seconds
INFO: [Project 1-570] Preparing netlist for logic optimization
INFO: [Opt 31-138] Pushed 0 inverter(s) to 0 load pin(s).
Netlist sorting complete. Time (s): cpu = 00:00:00 ; elapsed = 00:00:00.001 . Memory (MB): peak = 1800.645 ; gain = 0.000
INFO: [Project 1-111] Unisim Transformation Summary:
No Unisim elements were transformed.

Synth Design complete | Checksum: 8dc28259
INFO: [Common 17-83] Releasing license: Synthesis
94 Infos, 22 Warnings, 0 Critical Warnings and 0 Errors encountered.
synth_design completed successfully
synth_design: Time (s): cpu = 00:00:35 ; elapsed = 00:00:40 . Memory (MB): peak = 1800.645 ; gain = 1277.066
Write ShapeDB Complete: Time (s): cpu = 00:00:00 ; elapsed = 00:00:00.006 . Memory (MB): peak = 1800.645 ; gain = 0.000
INFO: [Common 17-1381] The checkpoint 'D:/Work and shit/Github/Files/BigDcore/Vivado projects/RV32ICore/project_1/project_1.runs/synth_1/P_Processor_Hazard.dcp' has been generated.
INFO: [Vivado 12-24828] Executing command : report_utilization -file P_Processor_Hazard_utilization_synth.rpt -pb P_Processor_Hazard_utilization_synth.pb
INFO: [Common 17-206] Exiting Vivado at Tue May 26 02:12:08 2026...
