
*** Running vivado
    with args -log SoC.vdi -applog -m64 -product Vivado -messageDb vivado.pb -mode batch -source SoC.tcl -notrace



****** Vivado v2025.2 (64-bit)
  **** SW Build 6299465 on Fri Nov 14 19:35:11 GMT 2025
  **** IP Build 6300035 on Fri Nov 14 10:48:45 MST 2025
  **** SharedData Build 6298862 on Thu Nov 13 04:50:51 MST 2025
  **** Start of session at: Tue May 26 23:30:57 2026
    ** Copyright 1986-2022 Xilinx, Inc. All Rights Reserved.
    ** Copyright 2022-2025 Advanced Micro Devices, Inc. All Rights Reserved.

source SoC.tcl -notrace
create_project: Time (s): cpu = 00:00:08 ; elapsed = 00:00:05 . Memory (MB): peak = 523.516 ; gain = 218.676
Command: link_design -top SoC -part xc7z020clg400-1
Design is defaulting to srcset: sources_1
Design is defaulting to constrset: constrs_1
INFO: [Device 21-403] Loading part xc7z020clg400-1
Netlist sorting complete. Time (s): cpu = 00:00:00 ; elapsed = 00:00:00.166 . Memory (MB): peak = 802.031 ; gain = 0.000
INFO: [Netlist 29-17] Analyzing 1766 Unisim elements for replacement
INFO: [Netlist 29-28] Unisim Transformation completed in 0 CPU seconds
INFO: [Project 1-479] Netlist was created with Vivado 2025.2
INFO: [Project 1-570] Preparing netlist for logic optimization
Parsing XDC File [D:/Work and shit/Github/Files/BigDcore/Vivado projects/RV32ICore/RV32ICore V2/RV32ICore V2.srcs/constrs_1/new/MainConstrainsts.xdc]
WARNING: [Vivado 12-584] No ports matched 'ReadDataOut[0]'. [D:/Work and shit/Github/Files/BigDcore/Vivado projects/RV32ICore/RV32ICore V2/RV32ICore V2.srcs/constrs_1/new/MainConstrainsts.xdc:4]
CRITICAL WARNING: [Common 17-55] 'set_property' expects at least one object. [D:/Work and shit/Github/Files/BigDcore/Vivado projects/RV32ICore/RV32ICore V2/RV32ICore V2.srcs/constrs_1/new/MainConstrainsts.xdc:4]
Resolution: If [get_<value>] was used to populate the object, check to make sure this command returns at least one valid object.
WARNING: [Vivado 12-584] No ports matched 'ReadDataOut[1]'. [D:/Work and shit/Github/Files/BigDcore/Vivado projects/RV32ICore/RV32ICore V2/RV32ICore V2.srcs/constrs_1/new/MainConstrainsts.xdc:5]
CRITICAL WARNING: [Common 17-55] 'set_property' expects at least one object. [D:/Work and shit/Github/Files/BigDcore/Vivado projects/RV32ICore/RV32ICore V2/RV32ICore V2.srcs/constrs_1/new/MainConstrainsts.xdc:5]
Resolution: If [get_<value>] was used to populate the object, check to make sure this command returns at least one valid object.
Finished Parsing XDC File [D:/Work and shit/Github/Files/BigDcore/Vivado projects/RV32ICore/RV32ICore V2/RV32ICore V2.srcs/constrs_1/new/MainConstrainsts.xdc]
INFO: [Opt 31-138] Pushed 0 inverter(s) to 0 load pin(s).
Netlist sorting complete. Time (s): cpu = 00:00:00 ; elapsed = 00:00:00.006 . Memory (MB): peak = 968.926 ; gain = 0.000
INFO: [Project 1-111] Unisim Transformation Summary:
No Unisim elements were transformed.

7 Infos, 2 Warnings, 2 Critical Warnings and 0 Errors encountered.
link_design completed successfully
link_design: Time (s): cpu = 00:00:06 ; elapsed = 00:00:07 . Memory (MB): peak = 972.934 ; gain = 449.418
Command: opt_design
Attempting to get a license for feature 'Implementation' and/or device 'xc7z020'
INFO: [Common 17-349] Got license for feature 'Implementation' and/or device 'xc7z020'
Running DRC as a precondition to command opt_design

Starting DRC Task
INFO: [DRC 23-27] Running DRC with 2 threads
INFO: [Project 1-461] DRC finished with 0 Errors
INFO: [Project 1-462] Please refer to the DRC report (report_drc) for more information.

Time (s): cpu = 00:00:00 ; elapsed = 00:00:00.548 . Memory (MB): peak = 977.941 ; gain = 5.008

Starting Cache Timing Information Task
INFO: [Timing 38-35] Done setting XDC timing constraints.
Ending Cache Timing Information Task | Checksum: 1c19626cc

Time (s): cpu = 00:00:06 ; elapsed = 00:00:05 . Memory (MB): peak = 1547.531 ; gain = 569.590

Starting Logic Optimization Task

Phase 1 Initialization

Phase 1.1 Core Generation And Design Setup
Phase 1.1 Core Generation And Design Setup | Checksum: 1c19626cc

Time (s): cpu = 00:00:00 ; elapsed = 00:00:00.022 . Memory (MB): peak = 2009.016 ; gain = 0.000

Phase 1.2 Setup Constraints And Sort Netlist
Phase 1.2 Setup Constraints And Sort Netlist | Checksum: 1c19626cc

Time (s): cpu = 00:00:00 ; elapsed = 00:00:00.034 . Memory (MB): peak = 2009.016 ; gain = 0.000
Phase 1 Initialization | Checksum: 1c19626cc

Time (s): cpu = 00:00:00 ; elapsed = 00:00:00.035 . Memory (MB): peak = 2009.016 ; gain = 0.000

Phase 2 Timer Update And Timing Data Collection

Phase 2.1 Detect if minReqCache needed
Phase 2.1 Detect if minReqCache needed | Checksum: 1c19626cc

Time (s): cpu = 00:00:00 ; elapsed = 00:00:00.052 . Memory (MB): peak = 2009.016 ; gain = 0.000

Phase 2.2 Timer Update
Phase 2.2 Timer Update | Checksum: 1c19626cc

Time (s): cpu = 00:00:01 ; elapsed = 00:00:00.411 . Memory (MB): peak = 2009.016 ; gain = 0.000

Phase 2.3 Timing Data Collection
Phase 2.3 Timing Data Collection | Checksum: 1c19626cc

Time (s): cpu = 00:00:01 ; elapsed = 00:00:00.422 . Memory (MB): peak = 2009.016 ; gain = 0.000
Phase 2 Timer Update And Timing Data Collection | Checksum: 1c19626cc

Time (s): cpu = 00:00:01 ; elapsed = 00:00:00.423 . Memory (MB): peak = 2009.016 ; gain = 0.000

Phase 3 Retarget
INFO: [Opt 31-1851] Number of loadless carry chains removed were: 0
INFO: [Opt 31-1834] Total Chains To Be Transformed Were: 0 AND Number of Transformed insts Created are: 0
INFO: [Opt 31-138] Pushed 0 inverter(s) to 0 load pin(s).
INFO: [Opt 31-49] Retargeted 0 cell(s).
Phase 3 Retarget | Checksum: 1c8d11d0f

Time (s): cpu = 00:00:01 ; elapsed = 00:00:00.806 . Memory (MB): peak = 2009.016 ; gain = 0.000
Retarget | Checksum: 1c8d11d0f
INFO: [Opt 31-389] Phase Retarget created 247 cells and removed 247 cells

Phase 4 Constant propagation
INFO: [Opt 31-138] Pushed 0 inverter(s) to 0 load pin(s).
Phase 4 Constant propagation | Checksum: 1e02e7aae

Time (s): cpu = 00:00:01 ; elapsed = 00:00:00.988 . Memory (MB): peak = 2009.016 ; gain = 0.000
Constant propagation | Checksum: 1e02e7aae
INFO: [Opt 31-389] Phase Constant propagation created 28 cells and removed 50 cells

Phase 5 Sweep
INFO: [Constraints 18-11670] Building netlist checker database with flags, 0x8
Done building netlist checker database: Time (s): cpu = 00:00:00 ; elapsed = 00:00:00.008 . Memory (MB): peak = 2009.016 ; gain = 0.000
INFO: [Constraints 18-11670] Building netlist checker database with flags, 0x8
Done building netlist checker database: Time (s): cpu = 00:00:00 ; elapsed = 00:00:00.008 . Memory (MB): peak = 2009.016 ; gain = 0.000
Phase 5 Sweep | Checksum: 14c003691

Time (s): cpu = 00:00:02 ; elapsed = 00:00:01 . Memory (MB): peak = 2009.016 ; gain = 0.000
Sweep | Checksum: 14c003691
INFO: [Opt 31-389] Phase Sweep created 0 cells and removed 17 cells

Phase 6 BUFG optimization
Phase 6 BUFG optimization | Checksum: 14c003691

Time (s): cpu = 00:00:02 ; elapsed = 00:00:01 . Memory (MB): peak = 2009.016 ; gain = 0.000
BUFG optimization | Checksum: 14c003691
INFO: [Opt 31-662] Phase BUFG optimization created 0 cells of which 0 are BUFGs and removed 0 cells.

Phase 7 Shift Register Optimization
INFO: [Opt 31-1064] SRL Remap converted 0 SRLs to 0 registers and converted 0 registers of register chains to 0 SRLs
Phase 7 Shift Register Optimization | Checksum: 14c003691

Time (s): cpu = 00:00:02 ; elapsed = 00:00:01 . Memory (MB): peak = 2009.016 ; gain = 0.000
Shift Register Optimization | Checksum: 14c003691
INFO: [Opt 31-389] Phase Shift Register Optimization created 0 cells and removed 0 cells

Phase 8 Post Processing Netlist
Phase 8 Post Processing Netlist | Checksum: 14c003691

Time (s): cpu = 00:00:02 ; elapsed = 00:00:01 . Memory (MB): peak = 2009.016 ; gain = 0.000
Post Processing Netlist | Checksum: 14c003691
INFO: [Opt 31-389] Phase Post Processing Netlist created 0 cells and removed 0 cells

Phase 9 Finalization

Phase 9.1 Finalizing Design Cores and Updating Shapes
Phase 9.1 Finalizing Design Cores and Updating Shapes | Checksum: 1c88bdac2

Time (s): cpu = 00:00:02 ; elapsed = 00:00:02 . Memory (MB): peak = 2009.016 ; gain = 0.000

Phase 9.2 Verifying Netlist Connectivity

Starting Connectivity Check Task

Time (s): cpu = 00:00:00 ; elapsed = 00:00:00.050 . Memory (MB): peak = 2009.016 ; gain = 0.000
Phase 9.2 Verifying Netlist Connectivity | Checksum: 1c88bdac2

Time (s): cpu = 00:00:02 ; elapsed = 00:00:02 . Memory (MB): peak = 2009.016 ; gain = 0.000
Phase 9 Finalization | Checksum: 1c88bdac2

Time (s): cpu = 00:00:02 ; elapsed = 00:00:02 . Memory (MB): peak = 2009.016 ; gain = 0.000
Opt_design Change Summary
=========================


-------------------------------------------------------------------------------------------------------------------------
|  Phase                        |  #Cells created  |  #Cells Removed  |  #Constrained objects preventing optimizations  |
-------------------------------------------------------------------------------------------------------------------------
|  Retarget                     |             247  |             247  |                                              0  |
|  Constant propagation         |              28  |              50  |                                              0  |
|  Sweep                        |               0  |              17  |                                              0  |
|  BUFG optimization            |               0  |               0  |                                              0  |
|  Shift Register Optimization  |               0  |               0  |                                              0  |
|  Post Processing Netlist      |               0  |               0  |                                              0  |
-------------------------------------------------------------------------------------------------------------------------


Ending Logic Optimization Task | Checksum: 1c88bdac2

Time (s): cpu = 00:00:02 ; elapsed = 00:00:02 . Memory (MB): peak = 2009.016 ; gain = 0.000

Starting Power Optimization Task
INFO: [Pwropt 34-132] Skipping clock gating for clocks with a period < 2.00 ns.
Ending Power Optimization Task | Checksum: 1c88bdac2

Time (s): cpu = 00:00:00 ; elapsed = 00:00:00.028 . Memory (MB): peak = 2009.016 ; gain = 0.000

Starting Final Cleanup Task
Ending Final Cleanup Task | Checksum: 1c88bdac2

Time (s): cpu = 00:00:00 ; elapsed = 00:00:00.002 . Memory (MB): peak = 2009.016 ; gain = 0.000
Netlist sorting complete. Time (s): cpu = 00:00:00 ; elapsed = 00:00:00.005 . Memory (MB): peak = 2009.016 ; gain = 0.000
INFO: [Common 17-83] Releasing license: Implementation
28 Infos, 2 Warnings, 2 Critical Warnings and 0 Errors encountered.
opt_design completed successfully
opt_design: Time (s): cpu = 00:00:10 ; elapsed = 00:00:10 . Memory (MB): peak = 2009.016 ; gain = 1036.082
INFO: [Vivado 12-24828] Executing command : report_drc -file SoC_drc_opted.rpt -pb SoC_drc_opted.pb -rpx SoC_drc_opted.rpx
Command: report_drc -file SoC_drc_opted.rpt -pb SoC_drc_opted.pb -rpx SoC_drc_opted.rpx
INFO: [IP_Flow 19-234] Refreshing IP repositories
INFO: [IP_Flow 19-1704] No user IP repositories specified
INFO: [IP_Flow 19-2313] Loaded Vivado IP repository 'C:/Youcef/Vivado/2025.2/Vivado/data/ip'.
INFO: [DRC 23-27] Running DRC with 2 threads
INFO: [Vivado_Tcl 2-168] The results of DRC are in file D:/Work and shit/Github/Files/BigDcore/Vivado projects/RV32ICore/RV32ICore V2/RV32ICore V2.runs/impl_1/SoC_drc_opted.rpt.
report_drc completed successfully
INFO: [Timing 38-480] Writing timing data to binary archive.
Wrote PlaceDB: Time (s): cpu = 00:00:00 ; elapsed = 00:00:00 . Memory (MB): peak = 2009.016 ; gain = 0.000
Wrote PulsedLatchDB: Time (s): cpu = 00:00:00 ; elapsed = 00:00:00.001 . Memory (MB): peak = 2009.016 ; gain = 0.000
Writing XDEF routing.
Writing XDEF routing logical nets.
Write ShapeDB Complete: Time (s): cpu = 00:00:01 ; elapsed = 00:00:00.034 . Memory (MB): peak = 2009.016 ; gain = 0.000
Writing XDEF routing special nets.
Wrote RouteStorage: Time (s): cpu = 00:00:01 ; elapsed = 00:00:00.036 . Memory (MB): peak = 2009.016 ; gain = 0.000
Wrote PlaceStorage: Time (s): cpu = 00:00:00 ; elapsed = 00:00:00 . Memory (MB): peak = 2009.016 ; gain = 0.000
Wrote Netlist Cache: Time (s): cpu = 00:00:00 ; elapsed = 00:00:00 . Memory (MB): peak = 2009.016 ; gain = 0.000
Wrote Device Cache: Time (s): cpu = 00:00:00 ; elapsed = 00:00:00.010 . Memory (MB): peak = 2009.016 ; gain = 0.000
Write Physdb Complete: Time (s): cpu = 00:00:01 ; elapsed = 00:00:00.056 . Memory (MB): peak = 2009.016 ; gain = 0.000
INFO: [Common 17-1381] The checkpoint 'D:/Work and shit/Github/Files/BigDcore/Vivado projects/RV32ICore/RV32ICore V2/RV32ICore V2.runs/impl_1/SoC_opt.dcp' has been generated.
Command: place_design
Attempting to get a license for feature 'Implementation' and/or device 'xc7z020'
INFO: [Common 17-349] Got license for feature 'Implementation' and/or device 'xc7z020'
INFO: [Common 17-83] Releasing license: Implementation
INFO: [DRC 23-27] Running DRC with 2 threads
INFO: [Vivado_Tcl 4-198] DRC finished with 0 Errors
INFO: [Vivado_Tcl 4-199] Please refer to the DRC report (report_drc) for more information.
INFO: [Timing 38-35] Done setting XDC timing constraints.
Running DRC as a precondition to command place_design
INFO: [DRC 23-27] Running DRC with 2 threads
INFO: [Vivado_Tcl 4-198] DRC finished with 0 Errors
INFO: [Vivado_Tcl 4-199] Please refer to the DRC report (report_drc) for more information.
INFO: [Place 30-611] Multithreading enabled for place_design using a maximum of 2 CPUs

Starting Placer Task

Phase 1 Placer Initialization

Phase 1.1 Placer Initialization Netlist Sorting
Netlist sorting complete. Time (s): cpu = 00:00:00 ; elapsed = 00:00:00.005 . Memory (MB): peak = 2009.016 ; gain = 0.000
Phase 1.1 Placer Initialization Netlist Sorting | Checksum: 155ae7808

Time (s): cpu = 00:00:00 ; elapsed = 00:00:00.016 . Memory (MB): peak = 2009.016 ; gain = 0.000
Netlist sorting complete. Time (s): cpu = 00:00:00 ; elapsed = 00:00:00.005 . Memory (MB): peak = 2009.016 ; gain = 0.000

Phase 1.2 IO Placement/ Clock Placement/ Build Placer Device
Phase 1.2 IO Placement/ Clock Placement/ Build Placer Device | Checksum: 163e8006f

Time (s): cpu = 00:00:01 ; elapsed = 00:00:00.967 . Memory (MB): peak = 2009.016 ; gain = 0.000

Phase 1.3 Build Placer Netlist Model
Phase 1.3 Build Placer Netlist Model | Checksum: 228a83a7f

Time (s): cpu = 00:00:07 ; elapsed = 00:00:05 . Memory (MB): peak = 2009.016 ; gain = 0.000

Phase 1.4 Constrain Clocks/Macros
Phase 1.4 Constrain Clocks/Macros | Checksum: 228a83a7f

Time (s): cpu = 00:00:07 ; elapsed = 00:00:05 . Memory (MB): peak = 2009.016 ; gain = 0.000
Phase 1 Placer Initialization | Checksum: 228a83a7f

Time (s): cpu = 00:00:07 ; elapsed = 00:00:05 . Memory (MB): peak = 2009.016 ; gain = 0.000

Phase 2 Global Placement

Phase 2.1 Floorplanning
Phase 2.1 Floorplanning | Checksum: 1fbdc6222

Time (s): cpu = 00:00:10 ; elapsed = 00:00:07 . Memory (MB): peak = 2009.016 ; gain = 0.000

Phase 2.2 Update Timing before SLR Path Opt
Phase 2.2 Update Timing before SLR Path Opt | Checksum: 21d08aca4

Time (s): cpu = 00:00:13 ; elapsed = 00:00:09 . Memory (MB): peak = 2009.016 ; gain = 0.000

Phase 2.3 Post-Processing in Floorplanning
Phase 2.3 Post-Processing in Floorplanning | Checksum: 21d08aca4

Time (s): cpu = 00:00:13 ; elapsed = 00:00:09 . Memory (MB): peak = 2009.016 ; gain = 0.000

Phase 2.4 Global Place Phase1
Phase 2.4 Global Place Phase1 | Checksum: 166658df6

Time (s): cpu = 00:00:27 ; elapsed = 00:00:17 . Memory (MB): peak = 2009.016 ; gain = 0.000

Phase 2.5 Global Place Phase2

Phase 2.5.1 UpdateTiming Before Physical Synthesis
Phase 2.5.1 UpdateTiming Before Physical Synthesis | Checksum: 166658df6

Time (s): cpu = 00:00:30 ; elapsed = 00:00:19 . Memory (MB): peak = 2009.016 ; gain = 0.000

Phase 2.5.2 Physical Synthesis In Placer
INFO: [Physopt 32-1035] Found 0 LUTNM shape to break, 375 LUT instances to create LUTNM shape
INFO: [Physopt 32-1044] Break lutnm for timing: one critical 0, two critical 0, total 0, new lutff created 0
INFO: [Physopt 32-1138] End 1 Pass. Optimized 163 nets or LUTs. Breaked 0 LUT, combined 163 existing LUTs and moved 0 existing LUT
INFO: [Physopt 32-65] No nets found for high-fanout optimization.
INFO: [Physopt 32-232] Optimized 0 net. Created 0 new instance.
INFO: [Physopt 32-775] End 1 Pass. Optimized 0 net or cell. Created 0 new cell, deleted 0 existing cell and moved 0 existing cell
INFO: [Physopt 32-670] No setup violation found.  DSP Register Optimization was not performed.
INFO: [Physopt 32-670] No setup violation found.  Shift Register to Pipeline Optimization was not performed.
INFO: [Physopt 32-670] No setup violation found.  Shift Register Optimization was not performed.
INFO: [Physopt 32-670] No setup violation found.  BRAM Register Optimization was not performed.
INFO: [Physopt 32-670] No setup violation found.  URAM Register Optimization was not performed.
INFO: [Physopt 32-949] No candidate nets found for dynamic/static region interface net replication
INFO: [Physopt 32-775] End 1 Pass. Optimized 0 net or cell. Created 0 new cell, deleted 0 existing cell and moved 0 existing cell
Netlist sorting complete. Time (s): cpu = 00:00:00 ; elapsed = 00:00:00.006 . Memory (MB): peak = 2009.016 ; gain = 0.000

Summary of Physical Synthesis Optimizations
============================================


-----------------------------------------------------------------------------------------------------------------------------------------------------------
|  Optimization                                     |  Added Cells  |  Removed Cells  |  Optimized Cells/Nets  |  Dont Touch  |  Iterations  |  Elapsed   |
-----------------------------------------------------------------------------------------------------------------------------------------------------------
|  LUT Combining                                    |            0  |            163  |                   163  |           0  |           1  |  00:00:02  |
|  Retime                                           |            0  |              0  |                     0  |           0  |           1  |  00:00:00  |
|  Very High Fanout                                 |            0  |              0  |                     0  |           0  |           1  |  00:00:00  |
|  DSP Register                                     |            0  |              0  |                     0  |           0  |           0  |  00:00:00  |
|  Shift Register to Pipeline                       |            0  |              0  |                     0  |           0  |           0  |  00:00:00  |
|  Shift Register                                   |            0  |              0  |                     0  |           0  |           0  |  00:00:00  |
|  BRAM Register                                    |            0  |              0  |                     0  |           0  |           0  |  00:00:00  |
|  URAM Register                                    |            0  |              0  |                     0  |           0  |           0  |  00:00:00  |
|  Dynamic/Static Region Interface Net Replication  |            0  |              0  |                     0  |           0  |           1  |  00:00:00  |
|  Total                                            |            0  |            163  |                   163  |           0  |           4  |  00:00:02  |
-----------------------------------------------------------------------------------------------------------------------------------------------------------


Phase 2.5.2 Physical Synthesis In Placer | Checksum: 16f3f7eec

Time (s): cpu = 00:00:35 ; elapsed = 00:00:23 . Memory (MB): peak = 2009.016 ; gain = 0.000
Phase 2.5 Global Place Phase2 | Checksum: 10a2b2649

Time (s): cpu = 00:00:40 ; elapsed = 00:00:27 . Memory (MB): peak = 2009.016 ; gain = 0.000
Phase 2 Global Placement | Checksum: 10a2b2649

Time (s): cpu = 00:00:40 ; elapsed = 00:00:27 . Memory (MB): peak = 2009.016 ; gain = 0.000

Phase 3 Detail Placement

Phase 3.1 Commit Multi Column Macros
Phase 3.1 Commit Multi Column Macros | Checksum: 15f5d5f31

Time (s): cpu = 00:00:43 ; elapsed = 00:00:29 . Memory (MB): peak = 2009.016 ; gain = 0.000

Phase 3.2 Commit Most Macros & LUTRAMs
Phase 3.2 Commit Most Macros & LUTRAMs | Checksum: 16037e931

Time (s): cpu = 00:00:49 ; elapsed = 00:00:32 . Memory (MB): peak = 2009.016 ; gain = 0.000

Phase 3.3 Area Swap Optimization
Phase 3.3 Area Swap Optimization | Checksum: f1bedab9

Time (s): cpu = 00:00:49 ; elapsed = 00:00:32 . Memory (MB): peak = 2009.016 ; gain = 0.000

Phase 3.4 Pipeline Register Optimization
Phase 3.4 Pipeline Register Optimization | Checksum: bcf8e7f3

Time (s): cpu = 00:00:49 ; elapsed = 00:00:32 . Memory (MB): peak = 2009.016 ; gain = 0.000

Phase 3.5 Small Shape Detail Placement
Phase 3.5 Small Shape Detail Placement | Checksum: 17e72a506

Time (s): cpu = 00:01:05 ; elapsed = 00:00:50 . Memory (MB): peak = 2009.016 ; gain = 0.000

Phase 3.6 Re-assign LUT pins
Phase 3.6 Re-assign LUT pins | Checksum: 1927b19f0

Time (s): cpu = 00:01:08 ; elapsed = 00:00:54 . Memory (MB): peak = 2009.016 ; gain = 0.000

Phase 3.7 Pipeline Register Optimization
Phase 3.7 Pipeline Register Optimization | Checksum: 19f3526ae

Time (s): cpu = 00:01:08 ; elapsed = 00:00:54 . Memory (MB): peak = 2009.016 ; gain = 0.000
Phase 3 Detail Placement | Checksum: 19f3526ae

Time (s): cpu = 00:01:08 ; elapsed = 00:00:54 . Memory (MB): peak = 2009.016 ; gain = 0.000

Phase 4 Post Placement Optimization and Clean-Up

Phase 4.1 Post Commit Optimization
INFO: [Timing 38-35] Done setting XDC timing constraints.

Phase 4.1.1 Post Placement Optimization
Post Placement Optimization Initialization | Checksum: 1afa7463b

Phase 4.1.1.1 BUFG Insertion

Starting Physical Synthesis Task

Phase 1 Physical Synthesis Initialization
INFO: [Physopt 32-721] Multithreading enabled for phys_opt_design using a maximum of 2 CPUs
INFO: [Physopt 32-619] Estimated Timing Summary | WNS=1.859 | TNS=0.000 |
Phase 1 Physical Synthesis Initialization | Checksum: 16e8dec9a

Time (s): cpu = 00:00:00 ; elapsed = 00:00:00.287 . Memory (MB): peak = 2009.016 ; gain = 0.000
INFO: [Place 46-56] BUFG insertion identified 0 candidate nets. Inserted BUFG: 0, Replicated BUFG Driver: 0, Skipped due to Placement/Routing Conflicts: 0, Skipped due to Timing Degradation: 0, Skipped due to netlist editing failed: 0.
Ending Physical Synthesis Task | Checksum: 186eec9a8

Time (s): cpu = 00:00:01 ; elapsed = 00:00:00.500 . Memory (MB): peak = 2009.016 ; gain = 0.000
Phase 4.1.1.1 BUFG Insertion | Checksum: 1afa7463b

Time (s): cpu = 00:01:17 ; elapsed = 00:00:59 . Memory (MB): peak = 2009.016 ; gain = 0.000

Phase 4.1.1.2 Post Placement Timing Optimization
INFO: [Place 30-746] Post Placement Timing Summary WNS=1.859. For the most accurate timing information please run report_timing.
Phase 4.1.1.2 Post Placement Timing Optimization | Checksum: 1aacebd25

Time (s): cpu = 00:01:17 ; elapsed = 00:00:59 . Memory (MB): peak = 2009.016 ; gain = 0.000

Time (s): cpu = 00:01:17 ; elapsed = 00:00:59 . Memory (MB): peak = 2009.016 ; gain = 0.000
Phase 4.1 Post Commit Optimization | Checksum: 1aacebd25

Time (s): cpu = 00:01:17 ; elapsed = 00:00:59 . Memory (MB): peak = 2009.016 ; gain = 0.000

Phase 4.2 Post Placement Cleanup
Phase 4.2 Post Placement Cleanup | Checksum: 1aacebd25

Time (s): cpu = 00:01:18 ; elapsed = 00:01:00 . Memory (MB): peak = 2009.016 ; gain = 0.000

Phase 4.3 Placer Reporting

Phase 4.3.1 Print Estimated Congestion
INFO: [Place 30-612] Post-Placement Estimated Congestion 
 ____________________________________________________
|           | Global Congestion | Short Congestion  |
| Direction | Region Size       | Region Size       |
|___________|___________________|___________________|
|      North|                1x1|                1x1|
|___________|___________________|___________________|
|      South|                8x8|              16x16|
|___________|___________________|___________________|
|       East|                2x2|                8x8|
|___________|___________________|___________________|
|       West|                2x2|                2x2|
|___________|___________________|___________________|

Phase 4.3.1 Print Estimated Congestion | Checksum: 1aacebd25

Time (s): cpu = 00:01:18 ; elapsed = 00:01:00 . Memory (MB): peak = 2009.016 ; gain = 0.000
Phase 4.3 Placer Reporting | Checksum: 1aacebd25

Time (s): cpu = 00:01:18 ; elapsed = 00:01:00 . Memory (MB): peak = 2009.016 ; gain = 0.000

Phase 4.4 Final Placement Cleanup
Netlist sorting complete. Time (s): cpu = 00:00:00 ; elapsed = 00:00:00.006 . Memory (MB): peak = 2009.016 ; gain = 0.000

Time (s): cpu = 00:01:18 ; elapsed = 00:01:00 . Memory (MB): peak = 2009.016 ; gain = 0.000
Phase 4 Post Placement Optimization and Clean-Up | Checksum: 215d2eb4f

Time (s): cpu = 00:01:18 ; elapsed = 00:01:00 . Memory (MB): peak = 2009.016 ; gain = 0.000
Ending Placer Task | Checksum: 17f159518

Time (s): cpu = 00:01:18 ; elapsed = 00:01:00 . Memory (MB): peak = 2009.016 ; gain = 0.000
65 Infos, 2 Warnings, 2 Critical Warnings and 0 Errors encountered.
place_design completed successfully
place_design: Time (s): cpu = 00:01:21 ; elapsed = 00:01:02 . Memory (MB): peak = 2009.016 ; gain = 0.000
INFO: [Vivado 12-24838] Running report commands "report_control_sets, report_io, report_utilization" in parallel.
Running report generation with 2 threads.
INFO: [Vivado 12-24828] Executing command : report_io -file SoC_io_placed.rpt
report_io: Time (s): cpu = 00:00:00 ; elapsed = 00:00:00.075 . Memory (MB): peak = 2009.016 ; gain = 0.000
INFO: [Vivado 12-24828] Executing command : report_control_sets -verbose -file SoC_control_sets_placed.rpt
report_control_sets: Time (s): cpu = 00:00:00 ; elapsed = 00:00:00.050 . Memory (MB): peak = 2009.016 ; gain = 0.000
INFO: [Vivado 12-24828] Executing command : report_utilization -file SoC_utilization_placed.rpt -pb SoC_utilization_placed.pb
INFO: [Timing 38-480] Writing timing data to binary archive.
Wrote PlaceDB: Time (s): cpu = 00:00:00 ; elapsed = 00:00:00.001 . Memory (MB): peak = 2009.016 ; gain = 0.000
Wrote PulsedLatchDB: Time (s): cpu = 00:00:00 ; elapsed = 00:00:00 . Memory (MB): peak = 2009.016 ; gain = 0.000
Writing XDEF routing.
Writing XDEF routing logical nets.
Writing XDEF routing special nets.
Wrote RouteStorage: Time (s): cpu = 00:00:00 ; elapsed = 00:00:00.045 . Memory (MB): peak = 2009.016 ; gain = 0.000
Write ShapeDB Complete: Time (s): cpu = 00:00:00 ; elapsed = 00:00:00.065 . Memory (MB): peak = 2009.016 ; gain = 0.000
Wrote PlaceStorage: Time (s): cpu = 00:00:02 ; elapsed = 00:00:00.986 . Memory (MB): peak = 2009.016 ; gain = 0.000
Wrote Netlist Cache: Time (s): cpu = 00:00:00 ; elapsed = 00:00:00.033 . Memory (MB): peak = 2009.016 ; gain = 0.000
Wrote Device Cache: Time (s): cpu = 00:00:00 ; elapsed = 00:00:00.008 . Memory (MB): peak = 2009.016 ; gain = 0.000
Write Physdb Complete: Time (s): cpu = 00:00:02 ; elapsed = 00:00:01 . Memory (MB): peak = 2009.016 ; gain = 0.000
INFO: [Common 17-1381] The checkpoint 'D:/Work and shit/Github/Files/BigDcore/Vivado projects/RV32ICore/RV32ICore V2/RV32ICore V2.runs/impl_1/SoC_placed.dcp' has been generated.
Command: phys_opt_design
Attempting to get a license for feature 'Implementation' and/or device 'xc7z020'
INFO: [Common 17-349] Got license for feature 'Implementation' and/or device 'xc7z020'

Starting Initial Update Timing Task

Time (s): cpu = 00:00:07 ; elapsed = 00:00:03 . Memory (MB): peak = 2009.016 ; gain = 0.000
INFO: [Vivado_Tcl 4-2279] Estimated Timing Summary | WNS= 1.859 | TNS= 0.000 | 
INFO: [Vivado_Tcl 4-383] Design worst setup slack (WNS) is greater than or equal to 0.000 ns. All physical synthesis setup optimizations will be skipped.
INFO: [Vivado_Tcl 4-232] No setup violation found. The netlist was not modified.
INFO: [Common 17-83] Releasing license: Implementation
76 Infos, 2 Warnings, 2 Critical Warnings and 0 Errors encountered.
phys_opt_design completed successfully
INFO: [Timing 38-480] Writing timing data to binary archive.
Wrote PlaceDB: Time (s): cpu = 00:00:00 ; elapsed = 00:00:00 . Memory (MB): peak = 2009.016 ; gain = 0.000
Wrote PulsedLatchDB: Time (s): cpu = 00:00:00 ; elapsed = 00:00:00 . Memory (MB): peak = 2009.016 ; gain = 0.000
Writing XDEF routing.
Writing XDEF routing logical nets.
Writing XDEF routing special nets.
Wrote RouteStorage: Time (s): cpu = 00:00:00 ; elapsed = 00:00:00.042 . Memory (MB): peak = 2009.016 ; gain = 0.000
Write ShapeDB Complete: Time (s): cpu = 00:00:00 ; elapsed = 00:00:00.057 . Memory (MB): peak = 2009.016 ; gain = 0.000
Wrote PlaceStorage: Time (s): cpu = 00:00:02 ; elapsed = 00:00:01 . Memory (MB): peak = 2009.016 ; gain = 0.000
Wrote Netlist Cache: Time (s): cpu = 00:00:00 ; elapsed = 00:00:00.032 . Memory (MB): peak = 2009.016 ; gain = 0.000
Wrote Device Cache: Time (s): cpu = 00:00:00 ; elapsed = 00:00:00.008 . Memory (MB): peak = 2009.016 ; gain = 0.000
Write Physdb Complete: Time (s): cpu = 00:00:03 ; elapsed = 00:00:01 . Memory (MB): peak = 2009.016 ; gain = 0.000
INFO: [Common 17-1381] The checkpoint 'D:/Work and shit/Github/Files/BigDcore/Vivado projects/RV32ICore/RV32ICore V2/RV32ICore V2.runs/impl_1/SoC_physopt.dcp' has been generated.
Command: route_design
Attempting to get a license for feature 'Implementation' and/or device 'xc7z020'
INFO: [Common 17-349] Got license for feature 'Implementation' and/or device 'xc7z020'


Starting Routing Task
INFO: [Route 35-254] Multithreading enabled for route_design using a maximum of 2 CPUs

Phase 1 Build RT Design
Checksum: PlaceDB: 9dfd496b ConstDB: 0 ShapeSum: cb1ed8bd RouteDB: 15f972f0
Post Restoration Checksum: NetGraph: 45f06390 | NumContArr: 1d211d3d | Constraints: c2a8fa9d | Timing: c2a8fa9d
Phase 1 Build RT Design | Checksum: 1e8637607

Time (s): cpu = 00:00:28 ; elapsed = 00:00:22 . Memory (MB): peak = 2009.016 ; gain = 0.000

Phase 2 Router Initialization

Phase 2.1 Fix Topology Constraints
Phase 2.1 Fix Topology Constraints | Checksum: 1e8637607

Time (s): cpu = 00:00:29 ; elapsed = 00:00:23 . Memory (MB): peak = 2009.016 ; gain = 0.000

Phase 2.2 Pre Route Cleanup
Phase 2.2 Pre Route Cleanup | Checksum: 1e8637607

Time (s): cpu = 00:00:29 ; elapsed = 00:00:23 . Memory (MB): peak = 2009.016 ; gain = 0.000
 Number of Nodes with overlaps = 0

Phase 2.3 Update Timing
Phase 2.3 Update Timing | Checksum: 2293a4f4b

Time (s): cpu = 00:00:37 ; elapsed = 00:00:28 . Memory (MB): peak = 2016.605 ; gain = 7.590
INFO: [Route 35-416] Intermediate Timing Summary | WNS=2.217  | TNS=0.000  | WHS=-0.141 | THS=-5.404 |


Phase 2.4 Soft Constraint Pins - Fast Budgeting
Phase 2.4 Soft Constraint Pins - Fast Budgeting | Checksum: 28ad72c20

Time (s): cpu = 00:00:40 ; elapsed = 00:00:29 . Memory (MB): peak = 2042.051 ; gain = 33.035

Router Utilization Summary
  Global Vertical Routing Utilization    = 0 %
  Global Horizontal Routing Utilization  = 0 %
  Routable Net Status*
  *Does not include unroutable nets such as driverless and loadless.
  Run report_route_status for detailed report.
  Number of Failed Nets               = 20656
    (Failed Nets is the sum of unrouted and partially routed nets)
  Number of Unrouted Nets             = 20656
  Number of Partially Routed Nets     = 0
  Number of Node Overlaps             = 0

Phase 2 Router Initialization | Checksum: 2b7a74596

Time (s): cpu = 00:00:41 ; elapsed = 00:00:30 . Memory (MB): peak = 2042.051 ; gain = 33.035

Phase 3 Global Routing
Phase 3 Global Routing | Checksum: 2b7a74596

Time (s): cpu = 00:00:41 ; elapsed = 00:00:30 . Memory (MB): peak = 2042.051 ; gain = 33.035

Phase 4 Initial Routing

Phase 4.1 Initial Net Routing Pass
Phase 4.1 Initial Net Routing Pass | Checksum: 2c99a9920

Time (s): cpu = 00:00:51 ; elapsed = 00:00:35 . Memory (MB): peak = 2088.980 ; gain = 79.965
Phase 4 Initial Routing | Checksum: 2c99a9920

Time (s): cpu = 00:00:51 ; elapsed = 00:00:35 . Memory (MB): peak = 2088.980 ; gain = 79.965

Phase 5 Rip-up And Reroute

Phase 5.1 Global Iteration 0
 Number of Nodes with overlaps = 10037
 Number of Nodes with overlaps = 1214
 Number of Nodes with overlaps = 305
 Number of Nodes with overlaps = 100
 Number of Nodes with overlaps = 41
 Number of Nodes with overlaps = 24
 Number of Nodes with overlaps = 5
 Number of Nodes with overlaps = 0
INFO: [Route 35-416] Intermediate Timing Summary | WNS=2.840  | TNS=0.000  | WHS=N/A    | THS=N/A    |

Phase 5.1 Global Iteration 0 | Checksum: 365f75105

Time (s): cpu = 00:01:41 ; elapsed = 00:01:13 . Memory (MB): peak = 2088.980 ; gain = 79.965
Phase 5 Rip-up And Reroute | Checksum: 365f75105

Time (s): cpu = 00:01:41 ; elapsed = 00:01:13 . Memory (MB): peak = 2088.980 ; gain = 79.965

Phase 6 Delay and Skew Optimization

Phase 6.1 Delay CleanUp

Phase 6.1.1 Update Timing
Phase 6.1.1 Update Timing | Checksum: 33ef16349

Time (s): cpu = 00:01:42 ; elapsed = 00:01:13 . Memory (MB): peak = 2088.980 ; gain = 79.965
INFO: [Route 35-416] Intermediate Timing Summary | WNS=2.840  | TNS=0.000  | WHS=N/A    | THS=N/A    |

Phase 6.1 Delay CleanUp | Checksum: 33ef16349

Time (s): cpu = 00:01:42 ; elapsed = 00:01:13 . Memory (MB): peak = 2088.980 ; gain = 79.965

Phase 6.2 Clock Skew Optimization
Phase 6.2 Clock Skew Optimization | Checksum: 33ef16349

Time (s): cpu = 00:01:42 ; elapsed = 00:01:13 . Memory (MB): peak = 2088.980 ; gain = 79.965
Phase 6 Delay and Skew Optimization | Checksum: 33ef16349

Time (s): cpu = 00:01:42 ; elapsed = 00:01:13 . Memory (MB): peak = 2088.980 ; gain = 79.965

Phase 7 Post Hold Fix

Phase 7.1 Hold Fix Iter
INFO: [Route 35-416] Intermediate Timing Summary | WNS=2.840  | TNS=0.000  | WHS=0.029  | THS=0.000  |

Phase 7.1 Hold Fix Iter | Checksum: 2e4831dd0

Time (s): cpu = 00:01:43 ; elapsed = 00:01:14 . Memory (MB): peak = 2088.980 ; gain = 79.965
Phase 7 Post Hold Fix | Checksum: 2e4831dd0

Time (s): cpu = 00:01:43 ; elapsed = 00:01:14 . Memory (MB): peak = 2088.980 ; gain = 79.965

Phase 8 Route finalize

Router Utilization Summary
  Global Vertical Routing Utilization    = 13.2962 %
  Global Horizontal Routing Utilization  = 16.6812 %
  Routable Net Status*
  *Does not include unroutable nets such as driverless and loadless.
  Run report_route_status for detailed report.
  Number of Failed Nets               = 0
    (Failed Nets is the sum of unrouted and partially routed nets)
  Number of Unrouted Nets             = 0
  Number of Partially Routed Nets     = 0
  Number of Node Overlaps             = 0

Phase 8 Route finalize | Checksum: 2e4831dd0

Time (s): cpu = 00:01:43 ; elapsed = 00:01:14 . Memory (MB): peak = 2088.980 ; gain = 79.965

Phase 9 Verifying routed nets

 Verification completed successfully
Phase 9 Verifying routed nets | Checksum: 2e4831dd0

Time (s): cpu = 00:01:43 ; elapsed = 00:01:14 . Memory (MB): peak = 2088.980 ; gain = 79.965

Phase 10 Depositing Routes
Phase 10 Depositing Routes | Checksum: 2f3f9c71b

Time (s): cpu = 00:01:48 ; elapsed = 00:01:18 . Memory (MB): peak = 2088.980 ; gain = 79.965

Phase 11 Post Process Routing
Phase 11 Post Process Routing | Checksum: 2f3f9c71b

Time (s): cpu = 00:01:48 ; elapsed = 00:01:18 . Memory (MB): peak = 2088.980 ; gain = 79.965

Phase 12 Post Router Timing
INFO: [Route 35-57] Estimated Timing Summary | WNS=2.840  | TNS=0.000  | WHS=0.029  | THS=0.000  |

INFO: [Route 35-327] The final timing numbers are based on the router estimated timing analysis. For a complete and accurate timing signoff, please run report_timing_summary.
Phase 12 Post Router Timing | Checksum: 2f3f9c71b

Time (s): cpu = 00:01:48 ; elapsed = 00:01:18 . Memory (MB): peak = 2088.980 ; gain = 79.965
Total Elapsed time in route_design: 78.256 secs

Phase 13 Post-Route Event Processing
Phase 13 Post-Route Event Processing | Checksum: 276d37b92

Time (s): cpu = 00:01:48 ; elapsed = 00:01:18 . Memory (MB): peak = 2088.980 ; gain = 79.965
INFO: [Route 35-16] Router Completed Successfully
Ending Routing Task | Checksum: 276d37b92

Time (s): cpu = 00:01:48 ; elapsed = 00:01:18 . Memory (MB): peak = 2088.980 ; gain = 79.965

Routing Is Done.
INFO: [Common 17-83] Releasing license: Implementation
88 Infos, 2 Warnings, 2 Critical Warnings and 0 Errors encountered.
route_design completed successfully
route_design: Time (s): cpu = 00:01:48 ; elapsed = 00:01:19 . Memory (MB): peak = 2088.980 ; gain = 79.965
INFO: [Vivado 12-24828] Executing command : report_drc -file SoC_drc_routed.rpt -pb SoC_drc_routed.pb -rpx SoC_drc_routed.rpx
Command: report_drc -file SoC_drc_routed.rpt -pb SoC_drc_routed.pb -rpx SoC_drc_routed.rpx
INFO: [IP_Flow 19-1839] IP Catalog is up to date.
INFO: [DRC 23-27] Running DRC with 2 threads
INFO: [Vivado_Tcl 2-168] The results of DRC are in file D:/Work and shit/Github/Files/BigDcore/Vivado projects/RV32ICore/RV32ICore V2/RV32ICore V2.runs/impl_1/SoC_drc_routed.rpt.
report_drc completed successfully
INFO: [Vivado 12-24828] Executing command : report_methodology -file SoC_methodology_drc_routed.rpt -pb SoC_methodology_drc_routed.pb -rpx SoC_methodology_drc_routed.rpx
Command: report_methodology -file SoC_methodology_drc_routed.rpt -pb SoC_methodology_drc_routed.pb -rpx SoC_methodology_drc_routed.rpx
INFO: [Timing 38-35] Done setting XDC timing constraints.
INFO: [DRC 23-133] Running Methodology with 2 threads
INFO: [Vivado_Tcl 2-1520] The results of Report Methodology are in file D:/Work and shit/Github/Files/BigDcore/Vivado projects/RV32ICore/RV32ICore V2/RV32ICore V2.runs/impl_1/SoC_methodology_drc_routed.rpt.
report_methodology completed successfully
report_drc: Time (s): cpu = 00:00:13 ; elapsed = 00:00:07 . Memory (MB): peak = 2088.980 ; gain = 0.000
INFO: [Vivado 12-24828] Executing command : report_timing_summary -max_paths 10 -routable_nets -report_unconstrained -file SoC_timing_summary_routed.rpt -pb SoC_timing_summary_routed.pb -rpx SoC_timing_summary_routed.rpx -warn_on_violation 
INFO: [Timing 38-35] Done setting XDC timing constraints.
INFO: [Timing 38-91] UpdateTimingParams: Speed grade: -1, Delay Type: min_max.
INFO: [Timing 38-191] Multithreading enabled for timing update using a maximum of 2 CPUs
INFO: [Vivado 12-24838] Running report commands "report_incremental_reuse, report_route_status" in parallel.
Running report generation with 2 threads.
INFO: [Vivado 12-24828] Executing command : report_incremental_reuse -file SoC_incremental_reuse_routed.rpt
INFO: [Vivado_Tcl 4-1062] Incremental flow is disabled. No incremental reuse Info to report.
INFO: [Vivado 12-24828] Executing command : report_route_status -file SoC_route_status.rpt -pb SoC_route_status.pb
INFO: [Vivado 12-24828] Executing command : report_power -file SoC_power_routed.rpt -pb SoC_power_summary_routed.pb -rpx SoC_power_routed.rpx
Command: report_power -file SoC_power_routed.rpt -pb SoC_power_summary_routed.pb -rpx SoC_power_routed.rpx
Running Vector-less Activity Propagation...

Finished Running Vector-less Activity Propagation
105 Infos, 2 Warnings, 2 Critical Warnings and 0 Errors encountered.
report_power completed successfully
report_power: Time (s): cpu = 00:00:11 ; elapsed = 00:00:09 . Memory (MB): peak = 2088.980 ; gain = 0.000
INFO: [Vivado 12-24828] Executing command : report_clock_utilization -file SoC_clock_utilization_routed.rpt
INFO: [Vivado 12-24828] Executing command : report_bus_skew -warn_on_violation -file SoC_bus_skew_routed.rpt -pb SoC_bus_skew_routed.pb -rpx SoC_bus_skew_routed.rpx
INFO: [Timing 38-91] UpdateTimingParams: Speed grade: -1, Delay Type: min_max.
INFO: [Timing 38-191] Multithreading enabled for timing update using a maximum of 2 CPUs
generate_parallel_reports: Time (s): cpu = 00:00:34 ; elapsed = 00:00:22 . Memory (MB): peak = 2088.980 ; gain = 0.000
Wrote PlaceDB: Time (s): cpu = 00:00:00 ; elapsed = 00:00:00 . Memory (MB): peak = 2088.980 ; gain = 0.000
INFO: [Timing 38-480] Writing timing data to binary archive.
Wrote PulsedLatchDB: Time (s): cpu = 00:00:00 ; elapsed = 00:00:00 . Memory (MB): peak = 2088.980 ; gain = 0.000
Writing XDEF routing.
Writing XDEF routing logical nets.
Write ShapeDB Complete: Time (s): cpu = 00:00:00 ; elapsed = 00:00:00.062 . Memory (MB): peak = 2088.980 ; gain = 0.000
Writing XDEF routing special nets.
Wrote RouteStorage: Time (s): cpu = 00:00:01 ; elapsed = 00:00:00.273 . Memory (MB): peak = 2088.980 ; gain = 0.000
Wrote PlaceStorage: Time (s): cpu = 00:00:02 ; elapsed = 00:00:00.939 . Memory (MB): peak = 2088.980 ; gain = 0.000
Wrote Netlist Cache: Time (s): cpu = 00:00:00 ; elapsed = 00:00:00.032 . Memory (MB): peak = 2088.980 ; gain = 0.000
Wrote Device Cache: Time (s): cpu = 00:00:00 ; elapsed = 00:00:00.009 . Memory (MB): peak = 2088.980 ; gain = 0.000
Write Physdb Complete: Time (s): cpu = 00:00:03 ; elapsed = 00:00:01 . Memory (MB): peak = 2088.980 ; gain = 0.000
INFO: [Common 17-1381] The checkpoint 'D:/Work and shit/Github/Files/BigDcore/Vivado projects/RV32ICore/RV32ICore V2/RV32ICore V2.runs/impl_1/SoC_routed.dcp' has been generated.
INFO: [Common 17-206] Exiting Vivado at Tue May 26 23:34:19 2026...

*** Running vivado
    with args -log SoC.vdi -applog -m64 -product Vivado -messageDb vivado.pb -mode batch -source SoC.tcl -notrace



****** Vivado v2025.2 (64-bit)
  **** SW Build 6299465 on Fri Nov 14 19:35:11 GMT 2025
  **** IP Build 6300035 on Fri Nov 14 10:48:45 MST 2025
  **** SharedData Build 6298862 on Thu Nov 13 04:50:51 MST 2025
  **** Start of session at: Tue May 26 23:35:48 2026
    ** Copyright 1986-2022 Xilinx, Inc. All Rights Reserved.
    ** Copyright 2022-2025 Advanced Micro Devices, Inc. All Rights Reserved.

source SoC.tcl -notrace
Command: open_checkpoint SoC_routed.dcp
INFO: [Device 21-403] Loading part xc7z020clg400-1
Netlist sorting complete. Time (s): cpu = 00:00:01 ; elapsed = 00:00:00.168 . Memory (MB): peak = 802.223 ; gain = 0.000
INFO: [Netlist 29-17] Analyzing 1766 Unisim elements for replacement
INFO: [Netlist 29-28] Unisim Transformation completed in 0 CPU seconds
INFO: [Project 1-479] Netlist was created with Vivado 2025.2
INFO: [Project 1-570] Preparing netlist for logic optimization
Read ShapeDB Complete: Time (s): cpu = 00:00:00 ; elapsed = 00:00:00.045 . Memory (MB): peak = 933.793 ; gain = 6.887
INFO: [Timing 38-478] Restoring timing data from binary archive.
INFO: [Timing 38-479] Binary timing data restore complete.
INFO: [Project 1-856] Restoring constraints from binary archive.
INFO: [Project 1-853] Binary constraint restore complete.
INFO: [Designutils 20-5722] Start Reading Physical Databases.
Reading placement.
Read Netlist Cache: Time (s): cpu = 00:00:00 ; elapsed = 00:00:00.028 . Memory (MB): peak = 1549.148 ; gain = 0.000
Reading placer database...
Read Device Cache: Time (s): cpu = 00:00:00 ; elapsed = 00:00:00.012 . Memory (MB): peak = 1549.148 ; gain = 0.000
Read PlaceDB: Time (s): cpu = 00:00:00 ; elapsed = 00:00:00 . Memory (MB): peak = 1549.148 ; gain = 0.000
Read placeStorage: Time (s): cpu = 00:00:00 ; elapsed = 00:00:00.529 . Memory (MB): peak = 1554.215 ; gain = 5.066
Read PulsedLatchDB: Time (s): cpu = 00:00:00 ; elapsed = 00:00:00 . Memory (MB): peak = 1554.215 ; gain = 0.000
Reading routing.
Read RouteStorage: Time (s): cpu = 00:00:01 ; elapsed = 00:00:00.262 . Memory (MB): peak = 1568.828 ; gain = 14.613
Read Physdb Files: Time (s): cpu = 00:00:01 ; elapsed = 00:00:00.845 . Memory (MB): peak = 1568.828 ; gain = 19.680
Restored from archive | CPU: 1.000000 secs | Memory: 0.000000 MB |
Finished XDEF File Restore: Time (s): cpu = 00:00:01 ; elapsed = 00:00:00.885 . Memory (MB): peak = 1568.828 ; gain = 19.680
Netlist sorting complete. Time (s): cpu = 00:00:00 ; elapsed = 00:00:00.005 . Memory (MB): peak = 1589.465 ; gain = 0.000
INFO: [Project 1-111] Unisim Transformation Summary:
No Unisim elements were transformed.

INFO: [Project 1-604] Checkpoint was created with Vivado v2025.2 (64-bit) build 6299465
open_checkpoint: Time (s): cpu = 00:00:19 ; elapsed = 00:00:18 . Memory (MB): peak = 1597.535 ; gain = 1294.188
Command: write_bitstream -force SoC.bit
Attempting to get a license for feature 'Implementation' and/or device 'xc7z020'
INFO: [Common 17-349] Got license for feature 'Implementation' and/or device 'xc7z020'
Running DRC as a precondition to command write_bitstream
INFO: [IP_Flow 19-234] Refreshing IP repositories
INFO: [IP_Flow 19-1704] No user IP repositories specified
INFO: [IP_Flow 19-2313] Loaded Vivado IP repository 'C:/Youcef/Vivado/2025.2/Vivado/data/ip'.
INFO: [DRC 23-27] Running DRC with 2 threads
INFO: [Vivado 12-3199] DRC finished with 0 Errors
INFO: [Vivado 12-3200] Please refer to the DRC report (report_drc) for more information.
Integrating Hard IP ELF/MEM with the PDI.
INFO: [Designutils 20-2272] Running write_bitstream with 2 threads.
Loading data files...
Loading site data...
Loading route data...
Processing options...
Creating bitmap...
Creating bitstream...
Writing bitstream ./SoC.bit...
INFO: [Vivado 12-1842] Bitgen Completed Successfully.
INFO: [Common 17-83] Releasing license: Implementation
22 Infos, 0 Warnings, 0 Critical Warnings and 0 Errors encountered.
write_bitstream completed successfully
write_bitstream: Time (s): cpu = 00:00:25 ; elapsed = 00:00:17 . Memory (MB): peak = 2212.199 ; gain = 614.664
INFO: [Common 17-206] Exiting Vivado at Tue May 26 23:36:25 2026...
